#
# There is insufficient memory for the Java Runtime Environment to continue.
# Native memory allocation (mmap) failed to map 144703488 bytes for Failed to commit area from 0x0000000090b00000 to 0x0000000099500000 of length 144703488.
# Possible reasons:
#   The system is out of physical RAM or swap space
#   The process is running with CompressedOops enabled, and the Java Heap may be blocking the growth of the native heap
# Possible solutions:
#   Reduce memory load on the system
#   Increase physical memory or swap space
#   Check if swap backing store is full
#   Decrease Java heap size (-Xmx/-Xms)
#   Decrease number of Java threads
#   Decrease Java thread stack sizes (-Xss)
#   Set larger code cache with -XX:ReservedCodeCacheSize=
#   JVM is running with Unscaled Compressed Oops mode in which the Java heap is
#     placed in the first 4GB address space. The Java Heap base address is the
#     maximum limit for the native heap growth. Please use -XX:HeapBaseMinAddress
#     to set the Java Heap base and to place the Java Heap above 4GB virtual address.
# This output file may be truncated or incomplete.
#
#  Out of Memory Error (./src/hotspot/os/windows/os_windows.cpp:3301), pid=9232, tid=6656
#
# JRE version: OpenJDK Runtime Environment (11.0.10) (build 11.0.10+0-b96-7249189)
# Java VM: OpenJDK 64-Bit Server VM (11.0.10+0-b96-7249189, mixed mode, tiered, compressed oops, g1 gc, windows-amd64)
# No core dump will be written. Minidumps are not enabled by default on client versions of Windows
#

---------------  S U M M A R Y ------------

Command Line: --add-opens=java.base/java.util=ALL-UNNAMED --add-opens=java.base/java.lang=ALL-UNNAMED --add-opens=java.base/java.lang.invoke=ALL-UNNAMED --add-opens=java.base/java.util=ALL-UNNAMED --add-opens=java.prefs/java.util.prefs=ALL-UNNAMED --add-opens=java.prefs/java.util.prefs=ALL-UNNAMED --add-opens=java.base/java.nio.charset=ALL-UNNAMED --add-opens=java.base/java.net=ALL-UNNAMED --add-opens=java.base/java.util.concurrent.atomic=ALL-UNNAMED -Xmx2048m -Dfile.encoding=UTF-8 -Duser.country=US -Duser.language=en -Duser.variant org.gradle.launcher.daemon.bootstrap.GradleDaemon 7.0.2

Host: Intel(R) Core(TM) i5-8400 CPU @ 2.80GHz, 6 cores, 7G,  Windows 10 , 64 bit Build 14393 (10.0.14393.0)
Time: Thu May 26 08:14:55 2022 Bangladesh Standard Time elapsed time: 8.373822 seconds (0d 0h 0m 8s)

---------------  T H R E A D  ---------------

Current thread (0x000001d6ceb3a000):  VMThread "VM Thread" [stack: 0x000000ce9a800000,0x000000ce9a900000] [id=6656]

Stack: [0x000000ce9a800000,0x000000ce9a900000]
[error occurred during error reporting (printing stack bounds), id 0xc0000005, EXCEPTION_ACCESS_VIOLATION (0xc0000005) at pc=0x000001d6b7e40f2d]

Native frames: (J=compiled Java code, j=interpreted, Vv=VM code, C=native code)
V  [jvm.dll+0x5ecfaa]
V  [jvm.dll+0x722bd5]
V  [jvm.dll+0x72412d]
V  [jvm.dll+0x724745]
V  [jvm.dll+0x7246fb]
V  [jvm.dll+0x5ec348]
V  [jvm.dll+0x5ecad8]
C  [ntdll.dll+0xa991d]
C  [ntdll.dll+0x486d3]
C  [ntdll.dll+0xa8a3a]
C  0x000001d6b7e40f2d

VM_Operation (0x000000ce9e8fd180): G1CollectForAllocation, mode: safepoint, requested by thread 0x000001d6d4283800


---------------  P R O C E S S  ---------------

Threads class SMR info:
_java_thread_list=0x000001d6d2d9db70, length=61, elements={
0x000001d6b2bfc000, 0x000001d6ceb3f000, 0x000001d6ceb48000, 0x000001d6cf4a3800,
0x000001d6cf4a4800, 0x000001d6cf4a5800, 0x000001d6cf4a9800, 0x000001d6cf4ac800,
0x000001d6cf4ae800, 0x000001d6cf5f9000, 0x000001d6cf6ab800, 0x000001d6d0462800,
0x000001d6d02e4800, 0x000001d6d26a4800, 0x000001d6d0d3b000, 0x000001d6d2b4f800,
0x000001d6d2a07000, 0x000001d6d2a08000, 0x000001d6d1c39800, 0x000001d6d0630800,
0x000001d6d062d800, 0x000001d6d0630000, 0x000001d6d0631800, 0x000001d6d062b800,
0x000001d6d0632000, 0x000001d6d062f000, 0x000001d6d062c800, 0x000001d6d062e000,
0x000001d6d326e800, 0x000001d6d326b800, 0x000001d6d326d000, 0x000001d6d326c000,
0x000001d6d326a800, 0x000001d6d3269000, 0x000001d6d326f800, 0x000001d6d3271000,
0x000001d6d3270800, 0x000001d6d3277000, 0x000001d6d3277800, 0x000001d6d3273000,
0x000001d6d3274800, 0x000001d6d3275000, 0x000001d6d3276000, 0x000001d6d427a800,
0x000001d6d427b000, 0x000001d6d4276800, 0x000001d6d4277000, 0x000001d6d427e800,
0x000001d6d427c000, 0x000001d6d4278800, 0x000001d6d427d000, 0x000001d6d427f800,
0x000001d6d4279800, 0x000001d6d4281800, 0x000001d6d4280000, 0x000001d6d4281000,
0x000001d6d4282800, 0x000001d6d4283800, 0x000001d6d427d800, 0x000001d6d4284000,
0x000001d6d4285000
}

Java Threads: ( => current thread )
  0x000001d6b2bfc000 JavaThread "main" [_thread_blocked, id=7084, stack(0x000000ce9a200000,0x000000ce9a300000)]
  0x000001d6ceb3f000 JavaThread "Reference Handler" daemon [_thread_blocked, id=10216, stack(0x000000ce9a900000,0x000000ce9aa00000)]
  0x000001d6ceb48000 JavaThread "Finalizer" daemon [_thread_blocked, id=664, stack(0x000000ce9aa00000,0x000000ce9ab00000)]
  0x000001d6cf4a3800 JavaThread "Signal Dispatcher" daemon [_thread_blocked, id=5600, stack(0x000000ce9ab00000,0x000000ce9ac00000)]
  0x000001d6cf4a4800 JavaThread "Attach Listener" daemon [_thread_blocked, id=8740, stack(0x000000ce9ac00000,0x000000ce9ad00000)]
  0x000001d6cf4a5800 JavaThread "Service Thread" daemon [_thread_blocked, id=4900, stack(0x000000ce9ad00000,0x000000ce9ae00000)]
  0x000001d6cf4a9800 JavaThread "C2 CompilerThread0" daemon [_thread_in_native, id=3772, stack(0x000000ce9ae00000,0x000000ce9af00000)]
  0x000001d6cf4ac800 JavaThread "C1 CompilerThread0" daemon [_thread_blocked, id=7456, stack(0x000000ce9af00000,0x000000ce9b000000)]
  0x000001d6cf4ae800 JavaThread "Sweeper thread" daemon [_thread_blocked, id=8728, stack(0x000000ce9b000000,0x000000ce9b100000)]
  0x000001d6cf5f9000 JavaThread "Common-Cleaner" daemon [_thread_blocked, id=10552, stack(0x000000ce9b100000,0x000000ce9b200000)]
  0x000001d6cf6ab800 JavaThread "C2 CompilerThread1" daemon [_thread_in_native, id=10124, stack(0x000000ce9b300000,0x000000ce9b400000)]
  0x000001d6d0462800 JavaThread "Daemon health stats" [_thread_blocked, id=1072, stack(0x000000ce9b600000,0x000000ce9b700000)]
  0x000001d6d02e4800 JavaThread "Incoming local TCP Connector on port 61427" [_thread_in_native, id=4392, stack(0x000000ce9b700000,0x000000ce9b800000)]
  0x000001d6d26a4800 JavaThread "Daemon periodic checks" [_thread_blocked, id=10764, stack(0x000000ce9b800000,0x000000ce9b900000)]
  0x000001d6d0d3b000 JavaThread "Daemon" [_thread_blocked, id=6628, stack(0x000000ce9b900000,0x000000ce9ba00000)]
  0x000001d6d2b4f800 JavaThread "Handler for socket connection from /127.0.0.1:61427 to /127.0.0.1:61428" [_thread_in_native, id=9972, stack(0x000000ce9ba00000,0x000000ce9bb00000)]
  0x000001d6d2a07000 JavaThread "Cancel handler" [_thread_blocked, id=1524, stack(0x000000ce9bb00000,0x000000ce9bc00000)]
  0x000001d6d2a08000 JavaThread "Daemon worker" [_thread_blocked, id=4008, stack(0x000000ce9bc00000,0x000000ce9bd00000)]
  0x000001d6d1c39800 JavaThread "Asynchronous log dispatcher for DefaultDaemonConnection: socket connection from /127.0.0.1:61427 to /127.0.0.1:61428" [_thread_blocked, id=10868, stack(0x000000ce9bd00000,0x000000ce9be00000)]
  0x000001d6d0630800 JavaThread "Stdin handler" [_thread_blocked, id=2824, stack(0x000000ce9be00000,0x000000ce9bf00000)]
  0x000001d6d062d800 JavaThread "Daemon client event forwarder" [_thread_blocked, id=668, stack(0x000000ce9bf00000,0x000000ce9c000000)]
  0x000001d6d0630000 JavaThread "Cache worker for file hash cache (C:\Users\USER\.gradle\caches\7.0.2\fileHashes)" [_thread_blocked, id=2856, stack(0x000000ce9c300000,0x000000ce9c400000)]
  0x000001d6d0631800 JavaThread "File lock request listener" [_thread_in_native, id=3864, stack(0x000000ce9c400000,0x000000ce9c500000)]
  0x000001d6d062b800 JavaThread "Cache worker for journal cache (C:\Users\USER\.gradle\caches\journal-1)" [_thread_blocked, id=8772, stack(0x000000ce9c600000,0x000000ce9c700000)]
  0x000001d6d0632000 JavaThread "Cache worker for file hash cache (C:\Users\USER\EarinMoney\.gradle\7.0.2\fileHashes)" [_thread_blocked, id=9112, stack(0x000000ce9c700000,0x000000ce9c800000)]
  0x000001d6d062f000 JavaThread "File watcher server" daemon [_thread_blocked, id=3156, stack(0x000000ce9c800000,0x000000ce9c900000)]
  0x000001d6d062c800 JavaThread "File watcher consumer" daemon [_thread_blocked, id=2312, stack(0x000000ce9c900000,0x000000ce9ca00000)]
  0x000001d6d062e000 JavaThread "Cache worker for checksums cache (C:\Users\USER\EarinMoney\.gradle\checksums)" [_thread_blocked, id=11020, stack(0x000000ce9ca00000,0x000000ce9cb00000)]
  0x000001d6d326e800 JavaThread "Cache worker for cache directory md-supplier (C:\Users\USER\.gradle\caches\7.0.2\md-supplier)" [_thread_blocked, id=2208, stack(0x000000ce9cb00000,0x000000ce9cc00000)]
  0x000001d6d326b800 JavaThread "Cache worker for cache directory md-rule (C:\Users\USER\.gradle\caches\7.0.2\md-rule)" [_thread_blocked, id=1788, stack(0x000000ce9cc00000,0x000000ce9cd00000)]
  0x000001d6d326d000 JavaThread "Cache worker for execution history cache (C:\Users\USER\.gradle\caches\7.0.2\executionHistory)" [_thread_blocked, id=8908, stack(0x000000ce9cd00000,0x000000ce9ce00000)]
  0x000001d6d326c000 JavaThread "jar transforms" [_thread_blocked, id=6436, stack(0x000000ce9ce00000,0x000000ce9cf00000)]
  0x000001d6d326a800 JavaThread "jar transforms Thread 2" [_thread_blocked, id=5112, stack(0x000000ce9cf00000,0x000000ce9d000000)]
  0x000001d6d3269000 JavaThread "Cache worker for file content cache (C:\Users\USER\.gradle\caches\7.0.2\fileContent)" [_thread_blocked, id=3848, stack(0x000000ce9d000000,0x000000ce9d100000)]
  0x000001d6d326f800 JavaThread "Cache worker for dependencies-accessors (C:\Users\USER\EarinMoney\.gradle\7.0.2\dependencies-accessors)" [_thread_blocked, id=5232, stack(0x000000ce9d100000,0x000000ce9d200000)]
  0x000001d6d3271000 JavaThread "jar transforms Thread 3" [_thread_blocked, id=9896, stack(0x000000ce9d200000,0x000000ce9d300000)]
  0x000001d6d3270800 JavaThread "Cache worker for Build Output Cleanup Cache (C:\Users\USER\EarinMoney\.gradle\buildOutputCleanup)" [_thread_blocked, id=5044, stack(0x000000ce9d300000,0x000000ce9d400000)]
  0x000001d6d3277000 JavaThread "Build operations" [_thread_blocked, id=1232, stack(0x000000ce9d400000,0x000000ce9d500000)]
  0x000001d6d3277800 JavaThread "Build operations Thread 2" [_thread_blocked, id=4524, stack(0x000000ce9d500000,0x000000ce9d600000)]
  0x000001d6d3273000 JavaThread "Build operations Thread 3" [_thread_blocked, id=2252, stack(0x000000ce9d600000,0x000000ce9d700000)]
  0x000001d6d3274800 JavaThread "Build operations Thread 4" [_thread_blocked, id=3956, stack(0x000000ce9d700000,0x000000ce9d800000)]
  0x000001d6d3275000 JavaThread "Build operations Thread 5" [_thread_blocked, id=6444, stack(0x000000ce9d800000,0x000000ce9d900000)]
  0x000001d6d3276000 JavaThread "Build operations Thread 6" [_thread_blocked, id=7424, stack(0x000000ce9d900000,0x000000ce9da00000)]
  0x000001d6d427a800 JavaThread "jar transforms Thread 4" [_thread_blocked, id=4136, stack(0x000000ce9da00000,0x000000ce9db00000)]
  0x000001d6d427b000 JavaThread "jar transforms Thread 5" [_thread_blocked, id=8852, stack(0x000000ce9db00000,0x000000ce9dc00000)]
  0x000001d6d4276800 JavaThread "jar transforms Thread 6" [_thread_blocked, id=1432, stack(0x000000ce9dc00000,0x000000ce9dd00000)]
  0x000001d6d4277000 JavaThread "Memory manager" [_thread_blocked, id=3724, stack(0x000000ce9dd00000,0x000000ce9de00000)]
  0x000001d6d427e800 JavaThread "build event listener" [_thread_blocked, id=8736, stack(0x000000ce9de00000,0x000000ce9df00000)]
  0x000001d6d427c000 JavaThread "Execution worker for ':'" [_thread_blocked, id=11004, stack(0x000000ce9df00000,0x000000ce9e000000)]
  0x000001d6d4278800 JavaThread "Execution worker for ':' Thread 2" [_thread_blocked, id=4628, stack(0x000000ce9e000000,0x000000ce9e100000)]
  0x000001d6d427d000 JavaThread "Execution worker for ':' Thread 3" [_thread_blocked, id=10752, stack(0x000000ce9e100000,0x000000ce9e200000)]
  0x000001d6d427f800 JavaThread "Execution worker for ':' Thread 4" [_thread_blocked, id=1840, stack(0x000000ce9e200000,0x000000ce9e300000)]
  0x000001d6d4279800 JavaThread "Execution worker for ':' Thread 5" [_thread_blocked, id=10948, stack(0x000000ce9e300000,0x000000ce9e400000)]
  0x000001d6d4281800 JavaThread "Cache worker for execution history cache (C:\Users\USER\EarinMoney\.gradle\7.0.2\executionHistory)" [_thread_blocked, id=7512, stack(0x000000ce9e400000,0x000000ce9e500000)]
  0x000001d6d4280000 JavaThread "WorkerExecutor Queue" [_thread_blocked, id=10740, stack(0x000000ce9e500000,0x000000ce9e600000)]
  0x000001d6d4281000 JavaThread "WorkerExecutor Queue Thread 2" [_thread_blocked, id=6264, stack(0x000000ce9e600000,0x000000ce9e700000)]
  0x000001d6d4282800 JavaThread "WorkerExecutor Queue Thread 3" [_thread_blocked, id=3940, stack(0x000000ce9e700000,0x000000ce9e800000)]
  0x000001d6d4283800 JavaThread "WorkerExecutor Queue Thread 4" [_thread_blocked, id=8180, stack(0x000000ce9e800000,0x000000ce9e900000)]
  0x000001d6d427d800 JavaThread "pool-3-thread-1" [_thread_blocked, id=1140, stack(0x000000ce9e900000,0x000000ce9ea00000)]
  0x000001d6d4284000 JavaThread "stderr" [_thread_in_native, id=10616, stack(0x000000ce9ea00000,0x000000ce9eb00000)]
  0x000001d6d4285000 JavaThread "stdout" [_thread_in_native, id=11016, stack(0x000000ce9eb00000,0x000000ce9ec00000)]

Other Threads:
=>0x000001d6ceb3a000 VMThread "VM Thread" [stack: 0x000000ce9a800000,0x000000ce9a900000] [id=6656]
  0x000001d6cf5fc000 WatcherThread [stack: 0x000000ce9b200000,0x000000ce9b300000] [id=8392]
  0x000001d6b2c39800 GCTaskThread "GC Thread#0" [stack: 0x000000ce9a300000,0x000000ce9a400000] [id=7960]
  0x000001d6d0592800 GCTaskThread "GC Thread#1" [stack: 0x000000ce9b400000,0x000000ce9b500000] [id=10992]
  0x000001d6cfdc8000 GCTaskThread "GC Thread#2" [stack: 0x000000ce9b500000,0x000000ce9b600000] [id=6940]
  0x000001d6d0c59000 GCTaskThread "GC Thread#3" [stack: 0x000000ce9c000000,0x000000ce9c100000] [id=688]
  0x000001d6d0c52000 GCTaskThread "GC Thread#4" [stack: 0x000000ce9c100000,0x000000ce9c200000] [id=500]
  0x000001d6d1c3a000 GCTaskThread "GC Thread#5" [stack: 0x000000ce9c200000,0x000000ce9c300000] [id=10612]
  0x000001d6b2c75800 ConcurrentGCThread "G1 Main Marker" [stack: 0x000000ce9a400000,0x000000ce9a500000] [id=11156]
  0x000001d6b2c77000 ConcurrentGCThread "G1 Conc#0" [stack: 0x000000ce9a500000,0x000000ce9a600000] [id=6736]
  0x000001d6d2e95000 ConcurrentGCThread "G1 Conc#1" [stack: 0x000000ce9c500000,0x000000ce9c600000] [id=6788]
  0x000001d6b2cfd800 ConcurrentGCThread "G1 Refine#0" [stack: 0x000000ce9a600000,0x000000ce9a700000] [id=1664]
  0x000001d6d6e9a800 ConcurrentGCThread "G1 Refine#1" [stack: 0x000000ce9ec00000,0x000000ce9ed00000] [id=2232]
  0x000001d6d4789000 ConcurrentGCThread "G1 Refine#2" [stack: 0x000000ce9ed00000,0x000000ce9ee00000] [id=11056]
  0x000001d6d9594800 ConcurrentGCThread "G1 Refine#3" [stack: 0x000000ce9ee00000,0x000000ce9ef00000] [id=11060]
  0x000001d6ce987800 ConcurrentGCThread "G1 Young RemSet Sampling" [stack: 0x000000ce9a700000,0x000000ce9a800000] [id=5332]

Threads with active compile tasks:
C2 CompilerThread0   8377 10849 % !   4       java.util.concurrent.ConcurrentHashMap::transfer @ 96 (828 bytes)
C2 CompilerThread1   8377 10838 %     4       com.android.tools.r8.dex.j::m @ 64 (2086 bytes)

VM state:at safepoint (normal execution)

VM Mutex/Monitor currently owned by a thread:  ([mutex/lock_event])
[0x000001d6b2c22d10] Threads_lock - owner thread: 0x000001d6ceb3a000
[0x000001d6b2c234f0] Heap_lock - owner thread: 0x000001d6d4283800

Heap address: 0x0000000080000000, size: 2048 MB, Compressed Oops mode: 32-bit
Narrow klass base: 0x0000000000000000, Narrow klass shift: 3
Compressed class space size: 1073741824 Address: 0x0000000100000000

Heap:
 garbage-first heap   total 414720K, used 208706K [0x0000000080000000, 0x0000000100000000)
  region size 1024K, 5 young (5120K), 5 survivors (5120K)
 Metaspace       used 88630K, capacity 90824K, committed 91264K, reserved 1128448K
  class space    used 11468K, capacity 12252K, committed 12492K, reserved 1048576K
Heap Regions: E=young(eden), S=young(survivor), O=old, HS=humongous(starts), HC=humongous(continues), CS=collection set, F=free, A=archive, TAMS=top-at-mark-start (previous, next)
|   0|0x0000000080000000, 0x0000000080100000, 0x0000000080100000|100%| O|  |TAMS 0x0000000080100000, 0x0000000080000000| Untracked 
|   1|0x0000000080100000, 0x0000000080200000, 0x0000000080200000|100%| O|  |TAMS 0x0000000080200000, 0x0000000080100000| Untracked 
|   2|0x0000000080200000, 0x0000000080300000, 0x0000000080300000|100%| O|  |TAMS 0x0000000080300000, 0x0000000080200000| Untracked 
|   3|0x0000000080300000, 0x0000000080400000, 0x0000000080400000|100%|HS|  |TAMS 0x0000000080400000, 0x0000000080300000| Complete 
|   4|0x0000000080400000, 0x0000000080500000, 0x0000000080500000|100%|HC|  |TAMS 0x0000000080500000, 0x0000000080400000| Complete 
|   5|0x0000000080500000, 0x0000000080600000, 0x0000000080600000|100%|HC|  |TAMS 0x0000000080600000, 0x0000000080500000| Complete 
|   6|0x0000000080600000, 0x0000000080700000, 0x0000000080700000|100%| O|  |TAMS 0x0000000080700000, 0x0000000080600000| Untracked 
|   7|0x0000000080700000, 0x0000000080800000, 0x0000000080800000|100%| O|  |TAMS 0x0000000080800000, 0x0000000080700000| Untracked 
|   8|0x0000000080800000, 0x0000000080900000, 0x0000000080900000|100%| O|  |TAMS 0x0000000080900000, 0x0000000080800000| Untracked 
|   9|0x0000000080900000, 0x0000000080a00000, 0x0000000080a00000|100%| O|  |TAMS 0x0000000080a00000, 0x0000000080900000| Untracked 
|  10|0x0000000080a00000, 0x0000000080b00000, 0x0000000080b00000|100%| O|  |TAMS 0x0000000080b00000, 0x0000000080a00000| Untracked 
|  11|0x0000000080b00000, 0x0000000080c00000, 0x0000000080c00000|100%| O|  |TAMS 0x0000000080c00000, 0x0000000080b00000| Untracked 
|  12|0x0000000080c00000, 0x0000000080d00000, 0x0000000080d00000|100%| O|  |TAMS 0x0000000080d00000, 0x0000000080c00000| Untracked 
|  13|0x0000000080d00000, 0x0000000080e00000, 0x0000000080e00000|100%| O|  |TAMS 0x0000000080e00000, 0x0000000080d00000| Untracked 
|  14|0x0000000080e00000, 0x0000000080f00000, 0x0000000080f00000|100%| O|  |TAMS 0x0000000080f00000, 0x0000000080e00000| Untracked 
|  15|0x0000000080f00000, 0x0000000081000000, 0x0000000081000000|100%| O|  |TAMS 0x0000000081000000, 0x0000000080f00000| Untracked 
|  16|0x0000000081000000, 0x0000000081100000, 0x0000000081100000|100%|HS|  |TAMS 0x0000000081100000, 0x0000000081000000| Complete 
|  17|0x0000000081100000, 0x0000000081200000, 0x0000000081200000|100%| O|  |TAMS 0x0000000081200000, 0x0000000081100000| Untracked 
|  18|0x0000000081200000, 0x0000000081300000, 0x0000000081300000|100%| O|  |TAMS 0x0000000081300000, 0x0000000081200000| Untracked 
|  19|0x0000000081300000, 0x0000000081400000, 0x0000000081400000|100%| O|  |TAMS 0x0000000081400000, 0x0000000081300000| Untracked 
|  20|0x0000000081400000, 0x0000000081500000, 0x0000000081500000|100%| O|  |TAMS 0x0000000081500000, 0x0000000081400000| Untracked 
|  21|0x0000000081500000, 0x0000000081600000, 0x0000000081600000|100%| O|  |TAMS 0x0000000081600000, 0x0000000081500000| Untracked 
|  22|0x0000000081600000, 0x0000000081700000, 0x0000000081700000|100%|HS|  |TAMS 0x0000000081700000, 0x0000000081600000| Complete 
|  23|0x0000000081700000, 0x0000000081800000, 0x0000000081800000|100%|HS|  |TAMS 0x0000000081800000, 0x0000000081700000| Complete 
|  24|0x0000000081800000, 0x0000000081900000, 0x0000000081900000|100%|HC|  |TAMS 0x0000000081900000, 0x0000000081800000| Complete 
|  25|0x0000000081900000, 0x0000000081a00000, 0x0000000081a00000|100%| O|  |TAMS 0x0000000081a00000, 0x0000000081900000| Untracked 
|  26|0x0000000081a00000, 0x0000000081b00000, 0x0000000081b00000|100%| O|  |TAMS 0x0000000081b00000, 0x0000000081a00000| Untracked 
|  27|0x0000000081b00000, 0x0000000081c00000, 0x0000000081c00000|100%| O|  |TAMS 0x0000000081c00000, 0x0000000081b00000| Untracked 
|  28|0x0000000081c00000, 0x0000000081d00000, 0x0000000081d00000|100%| O|  |TAMS 0x0000000081d00000, 0x0000000081c00000| Untracked 
|  29|0x0000000081d00000, 0x0000000081e00000, 0x0000000081e00000|100%| O|  |TAMS 0x0000000081e00000, 0x0000000081d00000| Untracked 
|  30|0x0000000081e00000, 0x0000000081f00000, 0x0000000081f00000|100%| O|  |TAMS 0x0000000081f00000, 0x0000000081e00000| Untracked 
|  31|0x0000000081f00000, 0x0000000082000000, 0x0000000082000000|100%| O|  |TAMS 0x0000000082000000, 0x0000000081f00000| Untracked 
|  32|0x0000000082000000, 0x0000000082100000, 0x0000000082100000|100%| O|  |TAMS 0x0000000082100000, 0x0000000082000000| Untracked 
|  33|0x0000000082100000, 0x0000000082200000, 0x0000000082200000|100%| O|  |TAMS 0x0000000082200000, 0x0000000082100000| Untracked 
|  34|0x0000000082200000, 0x0000000082300000, 0x0000000082300000|100%| O|  |TAMS 0x0000000082300000, 0x0000000082200000| Untracked 
|  35|0x0000000082300000, 0x0000000082400000, 0x0000000082400000|100%| O|  |TAMS 0x0000000082400000, 0x0000000082300000| Untracked 
|  36|0x0000000082400000, 0x0000000082500000, 0x0000000082500000|100%| O|  |TAMS 0x0000000082500000, 0x0000000082400000| Untracked 
|  37|0x0000000082500000, 0x0000000082600000, 0x0000000082600000|100%| O|  |TAMS 0x0000000082600000, 0x0000000082500000| Untracked 
|  38|0x0000000082600000, 0x0000000082700000, 0x0000000082700000|100%| O|  |TAMS 0x0000000082700000, 0x0000000082600000| Untracked 
|  39|0x0000000082700000, 0x0000000082800000, 0x0000000082800000|100%| O|  |TAMS 0x0000000082800000, 0x0000000082700000| Untracked 
|  40|0x0000000082800000, 0x0000000082900000, 0x0000000082900000|100%| O|  |TAMS 0x0000000082900000, 0x0000000082800000| Untracked 
|  41|0x0000000082900000, 0x0000000082a00000, 0x0000000082a00000|100%| O|  |TAMS 0x0000000082a00000, 0x0000000082900000| Untracked 
|  42|0x0000000082a00000, 0x0000000082b00000, 0x0000000082b00000|100%| O|  |TAMS 0x0000000082b00000, 0x0000000082a00000| Untracked 
|  43|0x0000000082b00000, 0x0000000082c00000, 0x0000000082c00000|100%| O|  |TAMS 0x0000000082c00000, 0x0000000082b00000| Untracked 
|  44|0x0000000082c00000, 0x0000000082d00000, 0x0000000082d00000|100%| O|  |TAMS 0x0000000082d00000, 0x0000000082c00000| Untracked 
|  45|0x0000000082d00000, 0x0000000082e00000, 0x0000000082e00000|100%| O|  |TAMS 0x0000000082e00000, 0x0000000082d00000| Untracked 
|  46|0x0000000082e00000, 0x0000000082f00000, 0x0000000082f00000|100%| O|  |TAMS 0x0000000082f00000, 0x0000000082e00000| Untracked 
|  47|0x0000000082f00000, 0x0000000083000000, 0x0000000083000000|100%| O|  |TAMS 0x0000000083000000, 0x0000000082f00000| Untracked 
|  48|0x0000000083000000, 0x0000000083100000, 0x0000000083100000|100%| O|  |TAMS 0x0000000083100000, 0x0000000083000000| Untracked 
|  49|0x0000000083100000, 0x0000000083200000, 0x0000000083200000|100%| O|  |TAMS 0x0000000083200000, 0x0000000083100000| Untracked 
|  50|0x0000000083200000, 0x0000000083300000, 0x0000000083300000|100%| O|  |TAMS 0x0000000083300000, 0x0000000083200000| Untracked 
|  51|0x0000000083300000, 0x0000000083400000, 0x0000000083400000|100%| O|  |TAMS 0x0000000083400000, 0x0000000083300000| Untracked 
|  52|0x0000000083400000, 0x0000000083500000, 0x0000000083500000|100%| O|  |TAMS 0x0000000083500000, 0x0000000083400000| Untracked 
|  53|0x0000000083500000, 0x0000000083600000, 0x0000000083600000|100%| O|  |TAMS 0x0000000083600000, 0x0000000083500000| Untracked 
|  54|0x0000000083600000, 0x0000000083700000, 0x0000000083700000|100%| O|  |TAMS 0x0000000083700000, 0x0000000083600000| Untracked 
|  55|0x0000000083700000, 0x0000000083800000, 0x0000000083800000|100%| O|  |TAMS 0x0000000083800000, 0x0000000083700000| Untracked 
|  56|0x0000000083800000, 0x0000000083900000, 0x0000000083900000|100%| O|  |TAMS 0x0000000083900000, 0x0000000083800000| Untracked 
|  57|0x0000000083900000, 0x0000000083a00000, 0x0000000083a00000|100%| O|  |TAMS 0x0000000083a00000, 0x0000000083900000| Untracked 
|  58|0x0000000083a00000, 0x0000000083b00000, 0x0000000083b00000|100%| O|  |TAMS 0x0000000083b00000, 0x0000000083a00000| Untracked 
|  59|0x0000000083b00000, 0x0000000083c00000, 0x0000000083c00000|100%| O|  |TAMS 0x0000000083c00000, 0x0000000083b00000| Untracked 
|  60|0x0000000083c00000, 0x0000000083d00000, 0x0000000083d00000|100%| O|  |TAMS 0x0000000083d00000, 0x0000000083c00000| Untracked 
|  61|0x0000000083d00000, 0x0000000083e00000, 0x0000000083e00000|100%| O|  |TAMS 0x0000000083e00000, 0x0000000083d00000| Untracked 
|  62|0x0000000083e00000, 0x0000000083f00000, 0x0000000083f00000|100%| O|  |TAMS 0x0000000083f00000, 0x0000000083e00000| Untracked 
|  63|0x0000000083f00000, 0x0000000084000000, 0x0000000084000000|100%| O|  |TAMS 0x0000000084000000, 0x0000000083f00000| Untracked 
|  64|0x0000000084000000, 0x0000000084100000, 0x0000000084100000|100%| O|  |TAMS 0x0000000084100000, 0x0000000084000000| Untracked 
|  65|0x0000000084100000, 0x0000000084200000, 0x0000000084200000|100%| O|  |TAMS 0x0000000084200000, 0x0000000084100000| Untracked 
|  66|0x0000000084200000, 0x0000000084300000, 0x0000000084300000|100%| O|  |TAMS 0x0000000084300000, 0x0000000084200000| Untracked 
|  67|0x0000000084300000, 0x0000000084400000, 0x0000000084400000|100%| O|  |TAMS 0x0000000084400000, 0x0000000084300000| Untracked 
|  68|0x0000000084400000, 0x0000000084500000, 0x0000000084500000|100%| O|  |TAMS 0x0000000084500000, 0x0000000084400000| Untracked 
|  69|0x0000000084500000, 0x0000000084600000, 0x0000000084600000|100%| O|  |TAMS 0x0000000084600000, 0x0000000084500000| Untracked 
|  70|0x0000000084600000, 0x0000000084700000, 0x0000000084700000|100%| O|  |TAMS 0x0000000084700000, 0x0000000084600000| Untracked 
|  71|0x0000000084700000, 0x0000000084800000, 0x0000000084800000|100%| O|  |TAMS 0x0000000084800000, 0x0000000084700000| Untracked 
|  72|0x0000000084800000, 0x0000000084900000, 0x0000000084900000|100%| O|  |TAMS 0x0000000084900000, 0x0000000084800000| Untracked 
|  73|0x0000000084900000, 0x0000000084a00000, 0x0000000084a00000|100%| O|  |TAMS 0x0000000084a00000, 0x0000000084900000| Untracked 
|  74|0x0000000084a00000, 0x0000000084b00000, 0x0000000084b00000|100%| O|  |TAMS 0x0000000084b00000, 0x0000000084a00000| Untracked 
|  75|0x0000000084b00000, 0x0000000084c00000, 0x0000000084c00000|100%| O|  |TAMS 0x0000000084c00000, 0x0000000084b00000| Untracked 
|  76|0x0000000084c00000, 0x0000000084d00000, 0x0000000084d00000|100%|HS|  |TAMS 0x0000000084d00000, 0x0000000084c00000| Complete 
|  77|0x0000000084d00000, 0x0000000084e00000, 0x0000000084e00000|100%|HC|  |TAMS 0x0000000084e00000, 0x0000000084d00000| Complete 
|  78|0x0000000084e00000, 0x0000000084f00000, 0x0000000084f00000|100%|HS|  |TAMS 0x0000000084f00000, 0x0000000084e00000| Complete 
|  79|0x0000000084f00000, 0x0000000085000000, 0x0000000085000000|100%|HS|  |TAMS 0x0000000085000000, 0x0000000084f00000| Complete 
|  80|0x0000000085000000, 0x0000000085100000, 0x0000000085100000|100%|HS|  |TAMS 0x0000000085100000, 0x0000000085000000| Complete 
|  81|0x0000000085100000, 0x0000000085200000, 0x0000000085200000|100%|HS|  |TAMS 0x0000000085200000, 0x0000000085100000| Complete 
|  82|0x0000000085200000, 0x0000000085300000, 0x0000000085300000|100%|HC|  |TAMS 0x0000000085300000, 0x0000000085200000| Complete 
|  83|0x0000000085300000, 0x0000000085400000, 0x0000000085400000|100%|HS|  |TAMS 0x0000000085400000, 0x0000000085300000| Complete 
|  84|0x0000000085400000, 0x0000000085500000, 0x0000000085500000|100%|HS|  |TAMS 0x0000000085500000, 0x0000000085400000| Complete 
|  85|0x0000000085500000, 0x0000000085600000, 0x0000000085600000|100%|HC|  |TAMS 0x0000000085600000, 0x0000000085500000| Complete 
|  86|0x0000000085600000, 0x0000000085700000, 0x0000000085700000|100%|HC|  |TAMS 0x0000000085700000, 0x0000000085600000| Complete 
|  87|0x0000000085700000, 0x0000000085800000, 0x0000000085800000|100%|HC|  |TAMS 0x0000000085800000, 0x0000000085700000| Complete 
|  88|0x0000000085800000, 0x0000000085900000, 0x0000000085900000|100%|HS|  |TAMS 0x0000000085900000, 0x0000000085800000| Complete 
|  89|0x0000000085900000, 0x0000000085a00000, 0x0000000085a00000|100%|HS|  |TAMS 0x0000000085a00000, 0x0000000085900000| Complete 
|  90|0x0000000085a00000, 0x0000000085b00000, 0x0000000085b00000|100%|HS|  |TAMS 0x0000000085b00000, 0x0000000085a00000| Complete 
|  91|0x0000000085b00000, 0x0000000085c00000, 0x0000000085c00000|100%|HS|  |TAMS 0x0000000085c00000, 0x0000000085b00000| Complete 
|  92|0x0000000085c00000, 0x0000000085d00000, 0x0000000085d00000|100%|HC|  |TAMS 0x0000000085d00000, 0x0000000085c00000| Complete 
|  93|0x0000000085d00000, 0x0000000085e00000, 0x0000000085e00000|100%|HS|  |TAMS 0x0000000085e00000, 0x0000000085d00000| Complete 
|  94|0x0000000085e00000, 0x0000000085f00000, 0x0000000085f00000|100%|HC|  |TAMS 0x0000000085f00000, 0x0000000085e00000| Complete 
|  95|0x0000000085f00000, 0x0000000086000000, 0x0000000086000000|100%|HC|  |TAMS 0x0000000086000000, 0x0000000085f00000| Complete 
|  96|0x0000000086000000, 0x0000000086100000, 0x0000000086100000|100%|HS|  |TAMS 0x0000000086100000, 0x0000000086000000| Complete 
|  97|0x0000000086100000, 0x0000000086200000, 0x0000000086200000|100%|HS|  |TAMS 0x0000000086200000, 0x0000000086100000| Complete 
|  98|0x0000000086200000, 0x0000000086300000, 0x0000000086300000|100%| O|  |TAMS 0x0000000086300000, 0x0000000086200000| Untracked 
|  99|0x0000000086300000, 0x0000000086400000, 0x0000000086400000|100%| O|  |TAMS 0x0000000086400000, 0x0000000086300000| Untracked 
| 100|0x0000000086400000, 0x0000000086500000, 0x0000000086500000|100%| O|  |TAMS 0x0000000086500000, 0x0000000086400000| Untracked 
| 101|0x0000000086500000, 0x0000000086600000, 0x0000000086600000|100%| O|  |TAMS 0x0000000086600000, 0x0000000086500000| Untracked 
| 102|0x0000000086600000, 0x0000000086700000, 0x0000000086700000|100%| O|  |TAMS 0x0000000086700000, 0x0000000086600000| Untracked 
| 103|0x0000000086700000, 0x0000000086800000, 0x0000000086800000|100%|HS|  |TAMS 0x0000000086800000, 0x0000000086700000| Complete 
| 104|0x0000000086800000, 0x0000000086900000, 0x0000000086900000|100%|HC|  |TAMS 0x0000000086900000, 0x0000000086800000| Complete 
| 105|0x0000000086900000, 0x0000000086a00000, 0x0000000086a00000|100%|HC|  |TAMS 0x0000000086a00000, 0x0000000086900000| Complete 
| 106|0x0000000086a00000, 0x0000000086b00000, 0x0000000086b00000|100%|HS|  |TAMS 0x0000000086b00000, 0x0000000086a00000| Complete 
| 107|0x0000000086b00000, 0x0000000086c00000, 0x0000000086c00000|100%|HS|  |TAMS 0x0000000086c00000, 0x0000000086b00000| Complete 
| 108|0x0000000086c00000, 0x0000000086d00000, 0x0000000086d00000|100%|HS|  |TAMS 0x0000000086d00000, 0x0000000086c00000| Complete 
| 109|0x0000000086d00000, 0x0000000086e00000, 0x0000000086e00000|100%|HC|  |TAMS 0x0000000086e00000, 0x0000000086d00000| Complete 
| 110|0x0000000086e00000, 0x0000000086f00000, 0x0000000086f00000|100%|HS|  |TAMS 0x0000000086e00000, 0x0000000086e00000| Complete 
| 111|0x0000000086f00000, 0x0000000087000000, 0x0000000087000000|100%|HS|  |TAMS 0x0000000087000000, 0x0000000086f00000| Complete 
| 112|0x0000000087000000, 0x0000000087100000, 0x0000000087100000|100%|HS|  |TAMS 0x0000000087100000, 0x0000000087000000| Complete 
| 113|0x0000000087100000, 0x0000000087200000, 0x0000000087200000|100%|HS|  |TAMS 0x0000000087200000, 0x0000000087100000| Complete 
| 114|0x0000000087200000, 0x0000000087300000, 0x0000000087300000|100%| O|  |TAMS 0x0000000087200000, 0x0000000087200000| Untracked 
| 115|0x0000000087300000, 0x0000000087400000, 0x0000000087400000|100%|HS|  |TAMS 0x0000000087400000, 0x0000000087300000| Complete 
| 116|0x0000000087400000, 0x0000000087500000, 0x0000000087500000|100%|HS|  |TAMS 0x0000000087500000, 0x0000000087400000| Complete 
| 117|0x0000000087500000, 0x0000000087600000, 0x0000000087600000|100%|HS|  |TAMS 0x0000000087600000, 0x0000000087500000| Complete 
| 118|0x0000000087600000, 0x0000000087700000, 0x0000000087700000|100%|HS|  |TAMS 0x0000000087700000, 0x0000000087600000| Complete 
| 119|0x0000000087700000, 0x0000000087800000, 0x0000000087800000|100%|HC|  |TAMS 0x0000000087800000, 0x0000000087700000| Complete 
| 120|0x0000000087800000, 0x0000000087900000, 0x0000000087900000|100%| O|  |TAMS 0x0000000087900000, 0x0000000087800000| Untracked 
| 121|0x0000000087900000, 0x0000000087a00000, 0x0000000087a00000|100%| O|  |TAMS 0x0000000087a00000, 0x0000000087900000| Untracked 
| 122|0x0000000087a00000, 0x0000000087b00000, 0x0000000087b00000|100%| O|  |TAMS 0x0000000087b00000, 0x0000000087a00000| Untracked 
| 123|0x0000000087b00000, 0x0000000087c00000, 0x0000000087c00000|100%| O|  |TAMS 0x0000000087c00000, 0x0000000087b00000| Untracked 
| 124|0x0000000087c00000, 0x0000000087d00000, 0x0000000087d00000|100%| O|  |TAMS 0x0000000087d00000, 0x0000000087c00000| Untracked 
| 125|0x0000000087d00000, 0x0000000087e00000, 0x0000000087e00000|100%| O|  |TAMS 0x0000000087e00000, 0x0000000087d00000| Untracked 
| 126|0x0000000087e00000, 0x0000000087f00000, 0x0000000087f00000|100%| O|  |TAMS 0x0000000087f00000, 0x0000000087e00000| Untracked 
| 127|0x0000000087f00000, 0x0000000088000000, 0x0000000088000000|100%| O|  |TAMS 0x0000000088000000, 0x0000000087f00000| Untracked 
| 128|0x0000000088000000, 0x0000000088100000, 0x0000000088100000|100%| O|  |TAMS 0x0000000088100000, 0x0000000088000000| Untracked 
| 129|0x0000000088100000, 0x0000000088200000, 0x0000000088200000|100%| O|  |TAMS 0x0000000088200000, 0x0000000088100000| Untracked 
| 130|0x0000000088200000, 0x0000000088300000, 0x0000000088300000|100%| O|  |TAMS 0x0000000088300000, 0x0000000088200000| Untracked 
| 131|0x0000000088300000, 0x0000000088400000, 0x0000000088400000|100%| O|  |TAMS 0x0000000088400000, 0x0000000088300000| Untracked 
| 132|0x0000000088400000, 0x0000000088500000, 0x0000000088500000|100%| O|  |TAMS 0x0000000088500000, 0x0000000088400000| Untracked 
| 133|0x0000000088500000, 0x0000000088600000, 0x0000000088600000|100%| O|  |TAMS 0x0000000088600000, 0x0000000088500000| Untracked 
| 134|0x0000000088600000, 0x0000000088700000, 0x0000000088700000|100%| O|  |TAMS 0x0000000088700000, 0x0000000088600000| Untracked 
| 135|0x0000000088700000, 0x0000000088800000, 0x0000000088800000|100%| O|  |TAMS 0x0000000088800000, 0x0000000088700000| Untracked 
| 136|0x0000000088800000, 0x0000000088900000, 0x0000000088900000|100%| O|  |TAMS 0x0000000088900000, 0x0000000088800000| Untracked 
| 137|0x0000000088900000, 0x0000000088a00000, 0x0000000088a00000|100%| O|  |TAMS 0x0000000088a00000, 0x0000000088900000| Untracked 
| 138|0x0000000088a00000, 0x0000000088b00000, 0x0000000088b00000|100%|HS|  |TAMS 0x0000000088b00000, 0x0000000088a00000| Complete 
| 139|0x0000000088b00000, 0x0000000088c00000, 0x0000000088c00000|100%|HC|  |TAMS 0x0000000088c00000, 0x0000000088b00000| Complete 
| 140|0x0000000088c00000, 0x0000000088d00000, 0x0000000088d00000|100%|HC|  |TAMS 0x0000000088d00000, 0x0000000088c00000| Complete 
| 141|0x0000000088d00000, 0x0000000088e00000, 0x0000000088e00000|100%|HC|  |TAMS 0x0000000088e00000, 0x0000000088d00000| Complete 
| 142|0x0000000088e00000, 0x0000000088f00000, 0x0000000088f00000|100%|HS|  |TAMS 0x0000000088f00000, 0x0000000088e00000| Complete 
| 143|0x0000000088f00000, 0x0000000089000000, 0x0000000089000000|100%| O|  |TAMS 0x0000000089000000, 0x0000000088f00000| Untracked 
| 144|0x0000000089000000, 0x0000000089100000, 0x0000000089100000|100%| O|  |TAMS 0x0000000089100000, 0x0000000089000000| Untracked 
| 145|0x0000000089100000, 0x0000000089200000, 0x0000000089200000|100%|HS|  |TAMS 0x0000000089200000, 0x0000000089100000| Complete 
| 146|0x0000000089200000, 0x0000000089300000, 0x0000000089300000|100%|HC|  |TAMS 0x0000000089300000, 0x0000000089200000| Complete 
| 147|0x0000000089300000, 0x0000000089400000, 0x0000000089400000|100%| O|  |TAMS 0x0000000089400000, 0x0000000089300000| Untracked 
| 148|0x0000000089400000, 0x0000000089500000, 0x0000000089500000|100%| O|  |TAMS 0x0000000089500000, 0x0000000089400000| Untracked 
| 149|0x0000000089500000, 0x0000000089600000, 0x0000000089600000|100%| O|  |TAMS 0x0000000089600000, 0x0000000089500000| Untracked 
| 150|0x0000000089600000, 0x0000000089700000, 0x0000000089700000|100%|HS|  |TAMS 0x0000000089700000, 0x0000000089600000| Complete 
| 151|0x0000000089700000, 0x0000000089800000, 0x0000000089800000|100%|HC|  |TAMS 0x0000000089800000, 0x0000000089700000| Complete 
| 152|0x0000000089800000, 0x0000000089900000, 0x0000000089900000|100%|HC|  |TAMS 0x0000000089900000, 0x0000000089800000| Complete 
| 153|0x0000000089900000, 0x0000000089a00000, 0x0000000089a00000|100%| O|  |TAMS 0x0000000089a00000, 0x0000000089900000| Untracked 
| 154|0x0000000089a00000, 0x0000000089b00000, 0x0000000089b00000|100%|HS|  |TAMS 0x0000000089b00000, 0x0000000089a00000| Complete 
| 155|0x0000000089b00000, 0x0000000089c00000, 0x0000000089c00000|100%| O|  |TAMS 0x0000000089c00000, 0x0000000089b00000| Untracked 
| 156|0x0000000089c00000, 0x0000000089d00000, 0x0000000089d00000|100%|HS|  |TAMS 0x0000000089d00000, 0x0000000089c00000| Complete 
| 157|0x0000000089d00000, 0x0000000089e00000, 0x0000000089e00000|100%| O|  |TAMS 0x0000000089e00000, 0x0000000089d00000| Untracked 
| 158|0x0000000089e00000, 0x0000000089f00000, 0x0000000089f00000|100%| O|  |TAMS 0x0000000089f00000, 0x0000000089e00000| Untracked 
| 159|0x0000000089f00000, 0x000000008a000000, 0x000000008a000000|100%| O|  |TAMS 0x000000008a000000, 0x0000000089f00000| Untracked 
| 160|0x000000008a000000, 0x000000008a100000, 0x000000008a100000|100%|HS|  |TAMS 0x000000008a100000, 0x000000008a000000| Complete 
| 161|0x000000008a100000, 0x000000008a200000, 0x000000008a200000|100%|HC|  |TAMS 0x000000008a200000, 0x000000008a100000| Complete 
| 162|0x000000008a200000, 0x000000008a300000, 0x000000008a300000|100%|HC|  |TAMS 0x000000008a300000, 0x000000008a200000| Complete 
| 163|0x000000008a300000, 0x000000008a400000, 0x000000008a400000|100%| O|  |TAMS 0x000000008a400000, 0x000000008a300000| Untracked 
| 164|0x000000008a400000, 0x000000008a500000, 0x000000008a500000|100%| O|  |TAMS 0x000000008a500000, 0x000000008a400000| Untracked 
| 165|0x000000008a500000, 0x000000008a600000, 0x000000008a600000|100%| O|  |TAMS 0x000000008a600000, 0x000000008a500000| Untracked 
| 166|0x000000008a600000, 0x000000008a700000, 0x000000008a700000|100%| O|  |TAMS 0x000000008a700000, 0x000000008a600000| Untracked 
| 167|0x000000008a700000, 0x000000008a800000, 0x000000008a800000|100%| O|  |TAMS 0x000000008a800000, 0x000000008a700000| Untracked 
| 168|0x000000008a800000, 0x000000008a900000, 0x000000008a900000|100%| O|  |TAMS 0x000000008a900000, 0x000000008a800000| Untracked 
| 169|0x000000008a900000, 0x000000008aa00000, 0x000000008aa00000|100%| O|  |TAMS 0x000000008aa00000, 0x000000008a900000| Untracked 
| 170|0x000000008aa00000, 0x000000008ab00000, 0x000000008ab00000|100%| O|  |TAMS 0x000000008ab00000, 0x000000008aa00000| Untracked 
| 171|0x000000008ab00000, 0x000000008ac00000, 0x000000008ac00000|100%| O|  |TAMS 0x000000008ac00000, 0x000000008ab00000| Untracked 
| 172|0x000000008ac00000, 0x000000008ad00000, 0x000000008ad00000|100%| O|  |TAMS 0x000000008ad00000, 0x000000008ac00000| Untracked 
| 173|0x000000008ad00000, 0x000000008ae00000, 0x000000008ae00000|100%| O|  |TAMS 0x000000008ae00000, 0x000000008ad00000| Untracked 
| 174|0x000000008ae00000, 0x000000008af00000, 0x000000008af00000|100%| O|  |TAMS 0x000000008af00000, 0x000000008ae00000| Untracked 
| 175|0x000000008af00000, 0x000000008b000000, 0x000000008b000000|100%| O|  |TAMS 0x000000008b000000, 0x000000008af00000| Untracked 
| 176|0x000000008b000000, 0x000000008b100000, 0x000000008b100000|100%| O|  |TAMS 0x000000008b100000, 0x000000008b000000| Untracked 
| 177|0x000000008b100000, 0x000000008b200000, 0x000000008b200000|100%| O|  |TAMS 0x000000008b200000, 0x000000008b100000| Untracked 
| 178|0x000000008b200000, 0x000000008b300000, 0x000000008b300000|100%| O|  |TAMS 0x000000008b300000, 0x000000008b200000| Untracked 
| 179|0x000000008b300000, 0x000000008b400000, 0x000000008b400000|100%| O|  |TAMS 0x000000008b400000, 0x000000008b300000| Untracked 
| 180|0x000000008b400000, 0x000000008b500000, 0x000000008b500000|100%| O|  |TAMS 0x000000008b4c4400, 0x000000008b400000| Untracked 
| 181|0x000000008b500000, 0x000000008b600000, 0x000000008b600000|100%|HS|  |TAMS 0x000000008b500000, 0x000000008b500000| Complete 
| 182|0x000000008b600000, 0x000000008b700000, 0x000000008b700000|100%|HC|  |TAMS 0x000000008b600000, 0x000000008b600000| Complete 
| 183|0x000000008b700000, 0x000000008b800000, 0x000000008b800000|100%|HS|  |TAMS 0x000000008b700000, 0x000000008b700000| Complete 
| 184|0x000000008b800000, 0x000000008b900000, 0x000000008b900000|100%|HC|  |TAMS 0x000000008b800000, 0x000000008b800000| Complete 
| 185|0x000000008b900000, 0x000000008ba00000, 0x000000008ba00000|100%| O|  |TAMS 0x000000008b900000, 0x000000008b900000| Untracked 
| 186|0x000000008ba00000, 0x000000008bb00000, 0x000000008bb00000|100%| O|  |TAMS 0x000000008ba00000, 0x000000008ba00000| Untracked 
| 187|0x000000008bb00000, 0x000000008bc00000, 0x000000008bc00000|100%| O|  |TAMS 0x000000008bb00000, 0x000000008bb00000| Untracked 
| 188|0x000000008bc00000, 0x000000008bd00000, 0x000000008bd00000|100%| O|  |TAMS 0x000000008bc00000, 0x000000008bc00000| Untracked 
| 189|0x000000008bd00000, 0x000000008be00000, 0x000000008be00000|100%| O|  |TAMS 0x000000008bd00000, 0x000000008bd00000| Untracked 
| 190|0x000000008be00000, 0x000000008bf00000, 0x000000008bf00000|100%| O|  |TAMS 0x000000008be00000, 0x000000008be00000| Untracked 
| 191|0x000000008bf00000, 0x000000008c000000, 0x000000008c000000|100%| O|  |TAMS 0x000000008bf00000, 0x000000008bf00000| Untracked 
| 192|0x000000008c000000, 0x000000008c100000, 0x000000008c100000|100%| O|  |TAMS 0x000000008c000000, 0x000000008c000000| Untracked 
| 193|0x000000008c100000, 0x000000008c200000, 0x000000008c200000|100%| O|  |TAMS 0x000000008c100000, 0x000000008c100000| Untracked 
| 194|0x000000008c200000, 0x000000008c300000, 0x000000008c300000|100%| O|  |TAMS 0x000000008c200000, 0x000000008c200000| Untracked 
| 195|0x000000008c300000, 0x000000008c400000, 0x000000008c400000|100%| O|  |TAMS 0x000000008c300000, 0x000000008c300000| Untracked 
| 196|0x000000008c400000, 0x000000008c500000, 0x000000008c500000|100%| O|  |TAMS 0x000000008c400000, 0x000000008c400000| Untracked 
| 197|0x000000008c500000, 0x000000008c600000, 0x000000008c600000|100%| O|  |TAMS 0x000000008c500000, 0x000000008c500000| Untracked 
| 198|0x000000008c600000, 0x000000008c6d0800, 0x000000008c700000| 81%| O|  |TAMS 0x000000008c600000, 0x000000008c600000| Untracked 
| 199|0x000000008c700000, 0x000000008c700000, 0x000000008c800000|  0%| F|  |TAMS 0x000000008c700000, 0x000000008c700000| Untracked 
| 200|0x000000008c800000, 0x000000008c800000, 0x000000008c900000|  0%| F|  |TAMS 0x000000008c800000, 0x000000008c800000| Untracked 
| 201|0x000000008c900000, 0x000000008c900000, 0x000000008ca00000|  0%| F|  |TAMS 0x000000008c900000, 0x000000008c900000| Untracked 
| 202|0x000000008ca00000, 0x000000008ca00000, 0x000000008cb00000|  0%| F|  |TAMS 0x000000008ca00000, 0x000000008ca00000| Untracked 
| 203|0x000000008cb00000, 0x000000008cb00000, 0x000000008cc00000|  0%| F|  |TAMS 0x000000008cb00000, 0x000000008cb00000| Untracked 
| 204|0x000000008cc00000, 0x000000008cc00000, 0x000000008cd00000|  0%| F|  |TAMS 0x000000008cc00000, 0x000000008cc00000| Untracked 
| 205|0x000000008cd00000, 0x000000008cd00000, 0x000000008ce00000|  0%| F|  |TAMS 0x000000008cd00000, 0x000000008cd00000| Untracked 
| 206|0x000000008ce00000, 0x000000008ce00000, 0x000000008cf00000|  0%| F|  |TAMS 0x000000008ce00000, 0x000000008ce00000| Untracked 
| 207|0x000000008cf00000, 0x000000008cf00000, 0x000000008d000000|  0%| F|  |TAMS 0x000000008cf00000, 0x000000008cf00000| Untracked 
| 208|0x000000008d000000, 0x000000008d000000, 0x000000008d100000|  0%| F|  |TAMS 0x000000008d000000, 0x000000008d000000| Untracked 
| 209|0x000000008d100000, 0x000000008d100000, 0x000000008d200000|  0%| F|  |TAMS 0x000000008d100000, 0x000000008d100000| Untracked 
| 210|0x000000008d200000, 0x000000008d200000, 0x000000008d300000|  0%| F|  |TAMS 0x000000008d200000, 0x000000008d200000| Untracked 
| 211|0x000000008d300000, 0x000000008d300000, 0x000000008d400000|  0%| F|  |TAMS 0x000000008d300000, 0x000000008d300000| Untracked 
| 212|0x000000008d400000, 0x000000008d400000, 0x000000008d500000|  0%| F|  |TAMS 0x000000008d400000, 0x000000008d400000| Untracked 
| 213|0x000000008d500000, 0x000000008d500000, 0x000000008d600000|  0%| F|  |TAMS 0x000000008d500000, 0x000000008d500000| Untracked 
| 214|0x000000008d600000, 0x000000008d600000, 0x000000008d700000|  0%| F|  |TAMS 0x000000008d600000, 0x000000008d600000| Untracked 
| 215|0x000000008d700000, 0x000000008d700000, 0x000000008d800000|  0%| F|  |TAMS 0x000000008d700000, 0x000000008d700000| Untracked 
| 216|0x000000008d800000, 0x000000008d800000, 0x000000008d900000|  0%| F|  |TAMS 0x000000008d800000, 0x000000008d800000| Untracked 
| 217|0x000000008d900000, 0x000000008d900000, 0x000000008da00000|  0%| F|  |TAMS 0x000000008d900000, 0x000000008d900000| Untracked 
| 218|0x000000008da00000, 0x000000008da00000, 0x000000008db00000|  0%| F|  |TAMS 0x000000008da00000, 0x000000008da00000| Untracked 
| 219|0x000000008db00000, 0x000000008db00000, 0x000000008dc00000|  0%| F|  |TAMS 0x000000008db00000, 0x000000008db00000| Untracked 
| 220|0x000000008dc00000, 0x000000008dc00000, 0x000000008dd00000|  0%| F|  |TAMS 0x000000008dc00000, 0x000000008dc00000| Untracked 
| 221|0x000000008dd00000, 0x000000008dd00000, 0x000000008de00000|  0%| F|  |TAMS 0x000000008dd00000, 0x000000008dd00000| Untracked 
| 222|0x000000008de00000, 0x000000008de00000, 0x000000008df00000|  0%| F|  |TAMS 0x000000008de00000, 0x000000008de00000| Untracked 
| 223|0x000000008df00000, 0x000000008df00000, 0x000000008e000000|  0%| F|  |TAMS 0x000000008df00000, 0x000000008df00000| Untracked 
| 224|0x000000008e000000, 0x000000008e000000, 0x000000008e100000|  0%| F|  |TAMS 0x000000008e000000, 0x000000008e000000| Untracked 
| 225|0x000000008e100000, 0x000000008e100000, 0x000000008e200000|  0%| F|  |TAMS 0x000000008e100000, 0x000000008e100000| Untracked 
| 226|0x000000008e200000, 0x000000008e200000, 0x000000008e300000|  0%| F|  |TAMS 0x000000008e200000, 0x000000008e200000| Untracked 
| 227|0x000000008e300000, 0x000000008e300000, 0x000000008e400000|  0%| F|  |TAMS 0x000000008e300000, 0x000000008e300000| Untracked 
| 228|0x000000008e400000, 0x000000008e400000, 0x000000008e500000|  0%| F|  |TAMS 0x000000008e400000, 0x000000008e400000| Untracked 
| 229|0x000000008e500000, 0x000000008e500000, 0x000000008e600000|  0%| F|  |TAMS 0x000000008e500000, 0x000000008e500000| Untracked 
| 230|0x000000008e600000, 0x000000008e600000, 0x000000008e700000|  0%| F|  |TAMS 0x000000008e600000, 0x000000008e600000| Untracked 
| 231|0x000000008e700000, 0x000000008e700000, 0x000000008e800000|  0%| F|  |TAMS 0x000000008e700000, 0x000000008e700000| Untracked 
| 232|0x000000008e800000, 0x000000008e900000, 0x000000008e900000|100%| S|CS|TAMS 0x000000008e800000, 0x000000008e800000| Complete 
| 233|0x000000008e900000, 0x000000008ea00000, 0x000000008ea00000|100%| S|CS|TAMS 0x000000008e900000, 0x000000008e900000| Complete 
| 234|0x000000008ea00000, 0x000000008eb00000, 0x000000008eb00000|100%| S|CS|TAMS 0x000000008ea00000, 0x000000008ea00000| Complete 
| 235|0x000000008eb00000, 0x000000008ec00000, 0x000000008ec00000|100%| S|CS|TAMS 0x000000008eb00000, 0x000000008eb00000| Complete 
| 236|0x000000008ec00000, 0x000000008ed00000, 0x000000008ed00000|100%| S|CS|TAMS 0x000000008ec00000, 0x000000008ec00000| Complete 
| 237|0x000000008ed00000, 0x000000008ed00000, 0x000000008ee00000|  0%| F|  |TAMS 0x000000008ed00000, 0x000000008ed00000| Untracked 
| 238|0x000000008ee00000, 0x000000008ee00000, 0x000000008ef00000|  0%| F|  |TAMS 0x000000008ee00000, 0x000000008ee00000| Untracked 
| 239|0x000000008ef00000, 0x000000008ef00000, 0x000000008f000000|  0%| F|  |TAMS 0x000000008ef00000, 0x000000008ef00000| Untracked 
| 240|0x000000008f000000, 0x000000008f000000, 0x000000008f100000|  0%| F|  |TAMS 0x000000008f000000, 0x000000008f000000| Untracked 
| 241|0x000000008f100000, 0x000000008f100000, 0x000000008f200000|  0%| F|  |TAMS 0x000000008f100000, 0x000000008f100000| Untracked 
| 242|0x000000008f200000, 0x000000008f200000, 0x000000008f300000|  0%| F|  |TAMS 0x000000008f200000, 0x000000008f200000| Untracked 
| 243|0x000000008f300000, 0x000000008f300000, 0x000000008f400000|  0%| F|  |TAMS 0x000000008f300000, 0x000000008f300000| Untracked 
| 244|0x000000008f400000, 0x000000008f400000, 0x000000008f500000|  0%| F|  |TAMS 0x000000008f400000, 0x000000008f400000| Untracked 
| 245|0x000000008f500000, 0x000000008f500000, 0x000000008f600000|  0%| F|  |TAMS 0x000000008f500000, 0x000000008f500000| Untracked 
| 246|0x000000008f600000, 0x000000008f600000, 0x000000008f700000|  0%| F|  |TAMS 0x000000008f600000, 0x000000008f600000| Untracked 
| 247|0x000000008f700000, 0x000000008f700000, 0x000000008f800000|  0%| F|  |TAMS 0x000000008f700000, 0x000000008f700000| Untracked 
| 248|0x000000008f800000, 0x000000008f800000, 0x000000008f900000|  0%| F|  |TAMS 0x000000008f800000, 0x000000008f800000| Untracked 
| 249|0x000000008f900000, 0x000000008f900000, 0x000000008fa00000|  0%| F|  |TAMS 0x000000008f900000, 0x000000008f900000| Untracked 
| 250|0x000000008fa00000, 0x000000008fa00000, 0x000000008fb00000|  0%| F|  |TAMS 0x000000008fa00000, 0x000000008fa00000| Untracked 
| 251|0x000000008fb00000, 0x000000008fb00000, 0x000000008fc00000|  0%| F|  |TAMS 0x000000008fb00000, 0x000000008fb00000| Untracked 
| 252|0x000000008fc00000, 0x000000008fc00000, 0x000000008fd00000|  0%| F|  |TAMS 0x000000008fc00000, 0x000000008fc00000| Untracked 
| 253|0x000000008fd00000, 0x000000008fd00000, 0x000000008fe00000|  0%| F|  |TAMS 0x000000008fd00000, 0x000000008fd00000| Untracked 
| 254|0x000000008fe00000, 0x000000008fe00000, 0x000000008ff00000|  0%| F|  |TAMS 0x000000008fe00000, 0x000000008fe00000| Untracked 
| 255|0x000000008ff00000, 0x000000008ff00000, 0x0000000090000000|  0%| F|  |TAMS 0x000000008ff00000, 0x000000008ff00000| Untracked 
| 256|0x0000000090000000, 0x0000000090000000, 0x0000000090100000|  0%| F|  |TAMS 0x0000000090000000, 0x0000000090000000| Untracked 
| 257|0x0000000090100000, 0x0000000090100000, 0x0000000090200000|  0%| F|  |TAMS 0x0000000090100000, 0x0000000090100000| Untracked 
| 258|0x0000000090200000, 0x0000000090200000, 0x0000000090300000|  0%| F|  |TAMS 0x0000000090200000, 0x0000000090200000| Untracked 
| 259|0x0000000090300000, 0x0000000090300000, 0x0000000090400000|  0%| F|  |TAMS 0x0000000090300000, 0x0000000090300000| Untracked 
| 260|0x0000000090400000, 0x0000000090400000, 0x0000000090500000|  0%| F|  |TAMS 0x0000000090400000, 0x0000000090400000| Untracked 
| 261|0x0000000090500000, 0x0000000090500000, 0x0000000090600000|  0%| F|  |TAMS 0x0000000090500000, 0x0000000090500000| Untracked 
| 262|0x0000000090600000, 0x0000000090600000, 0x0000000090700000|  0%| F|  |TAMS 0x0000000090600000, 0x0000000090600000| Untracked 
| 263|0x0000000090700000, 0x0000000090700000, 0x0000000090800000|  0%| F|  |TAMS 0x0000000090700000, 0x0000000090700000| Untracked 
| 264|0x0000000090800000, 0x0000000090800000, 0x0000000090900000|  0%| F|  |TAMS 0x0000000090800000, 0x0000000090800000| Untracked 
| 265|0x0000000090900000, 0x0000000090900000, 0x0000000090a00000|  0%| F|  |TAMS 0x0000000090900000, 0x0000000090900000| Untracked 
| 266|0x0000000090a00000, 0x0000000090a00000, 0x0000000090b00000|  0%| F|  |TAMS 0x0000000090a00000, 0x0000000090a00000| Untracked 

Card table byte_map: [0x000001d6c7a80000,0x000001d6c7e80000] _byte_map_base: 0x000001d6c7680000

Marking Bits (Prev, Next): (CMBitMap*) 0x000001d6b2c6cd48, (CMBitMap*) 0x000001d6b2c6cd80
 Prev Bits: [0x000001d6c8280000, 0x000001d6ca280000)
 Next Bits: [0x000001d6ca280000, 0x000001d6cc280000)

Polling page: 0x000001d6b2ab0000

Metaspace:

Usage:
  Non-class:     76.73 MB capacity,    75.35 MB ( 98%) used,     1.14 MB (  1%) free+waste,   245.56 KB ( <1%) overhead. 
      Class:     11.96 MB capacity,    11.20 MB ( 94%) used,   673.91 KB (  6%) free+waste,   110.06 KB ( <1%) overhead. 
       Both:     88.70 MB capacity,    86.55 MB ( 98%) used,     1.79 MB (  2%) free+waste,   355.63 KB ( <1%) overhead. 

Virtual space:
  Non-class space:       78.00 MB reserved,      76.93 MB ( 99%) committed 
      Class space:        1.00 GB reserved,      12.20 MB (  1%) committed 
             Both:        1.08 GB reserved,      89.13 MB (  8%) committed 

Chunk freelists:
   Non-Class:  200.00 KB
       Class:  132.00 KB
        Both:  332.00 KB

MaxMetaspaceSize: 17179869184.00 GB
CompressedClassSpaceSize: 1.00 GB

CodeHeap 'non-profiled nmethods': size=120064Kb used=5720Kb max_used=5720Kb free=114343Kb
 bounds [0x000001d6bf900000, 0x000001d6bfea0000, 0x000001d6c6e40000]
CodeHeap 'profiled nmethods': size=120000Kb used=21858Kb max_used=21858Kb free=98142Kb
 bounds [0x000001d6b83d0000, 0x000001d6b9930000, 0x000001d6bf900000]
CodeHeap 'non-nmethods': size=5696Kb used=2299Kb max_used=2341Kb free=3396Kb
 bounds [0x000001d6b7e40000, 0x000001d6b80b0000, 0x000001d6b83d0000]
 total_blobs=11637 nmethods=10736 adapters=812
 compilation: enabled
              stopped_count=0, restarted_count=0
 full_count=0

Compilation events (20 events):
Event: 8.091 Thread 0x000001d6cf4a9800 nmethod 10831 0x000001d6bfe82e10 code [0x000001d6bfe83060, 0x000001d6bfe84b30]
Event: 8.091 Thread 0x000001d6cf4a9800 10829 % !   4       java.util.concurrent.ConcurrentHashMap::transfer @ 372 (828 bytes)
Event: 8.103 Thread 0x000001d6cf4ac800 10837       3       com.android.tools.r8.internal.Ah::d (188 bytes)
Event: 8.103 Thread 0x000001d6cf4ac800 nmethod 10837 0x000001d6b9922290 code [0x000001d6b9922520, 0x000001d6b99231e8]
Event: 8.109 Thread 0x000001d6cf6ab800 nmethod 10765% 0x000001d6bfe85810 code [0x000001d6bfe85ce0, 0x000001d6bfe8a010]
Event: 8.109 Thread 0x000001d6cf6ab800 10812       4       com.android.tools.r8.internal.DA::a (55 bytes)
Event: 8.110 Thread 0x000001d6cf6ab800 nmethod 10812 0x000001d6bfe8d010 code [0x000001d6bfe8d1a0, 0x000001d6bfe8d218]
Event: 8.110 Thread 0x000001d6cf6ab800 10838 %     4       com.android.tools.r8.dex.j::m @ 64 (2086 bytes)
Event: 8.115 Thread 0x000001d6cf4ac800 10840       3       com.android.tools.r8.internal.fu::d (194 bytes)
Event: 8.116 Thread 0x000001d6cf4ac800 nmethod 10840 0x000001d6b9923690 code [0x000001d6b9923920, 0x000001d6b99245d8]
Event: 8.124 Thread 0x000001d6cf4ac800 10841   !   3       java.util.concurrent.ConcurrentHashMap::putVal (432 bytes)
Event: 8.125 Thread 0x000001d6cf4ac800 nmethod 10841 0x000001d6b9924b10 code [0x000001d6b9924ea0, 0x000001d6b9926f58]
Event: 8.137 Thread 0x000001d6cf4ac800 10843       1       com.android.tools.r8.internal.ak::b (6 bytes)
Event: 8.137 Thread 0x000001d6cf4ac800 nmethod 10843 0x000001d6bfe8d310 code [0x000001d6bfe8d4c0, 0x000001d6bfe8d578]
Event: 8.202 Thread 0x000001d6cf4a9800 nmethod 10829% 0x000001d6bfe8d610 code [0x000001d6bfe8d960, 0x000001d6bfe921a0]
Event: 8.202 Thread 0x000001d6cf4a9800 10842   !   4       java.util.concurrent.ConcurrentHashMap::putVal (432 bytes)
Event: 8.210 Thread 0x000001d6cf4ac800 10845       3       com.android.tools.r8.graph.c0::a (258 bytes)
Event: 8.210 Thread 0x000001d6cf4ac800 nmethod 10845 0x000001d6b9927990 code [0x000001d6b9927bc0, 0x000001d6b99284c8]
Event: 8.227 Thread 0x000001d6cf4a9800 nmethod 10842 0x000001d6bfe93b10 code [0x000001d6bfe93d40, 0x000001d6bfe95670]
Event: 8.227 Thread 0x000001d6cf4a9800 10849 % !   4       java.util.concurrent.ConcurrentHashMap::transfer @ 96 (828 bytes)

GC Heap History (20 events):
Event: 5.390 GC heap after
{Heap after GC invocations=16 (full 0):
 garbage-first heap   total 189440K, used 61318K [0x0000000080000000, 0x0000000100000000)
  region size 1024K, 11 young (11264K), 11 survivors (11264K)
 Metaspace       used 74539K, capacity 76264K, committed 76416K, reserved 1116160K
  class space    used 9757K, capacity 10374K, committed 10444K, reserved 1048576K
}
Event: 5.993 GC heap before
{Heap before GC invocations=16 (full 0):
 garbage-first heap   total 189440K, used 136070K [0x0000000080000000, 0x0000000100000000)
  region size 1024K, 84 young (86016K), 11 survivors (11264K)
 Metaspace       used 79209K, capacity 81311K, committed 81536K, reserved 1120256K
  class space    used 10394K, capacity 11168K, committed 11212K, reserved 1048576K
}
Event: 6.003 GC heap after
{Heap after GC invocations=17 (full 0):
 garbage-first heap   total 189440K, used 67493K [0x0000000080000000, 0x0000000100000000)
  region size 1024K, 11 young (11264K), 11 survivors (11264K)
 Metaspace       used 79209K, capacity 81311K, committed 81536K, reserved 1120256K
  class space    used 10394K, capacity 11168K, committed 11212K, reserved 1048576K
}
Event: 6.322 GC heap before
{Heap before GC invocations=17 (full 0):
 garbage-first heap   total 189440K, used 140197K [0x0000000080000000, 0x0000000100000000)
  region size 1024K, 83 young (84992K), 11 survivors (11264K)
 Metaspace       used 80026K, capacity 82227K, committed 82432K, reserved 1120256K
  class space    used 10461K, capacity 11266K, committed 11340K, reserved 1048576K
}
Event: 6.331 GC heap after
{Heap after GC invocations=18 (full 0):
 garbage-first heap   total 227328K, used 72522K [0x0000000080000000, 0x0000000100000000)
  region size 1024K, 6 young (6144K), 6 survivors (6144K)
 Metaspace       used 80026K, capacity 82227K, committed 82432K, reserved 1120256K
  class space    used 10461K, capacity 11266K, committed 11340K, reserved 1048576K
}
Event: 6.703 GC heap before
{Heap before GC invocations=18 (full 0):
 garbage-first heap   total 227328K, used 158538K [0x0000000080000000, 0x0000000100000000)
  region size 1024K, 91 young (93184K), 6 survivors (6144K)
 Metaspace       used 80696K, capacity 82901K, committed 82944K, reserved 1120256K
  class space    used 10515K, capacity 11325K, committed 11340K, reserved 1048576K
}
Event: 6.712 GC heap after
{Heap after GC invocations=19 (full 0):
 garbage-first heap   total 227328K, used 77287K [0x0000000080000000, 0x0000000100000000)
  region size 1024K, 10 young (10240K), 10 survivors (10240K)
 Metaspace       used 80696K, capacity 82901K, committed 82944K, reserved 1120256K
  class space    used 10515K, capacity 11325K, committed 11340K, reserved 1048576K
}
Event: 7.013 GC heap before
{Heap before GC invocations=19 (full 0):
 garbage-first heap   total 227328K, used 171495K [0x0000000080000000, 0x0000000100000000)
  region size 1024K, 103 young (105472K), 10 survivors (10240K)
 Metaspace       used 82677K, capacity 84877K, committed 84992K, reserved 1122304K
  class space    used 10737K, capacity 11559K, committed 11596K, reserved 1048576K
}
Event: 7.024 GC heap after
{Heap after GC invocations=20 (full 0):
 garbage-first heap   total 227328K, used 81556K [0x0000000080000000, 0x0000000100000000)
  region size 1024K, 10 young (10240K), 10 survivors (10240K)
 Metaspace       used 82677K, capacity 84877K, committed 84992K, reserved 1122304K
  class space    used 10737K, capacity 11559K, committed 11596K, reserved 1048576K
}
Event: 7.318 GC heap before
{Heap before GC invocations=20 (full 0):
 garbage-first heap   total 227328K, used 175764K [0x0000000080000000, 0x0000000100000000)
  region size 1024K, 103 young (105472K), 10 survivors (10240K)
 Metaspace       used 84927K, capacity 87222K, committed 87424K, reserved 1124352K
  class space    used 11024K, capacity 11847K, committed 11980K, reserved 1048576K
}
Event: 7.330 GC heap after
{Heap after GC invocations=21 (full 0):
 garbage-first heap   total 227328K, used 85135K [0x0000000080000000, 0x0000000100000000)
  region size 1024K, 8 young (8192K), 8 survivors (8192K)
 Metaspace       used 84927K, capacity 87222K, committed 87424K, reserved 1124352K
  class space    used 11024K, capacity 11847K, committed 11980K, reserved 1048576K
}
Event: 7.527 GC heap before
{Heap before GC invocations=21 (full 0):
 garbage-first heap   total 227328K, used 142479K [0x0000000080000000, 0x0000000100000000)
  region size 1024K, 44 young (45056K), 8 survivors (8192K)
 Metaspace       used 85986K, capacity 88286K, committed 88448K, reserved 1126400K
  class space    used 11129K, capacity 11965K, committed 11980K, reserved 1048576K
}
Event: 7.541 GC heap after
{Heap after GC invocations=22 (full 0):
 garbage-first heap   total 273408K, used 118784K [0x0000000080000000, 0x0000000100000000)
  region size 1024K, 13 young (13312K), 13 survivors (13312K)
 Metaspace       used 85986K, capacity 88286K, committed 88448K, reserved 1126400K
  class space    used 11129K, capacity 11965K, committed 11980K, reserved 1048576K
}
Event: 7.775 GC heap before
{Heap before GC invocations=23 (full 0):
 garbage-first heap   total 273408K, used 163840K [0x0000000080000000, 0x0000000100000000)
  region size 1024K, 42 young (43008K), 13 survivors (13312K)
 Metaspace       used 88368K, capacity 90525K, committed 90880K, reserved 1128448K
  class space    used 11442K, capacity 12217K, committed 12364K, reserved 1048576K
}
Event: 7.788 GC heap after
{Heap after GC invocations=24 (full 0):
 garbage-first heap   total 273408K, used 133182K [0x0000000080000000, 0x0000000100000000)
  region size 1024K, 4 young (4096K), 4 survivors (4096K)
 Metaspace       used 88368K, capacity 90525K, committed 90880K, reserved 1128448K
  class space    used 11442K, capacity 12217K, committed 12364K, reserved 1048576K
}
Event: 7.979 GC heap before
{Heap before GC invocations=25 (full 0):
 garbage-first heap   total 273408K, used 217150K [0x0000000080000000, 0x0000000100000000)
  region size 1024K, 52 young (53248K), 4 survivors (4096K)
 Metaspace       used 88623K, capacity 90824K, committed 91264K, reserved 1128448K
  class space    used 11468K, capacity 12252K, committed 12492K, reserved 1048576K
}
Event: 8.013 GC heap after
{Heap after GC invocations=26 (full 0):
 garbage-first heap   total 273408K, used 173351K [0x0000000080000000, 0x0000000100000000)
  region size 1024K, 8 young (8192K), 8 survivors (8192K)
 Metaspace       used 88623K, capacity 90824K, committed 91264K, reserved 1128448K
  class space    used 11468K, capacity 12252K, committed 12492K, reserved 1048576K
}
Event: 8.150 GC heap before
{Heap before GC invocations=27 (full 0):
 garbage-first heap   total 273408K, used 211239K [0x0000000080000000, 0x0000000100000000)
  region size 1024K, 43 young (44032K), 8 survivors (8192K)
 Metaspace       used 88630K, capacity 90824K, committed 91264K, reserved 1128448K
  class space    used 11468K, capacity 12252K, committed 12492K, reserved 1048576K
}
Event: 8.175 GC heap after
{Heap after GC invocations=28 (full 0):
 garbage-first heap   total 273408K, used 189201K [0x0000000080000000, 0x0000000100000000)
  region size 1024K, 6 young (6144K), 6 survivors (6144K)
 Metaspace       used 88630K, capacity 90824K, committed 91264K, reserved 1128448K
  class space    used 11468K, capacity 12252K, committed 12492K, reserved 1048576K
}
Event: 8.328 GC heap before
{Heap before GC invocations=29 (full 0):
 garbage-first heap   total 273408K, used 224017K [0x0000000080000000, 0x0000000100000000)
  region size 1024K, 36 young (36864K), 6 survivors (6144K)
 Metaspace       used 88630K, capacity 90824K, committed 91264K, reserved 1128448K
  class space    used 11468K, capacity 12252K, committed 12492K, reserved 1048576K
}

Deoptimization events (20 events):
Event: 8.036 Thread 0x000001d6d4283800 Uncommon trap: trap_request=0xffffff4d fr.pc=0x000001d6bfe5fb44 relative=0x00000000000010e4
Event: 8.038 Thread 0x000001d6d4283800 Uncommon trap: reason=unstable_if action=reinterpret pc=0x000001d6bfe5fb44 method=java.util.concurrent.ConcurrentHashMap.transfer([Ljava/util/concurrent/ConcurrentHashMap$Node;[Ljava/util/concurrent/ConcurrentHashMap$Node;)V @ 352 c2
Event: 8.038 Thread 0x000001d6d4283800 DEOPT PACKING pc=0x000001d6bfe5fb44 sp=0x000000ce9e8fd320
Event: 8.038 Thread 0x000001d6d4283800 DEOPT UNPACKING pc=0x000001d6b7e678af sp=0x000000ce9e8fd298 mode 2
Event: 8.123 Thread 0x000001d6d4283800 Uncommon trap: trap_request=0xffffff4d fr.pc=0x000001d6bfe847a4 relative=0x0000000000001744
Event: 8.124 Thread 0x000001d6d4283800 Uncommon trap: reason=unstable_if action=reinterpret pc=0x000001d6bfe847a4 method=java.util.concurrent.ConcurrentHashMap.putVal(Ljava/lang/Object;Ljava/lang/Object;Z)Ljava/lang/Object; @ 337 c2
Event: 8.124 Thread 0x000001d6d4283800 DEOPT PACKING pc=0x000001d6bfe847a4 sp=0x000000ce9e8fd500
Event: 8.124 Thread 0x000001d6d4283800 DEOPT UNPACKING pc=0x000001d6b7e678af sp=0x000000ce9e8fd4b8 mode 2
Event: 8.148 Thread 0x000001d6d4283800 DEOPT PACKING pc=0x000001d6b98b842b sp=0x000000ce9e8fd650
Event: 8.148 Thread 0x000001d6d4283800 DEOPT UNPACKING pc=0x000001d6b7e676ce sp=0x000000ce9e8fcd18 mode 0
Event: 8.209 Thread 0x000001d6d4283800 Uncommon trap: trap_request=0xffffff4d fr.pc=0x000001d6bfe6a654 relative=0x0000000000000234
Event: 8.209 Thread 0x000001d6d4283800 Uncommon trap: reason=unstable_if action=reinterpret pc=0x000001d6bfe6a654 method=com.android.tools.r8.graph.c0.a([C)I @ 44 c2
Event: 8.209 Thread 0x000001d6d4283800 DEOPT PACKING pc=0x000001d6bfe6a654 sp=0x000000ce9e8fd580
Event: 8.209 Thread 0x000001d6d4283800 DEOPT UNPACKING pc=0x000001d6b7e678af sp=0x000000ce9e8fd508 mode 2
Event: 8.228 Thread 0x000001d6d4283800 DEOPT PACKING pc=0x000001d6b98ec232 sp=0x000000ce9e8fd290
Event: 8.228 Thread 0x000001d6d4283800 DEOPT UNPACKING pc=0x000001d6b7e676ce sp=0x000000ce9e8fc780 mode 0
Event: 8.230 Thread 0x000001d6d4283800 DEOPT PACKING pc=0x000001d6b9910068 sp=0x000000ce9e8fd250
Event: 8.230 Thread 0x000001d6d4283800 DEOPT UNPACKING pc=0x000001d6b7e676ce sp=0x000000ce9e8fc780 mode 0
Event: 8.245 Thread 0x000001d6d4283800 DEOPT PACKING pc=0x000001d6b98ec232 sp=0x000000ce9e8fd3a0
Event: 8.245 Thread 0x000001d6d4283800 DEOPT UNPACKING pc=0x000001d6b7e676ce sp=0x000000ce9e8fc890 mode 0

Classes redefined (0 events):
No events

Internal exceptions (20 events):
Event: 6.812 Thread 0x000001d6d4279800 Exception <a 'java/lang/NoSuchMethodError'{0x000000008b32c808}: <clinit>> (0x000000008b32c808) thrown at [./src/hotspot/share/prims/jni.cpp, line 1362]
Event: 6.812 Thread 0x000001d6d4279800 Exception <a 'java/lang/NoSuchMethodError'{0x000000008b32dce8}: <clinit>> (0x000000008b32dce8) thrown at [./src/hotspot/share/prims/jni.cpp, line 1362]
Event: 6.846 Thread 0x000001d6d4279800 Exception <a 'sun/nio/fs/WindowsException'{0x000000008b0f9368}> (0x000000008b0f9368) thrown at [./src/hotspot/share/prims/jni.cpp, line 615]
Event: 6.846 Thread 0x000001d6d4279800 Exception <a 'sun/nio/fs/WindowsException'{0x000000008b0fa1f8}> (0x000000008b0fa1f8) thrown at [./src/hotspot/share/prims/jni.cpp, line 615]
Event: 6.847 Thread 0x000001d6d4279800 Exception <a 'sun/nio/fs/WindowsException'{0x000000008b0fb038}> (0x000000008b0fb038) thrown at [./src/hotspot/share/prims/jni.cpp, line 615]
Event: 6.848 Thread 0x000001d6d4279800 Exception <a 'sun/nio/fs/WindowsException'{0x000000008b0fbec0}> (0x000000008b0fbec0) thrown at [./src/hotspot/share/prims/jni.cpp, line 615]
Event: 6.859 Thread 0x000001d6d4279800 Exception <a 'java/lang/NoSuchMethodError'{0x000000008aeee050}: <clinit>> (0x000000008aeee050) thrown at [./src/hotspot/share/prims/jni.cpp, line 1362]
Event: 6.861 Thread 0x000001d6d4279800 Exception <a 'java/lang/NoSuchMethodError'{0x000000008ad24e90}: <clinit>> (0x000000008ad24e90) thrown at [./src/hotspot/share/prims/jni.cpp, line 1362]
Event: 6.863 Thread 0x000001d6d4279800 Exception <a 'java/lang/NoSuchMethodError'{0x000000008ad666c0}: <clinit>> (0x000000008ad666c0) thrown at [./src/hotspot/share/prims/jni.cpp, line 1362]
Event: 6.863 Thread 0x000001d6d4279800 Exception <a 'java/lang/NoSuchMethodError'{0x000000008ad79548}: <clinit>> (0x000000008ad79548) thrown at [./src/hotspot/share/prims/jni.cpp, line 1362]
Event: 7.503 Thread 0x000001d6d4280000 Exception <a 'java/lang/NoSuchMethodError'{0x000000008c284a78}: 'void java.lang.invoke.DirectMethodHandle$Holder.invokeStatic(java.lang.Object, long)'> (0x000000008c284a78) thrown at [./src/hotspot/share/interpreter/linkResolver.cpp, line 773]
Event: 7.504 Thread 0x000001d6d4280000 Exception <a 'java/lang/NoSuchMethodError'{0x000000008c289c90}: 'java.lang.Object java.lang.invoke.DirectMethodHandle$Holder.invokeStatic(java.lang.Object, long)'> (0x000000008c289c90) thrown at [./src/hotspot/share/interpreter/linkResolver.cpp, line 773]
Event: 7.506 Thread 0x000001d6d4280000 Exception <a 'java/lang/NoSuchMethodError'{0x000000008c297ff8}: 'java.lang.Object java.lang.invoke.DirectMethodHandle$Holder.invokeStaticInit(java.lang.Object, java.lang.Object, long, java.lang.Object)'> (0x000000008c297ff8) thrown at [./src/hotspot/share/interpreter/linkResolver.cpp, line 773]
Event: 7.506 Thread 0x000001d6d4280000 Exception <a 'java/lang/NoSuchMethodError'{0x000000008c29e190}: 'java.lang.Object java.lang.invoke.DirectMethodHandle$Holder.invokeStatic(java.lang.Object, java.lang.Object, long)'> (0x000000008c29e190) thrown at [./src/hotspot/share/interpreter/linkResolver.cpp, line 773]
Event: 7.507 Thread 0x000001d6d4280000 Exception <a 'java/lang/NoSuchMethodError'{0x000000008c2a4708}: 'java.lang.Object java.lang.invoke.Invokers$Holder.linkToTargetMethod(java.lang.Object, long, java.lang.Object)'> (0x000000008c2a4708) thrown at [./src/hotspot/share/interpreter/linkResolver.cpp, line 773]
Event: 7.604 Thread 0x000001d6d4283800 Exception <a 'sun/nio/fs/WindowsException'{0x000000008ff8e460}> (0x000000008ff8e460) thrown at [./src/hotspot/share/prims/jni.cpp, line 615]
Event: 7.669 Thread 0x000001d6d4280000 Exception <a 'java/lang/NoSuchMethodError'{0x000000008f8dead0}: 'int java.lang.invoke.DirectMethodHandle$Holder.invokeSpecialIFC(java.lang.Object, java.lang.Object, java.lang.Object)'> (0x000000008f8dead0) thrown at [./src/hotspot/share/interpreter/linkResolver.cpp, line 773]
Event: 7.767 Thread 0x000001d6d4283800 Exception <a 'java/lang/NoSuchMethodError'{0x000000008f0687a0}: 'java.lang.Object java.lang.invoke.DirectMethodHandle$Holder.invokeStatic(java.lang.Object, java.lang.Object, java.lang.Object, java.lang.Object, java.lang.Object, java.lang.Object, java.lang.Object, java.lang.Object, java.lang.Object, java.lang.Object, java.lang.Object, java.lang.Object, java.lang.Object, java.lang.Object, java.lang.Object, java.lang.Object, java.lang.Object, java.lang.Object, int, java.lang.Object)'> (0x000000008f0687a0) thr
Event: 7.767 Thread 0x000001d6d4283800 Exception <a 'java/lang/NoSuchMethodError'{0x000000008f06e030}: 'java.lang.Object java.lang.invoke.DirectMethodHandle$Holder.invokeStaticInit(java.lang.Object, java.lang.Object, java.lang.Object, java.lang.Object, java.lang.Object, java.lang.Object, java.lang.Object, java.lang.Object, java.lang.Object, java.lang.Object, java.lang.Object, java.lang.Object, java.lang.Object, java.lang.Object, java.lang.Object, java.lang.Object, java.lang.Object, java.lang.Object, int, java.lang.Object)'> (0x000000008f06e030)
Event: 7.947 Thread 0x000001d6d4283800 Implicit null exception at 0x000001d6bfe6dd9b to 0x000001d6bfe6f2dc

Events (20 events):
Event: 7.948 Executing VM operation: RevokeBias done
Event: 7.979 Executing VM operation: G1CollectForAllocation
Event: 8.013 Executing VM operation: G1CollectForAllocation done
Event: 8.035 Executing VM operation: RevokeBias
Event: 8.035 Executing VM operation: RevokeBias done
Event: 8.038 Executing VM operation: RevokeBias
Event: 8.038 Executing VM operation: RevokeBias done
Event: 8.082 Executing VM operation: CGC_Operation
Event: 8.090 Executing VM operation: CGC_Operation done
Event: 8.123 Executing VM operation: RevokeBias
Event: 8.124 Executing VM operation: RevokeBias done
Event: 8.128 Executing VM operation: CGC_Operation
Event: 8.128 Executing VM operation: CGC_Operation done
Event: 8.150 Executing VM operation: G1CollectForAllocation
Event: 8.175 Executing VM operation: G1CollectForAllocation done
Event: 8.262 Executing VM operation: CGC_Operation
Event: 8.272 Executing VM operation: CGC_Operation done
Event: 8.322 Executing VM operation: CGC_Operation
Event: 8.322 Executing VM operation: CGC_Operation done
Event: 8.328 Executing VM operation: G1CollectForAllocation


Dynamic libraries:
0x00007ff695260000 - 0x00007ff69526a000 	C:\Program Files\Android\Android Studio\jre\bin\java.exe
0x00007ffcbb570000 - 0x00007ffcbb741000 	C:\Windows\SYSTEM32\ntdll.dll
0x00007ffcb9790000 - 0x00007ffcb983b000 	C:\Windows\System32\KERNEL32.DLL
0x00007ffcb7c10000 - 0x00007ffcb7e2d000 	C:\Windows\System32\KERNELBASE.dll
0x00007ffcb8650000 - 0x00007ffcb8745000 	C:\Windows\System32\ucrtbase.dll
0x00007ffca9580000 - 0x00007ffca9599000 	C:\Program Files\Android\Android Studio\jre\bin\jli.dll
0x00007ffca8fc0000 - 0x00007ffca8fd7000 	C:\Program Files\Android\Android Studio\jre\bin\VCRUNTIME140.dll
0x00007ffcb93b0000 - 0x00007ffcb9515000 	C:\Windows\System32\USER32.dll
0x00007ffcb7ee0000 - 0x00007ffcb7efe000 	C:\Windows\System32\win32u.dll
0x00007ffcb9370000 - 0x00007ffcb93a4000 	C:\Windows\System32\GDI32.dll
0x00007ffca7c90000 - 0x00007ffca7f09000 	C:\Windows\WinSxS\amd64_microsoft.windows.common-controls_6595b64144ccf1df_6.0.14393.0_none_2d0f50fcbdb171b8\COMCTL32.dll
0x00007ffcb8b00000 - 0x00007ffcb8b9e000 	C:\Windows\System32\msvcrt.dll
0x00007ffcb87a0000 - 0x00007ffcb8922000 	C:\Windows\System32\gdi32full.dll
0x00007ffcb8ce0000 - 0x00007ffcb8fa7000 	C:\Windows\System32\combase.dll
0x00007ffcb8ba0000 - 0x00007ffcb8cc1000 	C:\Windows\System32\RPCRT4.dll
0x00007ffcb85e0000 - 0x00007ffcb864a000 	C:\Windows\System32\bcryptPrimitives.dll
0x00007ffcb8fc0000 - 0x00007ffcb8fee000 	C:\Windows\System32\IMM32.DLL
0x00007ffc9ef80000 - 0x00007ffc9f01d000 	C:\Program Files\Android\Android Studio\jre\bin\msvcp140.dll
0x00007ffc930b0000 - 0x00007ffc93b7f000 	C:\Program Files\Android\Android Studio\jre\bin\server\jvm.dll
0x00007ffcb96e0000 - 0x00007ffcb9782000 	C:\Windows\System32\ADVAPI32.dll
0x00007ffcb9100000 - 0x00007ffcb9159000 	C:\Windows\System32\sechost.dll
0x00007ffcb8cd0000 - 0x00007ffcb8cd8000 	C:\Windows\System32\PSAPI.DLL
0x00007ffcada50000 - 0x00007ffcada59000 	C:\Windows\SYSTEM32\WSOCK32.dll
0x00007ffcb5f30000 - 0x00007ffcb5f53000 	C:\Windows\SYSTEM32\WINMM.dll
0x00007ffcae8e0000 - 0x00007ffcae8ea000 	C:\Windows\SYSTEM32\VERSION.dll
0x00007ffcb8ff0000 - 0x00007ffcb905a000 	C:\Windows\System32\WS2_32.dll
0x00007ffcb5ed0000 - 0x00007ffcb5efb000 	C:\Windows\SYSTEM32\WINMMBASE.dll
0x00007ffcb8750000 - 0x00007ffcb8792000 	C:\Windows\System32\cfgmgr32.dll
0x00007ffcb7aa0000 - 0x00007ffcb7aaf000 	C:\Windows\System32\kernel.appcore.dll
0x00007ffcaa2a0000 - 0x00007ffcaa2b1000 	C:\Program Files\Android\Android Studio\jre\bin\verify.dll
0x00007ffcad3c0000 - 0x00007ffcad552000 	C:\Windows\SYSTEM32\DBGHELP.DLL
0x00007ffcac870000 - 0x00007ffcac899000 	C:\Windows\SYSTEM32\dbgcore.DLL
0x00007ffca69b0000 - 0x00007ffca69d9000 	C:\Program Files\Android\Android Studio\jre\bin\java.dll
0x00007ffcaa290000 - 0x00007ffcaa29b000 	C:\Program Files\Android\Android Studio\jre\bin\jimage.dll
0x00007ffca93a0000 - 0x00007ffca93b8000 	C:\Program Files\Android\Android Studio\jre\bin\zip.dll
0x00007ffcba040000 - 0x00007ffcbb548000 	C:\Windows\System32\SHELL32.dll
0x00007ffcb7f00000 - 0x00007ffcb85da000 	C:\Windows\System32\windows.storage.dll
0x00007ffcb7ab0000 - 0x00007ffcb7afc000 	C:\Windows\System32\powrprof.dll
0x00007ffcb9310000 - 0x00007ffcb9362000 	C:\Windows\System32\shlwapi.dll
0x00007ffcb7b60000 - 0x00007ffcb7c09000 	C:\Windows\System32\shcore.dll
0x00007ffcb7a80000 - 0x00007ffcb7a94000 	C:\Windows\System32\profapi.dll
0x00007ffca6ef0000 - 0x00007ffca6f0a000 	C:\Program Files\Android\Android Studio\jre\bin\net.dll
0x00007ffcb1e50000 - 0x00007ffcb1f1c000 	C:\Windows\SYSTEM32\WINHTTP.dll
0x00007ffcb7340000 - 0x00007ffcb739c000 	C:\Windows\system32\mswsock.dll
0x00007ffca62f0000 - 0x00007ffca6304000 	C:\Program Files\Android\Android Studio\jre\bin\nio.dll
0x00007ffc9da00000 - 0x00007ffc9da27000 	C:\Users\USER\.gradle\native\8bec1ad78214c89d9ad589b4d07fe93259594b29d510b10fafb7a158f7737e5d\windows-amd64\native-platform.dll
0x00007ffc96920000 - 0x00007ffc96a5d000 	C:\Users\USER\.gradle\native\53dbd7edfb1c66fb8903c78663c9afc45aea4f116125fa6feffd364cf09443e8\windows-amd64\native-platform-file-events.dll
0x00007ffca69a0000 - 0x00007ffca69aa000 	C:\Program Files\Android\Android Studio\jre\bin\management.dll
0x00007ffca6380000 - 0x00007ffca638c000 	C:\Program Files\Android\Android Studio\jre\bin\management_ext.dll
0x00007ffcb74e0000 - 0x00007ffcb74f7000 	C:\Windows\SYSTEM32\CRYPTSP.dll
0x00007ffcb6f50000 - 0x00007ffcb6f83000 	C:\Windows\system32\rsaenh.dll
0x00007ffcb79b0000 - 0x00007ffcb79db000 	C:\Windows\SYSTEM32\bcrypt.dll
0x00007ffcb71d0000 - 0x00007ffcb71ef000 	C:\Windows\SYSTEM32\USERENV.dll
0x00007ffcb7500000 - 0x00007ffcb750b000 	C:\Windows\SYSTEM32\CRYPTBASE.dll
0x00007ffcb70d0000 - 0x00007ffcb7108000 	C:\Windows\SYSTEM32\IPHLPAPI.DLL
0x00007ffcb9840000 - 0x00007ffcb9848000 	C:\Windows\System32\NSI.dll
0x00007ffcb3e90000 - 0x00007ffcb3ea6000 	C:\Windows\SYSTEM32\dhcpcsvc6.DLL
0x00007ffcb3e60000 - 0x00007ffcb3e7a000 	C:\Windows\SYSTEM32\dhcpcsvc.DLL

dbghelp: loaded successfully - version: 4.0.5 - missing functions: none
symbol engine: initialized successfully - sym options: 0x614 - pdb path: .;C:\Program Files\Android\Android Studio\jre\bin;C:\Windows\SYSTEM32;C:\Windows\WinSxS\amd64_microsoft.windows.common-controls_6595b64144ccf1df_6.0.14393.0_none_2d0f50fcbdb171b8;C:\Program Files\Android\Android Studio\jre\bin\server;C:\Users\USER\.gradle\native\8bec1ad78214c89d9ad589b4d07fe93259594b29d510b10fafb7a158f7737e5d\windows-amd64;C:\Users\USER\.gradle\native\53dbd7edfb1c66fb8903c78663c9afc45aea4f116125fa6feffd364cf09443e8\windows-amd64

VM Arguments:
jvm_args: --add-opens=java.base/java.util=ALL-UNNAMED --add-opens=java.base/java.lang=ALL-UNNAMED --add-opens=java.base/java.lang.invoke=ALL-UNNAMED --add-opens=java.base/java.util=ALL-UNNAMED --add-opens=java.prefs/java.util.prefs=ALL-UNNAMED --add-opens=java.prefs/java.util.prefs=ALL-UNNAMED --add-opens=java.base/java.nio.charset=ALL-UNNAMED --add-opens=java.base/java.net=ALL-UNNAMED --add-opens=java.base/java.util.concurrent.atomic=ALL-UNNAMED -Xmx2048m -Dfile.encoding=UTF-8 -Duser.country=US -Duser.language=en -Duser.variant 
java_command: org.gradle.launcher.daemon.bootstrap.GradleDaemon 7.0.2
java_class_path (initial): C:\Users\USER\.gradle\wrapper\dists\gradle-7.0.2-bin\857tjihv64xamwrf0h14cai3r\gradle-7.0.2\lib\gradle-launcher-7.0.2.jar
Launcher Type: SUN_STANDARD

[Global flags]
     intx CICompilerCount                          = 3                                         {product} {ergonomic}
     uint ConcGCThreads                            = 2                                         {product} {ergonomic}
     uint G1ConcRefinementThreads                  = 6                                         {product} {ergonomic}
   size_t G1HeapRegionSize                         = 1048576                                   {product} {ergonomic}
    uintx GCDrainStackTargetSize                   = 64                                        {product} {ergonomic}
   size_t InitialHeapSize                          = 134217728                                 {product} {ergonomic}
   size_t MarkStackSize                            = 4194304                                   {product} {ergonomic}
   size_t MaxHeapSize                              = 2147483648                                {product} {command line}
   size_t MaxNewSize                               = 1287651328                                {product} {ergonomic}
   size_t MinHeapDeltaBytes                        = 1048576                                   {product} {ergonomic}
    uintx NonNMethodCodeHeapSize                   = 5830732                                {pd product} {ergonomic}
    uintx NonProfiledCodeHeapSize                  = 122913754                              {pd product} {ergonomic}
    uintx ProfiledCodeHeapSize                     = 122913754                              {pd product} {ergonomic}
    uintx ReservedCodeCacheSize                    = 251658240                              {pd product} {ergonomic}
     bool SegmentedCodeCache                       = true                                      {product} {ergonomic}
     bool UseCompressedClassPointers               = true                                 {lp64_product} {ergonomic}
     bool UseCompressedOops                        = true                                 {lp64_product} {ergonomic}
     bool UseG1GC                                  = true                                      {product} {ergonomic}
     bool UseLargePagesIndividualAllocation        = false                                  {pd product} {ergonomic}

Logging:
Log output configuration:
 #0: stdout all=warning uptime,level,tags
 #1: stderr all=off uptime,level,tags

Environment Variables:
PATH=C:\Program Files (x86)\Common Files\Oracle\Java\javapath;C:\Program Files\Java\jdk1.8.0_111\bin;C:\Users\USER\AppData\Local\Microsoft\WindowsApps;C:\Users\USER\AppData\Local\Programs\Microsoft VS Code\bin
USERNAME=USER
OS=Windows_NT
PROCESSOR_IDENTIFIER=Intel64 Family 6 Model 158 Stepping 10, GenuineIntel



---------------  S Y S T E M  ---------------

OS: Windows 10 , 64 bit Build 14393 (10.0.14393.0)
OS uptime: 4 days 1:20 hours

CPU:total 6 (initial active 6) (6 cores per cpu, 1 threads per core) family 6 model 158 stepping 10 microcode 0x96, cmov, cx8, fxsr, mmx, sse, sse2, sse3, ssse3, sse4.1, sse4.2, popcnt, avx, avx2, aes, clmul, erms, 3dnowpref, lzcnt, tsc, tscinvbit, bmi1, bmi2, adx, fma

Memory: 4k page, system-wide physical 8068M (2196M free)
TotalPageFile size 9046M (AvailPageFile size 22M)
current process WorkingSet (physical memory assigned to process): 538M, peak: 540M
current process commit charge ("private bytes"): 567M, peak: 703M

vm_info: OpenJDK 64-Bit Server VM (11.0.10+0-b96-7249189) for windows-amd64 JRE (11.0.10+0-b96-7249189), built on Mar 31 2021 21:44:00 by "builder" with MS VC++ 14.0 (VS2015)

END.
