#
# There is insufficient memory for the Java Runtime Environment to continue.
# Native memory allocation (malloc) failed to allocate 1083856 bytes for Chunk::new
# Possible reasons:
#   The system is out of physical RAM or swap space
#   The process is running with CompressedOops enabled, and the Java Heap may be blocking the growth of the native heap
# Possible solutions:
#   Reduce memory load on the system
#   Increase physical memory or swap space
#   Check if swap backing store is full
#   Decrease Java heap size (-Xmx/-Xms)
#   Decrease number of Java threads
#   Decrease Java thread stack sizes (-Xss)
#   Set larger code cache with -XX:ReservedCodeCacheSize=
#   JVM is running with Unscaled Compressed Oops mode in which the Java heap is
#     placed in the first 4GB address space. The Java Heap base address is the
#     maximum limit for the native heap growth. Please use -XX:HeapBaseMinAddress
#     to set the Java Heap base and to place the Java Heap above 4GB virtual address.
# This output file may be truncated or incomplete.
#
#  Out of Memory Error (./src/hotspot/share/memory/arena.cpp:197), pid=1532, tid=2004
#
# JRE version: OpenJDK Runtime Environment (11.0.10) (build 11.0.10+0-b96-7249189)
# Java VM: OpenJDK 64-Bit Server VM (11.0.10+0-b96-7249189, mixed mode, tiered, compressed oops, g1 gc, windows-amd64)
# No core dump will be written. Minidumps are not enabled by default on client versions of Windows
#

---------------  S U M M A R Y ------------

Command Line: --add-opens=java.base/java.util=ALL-UNNAMED --add-opens=java.base/java.lang=ALL-UNNAMED --add-opens=java.base/java.lang.invoke=ALL-UNNAMED --add-opens=java.base/java.util=ALL-UNNAMED --add-opens=java.prefs/java.util.prefs=ALL-UNNAMED --add-opens=java.prefs/java.util.prefs=ALL-UNNAMED --add-opens=java.base/java.nio.charset=ALL-UNNAMED --add-opens=java.base/java.net=ALL-UNNAMED --add-opens=java.base/java.util.concurrent.atomic=ALL-UNNAMED -Xmx2048m -Dfile.encoding=UTF-8 -Duser.country=US -Duser.language=en -Duser.variant org.gradle.launcher.daemon.bootstrap.GradleDaemon 7.0.2

Host: Intel(R) Core(TM) i5-8400 CPU @ 2.80GHz, 6 cores, 7G,  Windows 10 , 64 bit Build 14393 (10.0.14393.0)
Time: Thu May 26 08:19:38 2022 Bangladesh Standard Time elapsed time: 8.018994 seconds (0d 0h 0m 8s)

---------------  T H R E A D  ---------------

Current thread (0x000002be6cd7b000):  JavaThread "C2 CompilerThread1" daemon [_thread_in_native, id=2004, stack(0x000000fe2ae00000,0x000000fe2af00000)]


Current CompileTask:
C2:   8019 10870 %     4       org.gradle.internal.instantiation.generator.AbstractClassGenerator::inspectType @ 107 (560 bytes)

Stack: [0x000000fe2ae00000,0x000000fe2af00000]
Native frames: (J=compiled Java code, j=interpreted, Vv=VM code, C=native code)
V  [jvm.dll+0x5ecfaa]
V  [jvm.dll+0x722bd5]
V  [jvm.dll+0x72412d]
V  [jvm.dll+0x7247e3]
V  [jvm.dll+0x242928]
V  [jvm.dll+0xbc4fc]
V  [jvm.dll+0xbca0c]
V  [jvm.dll+0x352d3b]
V  [jvm.dll+0x19800c]
V  [jvm.dll+0x1fb70e]
V  [jvm.dll+0x1fa7f4]
V  [jvm.dll+0x18354c]
V  [jvm.dll+0x208ee7]
V  [jvm.dll+0x207731]
V  [jvm.dll+0x6eb1cf]
V  [jvm.dll+0x6e3d45]
V  [jvm.dll+0x5ebe96]
C  [ucrtbase.dll+0x1cab0]
C  [KERNEL32.DLL+0x8364]
C  [ntdll.dll+0x65e91]


---------------  P R O C E S S  ---------------

Threads class SMR info:
_java_thread_list=0x000002be70c16390, length=64, elements={
0x000002be50051000, 0x000002be6bfa5000, 0x000002be6bfa6000, 0x000002be6bfc0000,
0x000002be6bfc1800, 0x000002be6bfc3800, 0x000002be6bfc7000, 0x000002be6bfca800,
0x000002be6bfcc800, 0x000002be6ca80800, 0x000002be6cd7b000, 0x000002be6e6d0800,
0x000002be6dd29800, 0x000002be6da22000, 0x000002be6e797800, 0x000002be7045d800,
0x000002be70710800, 0x000002be6e855800, 0x000002be6df84800, 0x000002be6e28c000,
0x000002be6cd7a800, 0x000002be6cd79800, 0x000002be6cd78000, 0x000002be6cd7d000,
0x000002be6cd7c000, 0x000002be6cd77000, 0x000002be6cd79000, 0x000002be6cd7d800,
0x000002be6e45d000, 0x000002be6e45e000, 0x000002be6e458000, 0x000002be6e45e800,
0x000002be6e45f800, 0x000002be6e460800, 0x000002be6e45b800, 0x000002be6e462000,
0x000002be6e45c800, 0x000002be6e464800, 0x000002be6e466000, 0x000002be6e465800,
0x000002be6e467000, 0x000002be6e463000, 0x000002be6e463800, 0x000002be71e4c800,
0x000002be71e4d000, 0x000002be71e4a000, 0x000002be71e4b800, 0x000002be71e49000,
0x000002be71e48800, 0x000002be71e52000, 0x000002be71e54800, 0x000002be71e53000,
0x000002be71e54000, 0x000002be71e4f000, 0x000002be71e55800, 0x000002be71e4f800,
0x000002be71e56000, 0x000002be71e50800, 0x000002be71e51800, 0x000002be71e57000,
0x000002be70766800, 0x000002be7076a800, 0x000002be70767800, 0x000002be7076d000
}

Java Threads: ( => current thread )
  0x000002be50051000 JavaThread "main" [_thread_blocked, id=1696, stack(0x000000fe29d00000,0x000000fe29e00000)]
  0x000002be6bfa5000 JavaThread "Reference Handler" daemon [_thread_blocked, id=6020, stack(0x000000fe2a400000,0x000000fe2a500000)]
  0x000002be6bfa6000 JavaThread "Finalizer" daemon [_thread_blocked, id=5828, stack(0x000000fe2a500000,0x000000fe2a600000)]
  0x000002be6bfc0000 JavaThread "Signal Dispatcher" daemon [_thread_blocked, id=6892, stack(0x000000fe2a600000,0x000000fe2a700000)]
  0x000002be6bfc1800 JavaThread "Attach Listener" daemon [_thread_blocked, id=9232, stack(0x000000fe2a700000,0x000000fe2a800000)]
  0x000002be6bfc3800 JavaThread "Service Thread" daemon [_thread_blocked, id=5144, stack(0x000000fe2a800000,0x000000fe2a900000)]
  0x000002be6bfc7000 JavaThread "C2 CompilerThread0" daemon [_thread_in_native, id=10400, stack(0x000000fe2a900000,0x000000fe2aa00000)]
  0x000002be6bfca800 JavaThread "C1 CompilerThread0" daemon [_thread_blocked, id=7188, stack(0x000000fe2aa00000,0x000000fe2ab00000)]
  0x000002be6bfcc800 JavaThread "Sweeper thread" daemon [_thread_blocked, id=9268, stack(0x000000fe2ab00000,0x000000fe2ac00000)]
  0x000002be6ca80800 JavaThread "Common-Cleaner" daemon [_thread_blocked, id=1892, stack(0x000000fe2ac00000,0x000000fe2ad00000)]
=>0x000002be6cd7b000 JavaThread "C2 CompilerThread1" daemon [_thread_in_native, id=2004, stack(0x000000fe2ae00000,0x000000fe2af00000)]
  0x000002be6e6d0800 JavaThread "Daemon health stats" [_thread_blocked, id=10844, stack(0x000000fe2b100000,0x000000fe2b200000)]
  0x000002be6dd29800 JavaThread "Incoming local TCP Connector on port 61485" [_thread_in_native, id=4572, stack(0x000000fe2b200000,0x000000fe2b300000)]
  0x000002be6da22000 JavaThread "Daemon periodic checks" [_thread_blocked, id=11184, stack(0x000000fe2b300000,0x000000fe2b400000)]
  0x000002be6e797800 JavaThread "Daemon" [_thread_blocked, id=7220, stack(0x000000fe2b400000,0x000000fe2b500000)]
  0x000002be7045d800 JavaThread "Handler for socket connection from /127.0.0.1:61485 to /127.0.0.1:61486" [_thread_in_native, id=4992, stack(0x000000fe2b500000,0x000000fe2b600000)]
  0x000002be70710800 JavaThread "Cancel handler" [_thread_blocked, id=384, stack(0x000000fe2b600000,0x000000fe2b700000)]
  0x000002be6e855800 JavaThread "Daemon worker" [_thread_blocked, id=6572, stack(0x000000fe2b700000,0x000000fe2b800000)]
  0x000002be6df84800 JavaThread "Asynchronous log dispatcher for DefaultDaemonConnection: socket connection from /127.0.0.1:61485 to /127.0.0.1:61486" [_thread_blocked, id=3692, stack(0x000000fe2b800000,0x000000fe2b900000)]
  0x000002be6e28c000 JavaThread "Stdin handler" [_thread_blocked, id=7492, stack(0x000000fe2b900000,0x000000fe2ba00000)]
  0x000002be6cd7a800 JavaThread "Daemon client event forwarder" [_thread_blocked, id=10840, stack(0x000000fe2ba00000,0x000000fe2bb00000)]
  0x000002be6cd79800 JavaThread "Cache worker for file hash cache (C:\Users\USER\.gradle\caches\7.0.2\fileHashes)" [_thread_blocked, id=9044, stack(0x000000fe2be00000,0x000000fe2bf00000)]
  0x000002be6cd78000 JavaThread "File lock request listener" [_thread_in_native, id=4836, stack(0x000000fe2bf00000,0x000000fe2c000000)]
  0x000002be6cd7d000 JavaThread "Cache worker for journal cache (C:\Users\USER\.gradle\caches\journal-1)" [_thread_blocked, id=2748, stack(0x000000fe2c100000,0x000000fe2c200000)]
  0x000002be6cd7c000 JavaThread "Cache worker for file hash cache (C:\Users\USER\EarinMoney\.gradle\7.0.2\fileHashes)" [_thread_blocked, id=1628, stack(0x000000fe2c200000,0x000000fe2c300000)]
  0x000002be6cd77000 JavaThread "File watcher server" daemon [_thread_in_native, id=6540, stack(0x000000fe2c300000,0x000000fe2c400000)]
  0x000002be6cd79000 JavaThread "File watcher consumer" daemon [_thread_blocked, id=10148, stack(0x000000fe2c400000,0x000000fe2c500000)]
  0x000002be6cd7d800 JavaThread "Cache worker for checksums cache (C:\Users\USER\EarinMoney\.gradle\checksums)" [_thread_blocked, id=5444, stack(0x000000fe2c500000,0x000000fe2c600000)]
  0x000002be6e45d000 JavaThread "Cache worker for cache directory md-supplier (C:\Users\USER\.gradle\caches\7.0.2\md-supplier)" [_thread_blocked, id=6728, stack(0x000000fe2c600000,0x000000fe2c700000)]
  0x000002be6e45e000 JavaThread "Cache worker for cache directory md-rule (C:\Users\USER\.gradle\caches\7.0.2\md-rule)" [_thread_blocked, id=5920, stack(0x000000fe2c700000,0x000000fe2c800000)]
  0x000002be6e458000 JavaThread "Cache worker for execution history cache (C:\Users\USER\.gradle\caches\7.0.2\executionHistory)" [_thread_blocked, id=9568, stack(0x000000fe2c800000,0x000000fe2c900000)]
  0x000002be6e45e800 JavaThread "jar transforms" [_thread_blocked, id=2728, stack(0x000000fe2c900000,0x000000fe2ca00000)]
  0x000002be6e45f800 JavaThread "jar transforms Thread 2" [_thread_blocked, id=10976, stack(0x000000fe2ca00000,0x000000fe2cb00000)]
  0x000002be6e460800 JavaThread "Cache worker for file content cache (C:\Users\USER\.gradle\caches\7.0.2\fileContent)" [_thread_blocked, id=6700, stack(0x000000fe2cb00000,0x000000fe2cc00000)]
  0x000002be6e45b800 JavaThread "Cache worker for dependencies-accessors (C:\Users\USER\EarinMoney\.gradle\7.0.2\dependencies-accessors)" [_thread_blocked, id=3340, stack(0x000000fe2cc00000,0x000000fe2cd00000)]
  0x000002be6e462000 JavaThread "jar transforms Thread 3" [_thread_blocked, id=10836, stack(0x000000fe2cd00000,0x000000fe2ce00000)]
  0x000002be6e45c800 JavaThread "Cache worker for Build Output Cleanup Cache (C:\Users\USER\EarinMoney\.gradle\buildOutputCleanup)" [_thread_blocked, id=3344, stack(0x000000fe2ce00000,0x000000fe2cf00000)]
  0x000002be6e464800 JavaThread "Build operations" [_thread_blocked, id=10392, stack(0x000000fe2cf00000,0x000000fe2d000000)]
  0x000002be6e466000 JavaThread "Build operations Thread 2" [_thread_blocked, id=7004, stack(0x000000fe2d000000,0x000000fe2d100000)]
  0x000002be6e465800 JavaThread "Build operations Thread 3" [_thread_blocked, id=2628, stack(0x000000fe2d100000,0x000000fe2d200000)]
  0x000002be6e467000 JavaThread "Build operations Thread 4" [_thread_blocked, id=3412, stack(0x000000fe2d200000,0x000000fe2d300000)]
  0x000002be6e463000 JavaThread "Build operations Thread 5" [_thread_blocked, id=6360, stack(0x000000fe2d300000,0x000000fe2d400000)]
  0x000002be6e463800 JavaThread "Build operations Thread 6" [_thread_blocked, id=6484, stack(0x000000fe2d400000,0x000000fe2d500000)]
  0x000002be71e4c800 JavaThread "jar transforms Thread 4" [_thread_blocked, id=10932, stack(0x000000fe2d500000,0x000000fe2d600000)]
  0x000002be71e4d000 JavaThread "jar transforms Thread 5" [_thread_blocked, id=3452, stack(0x000000fe2d600000,0x000000fe2d700000)]
  0x000002be71e4a000 JavaThread "jar transforms Thread 6" [_thread_blocked, id=7324, stack(0x000000fe2d700000,0x000000fe2d800000)]
  0x000002be71e4b800 JavaThread "Memory manager" [_thread_blocked, id=10408, stack(0x000000fe2d800000,0x000000fe2d900000)]
  0x000002be71e49000 JavaThread "build event listener" [_thread_blocked, id=8780, stack(0x000000fe2d900000,0x000000fe2da00000)]
  0x000002be71e48800 JavaThread "Execution worker for ':'" [_thread_blocked, id=7920, stack(0x000000fe2da00000,0x000000fe2db00000)]
  0x000002be71e52000 JavaThread "Execution worker for ':' Thread 2" [_thread_blocked, id=9404, stack(0x000000fe2db00000,0x000000fe2dc00000)]
  0x000002be71e54800 JavaThread "Execution worker for ':' Thread 3" [_thread_blocked, id=1848, stack(0x000000fe2dc00000,0x000000fe2dd00000)]
  0x000002be71e53000 JavaThread "Execution worker for ':' Thread 4" [_thread_blocked, id=8748, stack(0x000000fe2dd00000,0x000000fe2de00000)]
  0x000002be71e54000 JavaThread "Execution worker for ':' Thread 5" [_thread_blocked, id=4556, stack(0x000000fe2de00000,0x000000fe2df00000)]
  0x000002be71e4f000 JavaThread "Cache worker for execution history cache (C:\Users\USER\EarinMoney\.gradle\7.0.2\executionHistory)" [_thread_blocked, id=2084, stack(0x000000fe2df00000,0x000000fe2e000000)]
  0x000002be71e55800 JavaThread "WorkerExecutor Queue" [_thread_blocked, id=7792, stack(0x000000fe2e000000,0x000000fe2e100000)]
  0x000002be71e4f800 JavaThread "WorkerExecutor Queue Thread 2" [_thread_blocked, id=6148, stack(0x000000fe2e100000,0x000000fe2e200000)]
  0x000002be71e56000 JavaThread "WorkerExecutor Queue Thread 3" [_thread_blocked, id=10756, stack(0x000000fe2e200000,0x000000fe2e300000)]
  0x000002be71e50800 JavaThread "WorkerExecutor Queue Thread 4" [_thread_blocked, id=7184, stack(0x000000fe2e300000,0x000000fe2e400000)]
  0x000002be71e51800 JavaThread "WorkerExecutor Queue Thread 5" [_thread_blocked, id=5688, stack(0x000000fe2e400000,0x000000fe2e500000)]
  0x000002be71e57000 JavaThread "WorkerExecutor Queue Thread 6" [_thread_in_Java, id=3820, stack(0x000000fe2e500000,0x000000fe2e600000)]
  0x000002be70766800 JavaThread "WorkerExecutor Queue Thread 7" [_thread_blocked, id=8660, stack(0x000000fe2e600000,0x000000fe2e700000)]
  0x000002be7076a800 JavaThread "pool-3-thread-1" [_thread_blocked, id=11148, stack(0x000000fe2e700000,0x000000fe2e800000)]
  0x000002be70767800 JavaThread "stderr" [_thread_in_native, id=6852, stack(0x000000fe2e800000,0x000000fe2e900000)]
  0x000002be7076d000 JavaThread "stdout" [_thread_in_native, id=2260, stack(0x000000fe2e900000,0x000000fe2ea00000)]

Other Threads:
  0x000002be6bfa1800 VMThread "VM Thread" [stack: 0x000000fe2a300000,0x000000fe2a400000] [id=4648]
  0x000002be6ca81800 WatcherThread [stack: 0x000000fe2ad00000,0x000000fe2ae00000] [id=4132]
  0x000002be5006a000 GCTaskThread "GC Thread#0" [stack: 0x000000fe29e00000,0x000000fe29f00000] [id=240]
  0x000002be6d808800 GCTaskThread "GC Thread#1" [stack: 0x000000fe2af00000,0x000000fe2b000000] [id=5736]
  0x000002be6d125000 GCTaskThread "GC Thread#2" [stack: 0x000000fe2b000000,0x000000fe2b100000] [id=1748]
  0x000002be70203800 GCTaskThread "GC Thread#3" [stack: 0x000000fe2bb00000,0x000000fe2bc00000] [id=10460]
  0x000002be6eb75800 GCTaskThread "GC Thread#4" [stack: 0x000000fe2bc00000,0x000000fe2bd00000] [id=6056]
  0x000002be6e856800 GCTaskThread "GC Thread#5" [stack: 0x000000fe2bd00000,0x000000fe2be00000] [id=1060]
  0x000002be5009c800 ConcurrentGCThread "G1 Main Marker" [stack: 0x000000fe29f00000,0x000000fe2a000000] [id=5096]
  0x000002be5009e000 ConcurrentGCThread "G1 Conc#0" [stack: 0x000000fe2a000000,0x000000fe2a100000] [id=9352]
  0x000002be6f3fc800 ConcurrentGCThread "G1 Conc#1" [stack: 0x000000fe2c000000,0x000000fe2c100000] [id=5908]
  0x000002be6bdf0800 ConcurrentGCThread "G1 Refine#0" [stack: 0x000000fe2a100000,0x000000fe2a200000] [id=10980]
  0x000002be6bdf1800 ConcurrentGCThread "G1 Young RemSet Sampling" [stack: 0x000000fe2a200000,0x000000fe2a300000] [id=10916]

Threads with active compile tasks:
C2 CompilerThread0   8024 10944 %     4       com.android.tools.r8.dex.j::m @ 64 (2086 bytes)
C2 CompilerThread1   8024 10870 %     4       org.gradle.internal.instantiation.generator.AbstractClassGenerator::inspectType @ 107 (560 bytes)

VM state:not at safepoint (normal execution)

VM Mutex/Monitor currently owned by a thread: None

Heap address: 0x0000000080000000, size: 2048 MB, Compressed Oops mode: 32-bit
Narrow klass base: 0x0000000000000000, Narrow klass shift: 3
Compressed class space size: 1073741824 Address: 0x0000000100000000

Heap:
 garbage-first heap   total 273408K, used 204085K [0x0000000080000000, 0x0000000100000000)
  region size 1024K, 37 young (37888K), 10 survivors (10240K)
 Metaspace       used 90054K, capacity 92297K, committed 92748K, reserved 1130496K
  class space    used 11647K, capacity 12481K, committed 12620K, reserved 1048576K
Heap Regions: E=young(eden), S=young(survivor), O=old, HS=humongous(starts), HC=humongous(continues), CS=collection set, F=free, A=archive, TAMS=top-at-mark-start (previous, next)
|   0|0x0000000080000000, 0x0000000080100000, 0x0000000080100000|100%| O|  |TAMS 0x0000000080100000, 0x0000000080000000| Untracked 
|   1|0x0000000080100000, 0x0000000080200000, 0x0000000080200000|100%| O|  |TAMS 0x0000000080200000, 0x0000000080100000| Untracked 
|   2|0x0000000080200000, 0x0000000080300000, 0x0000000080300000|100%| O|  |TAMS 0x0000000080300000, 0x0000000080200000| Untracked 
|   3|0x0000000080300000, 0x0000000080400000, 0x0000000080400000|100%|HS|  |TAMS 0x0000000080400000, 0x0000000080300000| Complete 
|   4|0x0000000080400000, 0x0000000080500000, 0x0000000080500000|100%|HC|  |TAMS 0x0000000080500000, 0x0000000080400000| Complete 
|   5|0x0000000080500000, 0x0000000080600000, 0x0000000080600000|100%|HC|  |TAMS 0x0000000080600000, 0x0000000080500000| Complete 
|   6|0x0000000080600000, 0x0000000080700000, 0x0000000080700000|100%| O|  |TAMS 0x0000000080700000, 0x0000000080600000| Untracked 
|   7|0x0000000080700000, 0x0000000080800000, 0x0000000080800000|100%| O|  |TAMS 0x0000000080800000, 0x0000000080700000| Untracked 
|   8|0x0000000080800000, 0x0000000080900000, 0x0000000080900000|100%| O|  |TAMS 0x0000000080900000, 0x0000000080800000| Untracked 
|   9|0x0000000080900000, 0x0000000080a00000, 0x0000000080a00000|100%| O|  |TAMS 0x0000000080a00000, 0x0000000080900000| Untracked 
|  10|0x0000000080a00000, 0x0000000080b00000, 0x0000000080b00000|100%| O|  |TAMS 0x0000000080b00000, 0x0000000080a00000| Untracked 
|  11|0x0000000080b00000, 0x0000000080c00000, 0x0000000080c00000|100%| O|  |TAMS 0x0000000080c00000, 0x0000000080b00000| Untracked 
|  12|0x0000000080c00000, 0x0000000080d00000, 0x0000000080d00000|100%| O|  |TAMS 0x0000000080d00000, 0x0000000080c00000| Untracked 
|  13|0x0000000080d00000, 0x0000000080e00000, 0x0000000080e00000|100%| O|  |TAMS 0x0000000080e00000, 0x0000000080d00000| Untracked 
|  14|0x0000000080e00000, 0x0000000080f00000, 0x0000000080f00000|100%| O|  |TAMS 0x0000000080f00000, 0x0000000080e00000| Untracked 
|  15|0x0000000080f00000, 0x0000000081000000, 0x0000000081000000|100%| O|  |TAMS 0x0000000081000000, 0x0000000080f00000| Untracked 
|  16|0x0000000081000000, 0x0000000081100000, 0x0000000081100000|100%|HS|  |TAMS 0x0000000081100000, 0x0000000081000000| Complete 
|  17|0x0000000081100000, 0x0000000081200000, 0x0000000081200000|100%| O|  |TAMS 0x0000000081200000, 0x0000000081100000| Untracked 
|  18|0x0000000081200000, 0x0000000081300000, 0x0000000081300000|100%| O|  |TAMS 0x0000000081300000, 0x0000000081200000| Untracked 
|  19|0x0000000081300000, 0x0000000081400000, 0x0000000081400000|100%| O|  |TAMS 0x0000000081400000, 0x0000000081300000| Untracked 
|  20|0x0000000081400000, 0x0000000081500000, 0x0000000081500000|100%| O|  |TAMS 0x0000000081500000, 0x0000000081400000| Untracked 
|  21|0x0000000081500000, 0x0000000081600000, 0x0000000081600000|100%| O|  |TAMS 0x0000000081600000, 0x0000000081500000| Untracked 
|  22|0x0000000081600000, 0x0000000081700000, 0x0000000081700000|100%| O|  |TAMS 0x0000000081700000, 0x0000000081600000| Untracked 
|  23|0x0000000081700000, 0x0000000081800000, 0x0000000081800000|100%|HS|  |TAMS 0x0000000081800000, 0x0000000081700000| Complete 
|  24|0x0000000081800000, 0x0000000081900000, 0x0000000081900000|100%|HS|  |TAMS 0x0000000081900000, 0x0000000081800000| Complete 
|  25|0x0000000081900000, 0x0000000081a00000, 0x0000000081a00000|100%|HC|  |TAMS 0x0000000081a00000, 0x0000000081900000| Complete 
|  26|0x0000000081a00000, 0x0000000081b00000, 0x0000000081b00000|100%| O|  |TAMS 0x0000000081b00000, 0x0000000081a00000| Untracked 
|  27|0x0000000081b00000, 0x0000000081c00000, 0x0000000081c00000|100%| O|  |TAMS 0x0000000081c00000, 0x0000000081b00000| Untracked 
|  28|0x0000000081c00000, 0x0000000081d00000, 0x0000000081d00000|100%| O|  |TAMS 0x0000000081d00000, 0x0000000081c00000| Untracked 
|  29|0x0000000081d00000, 0x0000000081e00000, 0x0000000081e00000|100%| O|  |TAMS 0x0000000081e00000, 0x0000000081d00000| Untracked 
|  30|0x0000000081e00000, 0x0000000081f00000, 0x0000000081f00000|100%| O|  |TAMS 0x0000000081f00000, 0x0000000081e00000| Untracked 
|  31|0x0000000081f00000, 0x0000000082000000, 0x0000000082000000|100%| O|  |TAMS 0x0000000082000000, 0x0000000081f00000| Untracked 
|  32|0x0000000082000000, 0x0000000082100000, 0x0000000082100000|100%| O|  |TAMS 0x0000000082100000, 0x0000000082000000| Untracked 
|  33|0x0000000082100000, 0x0000000082200000, 0x0000000082200000|100%| O|  |TAMS 0x0000000082200000, 0x0000000082100000| Untracked 
|  34|0x0000000082200000, 0x0000000082300000, 0x0000000082300000|100%| O|  |TAMS 0x0000000082300000, 0x0000000082200000| Untracked 
|  35|0x0000000082300000, 0x0000000082400000, 0x0000000082400000|100%| O|  |TAMS 0x0000000082400000, 0x0000000082300000| Untracked 
|  36|0x0000000082400000, 0x0000000082500000, 0x0000000082500000|100%| O|  |TAMS 0x0000000082500000, 0x0000000082400000| Untracked 
|  37|0x0000000082500000, 0x0000000082600000, 0x0000000082600000|100%| O|  |TAMS 0x0000000082600000, 0x0000000082500000| Untracked 
|  38|0x0000000082600000, 0x0000000082700000, 0x0000000082700000|100%| O|  |TAMS 0x0000000082700000, 0x0000000082600000| Untracked 
|  39|0x0000000082700000, 0x0000000082800000, 0x0000000082800000|100%| O|  |TAMS 0x0000000082800000, 0x0000000082700000| Untracked 
|  40|0x0000000082800000, 0x0000000082900000, 0x0000000082900000|100%| O|  |TAMS 0x0000000082900000, 0x0000000082800000| Untracked 
|  41|0x0000000082900000, 0x0000000082a00000, 0x0000000082a00000|100%| O|  |TAMS 0x0000000082a00000, 0x0000000082900000| Untracked 
|  42|0x0000000082a00000, 0x0000000082b00000, 0x0000000082b00000|100%| O|  |TAMS 0x0000000082b00000, 0x0000000082a00000| Untracked 
|  43|0x0000000082b00000, 0x0000000082c00000, 0x0000000082c00000|100%| O|  |TAMS 0x0000000082c00000, 0x0000000082b00000| Untracked 
|  44|0x0000000082c00000, 0x0000000082d00000, 0x0000000082d00000|100%| O|  |TAMS 0x0000000082d00000, 0x0000000082c00000| Untracked 
|  45|0x0000000082d00000, 0x0000000082e00000, 0x0000000082e00000|100%| O|  |TAMS 0x0000000082e00000, 0x0000000082d00000| Untracked 
|  46|0x0000000082e00000, 0x0000000082f00000, 0x0000000082f00000|100%| O|  |TAMS 0x0000000082f00000, 0x0000000082e00000| Untracked 
|  47|0x0000000082f00000, 0x0000000083000000, 0x0000000083000000|100%| O|  |TAMS 0x0000000083000000, 0x0000000082f00000| Untracked 
|  48|0x0000000083000000, 0x0000000083100000, 0x0000000083100000|100%| O|  |TAMS 0x0000000083100000, 0x0000000083000000| Untracked 
|  49|0x0000000083100000, 0x0000000083200000, 0x0000000083200000|100%| O|  |TAMS 0x0000000083200000, 0x0000000083100000| Untracked 
|  50|0x0000000083200000, 0x0000000083300000, 0x0000000083300000|100%| O|  |TAMS 0x0000000083300000, 0x0000000083200000| Untracked 
|  51|0x0000000083300000, 0x0000000083400000, 0x0000000083400000|100%| O|  |TAMS 0x0000000083400000, 0x0000000083300000| Untracked 
|  52|0x0000000083400000, 0x0000000083500000, 0x0000000083500000|100%| O|  |TAMS 0x0000000083500000, 0x0000000083400000| Untracked 
|  53|0x0000000083500000, 0x0000000083600000, 0x0000000083600000|100%| O|  |TAMS 0x0000000083600000, 0x0000000083500000| Untracked 
|  54|0x0000000083600000, 0x0000000083700000, 0x0000000083700000|100%| O|  |TAMS 0x0000000083700000, 0x0000000083600000| Untracked 
|  55|0x0000000083700000, 0x0000000083800000, 0x0000000083800000|100%| O|  |TAMS 0x0000000083800000, 0x0000000083700000| Untracked 
|  56|0x0000000083800000, 0x0000000083900000, 0x0000000083900000|100%| O|  |TAMS 0x0000000083900000, 0x0000000083800000| Untracked 
|  57|0x0000000083900000, 0x0000000083a00000, 0x0000000083a00000|100%| O|  |TAMS 0x0000000083a00000, 0x0000000083900000| Untracked 
|  58|0x0000000083a00000, 0x0000000083b00000, 0x0000000083b00000|100%| O|  |TAMS 0x0000000083b00000, 0x0000000083a00000| Untracked 
|  59|0x0000000083b00000, 0x0000000083c00000, 0x0000000083c00000|100%| O|  |TAMS 0x0000000083c00000, 0x0000000083b00000| Untracked 
|  60|0x0000000083c00000, 0x0000000083d00000, 0x0000000083d00000|100%| O|  |TAMS 0x0000000083d00000, 0x0000000083c00000| Untracked 
|  61|0x0000000083d00000, 0x0000000083e00000, 0x0000000083e00000|100%| O|  |TAMS 0x0000000083e00000, 0x0000000083d00000| Untracked 
|  62|0x0000000083e00000, 0x0000000083f00000, 0x0000000083f00000|100%| O|  |TAMS 0x0000000083f00000, 0x0000000083e00000| Untracked 
|  63|0x0000000083f00000, 0x0000000084000000, 0x0000000084000000|100%| O|  |TAMS 0x0000000084000000, 0x0000000083f00000| Untracked 
|  64|0x0000000084000000, 0x0000000084100000, 0x0000000084100000|100%| O|  |TAMS 0x0000000084100000, 0x0000000084000000| Untracked 
|  65|0x0000000084100000, 0x0000000084200000, 0x0000000084200000|100%| O|  |TAMS 0x0000000084200000, 0x0000000084100000| Untracked 
|  66|0x0000000084200000, 0x0000000084300000, 0x0000000084300000|100%| O|  |TAMS 0x0000000084300000, 0x0000000084200000| Untracked 
|  67|0x0000000084300000, 0x0000000084400000, 0x0000000084400000|100%| O|  |TAMS 0x0000000084400000, 0x0000000084300000| Untracked 
|  68|0x0000000084400000, 0x0000000084500000, 0x0000000084500000|100%| O|  |TAMS 0x0000000084500000, 0x0000000084400000| Untracked 
|  69|0x0000000084500000, 0x0000000084600000, 0x0000000084600000|100%| O|  |TAMS 0x0000000084600000, 0x0000000084500000| Untracked 
|  70|0x0000000084600000, 0x0000000084700000, 0x0000000084700000|100%| O|  |TAMS 0x0000000084700000, 0x0000000084600000| Untracked 
|  71|0x0000000084700000, 0x0000000084800000, 0x0000000084800000|100%|HS|  |TAMS 0x0000000084800000, 0x0000000084700000| Complete 
|  72|0x0000000084800000, 0x0000000084900000, 0x0000000084900000|100%|HC|  |TAMS 0x0000000084900000, 0x0000000084800000| Complete 
|  73|0x0000000084900000, 0x0000000084a00000, 0x0000000084a00000|100%|HS|  |TAMS 0x0000000084a00000, 0x0000000084900000| Complete 
|  74|0x0000000084a00000, 0x0000000084b00000, 0x0000000084b00000|100%|HS|  |TAMS 0x0000000084b00000, 0x0000000084a00000| Complete 
|  75|0x0000000084b00000, 0x0000000084c00000, 0x0000000084c00000|100%|HS|  |TAMS 0x0000000084c00000, 0x0000000084b00000| Complete 
|  76|0x0000000084c00000, 0x0000000084d00000, 0x0000000084d00000|100%|HS|  |TAMS 0x0000000084d00000, 0x0000000084c00000| Complete 
|  77|0x0000000084d00000, 0x0000000084e00000, 0x0000000084e00000|100%|HC|  |TAMS 0x0000000084e00000, 0x0000000084d00000| Complete 
|  78|0x0000000084e00000, 0x0000000084f00000, 0x0000000084f00000|100%|HS|  |TAMS 0x0000000084f00000, 0x0000000084e00000| Complete 
|  79|0x0000000084f00000, 0x0000000085000000, 0x0000000085000000|100%| O|  |TAMS 0x0000000085000000, 0x0000000084f00000| Untracked 
|  80|0x0000000085000000, 0x0000000085100000, 0x0000000085100000|100%| O|  |TAMS 0x0000000085100000, 0x0000000085000000| Untracked 
|  81|0x0000000085100000, 0x0000000085200000, 0x0000000085200000|100%| O|  |TAMS 0x0000000085200000, 0x0000000085100000| Untracked 
|  82|0x0000000085200000, 0x0000000085300000, 0x0000000085300000|100%| O|  |TAMS 0x0000000085300000, 0x0000000085200000| Untracked 
|  83|0x0000000085300000, 0x0000000085400000, 0x0000000085400000|100%| O|  |TAMS 0x0000000085400000, 0x0000000085300000| Untracked 
|  84|0x0000000085400000, 0x0000000085500000, 0x0000000085500000|100%|HS|  |TAMS 0x0000000085500000, 0x0000000085400000| Complete 
|  85|0x0000000085500000, 0x0000000085600000, 0x0000000085600000|100%|HC|  |TAMS 0x0000000085600000, 0x0000000085500000| Complete 
|  86|0x0000000085600000, 0x0000000085700000, 0x0000000085700000|100%|HC|  |TAMS 0x0000000085700000, 0x0000000085600000| Complete 
|  87|0x0000000085700000, 0x0000000085800000, 0x0000000085800000|100%|HC|  |TAMS 0x0000000085800000, 0x0000000085700000| Complete 
|  88|0x0000000085800000, 0x0000000085900000, 0x0000000085900000|100%|HS|  |TAMS 0x0000000085900000, 0x0000000085800000| Complete 
|  89|0x0000000085900000, 0x0000000085a00000, 0x0000000085a00000|100%|HS|  |TAMS 0x0000000085a00000, 0x0000000085900000| Complete 
|  90|0x0000000085a00000, 0x0000000085b00000, 0x0000000085b00000|100%|HS|  |TAMS 0x0000000085b00000, 0x0000000085a00000| Complete 
|  91|0x0000000085b00000, 0x0000000085c00000, 0x0000000085c00000|100%|HS|  |TAMS 0x0000000085c00000, 0x0000000085b00000| Complete 
|  92|0x0000000085c00000, 0x0000000085d00000, 0x0000000085d00000|100%|HC|  |TAMS 0x0000000085d00000, 0x0000000085c00000| Complete 
|  93|0x0000000085d00000, 0x0000000085e00000, 0x0000000085e00000|100%|HS|  |TAMS 0x0000000085e00000, 0x0000000085d00000| Complete 
|  94|0x0000000085e00000, 0x0000000085f00000, 0x0000000085f00000|100%|HC|  |TAMS 0x0000000085f00000, 0x0000000085e00000| Complete 
|  95|0x0000000085f00000, 0x0000000086000000, 0x0000000086000000|100%|HC|  |TAMS 0x0000000086000000, 0x0000000085f00000| Complete 
|  96|0x0000000086000000, 0x0000000086100000, 0x0000000086100000|100%|HS|  |TAMS 0x0000000086100000, 0x0000000086000000| Complete 
|  97|0x0000000086100000, 0x0000000086200000, 0x0000000086200000|100%|HS|  |TAMS 0x0000000086200000, 0x0000000086100000| Complete 
|  98|0x0000000086200000, 0x0000000086300000, 0x0000000086300000|100%| O|  |TAMS 0x0000000086300000, 0x0000000086200000| Untracked 
|  99|0x0000000086300000, 0x0000000086400000, 0x0000000086400000|100%| O|  |TAMS 0x0000000086400000, 0x0000000086300000| Untracked 
| 100|0x0000000086400000, 0x0000000086500000, 0x0000000086500000|100%| O|  |TAMS 0x0000000086500000, 0x0000000086400000| Untracked 
| 101|0x0000000086500000, 0x0000000086600000, 0x0000000086600000|100%| O|  |TAMS 0x0000000086600000, 0x0000000086500000| Untracked 
| 102|0x0000000086600000, 0x0000000086700000, 0x0000000086700000|100%|HS|  |TAMS 0x0000000086700000, 0x0000000086600000| Complete 
| 103|0x0000000086700000, 0x0000000086800000, 0x0000000086800000|100%|HC|  |TAMS 0x0000000086800000, 0x0000000086700000| Complete 
| 104|0x0000000086800000, 0x0000000086900000, 0x0000000086900000|100%|HC|  |TAMS 0x0000000086900000, 0x0000000086800000| Complete 
| 105|0x0000000086900000, 0x0000000086a00000, 0x0000000086a00000|100%|HS|  |TAMS 0x0000000086a00000, 0x0000000086900000| Complete 
| 106|0x0000000086a00000, 0x0000000086b00000, 0x0000000086b00000|100%|HS|  |TAMS 0x0000000086a00000, 0x0000000086a00000| Complete 
| 107|0x0000000086b00000, 0x0000000086c00000, 0x0000000086c00000|100%|HS|  |TAMS 0x0000000086c00000, 0x0000000086b00000| Complete 
| 108|0x0000000086c00000, 0x0000000086d00000, 0x0000000086d00000|100%|HC|  |TAMS 0x0000000086d00000, 0x0000000086c00000| Complete 
| 109|0x0000000086d00000, 0x0000000086e00000, 0x0000000086e00000|100%|HS|  |TAMS 0x0000000086e00000, 0x0000000086d00000| Complete 
| 110|0x0000000086e00000, 0x0000000086f00000, 0x0000000086f00000|100%|HS|  |TAMS 0x0000000086f00000, 0x0000000086e00000| Complete 
| 111|0x0000000086f00000, 0x0000000087000000, 0x0000000087000000|100%|HS|  |TAMS 0x0000000086f00000, 0x0000000086f00000| Complete 
| 112|0x0000000087000000, 0x0000000087100000, 0x0000000087100000|100%|HS|  |TAMS 0x0000000087100000, 0x0000000087000000| Complete 
| 113|0x0000000087100000, 0x0000000087200000, 0x0000000087200000|100%|HS|  |TAMS 0x0000000087200000, 0x0000000087100000| Complete 
| 114|0x0000000087200000, 0x0000000087300000, 0x0000000087300000|100%|HS|  |TAMS 0x0000000087300000, 0x0000000087200000| Complete 
| 115|0x0000000087300000, 0x0000000087400000, 0x0000000087400000|100%|HS|  |TAMS 0x0000000087300000, 0x0000000087300000| Complete 
| 116|0x0000000087400000, 0x0000000087500000, 0x0000000087500000|100%|HS|  |TAMS 0x0000000087500000, 0x0000000087400000| Complete 
| 117|0x0000000087500000, 0x0000000087600000, 0x0000000087600000|100%|HS|  |TAMS 0x0000000087600000, 0x0000000087500000| Complete 
| 118|0x0000000087600000, 0x0000000087700000, 0x0000000087700000|100%|HC|  |TAMS 0x0000000087700000, 0x0000000087600000| Complete 
| 119|0x0000000087700000, 0x0000000087800000, 0x0000000087800000|100%|HS|  |TAMS 0x0000000087700000, 0x0000000087700000| Complete 
| 120|0x0000000087800000, 0x0000000087900000, 0x0000000087900000|100%| O|  |TAMS 0x0000000087900000, 0x0000000087800000| Untracked 
| 121|0x0000000087900000, 0x0000000087a00000, 0x0000000087a00000|100%| O|  |TAMS 0x0000000087a00000, 0x0000000087900000| Untracked 
| 122|0x0000000087a00000, 0x0000000087b00000, 0x0000000087b00000|100%| O|  |TAMS 0x0000000087b00000, 0x0000000087a00000| Untracked 
| 123|0x0000000087b00000, 0x0000000087c00000, 0x0000000087c00000|100%| O|  |TAMS 0x0000000087c00000, 0x0000000087b00000| Untracked 
| 124|0x0000000087c00000, 0x0000000087d00000, 0x0000000087d00000|100%| O|  |TAMS 0x0000000087d00000, 0x0000000087c00000| Untracked 
| 125|0x0000000087d00000, 0x0000000087e00000, 0x0000000087e00000|100%| O|  |TAMS 0x0000000087e00000, 0x0000000087d00000| Untracked 
| 126|0x0000000087e00000, 0x0000000087f00000, 0x0000000087f00000|100%| O|  |TAMS 0x0000000087f00000, 0x0000000087e00000| Untracked 
| 127|0x0000000087f00000, 0x0000000088000000, 0x0000000088000000|100%| O|  |TAMS 0x0000000088000000, 0x0000000087f00000| Untracked 
| 128|0x0000000088000000, 0x0000000088100000, 0x0000000088100000|100%| O|  |TAMS 0x0000000088100000, 0x0000000088000000| Untracked 
| 129|0x0000000088100000, 0x0000000088200000, 0x0000000088200000|100%| O|  |TAMS 0x0000000088200000, 0x0000000088100000| Untracked 
| 130|0x0000000088200000, 0x0000000088300000, 0x0000000088300000|100%| O|  |TAMS 0x0000000088300000, 0x0000000088200000| Untracked 
| 131|0x0000000088300000, 0x0000000088400000, 0x0000000088400000|100%| O|  |TAMS 0x0000000088400000, 0x0000000088300000| Untracked 
| 132|0x0000000088400000, 0x0000000088500000, 0x0000000088500000|100%| O|  |TAMS 0x0000000088500000, 0x0000000088400000| Untracked 
| 133|0x0000000088500000, 0x0000000088600000, 0x0000000088600000|100%| O|  |TAMS 0x0000000088600000, 0x0000000088500000| Untracked 
| 134|0x0000000088600000, 0x0000000088600000, 0x0000000088700000|  0%| F|  |TAMS 0x0000000088600000, 0x0000000088600000| Untracked 
| 135|0x0000000088700000, 0x0000000088700000, 0x0000000088800000|  0%| F|  |TAMS 0x0000000088700000, 0x0000000088700000| Untracked 
| 136|0x0000000088800000, 0x0000000088800000, 0x0000000088900000|  0%| F|  |TAMS 0x0000000088800000, 0x0000000088800000| Untracked 
| 137|0x0000000088900000, 0x0000000088900000, 0x0000000088a00000|  0%| F|  |TAMS 0x0000000088900000, 0x0000000088900000| Untracked 
| 138|0x0000000088a00000, 0x0000000088b00000, 0x0000000088b00000|100%|HS|  |TAMS 0x0000000088b00000, 0x0000000088a00000| Complete 
| 139|0x0000000088b00000, 0x0000000088c00000, 0x0000000088c00000|100%|HC|  |TAMS 0x0000000088c00000, 0x0000000088b00000| Complete 
| 140|0x0000000088c00000, 0x0000000088d00000, 0x0000000088d00000|100%|HC|  |TAMS 0x0000000088d00000, 0x0000000088c00000| Complete 
| 141|0x0000000088d00000, 0x0000000088e00000, 0x0000000088e00000|100%|HC|  |TAMS 0x0000000088e00000, 0x0000000088d00000| Complete 
| 142|0x0000000088e00000, 0x0000000088e00000, 0x0000000088f00000|  0%| F|  |TAMS 0x0000000088e00000, 0x0000000088e00000| Untracked 
| 143|0x0000000088f00000, 0x0000000088f00000, 0x0000000089000000|  0%| F|  |TAMS 0x0000000088f00000, 0x0000000088f00000| Untracked 
| 144|0x0000000089000000, 0x0000000089100000, 0x0000000089100000|100%|HS|  |TAMS 0x0000000089100000, 0x0000000089000000| Complete 
| 145|0x0000000089100000, 0x0000000089200000, 0x0000000089200000|100%|HC|  |TAMS 0x0000000089200000, 0x0000000089100000| Complete 
| 146|0x0000000089200000, 0x0000000089200000, 0x0000000089300000|  0%| F|  |TAMS 0x0000000089200000, 0x0000000089200000| Untracked 
| 147|0x0000000089300000, 0x0000000089300000, 0x0000000089400000|  0%| F|  |TAMS 0x0000000089300000, 0x0000000089300000| Untracked 
| 148|0x0000000089400000, 0x0000000089400000, 0x0000000089500000|  0%| F|  |TAMS 0x0000000089400000, 0x0000000089400000| Untracked 
| 149|0x0000000089500000, 0x0000000089600000, 0x0000000089600000|100%|HS|  |TAMS 0x0000000089600000, 0x0000000089500000| Complete 
| 150|0x0000000089600000, 0x0000000089700000, 0x0000000089700000|100%|HC|  |TAMS 0x0000000089700000, 0x0000000089600000| Complete 
| 151|0x0000000089700000, 0x0000000089800000, 0x0000000089800000|100%|HC|  |TAMS 0x0000000089800000, 0x0000000089700000| Complete 
| 152|0x0000000089800000, 0x0000000089800000, 0x0000000089900000|  0%| F|  |TAMS 0x0000000089800000, 0x0000000089800000| Untracked 
| 153|0x0000000089900000, 0x0000000089a00000, 0x0000000089a00000|100%|HS|  |TAMS 0x0000000089a00000, 0x0000000089900000| Complete 
| 154|0x0000000089a00000, 0x0000000089a00000, 0x0000000089b00000|  0%| F|  |TAMS 0x0000000089a00000, 0x0000000089a00000| Untracked 
| 155|0x0000000089b00000, 0x0000000089c00000, 0x0000000089c00000|100%|HS|  |TAMS 0x0000000089c00000, 0x0000000089b00000| Complete 
| 156|0x0000000089c00000, 0x0000000089c00000, 0x0000000089d00000|  0%| F|  |TAMS 0x0000000089c00000, 0x0000000089c00000| Untracked 
| 157|0x0000000089d00000, 0x0000000089d00000, 0x0000000089e00000|  0%| F|  |TAMS 0x0000000089d00000, 0x0000000089d00000| Untracked 
| 158|0x0000000089e00000, 0x0000000089e00000, 0x0000000089f00000|  0%| F|  |TAMS 0x0000000089e00000, 0x0000000089e00000| Untracked 
| 159|0x0000000089f00000, 0x000000008a000000, 0x000000008a000000|100%|HS|  |TAMS 0x000000008a000000, 0x0000000089f00000| Complete 
| 160|0x000000008a000000, 0x000000008a100000, 0x000000008a100000|100%|HC|  |TAMS 0x000000008a100000, 0x000000008a000000| Complete 
| 161|0x000000008a100000, 0x000000008a200000, 0x000000008a200000|100%|HC|  |TAMS 0x000000008a200000, 0x000000008a100000| Complete 
| 162|0x000000008a200000, 0x000000008a300000, 0x000000008a300000|100%| O|  |TAMS 0x000000008a300000, 0x000000008a200000| Untracked 
| 163|0x000000008a300000, 0x000000008a400000, 0x000000008a400000|100%| O|  |TAMS 0x000000008a400000, 0x000000008a300000| Untracked 
| 164|0x000000008a400000, 0x000000008a500000, 0x000000008a500000|100%| O|  |TAMS 0x000000008a500000, 0x000000008a400000| Untracked 
| 165|0x000000008a500000, 0x000000008a600000, 0x000000008a600000|100%| O|  |TAMS 0x000000008a600000, 0x000000008a500000| Untracked 
| 166|0x000000008a600000, 0x000000008a700000, 0x000000008a700000|100%| O|  |TAMS 0x000000008a700000, 0x000000008a600000| Untracked 
| 167|0x000000008a700000, 0x000000008a800000, 0x000000008a800000|100%| O|  |TAMS 0x000000008a800000, 0x000000008a700000| Untracked 
| 168|0x000000008a800000, 0x000000008a900000, 0x000000008a900000|100%| O|  |TAMS 0x000000008a900000, 0x000000008a800000| Untracked 
| 169|0x000000008a900000, 0x000000008aa00000, 0x000000008aa00000|100%| O|  |TAMS 0x000000008aa00000, 0x000000008a900000| Untracked 
| 170|0x000000008aa00000, 0x000000008ab00000, 0x000000008ab00000|100%| O|  |TAMS 0x000000008ab00000, 0x000000008aa00000| Untracked 
| 171|0x000000008ab00000, 0x000000008ac00000, 0x000000008ac00000|100%| O|  |TAMS 0x000000008ac00000, 0x000000008ab00000| Untracked 
| 172|0x000000008ac00000, 0x000000008ad00000, 0x000000008ad00000|100%| O|  |TAMS 0x000000008ad00000, 0x000000008ac00000| Untracked 
| 173|0x000000008ad00000, 0x000000008ae00000, 0x000000008ae00000|100%| O|  |TAMS 0x000000008ae00000, 0x000000008ad00000| Untracked 
| 174|0x000000008ae00000, 0x000000008af00000, 0x000000008af00000|100%| O|  |TAMS 0x000000008af00000, 0x000000008ae00000| Untracked 
| 175|0x000000008af00000, 0x000000008b000000, 0x000000008b000000|100%| O|  |TAMS 0x000000008b000000, 0x000000008af00000| Untracked 
| 176|0x000000008b000000, 0x000000008b100000, 0x000000008b100000|100%| O|  |TAMS 0x000000008b100000, 0x000000008b000000| Untracked 
| 177|0x000000008b100000, 0x000000008b200000, 0x000000008b200000|100%| O|  |TAMS 0x000000008b200000, 0x000000008b100000| Untracked 
| 178|0x000000008b200000, 0x000000008b24d600, 0x000000008b300000| 30%| O|  |TAMS 0x000000008b24d600, 0x000000008b200000| Untracked 
| 179|0x000000008b300000, 0x000000008b300000, 0x000000008b400000|  0%| F|  |TAMS 0x000000008b300000, 0x000000008b300000| Untracked 
| 180|0x000000008b400000, 0x000000008b400000, 0x000000008b500000|  0%| F|  |TAMS 0x000000008b400000, 0x000000008b400000| Untracked 
| 181|0x000000008b500000, 0x000000008b500000, 0x000000008b600000|  0%| F|  |TAMS 0x000000008b500000, 0x000000008b500000| Untracked 
| 182|0x000000008b600000, 0x000000008b600000, 0x000000008b700000|  0%| F|  |TAMS 0x000000008b600000, 0x000000008b600000| Untracked 
| 183|0x000000008b700000, 0x000000008b700000, 0x000000008b800000|  0%| F|  |TAMS 0x000000008b700000, 0x000000008b700000| Untracked 
| 184|0x000000008b800000, 0x000000008b800000, 0x000000008b900000|  0%| F|  |TAMS 0x000000008b800000, 0x000000008b800000| Untracked 
| 185|0x000000008b900000, 0x000000008b900000, 0x000000008ba00000|  0%| F|  |TAMS 0x000000008b900000, 0x000000008b900000| Untracked 
| 186|0x000000008ba00000, 0x000000008ba00000, 0x000000008bb00000|  0%| F|  |TAMS 0x000000008ba00000, 0x000000008ba00000| Untracked 
| 187|0x000000008bb00000, 0x000000008bb00000, 0x000000008bc00000|  0%| F|  |TAMS 0x000000008bb00000, 0x000000008bb00000| Untracked 
| 188|0x000000008bc00000, 0x000000008bc00000, 0x000000008bd00000|  0%| F|  |TAMS 0x000000008bc00000, 0x000000008bc00000| Untracked 
| 189|0x000000008bd00000, 0x000000008bd00000, 0x000000008be00000|  0%| F|  |TAMS 0x000000008bd00000, 0x000000008bd00000| Untracked 
| 190|0x000000008be00000, 0x000000008be00000, 0x000000008bf00000|  0%| F|  |TAMS 0x000000008be00000, 0x000000008be00000| Untracked 
| 191|0x000000008bf00000, 0x000000008bf00000, 0x000000008c000000|  0%| F|  |TAMS 0x000000008bf00000, 0x000000008bf00000| Untracked 
| 192|0x000000008c000000, 0x000000008c000000, 0x000000008c100000|  0%| F|  |TAMS 0x000000008c000000, 0x000000008c000000| Untracked 
| 193|0x000000008c100000, 0x000000008c100000, 0x000000008c200000|  0%| F|  |TAMS 0x000000008c100000, 0x000000008c100000| Untracked 
| 194|0x000000008c200000, 0x000000008c200000, 0x000000008c300000|  0%| F|  |TAMS 0x000000008c200000, 0x000000008c200000| Untracked 
| 195|0x000000008c300000, 0x000000008c300000, 0x000000008c400000|  0%| F|  |TAMS 0x000000008c300000, 0x000000008c300000| Untracked 
| 196|0x000000008c400000, 0x000000008c400000, 0x000000008c500000|  0%| F|  |TAMS 0x000000008c400000, 0x000000008c400000| Untracked 
| 197|0x000000008c500000, 0x000000008c500000, 0x000000008c600000|  0%| F|  |TAMS 0x000000008c500000, 0x000000008c500000| Untracked 
| 198|0x000000008c600000, 0x000000008c600000, 0x000000008c700000|  0%| F|  |TAMS 0x000000008c600000, 0x000000008c600000| Untracked 
| 199|0x000000008c700000, 0x000000008c700000, 0x000000008c800000|  0%| F|  |TAMS 0x000000008c700000, 0x000000008c700000| Untracked 
| 200|0x000000008c800000, 0x000000008c800000, 0x000000008c900000|  0%| F|  |TAMS 0x000000008c800000, 0x000000008c800000| Untracked 
| 201|0x000000008c900000, 0x000000008c900000, 0x000000008ca00000|  0%| F|  |TAMS 0x000000008c900000, 0x000000008c900000| Untracked 
| 202|0x000000008ca00000, 0x000000008ca00000, 0x000000008cb00000|  0%| F|  |TAMS 0x000000008ca00000, 0x000000008ca00000| Untracked 
| 203|0x000000008cb00000, 0x000000008cb00000, 0x000000008cc00000|  0%| F|  |TAMS 0x000000008cb00000, 0x000000008cb00000| Untracked 
| 204|0x000000008cc00000, 0x000000008cd00000, 0x000000008cd00000|100%| S|CS|TAMS 0x000000008cc00000, 0x000000008cc00000| Complete 
| 205|0x000000008cd00000, 0x000000008ce00000, 0x000000008ce00000|100%| S|CS|TAMS 0x000000008cd00000, 0x000000008cd00000| Complete 
| 206|0x000000008ce00000, 0x000000008cf00000, 0x000000008cf00000|100%| S|CS|TAMS 0x000000008ce00000, 0x000000008ce00000| Complete 
| 207|0x000000008cf00000, 0x000000008d000000, 0x000000008d000000|100%| S|CS|TAMS 0x000000008cf00000, 0x000000008cf00000| Complete 
| 208|0x000000008d000000, 0x000000008d100000, 0x000000008d100000|100%| S|CS|TAMS 0x000000008d000000, 0x000000008d000000| Complete 
| 209|0x000000008d100000, 0x000000008d200000, 0x000000008d200000|100%| S|CS|TAMS 0x000000008d100000, 0x000000008d100000| Complete 
| 210|0x000000008d200000, 0x000000008d300000, 0x000000008d300000|100%| S|CS|TAMS 0x000000008d200000, 0x000000008d200000| Complete 
| 211|0x000000008d300000, 0x000000008d400000, 0x000000008d400000|100%| S|CS|TAMS 0x000000008d300000, 0x000000008d300000| Complete 
| 212|0x000000008d400000, 0x000000008d500000, 0x000000008d500000|100%| S|CS|TAMS 0x000000008d400000, 0x000000008d400000| Complete 
| 213|0x000000008d500000, 0x000000008d600000, 0x000000008d600000|100%| S|CS|TAMS 0x000000008d500000, 0x000000008d500000| Complete 
| 214|0x000000008d600000, 0x000000008d600000, 0x000000008d700000|  0%| F|  |TAMS 0x000000008d600000, 0x000000008d600000| Untracked 
| 215|0x000000008d700000, 0x000000008d700000, 0x000000008d800000|  0%| F|  |TAMS 0x000000008d700000, 0x000000008d700000| Untracked 
| 216|0x000000008d800000, 0x000000008d800000, 0x000000008d900000|  0%| F|  |TAMS 0x000000008d800000, 0x000000008d800000| Untracked 
| 217|0x000000008d900000, 0x000000008d900000, 0x000000008da00000|  0%| F|  |TAMS 0x000000008d900000, 0x000000008d900000| Untracked 
| 218|0x000000008da00000, 0x000000008da00000, 0x000000008db00000|  0%| F|  |TAMS 0x000000008da00000, 0x000000008da00000| Untracked 
| 219|0x000000008db00000, 0x000000008db00000, 0x000000008dc00000|  0%| F|  |TAMS 0x000000008db00000, 0x000000008db00000| Untracked 
| 220|0x000000008dc00000, 0x000000008dc00000, 0x000000008dd00000|  0%| F|  |TAMS 0x000000008dc00000, 0x000000008dc00000| Untracked 
| 221|0x000000008dd00000, 0x000000008dd00000, 0x000000008de00000|  0%| F|  |TAMS 0x000000008dd00000, 0x000000008dd00000| Untracked 
| 222|0x000000008de00000, 0x000000008de00000, 0x000000008df00000|  0%| F|  |TAMS 0x000000008de00000, 0x000000008de00000| Untracked 
| 223|0x000000008df00000, 0x000000008df00000, 0x000000008e000000|  0%| F|  |TAMS 0x000000008df00000, 0x000000008df00000| Untracked 
| 224|0x000000008e000000, 0x000000008e000000, 0x000000008e100000|  0%| F|  |TAMS 0x000000008e000000, 0x000000008e000000| Untracked 
| 225|0x000000008e100000, 0x000000008e100000, 0x000000008e200000|  0%| F|  |TAMS 0x000000008e100000, 0x000000008e100000| Untracked 
| 226|0x000000008e200000, 0x000000008e200000, 0x000000008e300000|  0%| F|  |TAMS 0x000000008e200000, 0x000000008e200000| Untracked 
| 227|0x000000008e300000, 0x000000008e300000, 0x000000008e400000|  0%| F|  |TAMS 0x000000008e300000, 0x000000008e300000| Untracked 
| 228|0x000000008e400000, 0x000000008e400000, 0x000000008e500000|  0%| F|  |TAMS 0x000000008e400000, 0x000000008e400000| Untracked 
| 229|0x000000008e500000, 0x000000008e500000, 0x000000008e600000|  0%| F|  |TAMS 0x000000008e500000, 0x000000008e500000| Untracked 
| 230|0x000000008e600000, 0x000000008e600000, 0x000000008e700000|  0%| F|  |TAMS 0x000000008e600000, 0x000000008e600000| Untracked 
| 231|0x000000008e700000, 0x000000008e700000, 0x000000008e800000|  0%| F|  |TAMS 0x000000008e700000, 0x000000008e700000| Untracked 
| 232|0x000000008e800000, 0x000000008e800000, 0x000000008e900000|  0%| F|  |TAMS 0x000000008e800000, 0x000000008e800000| Untracked 
| 233|0x000000008e900000, 0x000000008e900000, 0x000000008ea00000|  0%| F|  |TAMS 0x000000008e900000, 0x000000008e900000| Untracked 
| 234|0x000000008ea00000, 0x000000008ea00000, 0x000000008eb00000|  0%| F|  |TAMS 0x000000008ea00000, 0x000000008ea00000| Untracked 
| 235|0x000000008eb00000, 0x000000008eb00000, 0x000000008ec00000|  0%| F|  |TAMS 0x000000008eb00000, 0x000000008eb00000| Untracked 
| 236|0x000000008ec00000, 0x000000008ec00000, 0x000000008ed00000|  0%| F|  |TAMS 0x000000008ec00000, 0x000000008ec00000| Untracked 
| 237|0x000000008ed00000, 0x000000008ed00000, 0x000000008ee00000|  0%| F|  |TAMS 0x000000008ed00000, 0x000000008ed00000| Untracked 
| 238|0x000000008ee00000, 0x000000008ee00000, 0x000000008ef00000|  0%| F|  |TAMS 0x000000008ee00000, 0x000000008ee00000| Untracked 
| 239|0x000000008ef00000, 0x000000008ef00000, 0x000000008f000000|  0%| F|  |TAMS 0x000000008ef00000, 0x000000008ef00000| Untracked 
| 240|0x000000008f000000, 0x000000008f0f1d88, 0x000000008f100000| 94%| E|  |TAMS 0x000000008f000000, 0x000000008f000000| Complete 
| 241|0x000000008f100000, 0x000000008f200000, 0x000000008f200000|100%| E|CS|TAMS 0x000000008f100000, 0x000000008f100000| Complete 
| 242|0x000000008f200000, 0x000000008f300000, 0x000000008f300000|100%| E|CS|TAMS 0x000000008f200000, 0x000000008f200000| Complete 
| 243|0x000000008f300000, 0x000000008f400000, 0x000000008f400000|100%| E|CS|TAMS 0x000000008f300000, 0x000000008f300000| Complete 
| 244|0x000000008f400000, 0x000000008f500000, 0x000000008f500000|100%| E|CS|TAMS 0x000000008f400000, 0x000000008f400000| Complete 
| 245|0x000000008f500000, 0x000000008f600000, 0x000000008f600000|100%| E|CS|TAMS 0x000000008f500000, 0x000000008f500000| Complete 
| 246|0x000000008f600000, 0x000000008f700000, 0x000000008f700000|100%| E|CS|TAMS 0x000000008f600000, 0x000000008f600000| Complete 
| 247|0x000000008f700000, 0x000000008f800000, 0x000000008f800000|100%| E|CS|TAMS 0x000000008f700000, 0x000000008f700000| Complete 
| 248|0x000000008f800000, 0x000000008f900000, 0x000000008f900000|100%| E|CS|TAMS 0x000000008f800000, 0x000000008f800000| Complete 
| 249|0x000000008f900000, 0x000000008fa00000, 0x000000008fa00000|100%| E|CS|TAMS 0x000000008f900000, 0x000000008f900000| Complete 
| 250|0x000000008fa00000, 0x000000008fb00000, 0x000000008fb00000|100%| E|CS|TAMS 0x000000008fa00000, 0x000000008fa00000| Complete 
| 251|0x000000008fb00000, 0x000000008fc00000, 0x000000008fc00000|100%| E|CS|TAMS 0x000000008fb00000, 0x000000008fb00000| Complete 
| 252|0x000000008fc00000, 0x000000008fd00000, 0x000000008fd00000|100%| E|  |TAMS 0x000000008fc00000, 0x000000008fc00000| Complete 
| 253|0x000000008fd00000, 0x000000008fe00000, 0x000000008fe00000|100%| E|CS|TAMS 0x000000008fd00000, 0x000000008fd00000| Complete 
| 254|0x000000008fe00000, 0x000000008ff00000, 0x000000008ff00000|100%| E|CS|TAMS 0x000000008fe00000, 0x000000008fe00000| Complete 
| 255|0x000000008ff00000, 0x0000000090000000, 0x0000000090000000|100%| E|CS|TAMS 0x000000008ff00000, 0x000000008ff00000| Complete 
| 256|0x0000000090000000, 0x0000000090100000, 0x0000000090100000|100%| E|CS|TAMS 0x0000000090000000, 0x0000000090000000| Complete 
| 257|0x0000000090100000, 0x0000000090200000, 0x0000000090200000|100%| E|CS|TAMS 0x0000000090100000, 0x0000000090100000| Complete 
| 258|0x0000000090200000, 0x0000000090300000, 0x0000000090300000|100%| E|CS|TAMS 0x0000000090200000, 0x0000000090200000| Complete 
| 259|0x0000000090300000, 0x0000000090400000, 0x0000000090400000|100%| E|CS|TAMS 0x0000000090300000, 0x0000000090300000| Complete 
| 260|0x0000000090400000, 0x0000000090500000, 0x0000000090500000|100%| E|CS|TAMS 0x0000000090400000, 0x0000000090400000| Complete 
| 261|0x0000000090500000, 0x0000000090600000, 0x0000000090600000|100%| E|CS|TAMS 0x0000000090500000, 0x0000000090500000| Complete 
| 262|0x0000000090600000, 0x0000000090700000, 0x0000000090700000|100%| E|CS|TAMS 0x0000000090600000, 0x0000000090600000| Complete 
| 263|0x0000000090700000, 0x0000000090800000, 0x0000000090800000|100%| E|CS|TAMS 0x0000000090700000, 0x0000000090700000| Complete 
| 264|0x0000000090800000, 0x0000000090900000, 0x0000000090900000|100%| E|CS|TAMS 0x0000000090800000, 0x0000000090800000| Complete 
| 265|0x0000000090900000, 0x0000000090a00000, 0x0000000090a00000|100%| E|CS|TAMS 0x0000000090900000, 0x0000000090900000| Complete 
| 266|0x0000000090a00000, 0x0000000090b00000, 0x0000000090b00000|100%| E|CS|TAMS 0x0000000090a00000, 0x0000000090a00000| Complete 

Card table byte_map: [0x000002be64ef0000,0x000002be652f0000] _byte_map_base: 0x000002be64af0000

Marking Bits (Prev, Next): (CMBitMap*) 0x000002be50091a90, (CMBitMap*) 0x000002be50091a58
 Prev Bits: [0x000002be676f0000, 0x000002be696f0000)
 Next Bits: [0x000002be656f0000, 0x000002be676f0000)

Polling page: 0x000002be50130000

Metaspace:

Usage:
  Non-class:     77.95 MB capacity,    76.57 MB ( 98%) used,     1.13 MB (  1%) free+waste,   250.75 KB ( <1%) overhead. 
      Class:     12.19 MB capacity,    11.37 MB ( 93%) used,   720.90 KB (  6%) free+waste,   112.75 KB ( <1%) overhead. 
       Both:     90.13 MB capacity,    87.94 MB ( 98%) used,     1.83 MB (  2%) free+waste,   363.50 KB ( <1%) overhead. 

Virtual space:
  Non-class space:       80.00 MB reserved,      78.25 MB ( 98%) committed 
      Class space:        1.00 GB reserved,      12.32 MB (  1%) committed 
             Both:        1.08 GB reserved,      90.57 MB (  8%) committed 

Chunk freelists:
   Non-Class:  120.00 KB
       Class:  95.00 KB
        Both:  215.00 KB

MaxMetaspaceSize: 17179869184.00 GB
CompressedClassSpaceSize: 1.00 GB

CodeHeap 'non-profiled nmethods': size=120064Kb used=5674Kb max_used=5674Kb free=114389Kb
 bounds [0x000002be5cd50000, 0x000002be5d2e0000, 0x000002be64290000]
CodeHeap 'profiled nmethods': size=120000Kb used=21577Kb max_used=21577Kb free=98423Kb
 bounds [0x000002be55820000, 0x000002be56d40000, 0x000002be5cd50000]
CodeHeap 'non-nmethods': size=5696Kb used=2301Kb max_used=2337Kb free=3394Kb
 bounds [0x000002be55290000, 0x000002be55500000, 0x000002be55820000]
 total_blobs=11880 nmethods=10975 adapters=816
 compilation: enabled
              stopped_count=0, restarted_count=0
 full_count=0

Compilation events (20 events):
Event: 7.933 Thread 0x000002be6bfca800 11049   !   3       java.util.concurrent.ConcurrentHashMap::putVal (432 bytes)
Event: 7.934 Thread 0x000002be6bfca800 nmethod 11049 0x000002be56d26b10 code [0x000002be56d26ea0, 0x000002be56d28f58]
Event: 7.934 Thread 0x000002be6bfca800 11050       2       java.util.concurrent.ConcurrentHashMap$TreeBin::<init> (258 bytes)
Event: 7.935 Thread 0x000002be6bfca800 nmethod 11050 0x000002be56d29990 code [0x000002be56d29ba0, 0x000002be56d2a318]
Event: 7.936 Thread 0x000002be6bfca800 11051 %     3       com.android.tools.r8.dex.j::l @ 15 (52 bytes)
Event: 7.936 Thread 0x000002be6bfca800 nmethod 11051% 0x000002be56d2a690 code [0x000002be56d2a8e0, 0x000002be56d2b308]
Event: 7.938 Thread 0x000002be6bfca800 11053       3       com.android.tools.r8.dex.j::l (52 bytes)
Event: 7.939 Thread 0x000002be6bfca800 nmethod 11053 0x000002be56d2b790 code [0x000002be56d2b9e0, 0x000002be56d2c388]
Event: 7.939 Thread 0x000002be6bfca800 11054 %     3       com.android.tools.r8.internal.Ah::get @ 70 (106 bytes)
Event: 7.939 Thread 0x000002be6bfca800 nmethod 11054% 0x000002be56d2c790 code [0x000002be56d2c980, 0x000002be56d2ce78]
Event: 7.939 Thread 0x000002be6bfca800 11055       3       com.android.tools.r8.internal.Ah::get (106 bytes)
Event: 7.940 Thread 0x000002be6bfca800 nmethod 11055 0x000002be56d2d110 code [0x000002be56d2d300, 0x000002be56d2d798]
Event: 7.978 Thread 0x000002be6bfca800 11059 %     3       com.android.tools.r8.internal.Ah::a @ 69 (173 bytes)
Event: 7.978 Thread 0x000002be6bfca800 nmethod 11059% 0x000002be56d2da10 code [0x000002be56d2dc80, 0x000002be56d2e618]
Event: 7.983 Thread 0x000002be6bfca800 11060       2       com.android.tools.r8.internal.ve::a (73 bytes)
Event: 7.984 Thread 0x000002be6bfca800 nmethod 11060 0x000002be56d2ea10 code [0x000002be56d2eca0, 0x000002be56d2f1b8]
Event: 7.993 Thread 0x000002be6bfca800 11061       3       com.android.tools.r8.internal.Ah::a (173 bytes)
Event: 7.993 Thread 0x000002be6bfca800 nmethod 11061 0x000002be56d2f510 code [0x000002be56d2f760, 0x000002be56d30058]
Event: 8.008 Thread 0x000002be6bfca800 11062       2       com.android.tools.r8.internal.Ah::d (188 bytes)
Event: 8.008 Thread 0x000002be6bfca800 nmethod 11062 0x000002be56d30390 code [0x000002be56d305e0, 0x000002be56d30dc8]

GC Heap History (20 events):
Event: 4.731 GC heap before
{Heap before GC invocations=14 (full 0):
 garbage-first heap   total 189440K, used 121853K [0x0000000080000000, 0x0000000100000000)
  region size 1024K, 77 young (78848K), 7 survivors (7168K)
 Metaspace       used 68568K, capacity 70213K, committed 70476K, reserved 1110016K
  class space    used 8896K, capacity 9510K, committed 9548K, reserved 1048576K
}
Event: 4.739 GC heap after
{Heap after GC invocations=15 (full 0):
 garbage-first heap   total 189440K, used 55792K [0x0000000080000000, 0x0000000100000000)
  region size 1024K, 10 young (10240K), 10 survivors (10240K)
 Metaspace       used 68568K, capacity 70213K, committed 70476K, reserved 1110016K
  class space    used 8896K, capacity 9510K, committed 9548K, reserved 1048576K
}
Event: 5.196 GC heap before
{Heap before GC invocations=15 (full 0):
 garbage-first heap   total 189440K, used 128496K [0x0000000080000000, 0x0000000100000000)
  region size 1024K, 81 young (82944K), 10 survivors (10240K)
 Metaspace       used 74056K, capacity 75822K, committed 75980K, reserved 1114112K
  class space    used 9680K, capacity 10339K, committed 10444K, reserved 1048576K
}
Event: 5.205 GC heap after
{Heap after GC invocations=16 (full 0):
 garbage-first heap   total 189440K, used 60474K [0x0000000080000000, 0x0000000100000000)
  region size 1024K, 10 young (10240K), 10 survivors (10240K)
 Metaspace       used 74056K, capacity 75822K, committed 75980K, reserved 1114112K
  class space    used 9680K, capacity 10339K, committed 10444K, reserved 1048576K
}
Event: 5.761 GC heap before
{Heap before GC invocations=16 (full 0):
 garbage-first heap   total 189440K, used 133178K [0x0000000080000000, 0x0000000100000000)
  region size 1024K, 81 young (82944K), 10 survivors (10240K)
 Metaspace       used 78587K, capacity 80512K, committed 80588K, reserved 1118208K
  class space    used 10272K, capacity 10947K, committed 10956K, reserved 1048576K
}
Event: 5.771 GC heap after
{Heap after GC invocations=17 (full 0):
 garbage-first heap   total 189440K, used 67330K [0x0000000080000000, 0x0000000100000000)
  region size 1024K, 11 young (11264K), 11 survivors (11264K)
 Metaspace       used 78587K, capacity 80512K, committed 80588K, reserved 1118208K
  class space    used 10272K, capacity 10947K, committed 10956K, reserved 1048576K
}
Event: 6.117 GC heap before
{Heap before GC invocations=17 (full 0):
 garbage-first heap   total 189440K, used 137986K [0x0000000080000000, 0x0000000100000000)
  region size 1024K, 81 young (82944K), 11 survivors (11264K)
 Metaspace       used 79922K, capacity 82154K, committed 82252K, reserved 1120256K
  class space    used 10460K, capacity 11272K, committed 11340K, reserved 1048576K
}
Event: 6.130 GC heap after
{Heap after GC invocations=18 (full 0):
 garbage-first heap   total 227328K, used 73211K [0x0000000080000000, 0x0000000100000000)
  region size 1024K, 6 young (6144K), 6 survivors (6144K)
 Metaspace       used 79922K, capacity 82154K, committed 82252K, reserved 1120256K
  class space    used 10460K, capacity 11272K, committed 11340K, reserved 1048576K
}
Event: 6.461 GC heap before
{Heap before GC invocations=18 (full 0):
 garbage-first heap   total 227328K, used 156155K [0x0000000080000000, 0x0000000100000000)
  region size 1024K, 88 young (90112K), 6 survivors (6144K)
 Metaspace       used 80660K, capacity 82913K, committed 83020K, reserved 1120256K
  class space    used 10510K, capacity 11333K, committed 11340K, reserved 1048576K
}
Event: 6.470 GC heap after
{Heap after GC invocations=19 (full 0):
 garbage-first heap   total 227328K, used 77469K [0x0000000080000000, 0x0000000100000000)
  region size 1024K, 10 young (10240K), 10 survivors (10240K)
 Metaspace       used 80660K, capacity 82913K, committed 83020K, reserved 1120256K
  class space    used 10510K, capacity 11333K, committed 11340K, reserved 1048576K
}
Event: 6.965 GC heap before
{Heap before GC invocations=19 (full 0):
 garbage-first heap   total 227328K, used 165533K [0x0000000080000000, 0x0000000100000000)
  region size 1024K, 97 young (99328K), 10 survivors (10240K)
 Metaspace       used 85772K, capacity 88014K, committed 88268K, reserved 1126400K
  class space    used 11134K, capacity 11957K, committed 11980K, reserved 1048576K
}
Event: 6.976 GC heap after
{Heap after GC invocations=20 (full 0):
 garbage-first heap   total 227328K, used 81971K [0x0000000080000000, 0x0000000100000000)
  region size 1024K, 10 young (10240K), 10 survivors (10240K)
 Metaspace       used 85772K, capacity 88014K, committed 88268K, reserved 1126400K
  class space    used 11134K, capacity 11957K, committed 11980K, reserved 1048576K
}
Event: 7.165 GC heap before
{Heap before GC invocations=20 (full 0):
 garbage-first heap   total 227328K, used 179251K [0x0000000080000000, 0x0000000100000000)
  region size 1024K, 98 young (100352K), 10 survivors (10240K)
 Metaspace       used 86009K, capacity 88285K, committed 88524K, reserved 1126400K
  class space    used 11155K, capacity 11959K, committed 11980K, reserved 1048576K
}
Event: 7.175 GC heap after
{Heap after GC invocations=21 (full 0):
 garbage-first heap   total 227328K, used 85383K [0x0000000080000000, 0x0000000100000000)
  region size 1024K, 8 young (8192K), 8 survivors (8192K)
 Metaspace       used 86009K, capacity 88285K, committed 88524K, reserved 1126400K
  class space    used 11155K, capacity 11959K, committed 11980K, reserved 1048576K
}
Event: 7.352 GC heap before
{Heap before GC invocations=21 (full 0):
 garbage-first heap   total 227328K, used 152967K [0x0000000080000000, 0x0000000100000000)
  region size 1024K, 54 young (55296K), 8 survivors (8192K)
 Metaspace       used 86823K, capacity 89074K, committed 89164K, reserved 1126400K
  class space    used 11250K, capacity 12083K, committed 12108K, reserved 1048576K
}
Event: 7.364 GC heap after
{Heap after GC invocations=22 (full 0):
 garbage-first heap   total 273408K, used 117567K [0x0000000080000000, 0x0000000100000000)
  region size 1024K, 13 young (13312K), 13 survivors (13312K)
 Metaspace       used 86823K, capacity 89074K, committed 89164K, reserved 1126400K
  class space    used 11250K, capacity 12083K, committed 12108K, reserved 1048576K
}
Event: 7.636 GC heap before
{Heap before GC invocations=23 (full 0):
 garbage-first heap   total 273408K, used 200511K [0x0000000080000000, 0x0000000100000000)
  region size 1024K, 78 young (79872K), 13 survivors (13312K)
 Metaspace       used 89257K, capacity 91491K, committed 91852K, reserved 1128448K
  class space    used 11555K, capacity 12362K, committed 12492K, reserved 1048576K
}
Event: 7.646 GC heap after
{Heap after GC invocations=24 (full 0):
 garbage-first heap   total 273408K, used 135501K [0x0000000080000000, 0x0000000100000000)
  region size 1024K, 6 young (6144K), 6 survivors (6144K)
 Metaspace       used 89257K, capacity 91491K, committed 91852K, reserved 1128448K
  class space    used 11555K, capacity 12362K, committed 12492K, reserved 1048576K
}
Event: 7.849 GC heap before
{Heap before GC invocations=25 (full 0):
 garbage-first heap   total 273408K, used 223565K [0x0000000080000000, 0x0000000100000000)
  region size 1024K, 59 young (60416K), 6 survivors (6144K)
 Metaspace       used 90050K, capacity 92303K, committed 92748K, reserved 1130496K
  class space    used 11647K, capacity 12482K, committed 12620K, reserved 1048576K
}
Event: 7.892 GC heap after
{Heap after GC invocations=26 (full 0):
 garbage-first heap   total 273408K, used 174389K [0x0000000080000000, 0x0000000100000000)
  region size 1024K, 10 young (10240K), 10 survivors (10240K)
 Metaspace       used 90050K, capacity 92303K, committed 92748K, reserved 1130496K
  class space    used 11647K, capacity 12482K, committed 12620K, reserved 1048576K
}

Deoptimization events (20 events):
Event: 7.982 Thread 0x000002be71e57000 DEOPT PACKING pc=0x000002be56ca5b8e sp=0x000000fe2e5fd790
Event: 7.982 Thread 0x000002be71e57000 DEOPT UNPACKING pc=0x000002be552b76ce sp=0x000000fe2e5fcc08 mode 0
Event: 7.990 Thread 0x000002be71e57000 DEOPT PACKING pc=0x000002be56ca5b8e sp=0x000000fe2e5fd790
Event: 7.990 Thread 0x000002be71e57000 DEOPT UNPACKING pc=0x000002be552b76ce sp=0x000000fe2e5fcc08 mode 0
Event: 7.993 Thread 0x000002be71e57000 DEOPT PACKING pc=0x000002be56ca5b8e sp=0x000000fe2e5fd790
Event: 7.993 Thread 0x000002be71e57000 DEOPT UNPACKING pc=0x000002be552b76ce sp=0x000000fe2e5fcc08 mode 0
Event: 7.996 Thread 0x000002be71e57000 DEOPT PACKING pc=0x000002be56ca5b8e sp=0x000000fe2e5fd790
Event: 7.996 Thread 0x000002be71e57000 DEOPT UNPACKING pc=0x000002be552b76ce sp=0x000000fe2e5fcc08 mode 0
Event: 8.000 Thread 0x000002be71e57000 DEOPT PACKING pc=0x000002be56ca5b8e sp=0x000000fe2e5fd790
Event: 8.000 Thread 0x000002be71e57000 DEOPT UNPACKING pc=0x000002be552b76ce sp=0x000000fe2e5fcc08 mode 0
Event: 8.003 Thread 0x000002be71e57000 DEOPT PACKING pc=0x000002be56ca5b8e sp=0x000000fe2e5fd790
Event: 8.003 Thread 0x000002be71e57000 DEOPT UNPACKING pc=0x000002be552b76ce sp=0x000000fe2e5fcc08 mode 0
Event: 8.005 Thread 0x000002be71e57000 DEOPT PACKING pc=0x000002be56ca5b8e sp=0x000000fe2e5fd790
Event: 8.005 Thread 0x000002be71e57000 DEOPT UNPACKING pc=0x000002be552b76ce sp=0x000000fe2e5fcc08 mode 0
Event: 8.007 Thread 0x000002be71e57000 DEOPT PACKING pc=0x000002be56ca5b8e sp=0x000000fe2e5fd790
Event: 8.007 Thread 0x000002be71e57000 DEOPT UNPACKING pc=0x000002be552b76ce sp=0x000000fe2e5fcc08 mode 0
Event: 8.010 Thread 0x000002be71e57000 DEOPT PACKING pc=0x000002be56ca5b8e sp=0x000000fe2e5fd790
Event: 8.010 Thread 0x000002be71e57000 DEOPT UNPACKING pc=0x000002be552b76ce sp=0x000000fe2e5fcc08 mode 0
Event: 8.017 Thread 0x000002be71e57000 DEOPT PACKING pc=0x000002be56ca5b8e sp=0x000000fe2e5fd790
Event: 8.017 Thread 0x000002be71e57000 DEOPT UNPACKING pc=0x000002be552b76ce sp=0x000000fe2e5fcc08 mode 0

Classes redefined (0 events):
No events

Internal exceptions (20 events):
Event: 7.614 Thread 0x000002be71e54800 Exception <a 'java/lang/NoSuchMethodError'{0x000000008cf1f2f8}: <clinit>> (0x000000008cf1f2f8) thrown at [./src/hotspot/share/prims/jni.cpp, line 1362]
Event: 7.624 Thread 0x000002be71e54800 Exception <a 'sun/nio/fs/WindowsException'{0x000000008cd03f58}> (0x000000008cd03f58) thrown at [./src/hotspot/share/prims/jni.cpp, line 615]
Event: 7.624 Thread 0x000002be71e54800 Exception <a 'sun/nio/fs/WindowsException'{0x000000008cd04de8}> (0x000000008cd04de8) thrown at [./src/hotspot/share/prims/jni.cpp, line 615]
Event: 7.624 Thread 0x000002be71e54800 Exception <a 'sun/nio/fs/WindowsException'{0x000000008cd05190}> (0x000000008cd05190) thrown at [./src/hotspot/share/prims/jni.cpp, line 615]
Event: 7.624 Thread 0x000002be71e54800 Exception <a 'sun/nio/fs/WindowsException'{0x000000008cd06008}> (0x000000008cd06008) thrown at [./src/hotspot/share/prims/jni.cpp, line 615]
Event: 7.624 Thread 0x000002be71e54800 Exception <a 'sun/nio/fs/WindowsException'{0x000000008cd062f0}> (0x000000008cd062f0) thrown at [./src/hotspot/share/prims/jni.cpp, line 615]
Event: 7.624 Thread 0x000002be71e54800 Exception <a 'sun/nio/fs/WindowsException'{0x000000008cd07178}> (0x000000008cd07178) thrown at [./src/hotspot/share/prims/jni.cpp, line 615]
Event: 7.624 Thread 0x000002be71e54800 Exception <a 'sun/nio/fs/WindowsException'{0x000000008cd07400}> (0x000000008cd07400) thrown at [./src/hotspot/share/prims/jni.cpp, line 615]
Event: 7.624 Thread 0x000002be71e54800 Exception <a 'sun/nio/fs/WindowsException'{0x000000008cd08258}> (0x000000008cd08258) thrown at [./src/hotspot/share/prims/jni.cpp, line 615]
Event: 7.627 Thread 0x000002be71e57000 Exception <a 'java/lang/NoSuchMethodError'{0x000000008ced5a90}: 'java.lang.Object java.lang.invoke.DirectMethodHandle$Holder.invokeStatic(java.lang.Object, java.lang.Object, java.lang.Object, java.lang.Object, java.lang.Object, java.lang.Object, java.lang.Object, java.lang.Object, java.lang.Object, java.lang.Object, java.lang.Object, java.lang.Object, java.lang.Object, java.lang.Object, java.lang.Object, java.lang.Object, java.lang.Object, java.lang.Object, int, java.lang.Object)'> (0x000000008ced5a90) thr
Event: 7.627 Thread 0x000002be71e57000 Exception <a 'java/lang/NoSuchMethodError'{0x000000008cedb320}: 'java.lang.Object java.lang.invoke.DirectMethodHandle$Holder.invokeStaticInit(java.lang.Object, java.lang.Object, java.lang.Object, java.lang.Object, java.lang.Object, java.lang.Object, java.lang.Object, java.lang.Object, java.lang.Object, java.lang.Object, java.lang.Object, java.lang.Object, java.lang.Object, java.lang.Object, java.lang.Object, java.lang.Object, java.lang.Object, java.lang.Object, int, java.lang.Object)'> (0x000000008cedb320)
Event: 7.631 Thread 0x000002be71e54800 Exception <a 'java/lang/NoSuchMethodError'{0x000000008cdeba58}: <clinit>> (0x000000008cdeba58) thrown at [./src/hotspot/share/prims/jni.cpp, line 1362]
Event: 7.634 Thread 0x000002be71e54800 Exception <a 'java/lang/NoSuchMethodError'{0x000000008ccb14b8}: <clinit>> (0x000000008ccb14b8) thrown at [./src/hotspot/share/prims/jni.cpp, line 1362]
Event: 7.635 Thread 0x000002be71e54800 Exception <a 'java/lang/NoSuchMethodError'{0x000000008ccfa140}: <clinit>> (0x000000008ccfa140) thrown at [./src/hotspot/share/prims/jni.cpp, line 1362]
Event: 7.685 Thread 0x000002be71e4f800 Exception <a 'java/lang/NoSuchMethodError'{0x000000009078ff80}: 'void java.lang.invoke.DirectMethodHandle$Holder.invokeStatic(java.lang.Object, long)'> (0x000000009078ff80) thrown at [./src/hotspot/share/interpreter/linkResolver.cpp, line 773]
Event: 7.685 Thread 0x000002be71e4f800 Exception <a 'java/lang/NoSuchMethodError'{0x0000000090795198}: 'java.lang.Object java.lang.invoke.DirectMethodHandle$Holder.invokeStatic(java.lang.Object, long)'> (0x0000000090795198) thrown at [./src/hotspot/share/interpreter/linkResolver.cpp, line 773]
Event: 7.687 Thread 0x000002be71e4f800 Exception <a 'java/lang/NoSuchMethodError'{0x00000000900fd098}: 'java.lang.Object java.lang.invoke.DirectMethodHandle$Holder.invokeStaticInit(java.lang.Object, java.lang.Object, long, java.lang.Object)'> (0x00000000900fd098) thrown at [./src/hotspot/share/interpreter/linkResolver.cpp, line 773]
Event: 7.688 Thread 0x000002be71e4f800 Exception <a 'java/lang/NoSuchMethodError'{0x000000008feddd58}: 'java.lang.Object java.lang.invoke.DirectMethodHandle$Holder.invokeStatic(java.lang.Object, java.lang.Object, long)'> (0x000000008feddd58) thrown at [./src/hotspot/share/interpreter/linkResolver.cpp, line 773]
Event: 7.688 Thread 0x000002be71e4f800 Exception <a 'java/lang/NoSuchMethodError'{0x000000008fee42d0}: 'java.lang.Object java.lang.invoke.Invokers$Holder.linkToTargetMethod(java.lang.Object, long, java.lang.Object)'> (0x000000008fee42d0) thrown at [./src/hotspot/share/interpreter/linkResolver.cpp, line 773]
Event: 7.802 Thread 0x000002be71e4f800 Exception <a 'java/lang/NoSuchMethodError'{0x000000008e5a0bd8}: 'int java.lang.invoke.DirectMethodHandle$Holder.invokeSpecialIFC(java.lang.Object, java.lang.Object, java.lang.Object)'> (0x000000008e5a0bd8) thrown at [./src/hotspot/share/interpreter/linkResolver.cpp, line 773]

Events (20 events):
Event: 7.801 loading class com/google/common/base/Absent
Event: 7.801 loading class com/google/common/base/Absent done
Event: 7.802 loading class com/google/common/collect/AbstractIterator$State
Event: 7.802 loading class com/google/common/collect/AbstractIterator$State done
Event: 7.802 loading class com/google/common/collect/AbstractIterator$1
Event: 7.802 loading class com/google/common/collect/AbstractIterator$1 done
Event: 7.809 loading class java/util/concurrent/ConcurrentHashMap$TreeNode
Event: 7.810 loading class java/util/concurrent/ConcurrentHashMap$TreeNode done
Event: 7.810 loading class java/util/concurrent/ConcurrentHashMap$TreeBin
Event: 7.810 loading class java/util/concurrent/ConcurrentHashMap$TreeBin done
Event: 7.810 Executing VM operation: RevokeBias
Event: 7.811 Executing VM operation: RevokeBias done
Event: 7.849 Executing VM operation: G1CollectForAllocation
Event: 7.892 Executing VM operation: G1CollectForAllocation done
Event: 7.917 Executing VM operation: RevokeBias
Event: 7.917 Executing VM operation: RevokeBias done
Event: 7.959 Executing VM operation: CGC_Operation
Event: 7.976 Executing VM operation: CGC_Operation done
Event: 8.014 Executing VM operation: CGC_Operation
Event: 8.014 Executing VM operation: CGC_Operation done


Dynamic libraries:
0x00007ff695260000 - 0x00007ff69526a000 	C:\Program Files\Android\Android Studio\jre\bin\java.exe
0x00007ffcbb570000 - 0x00007ffcbb741000 	C:\Windows\SYSTEM32\ntdll.dll
0x00007ffcb9790000 - 0x00007ffcb983b000 	C:\Windows\System32\KERNEL32.DLL
0x00007ffcb7c10000 - 0x00007ffcb7e2d000 	C:\Windows\System32\KERNELBASE.dll
0x00007ffcb8650000 - 0x00007ffcb8745000 	C:\Windows\System32\ucrtbase.dll
0x00007ffca9580000 - 0x00007ffca9599000 	C:\Program Files\Android\Android Studio\jre\bin\jli.dll
0x00007ffca8fc0000 - 0x00007ffca8fd7000 	C:\Program Files\Android\Android Studio\jre\bin\VCRUNTIME140.dll
0x00007ffcb93b0000 - 0x00007ffcb9515000 	C:\Windows\System32\USER32.dll
0x00007ffca7c90000 - 0x00007ffca7f09000 	C:\Windows\WinSxS\amd64_microsoft.windows.common-controls_6595b64144ccf1df_6.0.14393.0_none_2d0f50fcbdb171b8\COMCTL32.dll
0x00007ffcb7ee0000 - 0x00007ffcb7efe000 	C:\Windows\System32\win32u.dll
0x00007ffcb8b00000 - 0x00007ffcb8b9e000 	C:\Windows\System32\msvcrt.dll
0x00007ffcb9370000 - 0x00007ffcb93a4000 	C:\Windows\System32\GDI32.dll
0x00007ffcb87a0000 - 0x00007ffcb8922000 	C:\Windows\System32\gdi32full.dll
0x00007ffcb8ce0000 - 0x00007ffcb8fa7000 	C:\Windows\System32\combase.dll
0x00007ffcb8ba0000 - 0x00007ffcb8cc1000 	C:\Windows\System32\RPCRT4.dll
0x00007ffcb85e0000 - 0x00007ffcb864a000 	C:\Windows\System32\bcryptPrimitives.dll
0x00007ffcb8fc0000 - 0x00007ffcb8fee000 	C:\Windows\System32\IMM32.DLL
0x00007ffc9f0d0000 - 0x00007ffc9f16d000 	C:\Program Files\Android\Android Studio\jre\bin\msvcp140.dll
0x00007ffc930b0000 - 0x00007ffc93b7f000 	C:\Program Files\Android\Android Studio\jre\bin\server\jvm.dll
0x00007ffcb96e0000 - 0x00007ffcb9782000 	C:\Windows\System32\ADVAPI32.dll
0x00007ffcb9100000 - 0x00007ffcb9159000 	C:\Windows\System32\sechost.dll
0x00007ffcb8cd0000 - 0x00007ffcb8cd8000 	C:\Windows\System32\PSAPI.DLL
0x00007ffcb5f30000 - 0x00007ffcb5f53000 	C:\Windows\SYSTEM32\WINMM.dll
0x00007ffcada50000 - 0x00007ffcada59000 	C:\Windows\SYSTEM32\WSOCK32.dll
0x00007ffcae8e0000 - 0x00007ffcae8ea000 	C:\Windows\SYSTEM32\VERSION.dll
0x00007ffcb8ff0000 - 0x00007ffcb905a000 	C:\Windows\System32\WS2_32.dll
0x00007ffcb5ed0000 - 0x00007ffcb5efb000 	C:\Windows\SYSTEM32\WINMMBASE.dll
0x00007ffcb8750000 - 0x00007ffcb8792000 	C:\Windows\System32\cfgmgr32.dll
0x00007ffcb7aa0000 - 0x00007ffcb7aaf000 	C:\Windows\System32\kernel.appcore.dll
0x00007ffcaa2a0000 - 0x00007ffcaa2b1000 	C:\Program Files\Android\Android Studio\jre\bin\verify.dll
0x00007ffcad3c0000 - 0x00007ffcad552000 	C:\Windows\SYSTEM32\DBGHELP.DLL
0x00007ffcac870000 - 0x00007ffcac899000 	C:\Windows\SYSTEM32\dbgcore.DLL
0x00007ffca69b0000 - 0x00007ffca69d9000 	C:\Program Files\Android\Android Studio\jre\bin\java.dll
0x00007ffcaa290000 - 0x00007ffcaa29b000 	C:\Program Files\Android\Android Studio\jre\bin\jimage.dll
0x00007ffca93a0000 - 0x00007ffca93b8000 	C:\Program Files\Android\Android Studio\jre\bin\zip.dll
0x00007ffcba040000 - 0x00007ffcbb548000 	C:\Windows\System32\SHELL32.dll
0x00007ffcb7f00000 - 0x00007ffcb85da000 	C:\Windows\System32\windows.storage.dll
0x00007ffcb7ab0000 - 0x00007ffcb7afc000 	C:\Windows\System32\powrprof.dll
0x00007ffcb9310000 - 0x00007ffcb9362000 	C:\Windows\System32\shlwapi.dll
0x00007ffcb7b60000 - 0x00007ffcb7c09000 	C:\Windows\System32\shcore.dll
0x00007ffcb7a80000 - 0x00007ffcb7a94000 	C:\Windows\System32\profapi.dll
0x00007ffca6ef0000 - 0x00007ffca6f0a000 	C:\Program Files\Android\Android Studio\jre\bin\net.dll
0x00007ffcb1e50000 - 0x00007ffcb1f1c000 	C:\Windows\SYSTEM32\WINHTTP.dll
0x00007ffcb7340000 - 0x00007ffcb739c000 	C:\Windows\system32\mswsock.dll
0x00007ffca62f0000 - 0x00007ffca6304000 	C:\Program Files\Android\Android Studio\jre\bin\nio.dll
0x00007ffc9da00000 - 0x00007ffc9da27000 	C:\Users\USER\.gradle\native\8bec1ad78214c89d9ad589b4d07fe93259594b29d510b10fafb7a158f7737e5d\windows-amd64\native-platform.dll
0x00007ffc96920000 - 0x00007ffc96a5d000 	C:\Users\USER\.gradle\native\53dbd7edfb1c66fb8903c78663c9afc45aea4f116125fa6feffd364cf09443e8\windows-amd64\native-platform-file-events.dll
0x00007ffca69a0000 - 0x00007ffca69aa000 	C:\Program Files\Android\Android Studio\jre\bin\management.dll
0x00007ffca6380000 - 0x00007ffca638c000 	C:\Program Files\Android\Android Studio\jre\bin\management_ext.dll
0x00007ffcb74e0000 - 0x00007ffcb74f7000 	C:\Windows\SYSTEM32\CRYPTSP.dll
0x00007ffcb6f50000 - 0x00007ffcb6f83000 	C:\Windows\system32\rsaenh.dll
0x00007ffcb79b0000 - 0x00007ffcb79db000 	C:\Windows\SYSTEM32\bcrypt.dll
0x00007ffcb71d0000 - 0x00007ffcb71ef000 	C:\Windows\SYSTEM32\USERENV.dll
0x00007ffcb7500000 - 0x00007ffcb750b000 	C:\Windows\SYSTEM32\CRYPTBASE.dll
0x00007ffcb70d0000 - 0x00007ffcb7108000 	C:\Windows\SYSTEM32\IPHLPAPI.DLL
0x00007ffcb9840000 - 0x00007ffcb9848000 	C:\Windows\System32\NSI.dll
0x00007ffcb3e90000 - 0x00007ffcb3ea6000 	C:\Windows\SYSTEM32\dhcpcsvc6.DLL
0x00007ffcb3e60000 - 0x00007ffcb3e7a000 	C:\Windows\SYSTEM32\dhcpcsvc.DLL
0x00007ffcb6e20000 - 0x00007ffcb6e52000 	C:\Windows\SYSTEM32\ntmarta.dll

dbghelp: loaded successfully - version: 4.0.5 - missing functions: none
symbol engine: initialized successfully - sym options: 0x614 - pdb path: .;C:\Program Files\Android\Android Studio\jre\bin;C:\Windows\SYSTEM32;C:\Windows\WinSxS\amd64_microsoft.windows.common-controls_6595b64144ccf1df_6.0.14393.0_none_2d0f50fcbdb171b8;C:\Program Files\Android\Android Studio\jre\bin\server;C:\Users\USER\.gradle\native\8bec1ad78214c89d9ad589b4d07fe93259594b29d510b10fafb7a158f7737e5d\windows-amd64;C:\Users\USER\.gradle\native\53dbd7edfb1c66fb8903c78663c9afc45aea4f116125fa6feffd364cf09443e8\windows-amd64

VM Arguments:
jvm_args: --add-opens=java.base/java.util=ALL-UNNAMED --add-opens=java.base/java.lang=ALL-UNNAMED --add-opens=java.base/java.lang.invoke=ALL-UNNAMED --add-opens=java.base/java.util=ALL-UNNAMED --add-opens=java.prefs/java.util.prefs=ALL-UNNAMED --add-opens=java.prefs/java.util.prefs=ALL-UNNAMED --add-opens=java.base/java.nio.charset=ALL-UNNAMED --add-opens=java.base/java.net=ALL-UNNAMED --add-opens=java.base/java.util.concurrent.atomic=ALL-UNNAMED -Xmx2048m -Dfile.encoding=UTF-8 -Duser.country=US -Duser.language=en -Duser.variant 
java_command: org.gradle.launcher.daemon.bootstrap.GradleDaemon 7.0.2
java_class_path (initial): C:\Users\USER\.gradle\wrapper\dists\gradle-7.0.2-bin\857tjihv64xamwrf0h14cai3r\gradle-7.0.2\lib\gradle-launcher-7.0.2.jar
Launcher Type: SUN_STANDARD

[Global flags]
     intx CICompilerCount                          = 3                                         {product} {ergonomic}
     uint ConcGCThreads                            = 2                                         {product} {ergonomic}
     uint G1ConcRefinementThreads                  = 6                                         {product} {ergonomic}
   size_t G1HeapRegionSize                         = 1048576                                   {product} {ergonomic}
    uintx GCDrainStackTargetSize                   = 64                                        {product} {ergonomic}
   size_t InitialHeapSize                          = 134217728                                 {product} {ergonomic}
   size_t MarkStackSize                            = 4194304                                   {product} {ergonomic}
   size_t MaxHeapSize                              = 2147483648                                {product} {command line}
   size_t MaxNewSize                               = 1287651328                                {product} {ergonomic}
   size_t MinHeapDeltaBytes                        = 1048576                                   {product} {ergonomic}
    uintx NonNMethodCodeHeapSize                   = 5830732                                {pd product} {ergonomic}
    uintx NonProfiledCodeHeapSize                  = 122913754                              {pd product} {ergonomic}
    uintx ProfiledCodeHeapSize                     = 122913754                              {pd product} {ergonomic}
    uintx ReservedCodeCacheSize                    = 251658240                              {pd product} {ergonomic}
     bool SegmentedCodeCache                       = true                                      {product} {ergonomic}
     bool UseCompressedClassPointers               = true                                 {lp64_product} {ergonomic}
     bool UseCompressedOops                        = true                                 {lp64_product} {ergonomic}
     bool UseG1GC                                  = true                                      {product} {ergonomic}
     bool UseLargePagesIndividualAllocation        = false                                  {pd product} {ergonomic}

Logging:
Log output configuration:
 #0: stdout all=warning uptime,level,tags
 #1: stderr all=off uptime,level,tags

Environment Variables:
PATH=C:\Program Files (x86)\Common Files\Oracle\Java\javapath;C:\Program Files\Java\jdk1.8.0_111\bin;C:\Users\USER\AppData\Local\Microsoft\WindowsApps;C:\Users\USER\AppData\Local\Programs\Microsoft VS Code\bin
USERNAME=USER
OS=Windows_NT
PROCESSOR_IDENTIFIER=Intel64 Family 6 Model 158 Stepping 10, GenuineIntel



---------------  S Y S T E M  ---------------

OS: Windows 10 , 64 bit Build 14393 (10.0.14393.0)
OS uptime: 4 days 1:25 hours

CPU:total 6 (initial active 6) (6 cores per cpu, 1 threads per core) family 6 model 158 stepping 10 microcode 0x96, cmov, cx8, fxsr, mmx, sse, sse2, sse3, ssse3, sse4.1, sse4.2, popcnt, avx, avx2, aes, clmul, erms, 3dnowpref, lzcnt, tsc, tscinvbit, bmi1, bmi2, adx, fma

Memory: 4k page, system-wide physical 8068M (2233M free)
TotalPageFile size 9046M (AvailPageFile size 5M)
current process WorkingSet (physical memory assigned to process): 539M, peak: 539M
current process commit charge ("private bytes"): 568M, peak: 569M

vm_info: OpenJDK 64-Bit Server VM (11.0.10+0-b96-7249189) for windows-amd64 JRE (11.0.10+0-b96-7249189), built on Mar 31 2021 21:44:00 by "builder" with MS VC++ 14.0 (VS2015)

END.
