#
# There is insufficient memory for the Java Runtime Environment to continue.
# Native memory allocation (mmap) failed to map 152043520 bytes for Failed to commit area from 0x0000000090d00000 to 0x0000000099e00000 of length 152043520.
# Possible reasons:
#   The system is out of physical RAM or swap space
#   The process is running with CompressedOops enabled, and the Java Heap may be blocking the growth of the native heap
# Possible solutions:
#   Reduce memory load on the system
#   Increase physical memory or swap space
#   Check if swap backing store is full
#   Decrease Java heap size (-Xmx/-Xms)
#   Decrease number of Java threads
#   Decrease Java thread stack sizes (-Xss)
#   Set larger code cache with -XX:ReservedCodeCacheSize=
#   JVM is running with Unscaled Compressed Oops mode in which the Java heap is
#     placed in the first 4GB address space. The Java Heap base address is the
#     maximum limit for the native heap growth. Please use -XX:HeapBaseMinAddress
#     to set the Java Heap base and to place the Java Heap above 4GB virtual address.
# This output file may be truncated or incomplete.
#
#  Out of Memory Error (./src/hotspot/os/windows/os_windows.cpp:3301), pid=10732, tid=9124
#
# JRE version: OpenJDK Runtime Environment (11.0.10) (build 11.0.10+0-b96-7249189)
# Java VM: OpenJDK 64-Bit Server VM (11.0.10+0-b96-7249189, mixed mode, tiered, compressed oops, g1 gc, windows-amd64)
# No core dump will be written. Minidumps are not enabled by default on client versions of Windows
#

---------------  S U M M A R Y ------------

Command Line: --add-opens=java.base/java.util=ALL-UNNAMED --add-opens=java.base/java.lang=ALL-UNNAMED --add-opens=java.base/java.lang.invoke=ALL-UNNAMED --add-opens=java.base/java.util=ALL-UNNAMED --add-opens=java.prefs/java.util.prefs=ALL-UNNAMED --add-opens=java.prefs/java.util.prefs=ALL-UNNAMED --add-opens=java.base/java.nio.charset=ALL-UNNAMED --add-opens=java.base/java.net=ALL-UNNAMED --add-opens=java.base/java.util.concurrent.atomic=ALL-UNNAMED -Xmx2048m -Dfile.encoding=UTF-8 -Duser.country=US -Duser.language=en -Duser.variant org.gradle.launcher.daemon.bootstrap.GradleDaemon 7.0.2

Host: Intel(R) Core(TM) i5-8400 CPU @ 2.80GHz, 6 cores, 7G,  Windows 10 , 64 bit Build 14393 (10.0.14393.0)
Time: Thu May 26 08:13:45 2022 Bangladesh Standard Time elapsed time: 8.232433 seconds (0d 0h 0m 8s)

---------------  T H R E A D  ---------------

Current thread (0x00000240d4448800):  VMThread "VM Thread" [stack: 0x000000d0c6f00000,0x000000d0c7000000] [id=9124]

Stack: [0x000000d0c6f00000,0x000000d0c7000000]
[error occurred during error reporting (printing stack bounds), id 0xc0000005, EXCEPTION_ACCESS_VIOLATION (0xc0000005) at pc=0x00000240bd730f2d]

Native frames: (J=compiled Java code, j=interpreted, Vv=VM code, C=native code)
V  [jvm.dll+0x5ecfaa]
V  [jvm.dll+0x722bd5]
V  [jvm.dll+0x72412d]
V  [jvm.dll+0x724745]
V  [jvm.dll+0x7246fb]
V  [jvm.dll+0x5ec348]
V  [jvm.dll+0x5ecad8]
C  [ntdll.dll+0xa991d]
C  [ntdll.dll+0x486d3]
C  [ntdll.dll+0xa8a3a]
C  0x00000240bd730f2d

VM_Operation (0x000000d0caefd5b0): G1CollectForAllocation, mode: safepoint, requested by thread 0x00000240d71b1000


---------------  P R O C E S S  ---------------

Threads class SMR info:
_java_thread_list=0x00000240da796bd0, length=61, elements={
0x00000240b84f2800, 0x00000240d444d800, 0x00000240d4457000, 0x00000240d4dc4800,
0x00000240d4dc5000, 0x00000240d4dc6000, 0x00000240d4dc9800, 0x00000240d4dcd000,
0x00000240d4dcf000, 0x00000240d4f20000, 0x00000240d4fe7800, 0x00000240d4f20800,
0x00000240d4f21800, 0x00000240d4f1e800, 0x00000240d4f1f000, 0x00000240d4f1c000,
0x00000240d4f22800, 0x00000240d4f1c800, 0x00000240d4f1d800, 0x00000240d6cd9000,
0x00000240d6cd9800, 0x00000240d6cda800, 0x00000240d6cd5000, 0x00000240d6cd8000,
0x00000240d6cdb800, 0x00000240d6cd5800, 0x00000240d6cd6800, 0x00000240d6cd7800,
0x00000240d6cde800, 0x00000240d6cdd000, 0x00000240d6ce0800, 0x00000240d6cdf800,
0x00000240d6ce1000, 0x00000240d6ce2000, 0x00000240d6ce3800, 0x00000240d6ce2800,
0x00000240dc1c6000, 0x00000240dc1c2000, 0x00000240dc1c0800, 0x00000240dc1c2800,
0x00000240dc1c7000, 0x00000240dc1c4800, 0x00000240dc1c1000, 0x00000240dc1c5000,
0x00000240dc1c7800, 0x00000240dc1c8800, 0x00000240dc1c9800, 0x00000240dc1c3800,
0x00000240dc1cc800, 0x00000240dc1ce000, 0x00000240dc1cf000, 0x00000240dc1cb000,
0x00000240dc1cb800, 0x00000240dc1ca000, 0x00000240d71ae000, 0x00000240d71ab800,
0x00000240d71b1000, 0x00000240d71ae800, 0x00000240d71ac800, 0x00000240d71ad000,
0x00000240d71b2000
}

Java Threads: ( => current thread )
  0x00000240b84f2800 JavaThread "main" [_thread_blocked, id=4228, stack(0x000000d0c6900000,0x000000d0c6a00000)]
  0x00000240d444d800 JavaThread "Reference Handler" daemon [_thread_blocked, id=10760, stack(0x000000d0c7000000,0x000000d0c7100000)]
  0x00000240d4457000 JavaThread "Finalizer" daemon [_thread_blocked, id=3120, stack(0x000000d0c7100000,0x000000d0c7200000)]
  0x00000240d4dc4800 JavaThread "Signal Dispatcher" daemon [_thread_blocked, id=3760, stack(0x000000d0c7200000,0x000000d0c7300000)]
  0x00000240d4dc5000 JavaThread "Attach Listener" daemon [_thread_blocked, id=1248, stack(0x000000d0c7300000,0x000000d0c7400000)]
  0x00000240d4dc6000 JavaThread "Service Thread" daemon [_thread_blocked, id=10444, stack(0x000000d0c7400000,0x000000d0c7500000)]
  0x00000240d4dc9800 JavaThread "C2 CompilerThread0" daemon [_thread_blocked, id=10344, stack(0x000000d0c7500000,0x000000d0c7600000)]
  0x00000240d4dcd000 JavaThread "C1 CompilerThread0" daemon [_thread_blocked, id=2596, stack(0x000000d0c7600000,0x000000d0c7700000)]
  0x00000240d4dcf000 JavaThread "Sweeper thread" daemon [_thread_blocked, id=5512, stack(0x000000d0c7700000,0x000000d0c7800000)]
  0x00000240d4f20000 JavaThread "Common-Cleaner" daemon [_thread_blocked, id=4284, stack(0x000000d0c7800000,0x000000d0c7900000)]
  0x00000240d4fe7800 JavaThread "C2 CompilerThread1" daemon [_thread_in_native, id=8248, stack(0x000000d0c7a00000,0x000000d0c7b00000)]
  0x00000240d4f20800 JavaThread "Daemon health stats" [_thread_blocked, id=1204, stack(0x000000d0c7d00000,0x000000d0c7e00000)]
  0x00000240d4f21800 JavaThread "Incoming local TCP Connector on port 61391" [_thread_in_native, id=10808, stack(0x000000d0c7e00000,0x000000d0c7f00000)]
  0x00000240d4f1e800 JavaThread "Daemon periodic checks" [_thread_blocked, id=7868, stack(0x000000d0c7f00000,0x000000d0c8000000)]
  0x00000240d4f1f000 JavaThread "Daemon" [_thread_blocked, id=4428, stack(0x000000d0c8000000,0x000000d0c8100000)]
  0x00000240d4f1c000 JavaThread "Handler for socket connection from /127.0.0.1:61391 to /127.0.0.1:61392" [_thread_in_native, id=10784, stack(0x000000d0c8100000,0x000000d0c8200000)]
  0x00000240d4f22800 JavaThread "Cancel handler" [_thread_blocked, id=10132, stack(0x000000d0c8200000,0x000000d0c8300000)]
  0x00000240d4f1c800 JavaThread "Daemon worker" [_thread_blocked, id=4688, stack(0x000000d0c8300000,0x000000d0c8400000)]
  0x00000240d4f1d800 JavaThread "Asynchronous log dispatcher for DefaultDaemonConnection: socket connection from /127.0.0.1:61391 to /127.0.0.1:61392" [_thread_blocked, id=10920, stack(0x000000d0c8400000,0x000000d0c8500000)]
  0x00000240d6cd9000 JavaThread "Stdin handler" [_thread_blocked, id=3600, stack(0x000000d0c8500000,0x000000d0c8600000)]
  0x00000240d6cd9800 JavaThread "Daemon client event forwarder" [_thread_blocked, id=10428, stack(0x000000d0c8600000,0x000000d0c8700000)]
  0x00000240d6cda800 JavaThread "Cache worker for file hash cache (C:\Users\USER\.gradle\caches\7.0.2\fileHashes)" [_thread_blocked, id=2128, stack(0x000000d0c8a00000,0x000000d0c8b00000)]
  0x00000240d6cd5000 JavaThread "File lock request listener" [_thread_in_native, id=8840, stack(0x000000d0c8b00000,0x000000d0c8c00000)]
  0x00000240d6cd8000 JavaThread "Cache worker for journal cache (C:\Users\USER\.gradle\caches\journal-1)" [_thread_blocked, id=5176, stack(0x000000d0c8d00000,0x000000d0c8e00000)]
  0x00000240d6cdb800 JavaThread "Cache worker for file hash cache (C:\Users\USER\EarinMoney\.gradle\7.0.2\fileHashes)" [_thread_blocked, id=6844, stack(0x000000d0c8e00000,0x000000d0c8f00000)]
  0x00000240d6cd5800 JavaThread "File watcher server" daemon [_thread_blocked, id=5936, stack(0x000000d0c8f00000,0x000000d0c9000000)]
  0x00000240d6cd6800 JavaThread "File watcher consumer" daemon [_thread_blocked, id=7064, stack(0x000000d0c9000000,0x000000d0c9100000)]
  0x00000240d6cd7800 JavaThread "Cache worker for checksums cache (C:\Users\USER\EarinMoney\.gradle\checksums)" [_thread_blocked, id=4400, stack(0x000000d0c9100000,0x000000d0c9200000)]
  0x00000240d6cde800 JavaThread "Cache worker for cache directory md-supplier (C:\Users\USER\.gradle\caches\7.0.2\md-supplier)" [_thread_blocked, id=9948, stack(0x000000d0c9200000,0x000000d0c9300000)]
  0x00000240d6cdd000 JavaThread "Cache worker for cache directory md-rule (C:\Users\USER\.gradle\caches\7.0.2\md-rule)" [_thread_blocked, id=10788, stack(0x000000d0c9300000,0x000000d0c9400000)]
  0x00000240d6ce0800 JavaThread "Cache worker for execution history cache (C:\Users\USER\.gradle\caches\7.0.2\executionHistory)" [_thread_blocked, id=4596, stack(0x000000d0c9400000,0x000000d0c9500000)]
  0x00000240d6cdf800 JavaThread "jar transforms" [_thread_blocked, id=9800, stack(0x000000d0c9500000,0x000000d0c9600000)]
  0x00000240d6ce1000 JavaThread "jar transforms Thread 2" [_thread_blocked, id=8940, stack(0x000000d0c9600000,0x000000d0c9700000)]
  0x00000240d6ce2000 JavaThread "Cache worker for file content cache (C:\Users\USER\.gradle\caches\7.0.2\fileContent)" [_thread_blocked, id=5308, stack(0x000000d0c9700000,0x000000d0c9800000)]
  0x00000240d6ce3800 JavaThread "Cache worker for dependencies-accessors (C:\Users\USER\EarinMoney\.gradle\7.0.2\dependencies-accessors)" [_thread_blocked, id=5304, stack(0x000000d0c9800000,0x000000d0c9900000)]
  0x00000240d6ce2800 JavaThread "jar transforms Thread 3" [_thread_blocked, id=10488, stack(0x000000d0c9900000,0x000000d0c9a00000)]
  0x00000240dc1c6000 JavaThread "Cache worker for Build Output Cleanup Cache (C:\Users\USER\EarinMoney\.gradle\buildOutputCleanup)" [_thread_blocked, id=6660, stack(0x000000d0c9a00000,0x000000d0c9b00000)]
  0x00000240dc1c2000 JavaThread "Build operations" [_thread_blocked, id=7676, stack(0x000000d0c9b00000,0x000000d0c9c00000)]
  0x00000240dc1c0800 JavaThread "Build operations Thread 2" [_thread_blocked, id=10956, stack(0x000000d0c9c00000,0x000000d0c9d00000)]
  0x00000240dc1c2800 JavaThread "Build operations Thread 3" [_thread_blocked, id=4740, stack(0x000000d0c9d00000,0x000000d0c9e00000)]
  0x00000240dc1c7000 JavaThread "Build operations Thread 4" [_thread_blocked, id=3536, stack(0x000000d0c9e00000,0x000000d0c9f00000)]
  0x00000240dc1c4800 JavaThread "Build operations Thread 5" [_thread_blocked, id=7056, stack(0x000000d0c9f00000,0x000000d0ca000000)]
  0x00000240dc1c1000 JavaThread "Build operations Thread 6" [_thread_blocked, id=9796, stack(0x000000d0ca000000,0x000000d0ca100000)]
  0x00000240dc1c5000 JavaThread "jar transforms Thread 4" [_thread_blocked, id=6500, stack(0x000000d0ca100000,0x000000d0ca200000)]
  0x00000240dc1c7800 JavaThread "jar transforms Thread 5" [_thread_blocked, id=9688, stack(0x000000d0ca200000,0x000000d0ca300000)]
  0x00000240dc1c8800 JavaThread "jar transforms Thread 6" [_thread_blocked, id=5668, stack(0x000000d0ca300000,0x000000d0ca400000)]
  0x00000240dc1c9800 JavaThread "Memory manager" [_thread_blocked, id=4368, stack(0x000000d0ca400000,0x000000d0ca500000)]
  0x00000240dc1c3800 JavaThread "build event listener" [_thread_blocked, id=2116, stack(0x000000d0ca500000,0x000000d0ca600000)]
  0x00000240dc1cc800 JavaThread "Execution worker for ':'" [_thread_blocked, id=8988, stack(0x000000d0ca600000,0x000000d0ca700000)]
  0x00000240dc1ce000 JavaThread "Execution worker for ':' Thread 2" [_thread_blocked, id=600, stack(0x000000d0ca700000,0x000000d0ca800000)]
  0x00000240dc1cf000 JavaThread "Execution worker for ':' Thread 3" [_thread_blocked, id=3232, stack(0x000000d0ca800000,0x000000d0ca900000)]
  0x00000240dc1cb000 JavaThread "Execution worker for ':' Thread 4" [_thread_blocked, id=6532, stack(0x000000d0ca900000,0x000000d0caa00000)]
  0x00000240dc1cb800 JavaThread "Execution worker for ':' Thread 5" [_thread_blocked, id=10700, stack(0x000000d0caa00000,0x000000d0cab00000)]
  0x00000240dc1ca000 JavaThread "Cache worker for execution history cache (C:\Users\USER\EarinMoney\.gradle\7.0.2\executionHistory)" [_thread_blocked, id=5744, stack(0x000000d0cab00000,0x000000d0cac00000)]
  0x00000240d71ae000 JavaThread "WorkerExecutor Queue" [_thread_blocked, id=6716, stack(0x000000d0cac00000,0x000000d0cad00000)]
  0x00000240d71ab800 JavaThread "WorkerExecutor Queue Thread 2" [_thread_blocked, id=1056, stack(0x000000d0cad00000,0x000000d0cae00000)]
  0x00000240d71b1000 JavaThread "WorkerExecutor Queue Thread 3" [_thread_blocked, id=7068, stack(0x000000d0cae00000,0x000000d0caf00000)]
  0x00000240d71ae800 JavaThread "WorkerExecutor Queue Thread 4" [_thread_blocked, id=8272, stack(0x000000d0caf00000,0x000000d0cb000000)]
  0x00000240d71ac800 JavaThread "pool-3-thread-1" [_thread_blocked, id=3544, stack(0x000000d0cb000000,0x000000d0cb100000)]
  0x00000240d71ad000 JavaThread "stderr" [_thread_in_native, id=4672, stack(0x000000d0cb100000,0x000000d0cb200000)]
  0x00000240d71b2000 JavaThread "stdout" [_thread_in_native, id=10600, stack(0x000000d0cb200000,0x000000d0cb300000)]

Other Threads:
=>0x00000240d4448800 VMThread "VM Thread" [stack: 0x000000d0c6f00000,0x000000d0c7000000] [id=9124]
  0x00000240d4f3e800 WatcherThread [stack: 0x000000d0c7900000,0x000000d0c7a00000] [id=8176]
  0x00000240b850a000 GCTaskThread "GC Thread#0" [stack: 0x000000d0c6a00000,0x000000d0c6b00000] [id=4920]
  0x00000240d5c3c800 GCTaskThread "GC Thread#1" [stack: 0x000000d0c7b00000,0x000000d0c7c00000] [id=10528]
  0x00000240d53d6000 GCTaskThread "GC Thread#2" [stack: 0x000000d0c7c00000,0x000000d0c7d00000] [id=4784]
  0x00000240d694e000 GCTaskThread "GC Thread#3" [stack: 0x000000d0c8700000,0x000000d0c8800000] [id=10972]
  0x00000240d6748800 GCTaskThread "GC Thread#4" [stack: 0x000000d0c8800000,0x000000d0c8900000] [id=6664]
  0x00000240d6535000 GCTaskThread "GC Thread#5" [stack: 0x000000d0c8900000,0x000000d0c8a00000] [id=2080]
  0x00000240b8543000 ConcurrentGCThread "G1 Main Marker" [stack: 0x000000d0c6b00000,0x000000d0c6c00000] [id=5620]
  0x00000240b8544000 ConcurrentGCThread "G1 Conc#0" [stack: 0x000000d0c6c00000,0x000000d0c6d00000] [id=3840]
  0x00000240d68f6000 ConcurrentGCThread "G1 Conc#1" [stack: 0x000000d0c8c00000,0x000000d0c8d00000] [id=10692]
  0x00000240d4294800 ConcurrentGCThread "G1 Refine#0" [stack: 0x000000d0c6d00000,0x000000d0c6e00000] [id=5556]
  0x00000240d713a800 ConcurrentGCThread "G1 Refine#1" [stack: 0x000000d0cb300000,0x000000d0cb400000] [id=10908]
  0x00000240da746000 ConcurrentGCThread "G1 Refine#2" [stack: 0x000000d0cb400000,0x000000d0cb500000] [id=6732]
  0x00000240dc5a2000 ConcurrentGCThread "G1 Refine#3" [stack: 0x000000d0cb500000,0x000000d0cb600000] [id=2100]
  0x00000240d4296000 ConcurrentGCThread "G1 Young RemSet Sampling" [stack: 0x000000d0c6e00000,0x000000d0c6f00000] [id=228]

Threads with active compile tasks:
C2 CompilerThread0   8236 10658       4       java.lang.AbstractStringBuilder::append (33 bytes)
C2 CompilerThread1   8236 10708       4       com.android.tools.r8.dex.j::m (2086 bytes)

VM state:at safepoint (normal execution)

VM Mutex/Monitor currently owned by a thread:  ([mutex/lock_event])
[0x00000240b84eee80] Threads_lock - owner thread: 0x00000240d4448800
[0x00000240b84eebb0] Heap_lock - owner thread: 0x00000240d71b1000

Heap address: 0x0000000080000000, size: 2048 MB, Compressed Oops mode: 32-bit
Narrow klass base: 0x0000000000000000, Narrow klass shift: 3
Compressed class space size: 1073741824 Address: 0x0000000100000000

Heap:
 garbage-first heap   total 423936K, used 208350K [0x0000000080000000, 0x0000000100000000)
  region size 1024K, 6 young (6144K), 6 survivors (6144K)
 Metaspace       used 88528K, capacity 90699K, committed 91264K, reserved 1128448K
  class space    used 11439K, capacity 12217K, committed 12416K, reserved 1048576K
Heap Regions: E=young(eden), S=young(survivor), O=old, HS=humongous(starts), HC=humongous(continues), CS=collection set, F=free, A=archive, TAMS=top-at-mark-start (previous, next)
|   0|0x0000000080000000, 0x0000000080100000, 0x0000000080100000|100%| O|  |TAMS 0x0000000080100000, 0x0000000080000000| Updating 
|   1|0x0000000080100000, 0x0000000080200000, 0x0000000080200000|100%| O|  |TAMS 0x0000000080200000, 0x0000000080100000| Updating 
|   2|0x0000000080200000, 0x0000000080300000, 0x0000000080300000|100%| O|  |TAMS 0x0000000080300000, 0x0000000080200000| Updating 
|   3|0x0000000080300000, 0x0000000080400000, 0x0000000080400000|100%|HS|  |TAMS 0x0000000080400000, 0x0000000080300000| Complete 
|   4|0x0000000080400000, 0x0000000080500000, 0x0000000080500000|100%|HC|  |TAMS 0x0000000080500000, 0x0000000080400000| Complete 
|   5|0x0000000080500000, 0x0000000080600000, 0x0000000080600000|100%|HC|  |TAMS 0x0000000080600000, 0x0000000080500000| Complete 
|   6|0x0000000080600000, 0x0000000080700000, 0x0000000080700000|100%| O|  |TAMS 0x0000000080700000, 0x0000000080600000| Updating 
|   7|0x0000000080700000, 0x0000000080800000, 0x0000000080800000|100%| O|  |TAMS 0x0000000080800000, 0x0000000080700000| Updating 
|   8|0x0000000080800000, 0x0000000080900000, 0x0000000080900000|100%| O|  |TAMS 0x0000000080900000, 0x0000000080800000| Updating 
|   9|0x0000000080900000, 0x0000000080a00000, 0x0000000080a00000|100%| O|  |TAMS 0x0000000080a00000, 0x0000000080900000| Updating 
|  10|0x0000000080a00000, 0x0000000080b00000, 0x0000000080b00000|100%| O|  |TAMS 0x0000000080b00000, 0x0000000080a00000| Updating 
|  11|0x0000000080b00000, 0x0000000080c00000, 0x0000000080c00000|100%| O|  |TAMS 0x0000000080c00000, 0x0000000080b00000| Updating 
|  12|0x0000000080c00000, 0x0000000080d00000, 0x0000000080d00000|100%| O|  |TAMS 0x0000000080d00000, 0x0000000080c00000| Updating 
|  13|0x0000000080d00000, 0x0000000080e00000, 0x0000000080e00000|100%| O|  |TAMS 0x0000000080e00000, 0x0000000080d00000| Updating 
|  14|0x0000000080e00000, 0x0000000080f00000, 0x0000000080f00000|100%| O|  |TAMS 0x0000000080f00000, 0x0000000080e00000| Updating 
|  15|0x0000000080f00000, 0x0000000081000000, 0x0000000081000000|100%| O|  |TAMS 0x0000000081000000, 0x0000000080f00000| Updating 
|  16|0x0000000081000000, 0x0000000081100000, 0x0000000081100000|100%| O|  |TAMS 0x0000000081100000, 0x0000000081000000| Updating 
|  17|0x0000000081100000, 0x0000000081200000, 0x0000000081200000|100%|HS|  |TAMS 0x0000000081200000, 0x0000000081100000| Complete 
|  18|0x0000000081200000, 0x0000000081300000, 0x0000000081300000|100%| O|  |TAMS 0x0000000081300000, 0x0000000081200000| Updating 
|  19|0x0000000081300000, 0x0000000081400000, 0x0000000081400000|100%| O|  |TAMS 0x0000000081400000, 0x0000000081300000| Updating 
|  20|0x0000000081400000, 0x0000000081500000, 0x0000000081500000|100%| O|  |TAMS 0x0000000081500000, 0x0000000081400000| Updating 
|  21|0x0000000081500000, 0x0000000081600000, 0x0000000081600000|100%| O|  |TAMS 0x0000000081600000, 0x0000000081500000| Updating 
|  22|0x0000000081600000, 0x0000000081700000, 0x0000000081700000|100%| O|  |TAMS 0x0000000081700000, 0x0000000081600000| Updating 
|  23|0x0000000081700000, 0x0000000081800000, 0x0000000081800000|100%|HS|  |TAMS 0x0000000081800000, 0x0000000081700000| Complete 
|  24|0x0000000081800000, 0x0000000081900000, 0x0000000081900000|100%|HS|  |TAMS 0x0000000081900000, 0x0000000081800000| Complete 
|  25|0x0000000081900000, 0x0000000081a00000, 0x0000000081a00000|100%|HC|  |TAMS 0x0000000081a00000, 0x0000000081900000| Complete 
|  26|0x0000000081a00000, 0x0000000081b00000, 0x0000000081b00000|100%| O|  |TAMS 0x0000000081b00000, 0x0000000081a00000| Updating 
|  27|0x0000000081b00000, 0x0000000081c00000, 0x0000000081c00000|100%| O|  |TAMS 0x0000000081c00000, 0x0000000081b00000| Updating 
|  28|0x0000000081c00000, 0x0000000081d00000, 0x0000000081d00000|100%| O|  |TAMS 0x0000000081d00000, 0x0000000081c00000| Updating 
|  29|0x0000000081d00000, 0x0000000081e00000, 0x0000000081e00000|100%| O|  |TAMS 0x0000000081e00000, 0x0000000081d00000| Updating 
|  30|0x0000000081e00000, 0x0000000081f00000, 0x0000000081f00000|100%| O|  |TAMS 0x0000000081f00000, 0x0000000081e00000| Updating 
|  31|0x0000000081f00000, 0x0000000082000000, 0x0000000082000000|100%| O|  |TAMS 0x0000000082000000, 0x0000000081f00000| Updating 
|  32|0x0000000082000000, 0x0000000082100000, 0x0000000082100000|100%| O|  |TAMS 0x0000000082100000, 0x0000000082000000| Updating 
|  33|0x0000000082100000, 0x0000000082200000, 0x0000000082200000|100%| O|  |TAMS 0x0000000082200000, 0x0000000082100000| Updating 
|  34|0x0000000082200000, 0x0000000082300000, 0x0000000082300000|100%| O|  |TAMS 0x0000000082300000, 0x0000000082200000| Updating 
|  35|0x0000000082300000, 0x0000000082400000, 0x0000000082400000|100%| O|  |TAMS 0x0000000082400000, 0x0000000082300000| Updating 
|  36|0x0000000082400000, 0x0000000082500000, 0x0000000082500000|100%| O|  |TAMS 0x0000000082500000, 0x0000000082400000| Updating 
|  37|0x0000000082500000, 0x0000000082600000, 0x0000000082600000|100%| O|  |TAMS 0x0000000082600000, 0x0000000082500000| Updating 
|  38|0x0000000082600000, 0x0000000082700000, 0x0000000082700000|100%| O|  |TAMS 0x0000000082700000, 0x0000000082600000| Updating 
|  39|0x0000000082700000, 0x0000000082800000, 0x0000000082800000|100%| O|  |TAMS 0x0000000082800000, 0x0000000082700000| Updating 
|  40|0x0000000082800000, 0x0000000082900000, 0x0000000082900000|100%| O|  |TAMS 0x0000000082900000, 0x0000000082800000| Updating 
|  41|0x0000000082900000, 0x0000000082a00000, 0x0000000082a00000|100%| O|  |TAMS 0x0000000082a00000, 0x0000000082900000| Updating 
|  42|0x0000000082a00000, 0x0000000082b00000, 0x0000000082b00000|100%| O|  |TAMS 0x0000000082b00000, 0x0000000082a00000| Updating 
|  43|0x0000000082b00000, 0x0000000082c00000, 0x0000000082c00000|100%| O|  |TAMS 0x0000000082c00000, 0x0000000082b00000| Updating 
|  44|0x0000000082c00000, 0x0000000082d00000, 0x0000000082d00000|100%| O|  |TAMS 0x0000000082d00000, 0x0000000082c00000| Updating 
|  45|0x0000000082d00000, 0x0000000082e00000, 0x0000000082e00000|100%| O|  |TAMS 0x0000000082e00000, 0x0000000082d00000| Updating 
|  46|0x0000000082e00000, 0x0000000082f00000, 0x0000000082f00000|100%| O|  |TAMS 0x0000000082f00000, 0x0000000082e00000| Updating 
|  47|0x0000000082f00000, 0x0000000083000000, 0x0000000083000000|100%| O|  |TAMS 0x0000000083000000, 0x0000000082f00000| Updating 
|  48|0x0000000083000000, 0x0000000083100000, 0x0000000083100000|100%| O|  |TAMS 0x0000000083100000, 0x0000000083000000| Updating 
|  49|0x0000000083100000, 0x0000000083200000, 0x0000000083200000|100%| O|  |TAMS 0x0000000083200000, 0x0000000083100000| Updating 
|  50|0x0000000083200000, 0x0000000083300000, 0x0000000083300000|100%| O|  |TAMS 0x0000000083300000, 0x0000000083200000| Updating 
|  51|0x0000000083300000, 0x0000000083400000, 0x0000000083400000|100%| O|  |TAMS 0x0000000083400000, 0x0000000083300000| Updating 
|  52|0x0000000083400000, 0x0000000083500000, 0x0000000083500000|100%| O|  |TAMS 0x0000000083500000, 0x0000000083400000| Updating 
|  53|0x0000000083500000, 0x0000000083600000, 0x0000000083600000|100%| O|  |TAMS 0x0000000083600000, 0x0000000083500000| Updating 
|  54|0x0000000083600000, 0x0000000083700000, 0x0000000083700000|100%| O|  |TAMS 0x0000000083700000, 0x0000000083600000| Updating 
|  55|0x0000000083700000, 0x0000000083800000, 0x0000000083800000|100%| O|  |TAMS 0x0000000083800000, 0x0000000083700000| Updating 
|  56|0x0000000083800000, 0x0000000083900000, 0x0000000083900000|100%| O|  |TAMS 0x0000000083900000, 0x0000000083800000| Updating 
|  57|0x0000000083900000, 0x0000000083a00000, 0x0000000083a00000|100%| O|  |TAMS 0x0000000083a00000, 0x0000000083900000| Updating 
|  58|0x0000000083a00000, 0x0000000083b00000, 0x0000000083b00000|100%| O|  |TAMS 0x0000000083b00000, 0x0000000083a00000| Updating 
|  59|0x0000000083b00000, 0x0000000083c00000, 0x0000000083c00000|100%| O|  |TAMS 0x0000000083c00000, 0x0000000083b00000| Updating 
|  60|0x0000000083c00000, 0x0000000083d00000, 0x0000000083d00000|100%| O|  |TAMS 0x0000000083d00000, 0x0000000083c00000| Updating 
|  61|0x0000000083d00000, 0x0000000083e00000, 0x0000000083e00000|100%| O|  |TAMS 0x0000000083e00000, 0x0000000083d00000| Updating 
|  62|0x0000000083e00000, 0x0000000083f00000, 0x0000000083f00000|100%| O|  |TAMS 0x0000000083f00000, 0x0000000083e00000| Updating 
|  63|0x0000000083f00000, 0x0000000084000000, 0x0000000084000000|100%| O|  |TAMS 0x0000000084000000, 0x0000000083f00000| Updating 
|  64|0x0000000084000000, 0x0000000084100000, 0x0000000084100000|100%| O|  |TAMS 0x0000000084100000, 0x0000000084000000| Updating 
|  65|0x0000000084100000, 0x0000000084200000, 0x0000000084200000|100%| O|  |TAMS 0x0000000084200000, 0x0000000084100000| Updating 
|  66|0x0000000084200000, 0x0000000084300000, 0x0000000084300000|100%| O|  |TAMS 0x0000000084300000, 0x0000000084200000| Updating 
|  67|0x0000000084300000, 0x0000000084400000, 0x0000000084400000|100%| O|  |TAMS 0x0000000084400000, 0x0000000084300000| Updating 
|  68|0x0000000084400000, 0x0000000084500000, 0x0000000084500000|100%| O|  |TAMS 0x0000000084500000, 0x0000000084400000| Updating 
|  69|0x0000000084500000, 0x0000000084600000, 0x0000000084600000|100%| O|  |TAMS 0x0000000084600000, 0x0000000084500000| Updating 
|  70|0x0000000084600000, 0x0000000084700000, 0x0000000084700000|100%| O|  |TAMS 0x0000000084700000, 0x0000000084600000| Updating 
|  71|0x0000000084700000, 0x0000000084800000, 0x0000000084800000|100%| O|  |TAMS 0x0000000084800000, 0x0000000084700000| Updating 
|  72|0x0000000084800000, 0x0000000084900000, 0x0000000084900000|100%| O|  |TAMS 0x0000000084900000, 0x0000000084800000| Updating 
|  73|0x0000000084900000, 0x0000000084a00000, 0x0000000084a00000|100%|HS|  |TAMS 0x0000000084a00000, 0x0000000084900000| Complete 
|  74|0x0000000084a00000, 0x0000000084b00000, 0x0000000084b00000|100%|HC|  |TAMS 0x0000000084b00000, 0x0000000084a00000| Complete 
|  75|0x0000000084b00000, 0x0000000084c00000, 0x0000000084c00000|100%|HS|  |TAMS 0x0000000084c00000, 0x0000000084b00000| Complete 
|  76|0x0000000084c00000, 0x0000000084d00000, 0x0000000084d00000|100%|HS|  |TAMS 0x0000000084d00000, 0x0000000084c00000| Complete 
|  77|0x0000000084d00000, 0x0000000084e00000, 0x0000000084e00000|100%|HS|  |TAMS 0x0000000084e00000, 0x0000000084d00000| Complete 
|  78|0x0000000084e00000, 0x0000000084f00000, 0x0000000084f00000|100%|HS|  |TAMS 0x0000000084f00000, 0x0000000084e00000| Complete 
|  79|0x0000000084f00000, 0x0000000085000000, 0x0000000085000000|100%|HC|  |TAMS 0x0000000085000000, 0x0000000084f00000| Complete 
|  80|0x0000000085000000, 0x0000000085100000, 0x0000000085100000|100%|HS|  |TAMS 0x0000000085100000, 0x0000000085000000| Complete 
|  81|0x0000000085100000, 0x0000000085200000, 0x0000000085200000|100%|HS|  |TAMS 0x0000000085200000, 0x0000000085100000| Complete 
|  82|0x0000000085200000, 0x0000000085300000, 0x0000000085300000|100%|HC|  |TAMS 0x0000000085300000, 0x0000000085200000| Complete 
|  83|0x0000000085300000, 0x0000000085400000, 0x0000000085400000|100%|HC|  |TAMS 0x0000000085400000, 0x0000000085300000| Complete 
|  84|0x0000000085400000, 0x0000000085500000, 0x0000000085500000|100%|HC|  |TAMS 0x0000000085500000, 0x0000000085400000| Complete 
|  85|0x0000000085500000, 0x0000000085600000, 0x0000000085600000|100%|HS|  |TAMS 0x0000000085600000, 0x0000000085500000| Complete 
|  86|0x0000000085600000, 0x0000000085700000, 0x0000000085700000|100%|HS|  |TAMS 0x0000000085700000, 0x0000000085600000| Complete 
|  87|0x0000000085700000, 0x0000000085800000, 0x0000000085800000|100%|HS|  |TAMS 0x0000000085800000, 0x0000000085700000| Complete 
|  88|0x0000000085800000, 0x0000000085900000, 0x0000000085900000|100%|HS|  |TAMS 0x0000000085900000, 0x0000000085800000| Complete 
|  89|0x0000000085900000, 0x0000000085a00000, 0x0000000085a00000|100%|HC|  |TAMS 0x0000000085a00000, 0x0000000085900000| Complete 
|  90|0x0000000085a00000, 0x0000000085b00000, 0x0000000085b00000|100%|HS|  |TAMS 0x0000000085b00000, 0x0000000085a00000| Complete 
|  91|0x0000000085b00000, 0x0000000085c00000, 0x0000000085c00000|100%|HC|  |TAMS 0x0000000085c00000, 0x0000000085b00000| Complete 
|  92|0x0000000085c00000, 0x0000000085d00000, 0x0000000085d00000|100%|HC|  |TAMS 0x0000000085d00000, 0x0000000085c00000| Complete 
|  93|0x0000000085d00000, 0x0000000085e00000, 0x0000000085e00000|100%|HS|  |TAMS 0x0000000085e00000, 0x0000000085d00000| Complete 
|  94|0x0000000085e00000, 0x0000000085f00000, 0x0000000085f00000|100%|HS|  |TAMS 0x0000000085f00000, 0x0000000085e00000| Complete 
|  95|0x0000000085f00000, 0x0000000086000000, 0x0000000086000000|100%|HS|  |TAMS 0x0000000086000000, 0x0000000085f00000| Complete 
|  96|0x0000000086000000, 0x0000000086100000, 0x0000000086100000|100%|HC|  |TAMS 0x0000000086100000, 0x0000000086000000| Complete 
|  97|0x0000000086100000, 0x0000000086200000, 0x0000000086200000|100%|HC|  |TAMS 0x0000000086200000, 0x0000000086100000| Complete 
|  98|0x0000000086200000, 0x0000000086300000, 0x0000000086300000|100%|HS|  |TAMS 0x0000000086300000, 0x0000000086200000| Complete 
|  99|0x0000000086300000, 0x0000000086400000, 0x0000000086400000|100%|HS|  |TAMS 0x0000000086400000, 0x0000000086300000| Complete 
| 100|0x0000000086400000, 0x0000000086500000, 0x0000000086500000|100%|HS|  |TAMS 0x0000000086500000, 0x0000000086400000| Complete 
| 101|0x0000000086500000, 0x0000000086600000, 0x0000000086600000|100%|HC|  |TAMS 0x0000000086600000, 0x0000000086500000| Complete 
| 102|0x0000000086600000, 0x0000000086700000, 0x0000000086700000|100%|HS|  |TAMS 0x0000000086600000, 0x0000000086600000| Complete 
| 103|0x0000000086700000, 0x0000000086800000, 0x0000000086800000|100%|HS|  |TAMS 0x0000000086800000, 0x0000000086700000| Complete 
| 104|0x0000000086800000, 0x0000000086900000, 0x0000000086900000|100%|HS|  |TAMS 0x0000000086900000, 0x0000000086800000| Complete 
| 105|0x0000000086900000, 0x0000000086a00000, 0x0000000086a00000|100%|HS|  |TAMS 0x0000000086a00000, 0x0000000086900000| Complete 
| 106|0x0000000086a00000, 0x0000000086b00000, 0x0000000086b00000|100%| O|  |TAMS 0x0000000086a00000, 0x0000000086a00000| Untracked 
| 107|0x0000000086b00000, 0x0000000086c00000, 0x0000000086c00000|100%|HS|  |TAMS 0x0000000086c00000, 0x0000000086b00000| Complete 
| 108|0x0000000086c00000, 0x0000000086d00000, 0x0000000086d00000|100%|HS|  |TAMS 0x0000000086d00000, 0x0000000086c00000| Complete 
| 109|0x0000000086d00000, 0x0000000086e00000, 0x0000000086e00000|100%|HC|  |TAMS 0x0000000086e00000, 0x0000000086d00000| Complete 
| 110|0x0000000086e00000, 0x0000000086f00000, 0x0000000086f00000|100%|HC|  |TAMS 0x0000000086f00000, 0x0000000086e00000| Complete 
| 111|0x0000000086f00000, 0x0000000087000000, 0x0000000087000000|100%|HC|  |TAMS 0x0000000087000000, 0x0000000086f00000| Complete 
| 112|0x0000000087000000, 0x0000000087100000, 0x0000000087100000|100%|HS|  |TAMS 0x0000000087100000, 0x0000000087000000| Complete 
| 113|0x0000000087100000, 0x0000000087200000, 0x0000000087200000|100%|HS|  |TAMS 0x0000000087200000, 0x0000000087100000| Complete 
| 114|0x0000000087200000, 0x0000000087300000, 0x0000000087300000|100%| O|  |TAMS 0x0000000087300000, 0x0000000087200000| Updating 
| 115|0x0000000087300000, 0x0000000087400000, 0x0000000087400000|100%|HS|  |TAMS 0x0000000087400000, 0x0000000087300000| Complete 
| 116|0x0000000087400000, 0x0000000087500000, 0x0000000087500000|100%|HC|  |TAMS 0x0000000087500000, 0x0000000087400000| Complete 
| 117|0x0000000087500000, 0x0000000087600000, 0x0000000087600000|100%| O|  |TAMS 0x0000000087600000, 0x0000000087500000| Updating 
| 118|0x0000000087600000, 0x0000000087700000, 0x0000000087700000|100%|HS|  |TAMS 0x0000000087700000, 0x0000000087600000| Complete 
| 119|0x0000000087700000, 0x0000000087800000, 0x0000000087800000|100%|HS|  |TAMS 0x0000000087800000, 0x0000000087700000| Complete 
| 120|0x0000000087800000, 0x0000000087900000, 0x0000000087900000|100%|HC|  |TAMS 0x0000000087900000, 0x0000000087800000| Complete 
| 121|0x0000000087900000, 0x0000000087a00000, 0x0000000087a00000|100%|HS|  |TAMS 0x0000000087a00000, 0x0000000087900000| Complete 
| 122|0x0000000087a00000, 0x0000000087b00000, 0x0000000087b00000|100%| O|  |TAMS 0x0000000087b00000, 0x0000000087a00000| Updating 
| 123|0x0000000087b00000, 0x0000000087c00000, 0x0000000087c00000|100%| O|  |TAMS 0x0000000087c00000, 0x0000000087b00000| Updating 
| 124|0x0000000087c00000, 0x0000000087d00000, 0x0000000087d00000|100%| O|  |TAMS 0x0000000087d00000, 0x0000000087c00000| Updating 
| 125|0x0000000087d00000, 0x0000000087e00000, 0x0000000087e00000|100%| O|  |TAMS 0x0000000087e00000, 0x0000000087d00000| Updating 
| 126|0x0000000087e00000, 0x0000000087f00000, 0x0000000087f00000|100%| O|  |TAMS 0x0000000087f00000, 0x0000000087e00000| Updating 
| 127|0x0000000087f00000, 0x0000000088000000, 0x0000000088000000|100%| O|  |TAMS 0x0000000088000000, 0x0000000087f00000| Updating 
| 128|0x0000000088000000, 0x0000000088100000, 0x0000000088100000|100%| O|  |TAMS 0x0000000088100000, 0x0000000088000000| Updating 
| 129|0x0000000088100000, 0x0000000088200000, 0x0000000088200000|100%| O|  |TAMS 0x0000000088200000, 0x0000000088100000| Updating 
| 130|0x0000000088200000, 0x0000000088300000, 0x0000000088300000|100%| O|  |TAMS 0x0000000088300000, 0x0000000088200000| Updating 
| 131|0x0000000088300000, 0x0000000088400000, 0x0000000088400000|100%| O|  |TAMS 0x0000000088400000, 0x0000000088300000| Updating 
| 132|0x0000000088400000, 0x0000000088500000, 0x0000000088500000|100%| O|  |TAMS 0x0000000088500000, 0x0000000088400000| Updating 
| 133|0x0000000088500000, 0x0000000088600000, 0x0000000088600000|100%| O|  |TAMS 0x0000000088600000, 0x0000000088500000| Updating 
| 134|0x0000000088600000, 0x0000000088700000, 0x0000000088700000|100%| O|  |TAMS 0x0000000088700000, 0x0000000088600000| Updating 
| 135|0x0000000088700000, 0x0000000088800000, 0x0000000088800000|100%| O|  |TAMS 0x0000000088800000, 0x0000000088700000| Updating 
| 136|0x0000000088800000, 0x0000000088900000, 0x0000000088900000|100%| O|  |TAMS 0x0000000088900000, 0x0000000088800000| Updating 
| 137|0x0000000088900000, 0x0000000088a00000, 0x0000000088a00000|100%| O|  |TAMS 0x0000000088a00000, 0x0000000088900000| Updating 
| 138|0x0000000088a00000, 0x0000000088b00000, 0x0000000088b00000|100%|HS|  |TAMS 0x0000000088b00000, 0x0000000088a00000| Complete 
| 139|0x0000000088b00000, 0x0000000088c00000, 0x0000000088c00000|100%|HC|  |TAMS 0x0000000088c00000, 0x0000000088b00000| Complete 
| 140|0x0000000088c00000, 0x0000000088d00000, 0x0000000088d00000|100%|HC|  |TAMS 0x0000000088d00000, 0x0000000088c00000| Complete 
| 141|0x0000000088d00000, 0x0000000088e00000, 0x0000000088e00000|100%|HS|  |TAMS 0x0000000088e00000, 0x0000000088d00000| Complete 
| 142|0x0000000088e00000, 0x0000000088f00000, 0x0000000088f00000|100%| O|  |TAMS 0x0000000088f00000, 0x0000000088e00000| Updating 
| 143|0x0000000088f00000, 0x0000000089000000, 0x0000000089000000|100%| O|  |TAMS 0x0000000089000000, 0x0000000088f00000| Updating 
| 144|0x0000000089000000, 0x0000000089100000, 0x0000000089100000|100%| O|  |TAMS 0x0000000089100000, 0x0000000089000000| Updating 
| 145|0x0000000089100000, 0x0000000089200000, 0x0000000089200000|100%|HS|  |TAMS 0x0000000089200000, 0x0000000089100000| Complete 
| 146|0x0000000089200000, 0x0000000089300000, 0x0000000089300000|100%|HC|  |TAMS 0x0000000089300000, 0x0000000089200000| Complete 
| 147|0x0000000089300000, 0x0000000089400000, 0x0000000089400000|100%|HC|  |TAMS 0x0000000089400000, 0x0000000089300000| Complete 
| 148|0x0000000089400000, 0x0000000089500000, 0x0000000089500000|100%| O|  |TAMS 0x0000000089500000, 0x0000000089400000| Updating 
| 149|0x0000000089500000, 0x0000000089600000, 0x0000000089600000|100%| O|  |TAMS 0x0000000089600000, 0x0000000089500000| Updating 
| 150|0x0000000089600000, 0x0000000089700000, 0x0000000089700000|100%| O|  |TAMS 0x0000000089700000, 0x0000000089600000| Updating 
| 151|0x0000000089700000, 0x0000000089800000, 0x0000000089800000|100%| O|  |TAMS 0x0000000089800000, 0x0000000089700000| Updating 
| 152|0x0000000089800000, 0x0000000089900000, 0x0000000089900000|100%| O|  |TAMS 0x0000000089900000, 0x0000000089800000| Updating 
| 153|0x0000000089900000, 0x0000000089a00000, 0x0000000089a00000|100%| O|  |TAMS 0x0000000089a00000, 0x0000000089900000| Updating 
| 154|0x0000000089a00000, 0x0000000089b00000, 0x0000000089b00000|100%| O|  |TAMS 0x0000000089b00000, 0x0000000089a00000| Updating 
| 155|0x0000000089b00000, 0x0000000089c00000, 0x0000000089c00000|100%| O|  |TAMS 0x0000000089c00000, 0x0000000089b00000| Updating 
| 156|0x0000000089c00000, 0x0000000089d00000, 0x0000000089d00000|100%| O|  |TAMS 0x0000000089d00000, 0x0000000089c00000| Updating 
| 157|0x0000000089d00000, 0x0000000089e00000, 0x0000000089e00000|100%| O|  |TAMS 0x0000000089e00000, 0x0000000089d00000| Updating 
| 158|0x0000000089e00000, 0x0000000089f00000, 0x0000000089f00000|100%| O|  |TAMS 0x0000000089f00000, 0x0000000089e00000| Updating 
| 159|0x0000000089f00000, 0x000000008a000000, 0x000000008a000000|100%| O|  |TAMS 0x000000008a000000, 0x0000000089f00000| Updating 
| 160|0x000000008a000000, 0x000000008a100000, 0x000000008a100000|100%| O|  |TAMS 0x000000008a100000, 0x000000008a000000| Updating 
| 161|0x000000008a100000, 0x000000008a200000, 0x000000008a200000|100%| O|  |TAMS 0x000000008a200000, 0x000000008a100000| Updating 
| 162|0x000000008a200000, 0x000000008a300000, 0x000000008a300000|100%| O|  |TAMS 0x000000008a300000, 0x000000008a200000| Updating 
| 163|0x000000008a300000, 0x000000008a400000, 0x000000008a400000|100%| O|  |TAMS 0x000000008a400000, 0x000000008a300000| Updating 
| 164|0x000000008a400000, 0x000000008a500000, 0x000000008a500000|100%| O|  |TAMS 0x000000008a500000, 0x000000008a400000| Updating 
| 165|0x000000008a500000, 0x000000008a600000, 0x000000008a600000|100%| O|  |TAMS 0x000000008a600000, 0x000000008a500000| Updating 
| 166|0x000000008a600000, 0x000000008a700000, 0x000000008a700000|100%| O|  |TAMS 0x000000008a700000, 0x000000008a600000| Updating 
| 167|0x000000008a700000, 0x000000008a800000, 0x000000008a800000|100%| O|  |TAMS 0x000000008a7a1400, 0x000000008a700000| Updating 
| 168|0x000000008a800000, 0x000000008a900000, 0x000000008a900000|100%|HS|  |TAMS 0x000000008a800000, 0x000000008a800000| Complete 
| 169|0x000000008a900000, 0x000000008aa00000, 0x000000008aa00000|100%|HC|  |TAMS 0x000000008a900000, 0x000000008a900000| Complete 
| 170|0x000000008aa00000, 0x000000008ab00000, 0x000000008ab00000|100%|HS|  |TAMS 0x000000008aa00000, 0x000000008aa00000| Complete 
| 171|0x000000008ab00000, 0x000000008ac00000, 0x000000008ac00000|100%|HC|  |TAMS 0x000000008ab00000, 0x000000008ab00000| Complete 
| 172|0x000000008ac00000, 0x000000008ad00000, 0x000000008ad00000|100%| O|  |TAMS 0x000000008ac00000, 0x000000008ac00000| Untracked 
| 173|0x000000008ad00000, 0x000000008ae00000, 0x000000008ae00000|100%| O|  |TAMS 0x000000008ad00000, 0x000000008ad00000| Untracked 
| 174|0x000000008ae00000, 0x000000008af00000, 0x000000008af00000|100%| O|  |TAMS 0x000000008ae00000, 0x000000008ae00000| Untracked 
| 175|0x000000008af00000, 0x000000008b000000, 0x000000008b000000|100%| O|  |TAMS 0x000000008af00000, 0x000000008af00000| Untracked 
| 176|0x000000008b000000, 0x000000008b100000, 0x000000008b100000|100%| O|  |TAMS 0x000000008b000000, 0x000000008b000000| Untracked 
| 177|0x000000008b100000, 0x000000008b200000, 0x000000008b200000|100%| O|  |TAMS 0x000000008b100000, 0x000000008b100000| Untracked 
| 178|0x000000008b200000, 0x000000008b300000, 0x000000008b300000|100%| O|  |TAMS 0x000000008b300000, 0x000000008b200000| Updating 
| 179|0x000000008b300000, 0x000000008b400000, 0x000000008b400000|100%| O|  |TAMS 0x000000008b400000, 0x000000008b300000| Updating 
| 180|0x000000008b400000, 0x000000008b500000, 0x000000008b500000|100%| O|  |TAMS 0x000000008b500000, 0x000000008b400000| Updating 
| 181|0x000000008b500000, 0x000000008b600000, 0x000000008b600000|100%| O|  |TAMS 0x000000008b600000, 0x000000008b500000| Updating 
| 182|0x000000008b600000, 0x000000008b700000, 0x000000008b700000|100%| O|  |TAMS 0x000000008b700000, 0x000000008b600000| Updating 
| 183|0x000000008b700000, 0x000000008b800000, 0x000000008b800000|100%| O|  |TAMS 0x000000008b800000, 0x000000008b700000| Updating 
| 184|0x000000008b800000, 0x000000008b900000, 0x000000008b900000|100%| O|  |TAMS 0x000000008b900000, 0x000000008b800000| Updating 
| 185|0x000000008b900000, 0x000000008ba00000, 0x000000008ba00000|100%| O|  |TAMS 0x000000008ba00000, 0x000000008b900000| Updating 
| 186|0x000000008ba00000, 0x000000008bb00000, 0x000000008bb00000|100%| O|  |TAMS 0x000000008bb00000, 0x000000008ba00000| Updating 
| 187|0x000000008bb00000, 0x000000008bc00000, 0x000000008bc00000|100%| O|  |TAMS 0x000000008bc00000, 0x000000008bb00000| Updating 
| 188|0x000000008bc00000, 0x000000008bd00000, 0x000000008bd00000|100%| O|  |TAMS 0x000000008bc00000, 0x000000008bc00000| Untracked 
| 189|0x000000008bd00000, 0x000000008be00000, 0x000000008be00000|100%| O|  |TAMS 0x000000008bd00000, 0x000000008bd00000| Untracked 
| 190|0x000000008be00000, 0x000000008bf00000, 0x000000008bf00000|100%| O|  |TAMS 0x000000008be00000, 0x000000008be00000| Untracked 
| 191|0x000000008bf00000, 0x000000008c000000, 0x000000008c000000|100%| O|  |TAMS 0x000000008bf00000, 0x000000008bf00000| Untracked 
| 192|0x000000008c000000, 0x000000008c100000, 0x000000008c100000|100%| O|  |TAMS 0x000000008c000000, 0x000000008c000000| Untracked 
| 193|0x000000008c100000, 0x000000008c200000, 0x000000008c200000|100%| O|  |TAMS 0x000000008c100000, 0x000000008c100000| Untracked 
| 194|0x000000008c200000, 0x000000008c300000, 0x000000008c300000|100%| O|  |TAMS 0x000000008c200000, 0x000000008c200000| Untracked 
| 195|0x000000008c300000, 0x000000008c400000, 0x000000008c400000|100%| O|  |TAMS 0x000000008c300000, 0x000000008c300000| Untracked 
| 196|0x000000008c400000, 0x000000008c500000, 0x000000008c500000|100%| O|  |TAMS 0x000000008c400000, 0x000000008c400000| Untracked 
| 197|0x000000008c500000, 0x000000008c577800, 0x000000008c600000| 46%| O|  |TAMS 0x000000008c500000, 0x000000008c500000| Untracked 
| 198|0x000000008c600000, 0x000000008c600000, 0x000000008c700000|  0%| F|  |TAMS 0x000000008c600000, 0x000000008c600000| Untracked 
| 199|0x000000008c700000, 0x000000008c700000, 0x000000008c800000|  0%| F|  |TAMS 0x000000008c700000, 0x000000008c700000| Untracked 
| 200|0x000000008c800000, 0x000000008c800000, 0x000000008c900000|  0%| F|  |TAMS 0x000000008c800000, 0x000000008c800000| Untracked 
| 201|0x000000008c900000, 0x000000008c900000, 0x000000008ca00000|  0%| F|  |TAMS 0x000000008c900000, 0x000000008c900000| Untracked 
| 202|0x000000008ca00000, 0x000000008ca00000, 0x000000008cb00000|  0%| F|  |TAMS 0x000000008ca00000, 0x000000008ca00000| Untracked 
| 203|0x000000008cb00000, 0x000000008cb00000, 0x000000008cc00000|  0%| F|  |TAMS 0x000000008cb00000, 0x000000008cb00000| Untracked 
| 204|0x000000008cc00000, 0x000000008cc00000, 0x000000008cd00000|  0%| F|  |TAMS 0x000000008cc00000, 0x000000008cc00000| Untracked 
| 205|0x000000008cd00000, 0x000000008cd00000, 0x000000008ce00000|  0%| F|  |TAMS 0x000000008cd00000, 0x000000008cd00000| Untracked 
| 206|0x000000008ce00000, 0x000000008ce00000, 0x000000008cf00000|  0%| F|  |TAMS 0x000000008ce00000, 0x000000008ce00000| Untracked 
| 207|0x000000008cf00000, 0x000000008cf00000, 0x000000008d000000|  0%| F|  |TAMS 0x000000008cf00000, 0x000000008cf00000| Untracked 
| 208|0x000000008d000000, 0x000000008d000000, 0x000000008d100000|  0%| F|  |TAMS 0x000000008d000000, 0x000000008d000000| Untracked 
| 209|0x000000008d100000, 0x000000008d100000, 0x000000008d200000|  0%| F|  |TAMS 0x000000008d100000, 0x000000008d100000| Untracked 
| 210|0x000000008d200000, 0x000000008d200000, 0x000000008d300000|  0%| F|  |TAMS 0x000000008d200000, 0x000000008d200000| Untracked 
| 211|0x000000008d300000, 0x000000008d300000, 0x000000008d400000|  0%| F|  |TAMS 0x000000008d300000, 0x000000008d300000| Untracked 
| 212|0x000000008d400000, 0x000000008d400000, 0x000000008d500000|  0%| F|  |TAMS 0x000000008d400000, 0x000000008d400000| Untracked 
| 213|0x000000008d500000, 0x000000008d500000, 0x000000008d600000|  0%| F|  |TAMS 0x000000008d500000, 0x000000008d500000| Untracked 
| 214|0x000000008d600000, 0x000000008d600000, 0x000000008d700000|  0%| F|  |TAMS 0x000000008d600000, 0x000000008d600000| Untracked 
| 215|0x000000008d700000, 0x000000008d700000, 0x000000008d800000|  0%| F|  |TAMS 0x000000008d700000, 0x000000008d700000| Untracked 
| 216|0x000000008d800000, 0x000000008d800000, 0x000000008d900000|  0%| F|  |TAMS 0x000000008d800000, 0x000000008d800000| Untracked 
| 217|0x000000008d900000, 0x000000008d900000, 0x000000008da00000|  0%| F|  |TAMS 0x000000008d900000, 0x000000008d900000| Untracked 
| 218|0x000000008da00000, 0x000000008da00000, 0x000000008db00000|  0%| F|  |TAMS 0x000000008da00000, 0x000000008da00000| Untracked 
| 219|0x000000008db00000, 0x000000008db00000, 0x000000008dc00000|  0%| F|  |TAMS 0x000000008db00000, 0x000000008db00000| Untracked 
| 220|0x000000008dc00000, 0x000000008dc00000, 0x000000008dd00000|  0%| F|  |TAMS 0x000000008dc00000, 0x000000008dc00000| Untracked 
| 221|0x000000008dd00000, 0x000000008de00000, 0x000000008de00000|100%| S|CS|TAMS 0x000000008dd00000, 0x000000008dd00000| Complete 
| 222|0x000000008de00000, 0x000000008df00000, 0x000000008df00000|100%| S|CS|TAMS 0x000000008de00000, 0x000000008de00000| Complete 
| 223|0x000000008df00000, 0x000000008e000000, 0x000000008e000000|100%| S|CS|TAMS 0x000000008df00000, 0x000000008df00000| Complete 
| 224|0x000000008e000000, 0x000000008e100000, 0x000000008e100000|100%| S|CS|TAMS 0x000000008e000000, 0x000000008e000000| Complete 
| 225|0x000000008e100000, 0x000000008e100000, 0x000000008e200000|  0%| F|  |TAMS 0x000000008e100000, 0x000000008e100000| Untracked 
| 226|0x000000008e200000, 0x000000008e200000, 0x000000008e300000|  0%| F|  |TAMS 0x000000008e200000, 0x000000008e200000| Untracked 
| 227|0x000000008e300000, 0x000000008e300000, 0x000000008e400000|  0%| F|  |TAMS 0x000000008e300000, 0x000000008e300000| Untracked 
| 228|0x000000008e400000, 0x000000008e400000, 0x000000008e500000|  0%| F|  |TAMS 0x000000008e400000, 0x000000008e400000| Untracked 
| 229|0x000000008e500000, 0x000000008e500000, 0x000000008e600000|  0%| F|  |TAMS 0x000000008e500000, 0x000000008e500000| Untracked 
| 230|0x000000008e600000, 0x000000008e600000, 0x000000008e700000|  0%| F|  |TAMS 0x000000008e600000, 0x000000008e600000| Untracked 
| 231|0x000000008e700000, 0x000000008e700000, 0x000000008e800000|  0%| F|  |TAMS 0x000000008e700000, 0x000000008e700000| Untracked 
| 232|0x000000008e800000, 0x000000008e800000, 0x000000008e900000|  0%| F|  |TAMS 0x000000008e800000, 0x000000008e800000| Untracked 
| 233|0x000000008e900000, 0x000000008ea00000, 0x000000008ea00000|100%| S|CS|TAMS 0x000000008e900000, 0x000000008e900000| Complete 
| 234|0x000000008ea00000, 0x000000008eb00000, 0x000000008eb00000|100%| S|CS|TAMS 0x000000008ea00000, 0x000000008ea00000| Complete 
| 235|0x000000008eb00000, 0x000000008eb00000, 0x000000008ec00000|  0%| F|  |TAMS 0x000000008eb00000, 0x000000008eb00000| Untracked 
| 236|0x000000008ec00000, 0x000000008ec00000, 0x000000008ed00000|  0%| F|  |TAMS 0x000000008ec00000, 0x000000008ec00000| Untracked 
| 237|0x000000008ed00000, 0x000000008ed00000, 0x000000008ee00000|  0%| F|  |TAMS 0x000000008ed00000, 0x000000008ed00000| Untracked 
| 238|0x000000008ee00000, 0x000000008ee00000, 0x000000008ef00000|  0%| F|  |TAMS 0x000000008ee00000, 0x000000008ee00000| Untracked 
| 239|0x000000008ef00000, 0x000000008ef00000, 0x000000008f000000|  0%| F|  |TAMS 0x000000008ef00000, 0x000000008ef00000| Untracked 
| 240|0x000000008f000000, 0x000000008f000000, 0x000000008f100000|  0%| F|  |TAMS 0x000000008f000000, 0x000000008f000000| Untracked 
| 241|0x000000008f100000, 0x000000008f100000, 0x000000008f200000|  0%| F|  |TAMS 0x000000008f100000, 0x000000008f100000| Untracked 
| 242|0x000000008f200000, 0x000000008f200000, 0x000000008f300000|  0%| F|  |TAMS 0x000000008f200000, 0x000000008f200000| Untracked 
| 243|0x000000008f300000, 0x000000008f300000, 0x000000008f400000|  0%| F|  |TAMS 0x000000008f300000, 0x000000008f300000| Untracked 
| 244|0x000000008f400000, 0x000000008f400000, 0x000000008f500000|  0%| F|  |TAMS 0x000000008f400000, 0x000000008f400000| Untracked 
| 245|0x000000008f500000, 0x000000008f500000, 0x000000008f600000|  0%| F|  |TAMS 0x000000008f500000, 0x000000008f500000| Untracked 
| 246|0x000000008f600000, 0x000000008f600000, 0x000000008f700000|  0%| F|  |TAMS 0x000000008f600000, 0x000000008f600000| Untracked 
| 247|0x000000008f700000, 0x000000008f700000, 0x000000008f800000|  0%| F|  |TAMS 0x000000008f700000, 0x000000008f700000| Untracked 
| 248|0x000000008f800000, 0x000000008f800000, 0x000000008f900000|  0%| F|  |TAMS 0x000000008f800000, 0x000000008f800000| Untracked 
| 249|0x000000008f900000, 0x000000008f900000, 0x000000008fa00000|  0%| F|  |TAMS 0x000000008f900000, 0x000000008f900000| Untracked 
| 250|0x000000008fa00000, 0x000000008fa00000, 0x000000008fb00000|  0%| F|  |TAMS 0x000000008fa00000, 0x000000008fa00000| Untracked 
| 251|0x000000008fb00000, 0x000000008fb00000, 0x000000008fc00000|  0%| F|  |TAMS 0x000000008fb00000, 0x000000008fb00000| Untracked 
| 252|0x000000008fc00000, 0x000000008fc00000, 0x000000008fd00000|  0%| F|  |TAMS 0x000000008fc00000, 0x000000008fc00000| Untracked 
| 253|0x000000008fd00000, 0x000000008fd00000, 0x000000008fe00000|  0%| F|  |TAMS 0x000000008fd00000, 0x000000008fd00000| Untracked 
| 254|0x000000008fe00000, 0x000000008fe00000, 0x000000008ff00000|  0%| F|  |TAMS 0x000000008fe00000, 0x000000008fe00000| Untracked 
| 255|0x000000008ff00000, 0x000000008ff00000, 0x0000000090000000|  0%| F|  |TAMS 0x000000008ff00000, 0x000000008ff00000| Untracked 
| 256|0x0000000090000000, 0x0000000090000000, 0x0000000090100000|  0%| F|  |TAMS 0x0000000090000000, 0x0000000090000000| Untracked 
| 257|0x0000000090100000, 0x0000000090100000, 0x0000000090200000|  0%| F|  |TAMS 0x0000000090100000, 0x0000000090100000| Untracked 
| 258|0x0000000090200000, 0x0000000090200000, 0x0000000090300000|  0%| F|  |TAMS 0x0000000090200000, 0x0000000090200000| Untracked 
| 259|0x0000000090300000, 0x0000000090300000, 0x0000000090400000|  0%| F|  |TAMS 0x0000000090300000, 0x0000000090300000| Untracked 
| 260|0x0000000090400000, 0x0000000090400000, 0x0000000090500000|  0%| F|  |TAMS 0x0000000090400000, 0x0000000090400000| Untracked 
| 261|0x0000000090500000, 0x0000000090500000, 0x0000000090600000|  0%| F|  |TAMS 0x0000000090500000, 0x0000000090500000| Untracked 
| 262|0x0000000090600000, 0x0000000090600000, 0x0000000090700000|  0%| F|  |TAMS 0x0000000090600000, 0x0000000090600000| Untracked 
| 263|0x0000000090700000, 0x0000000090700000, 0x0000000090800000|  0%| F|  |TAMS 0x0000000090700000, 0x0000000090700000| Untracked 
| 264|0x0000000090800000, 0x0000000090800000, 0x0000000090900000|  0%| F|  |TAMS 0x0000000090800000, 0x0000000090800000| Untracked 
| 265|0x0000000090900000, 0x0000000090900000, 0x0000000090a00000|  0%| F|  |TAMS 0x0000000090900000, 0x0000000090900000| Untracked 
| 266|0x0000000090a00000, 0x0000000090a00000, 0x0000000090b00000|  0%| F|  |TAMS 0x0000000090a00000, 0x0000000090a00000| Untracked 
| 267|0x0000000090b00000, 0x0000000090b00000, 0x0000000090c00000|  0%| F|  |TAMS 0x0000000090b00000, 0x0000000090b00000| Untracked 
| 268|0x0000000090c00000, 0x0000000090c00000, 0x0000000090d00000|  0%| F|  |TAMS 0x0000000090c00000, 0x0000000090c00000| Untracked 

Card table byte_map: [0x00000240cd390000,0x00000240cd790000] _byte_map_base: 0x00000240ccf90000

Marking Bits (Prev, Next): (CMBitMap*) 0x00000240b8539f20, (CMBitMap*) 0x00000240b8539ee8
 Prev Bits: [0x00000240cfb90000, 0x00000240d1b90000)
 Next Bits: [0x00000240cdb90000, 0x00000240cfb90000)

Polling page: 0x00000240bd710000

Metaspace:

Usage:
  Non-class:     76.64 MB capacity,    75.28 MB ( 98%) used,     1.12 MB (  1%) free+waste,   244.63 KB ( <1%) overhead. 
      Class:     11.93 MB capacity,    11.17 MB ( 94%) used,   667.55 KB (  5%) free+waste,   109.81 KB ( <1%) overhead. 
       Both:     88.57 MB capacity,    86.45 MB ( 98%) used,     1.77 MB (  2%) free+waste,   354.44 KB ( <1%) overhead. 

Virtual space:
  Non-class space:       78.00 MB reserved,      77.00 MB ( 99%) committed 
      Class space:        1.00 GB reserved,      12.13 MB (  1%) committed 
             Both:        1.08 GB reserved,      89.13 MB (  8%) committed 

Chunk freelists:
   Non-Class:  302.00 KB
       Class:  167.00 KB
        Both:  469.00 KB

MaxMetaspaceSize: 17179869184.00 GB
CompressedClassSpaceSize: 1.00 GB

CodeHeap 'non-profiled nmethods': size=120064Kb used=5530Kb max_used=5530Kb free=114534Kb
 bounds [0x00000240c51f0000, 0x00000240c5760000, 0x00000240cc730000]
CodeHeap 'profiled nmethods': size=120000Kb used=20877Kb max_used=20877Kb free=99122Kb
 bounds [0x00000240bdcc0000, 0x00000240bf130000, 0x00000240c51f0000]
CodeHeap 'non-nmethods': size=5696Kb used=2300Kb max_used=2346Kb free=3395Kb
 bounds [0x00000240bd730000, 0x00000240bd9a0000, 0x00000240bdcc0000]
 total_blobs=11490 nmethods=10589 adapters=812
 compilation: enabled
              stopped_count=0, restarted_count=0
 full_count=0

Compilation events (20 events):
Event: 8.095 Thread 0x00000240d4fe7800 nmethod 10693 0x00000240c574a690 code [0x00000240c574a8e0, 0x00000240c574c2e0]
Event: 8.095 Thread 0x00000240d4fe7800 10662       4       java.lang.Long::parseLong (267 bytes)
Event: 8.099 Thread 0x00000240d4fe7800 nmethod 10662 0x00000240c574ce90 code [0x00000240c574d060, 0x00000240c574d598]
Event: 8.099 Thread 0x00000240d4fe7800 10677       4       jdk.internal.util.ArraysSupport::mismatch (73 bytes)
Event: 8.100 Thread 0x00000240d4fe7800 nmethod 10677 0x00000240c574da90 code [0x00000240c574dc20, 0x00000240c574ddf8]
Event: 8.101 Thread 0x00000240d4fe7800 10699 %     4       com.android.tools.r8.dex.j::m @ 1438 (2086 bytes)
Event: 8.122 Thread 0x00000240d4fe7800 nmethod 10699% 0x00000240c574df90 code [0x00000240c574e200, 0x00000240c574f0d0]
Event: 8.122 Thread 0x00000240d4fe7800 10707       4       com.android.tools.r8.internal.Ah::get (106 bytes)
Event: 8.123 Thread 0x00000240d4fe7800 nmethod 10707 0x00000240c574ff10 code [0x00000240c57500c0, 0x00000240c5750298]
Event: 8.123 Thread 0x00000240d4fe7800 10708       4       com.android.tools.r8.dex.j::m (2086 bytes)
Event: 8.187 Thread 0x00000240d4dcd000 10712       2       com.android.tools.r8.internal.vf::b (9 bytes)
Event: 8.187 Thread 0x00000240d4dcd000 nmethod 10712 0x00000240bf122790 code [0x00000240bf122940, 0x00000240bf122b58]
Event: 8.187 Thread 0x00000240d4dcd000 10713       2       com.android.tools.r8.internal.vf$a::a (153 bytes)
Event: 8.188 Thread 0x00000240d4dcd000 nmethod 10713 0x00000240bf122c10 code [0x00000240bf122e60, 0x00000240bf1233f8]
Event: 8.193 Thread 0x00000240d4dc9800 nmethod 10696 0x00000240c5750490 code [0x00000240c57507e0, 0x00000240c5754ac0]
Event: 8.194 Thread 0x00000240d4dc9800 10658       4       java.lang.AbstractStringBuilder::append (33 bytes)
Event: 8.198 Thread 0x00000240d4dcd000 10715       1       com.android.tools.r8.internal.ak::h (5 bytes)
Event: 8.198 Thread 0x00000240d4dcd000 nmethod 10715 0x00000240c5756210 code [0x00000240c57563c0, 0x00000240c5756478]
Event: 8.198 Thread 0x00000240d4dcd000 10716       1       com.android.tools.r8.internal.Ni::B (5 bytes)
Event: 8.198 Thread 0x00000240d4dcd000 nmethod 10716 0x00000240c5756510 code [0x00000240c57566c0, 0x00000240c5756778]

GC Heap History (20 events):
Event: 4.361 GC heap after
{Heap after GC invocations=14 (full 0):
 garbage-first heap   total 189440K, used 52009K [0x0000000080000000, 0x0000000100000000)
  region size 1024K, 9 young (9216K), 9 survivors (9216K)
 Metaspace       used 63335K, capacity 64944K, committed 65024K, reserved 1105920K
  class space    used 8078K, capacity 8638K, committed 8704K, reserved 1048576K
}
Event: 4.862 GC heap before
{Heap before GC invocations=15 (full 0):
 garbage-first heap   total 189440K, used 126761K [0x0000000080000000, 0x0000000100000000)
  region size 1024K, 82 young (83968K), 9 survivors (9216K)
 Metaspace       used 68714K, capacity 70355K, committed 70528K, reserved 1110016K
  class space    used 8909K, capacity 9514K, committed 9600K, reserved 1048576K
}
Event: 4.872 GC heap after
{Heap after GC invocations=16 (full 0):
 garbage-first heap   total 189440K, used 57247K [0x0000000080000000, 0x0000000100000000)
  region size 1024K, 6 young (6144K), 6 survivors (6144K)
 Metaspace       used 68714K, capacity 70355K, committed 70528K, reserved 1110016K
  class space    used 8909K, capacity 9514K, committed 9600K, reserved 1048576K
}
Event: 5.397 GC heap before
{Heap before GC invocations=16 (full 0):
 garbage-first heap   total 189440K, used 131999K [0x0000000080000000, 0x0000000100000000)
  region size 1024K, 79 young (80896K), 6 survivors (6144K)
 Metaspace       used 74375K, capacity 76245K, committed 76544K, reserved 1116160K
  class space    used 9744K, capacity 10390K, committed 10496K, reserved 1048576K
}
Event: 5.404 GC heap after
{Heap after GC invocations=17 (full 0):
 garbage-first heap   total 229376K, used 61585K [0x0000000080000000, 0x0000000100000000)
  region size 1024K, 10 young (10240K), 10 survivors (10240K)
 Metaspace       used 74375K, capacity 76245K, committed 76544K, reserved 1116160K
  class space    used 9744K, capacity 10390K, committed 10496K, reserved 1048576K
}
Event: 6.074 GC heap before
{Heap before GC invocations=17 (full 0):
 garbage-first heap   total 229376K, used 153745K [0x0000000080000000, 0x0000000100000000)
  region size 1024K, 101 young (103424K), 10 survivors (10240K)
 Metaspace       used 79668K, capacity 81842K, committed 81920K, reserved 1120256K
  class space    used 10458K, capacity 11246K, committed 11264K, reserved 1048576K
}
Event: 6.085 GC heap after
{Heap after GC invocations=18 (full 0):
 garbage-first heap   total 229376K, used 69840K [0x0000000080000000, 0x0000000100000000)
  region size 1024K, 13 young (13312K), 13 survivors (13312K)
 Metaspace       used 79668K, capacity 81842K, committed 81920K, reserved 1120256K
  class space    used 10458K, capacity 11246K, committed 11264K, reserved 1048576K
}
Event: 6.507 GC heap before
{Heap before GC invocations=18 (full 0):
 garbage-first heap   total 229376K, used 166096K [0x0000000080000000, 0x0000000100000000)
  region size 1024K, 108 young (110592K), 13 survivors (13312K)
 Metaspace       used 80587K, capacity 82782K, committed 83072K, reserved 1120256K
  class space    used 10506K, capacity 11338K, committed 11392K, reserved 1048576K
}
Event: 6.518 GC heap after
{Heap after GC invocations=19 (full 0):
 garbage-first heap   total 229376K, used 75294K [0x0000000080000000, 0x0000000100000000)
  region size 1024K, 6 young (6144K), 6 survivors (6144K)
 Metaspace       used 80587K, capacity 82782K, committed 83072K, reserved 1120256K
  class space    used 10506K, capacity 11338K, committed 11392K, reserved 1048576K
}
Event: 6.851 GC heap before
{Heap before GC invocations=19 (full 0):
 garbage-first heap   total 229376K, used 172574K [0x0000000080000000, 0x0000000100000000)
  region size 1024K, 102 young (104448K), 6 survivors (6144K)
 Metaspace       used 82105K, capacity 84421K, committed 84480K, reserved 1122304K
  class space    used 10645K, capacity 11476K, committed 11520K, reserved 1048576K
}
Event: 6.860 GC heap after
{Heap after GC invocations=20 (full 0):
 garbage-first heap   total 229376K, used 79838K [0x0000000080000000, 0x0000000100000000)
  region size 1024K, 11 young (11264K), 11 survivors (11264K)
 Metaspace       used 82105K, capacity 84421K, committed 84480K, reserved 1122304K
  class space    used 10645K, capacity 11476K, committed 11520K, reserved 1048576K
}
Event: 7.197 GC heap before
{Heap before GC invocations=20 (full 0):
 garbage-first heap   total 229376K, used 176094K [0x0000000080000000, 0x0000000100000000)
  region size 1024K, 106 young (108544K), 11 survivors (11264K)
 Metaspace       used 83717K, capacity 86057K, committed 86272K, reserved 1124352K
  class space    used 10864K, capacity 11700K, committed 11776K, reserved 1048576K
}
Event: 7.207 GC heap after
{Heap after GC invocations=21 (full 0):
 garbage-first heap   total 275456K, used 83622K [0x0000000080000000, 0x0000000100000000)
  region size 1024K, 9 young (9216K), 9 survivors (9216K)
 Metaspace       used 83717K, capacity 86057K, committed 86272K, reserved 1124352K
  class space    used 10864K, capacity 11700K, committed 11776K, reserved 1048576K
}
Event: 7.619 GC heap before
{Heap before GC invocations=21 (full 0):
 garbage-first heap   total 275456K, used 220838K [0x0000000080000000, 0x0000000100000000)
  region size 1024K, 100 young (102400K), 9 survivors (9216K)
 Metaspace       used 88532K, capacity 90830K, committed 91008K, reserved 1128448K
  class space    used 11497K, capacity 12331K, committed 12416K, reserved 1048576K
}
Event: 7.634 GC heap after
{Heap after GC invocations=22 (full 0):
 garbage-first heap   total 275456K, used 136630K [0x0000000080000000, 0x0000000100000000)
  region size 1024K, 16 young (16384K), 16 survivors (16384K)
 Metaspace       used 88532K, capacity 90830K, committed 91008K, reserved 1128448K
  class space    used 11497K, capacity 12331K, committed 12416K, reserved 1048576K
}
Event: 7.797 GC heap before
{Heap before GC invocations=23 (full 0):
 garbage-first heap   total 275456K, used 214454K [0x0000000080000000, 0x0000000100000000)
  region size 1024K, 64 young (65536K), 16 survivors (16384K)
 Metaspace       used 88521K, capacity 90699K, committed 91264K, reserved 1128448K
  class space    used 11439K, capacity 12217K, committed 12416K, reserved 1048576K
}
Event: 7.849 GC heap after
{Heap after GC invocations=24 (full 0):
 garbage-first heap   total 275456K, used 171228K [0x0000000080000000, 0x0000000100000000)
  region size 1024K, 13 young (13312K), 13 survivors (13312K)
 Metaspace       used 88521K, capacity 90699K, committed 91264K, reserved 1128448K
  class space    used 11439K, capacity 12217K, committed 12416K, reserved 1048576K
}
Event: 8.024 GC heap before
{Heap before GC invocations=25 (full 0):
 garbage-first heap   total 275456K, used 210140K [0x0000000080000000, 0x0000000100000000)
  region size 1024K, 49 young (50176K), 13 survivors (13312K)
 Metaspace       used 88528K, capacity 90699K, committed 91264K, reserved 1128448K
  class space    used 11439K, capacity 12217K, committed 12416K, reserved 1048576K
}
Event: 8.057 GC heap after
{Heap after GC invocations=26 (full 0):
 garbage-first heap   total 275456K, used 188037K [0x0000000080000000, 0x0000000100000000)
  region size 1024K, 8 young (8192K), 8 survivors (8192K)
 Metaspace       used 88528K, capacity 90699K, committed 91264K, reserved 1128448K
  class space    used 11439K, capacity 12217K, committed 12416K, reserved 1048576K
}
Event: 8.199 GC heap before
{Heap before GC invocations=26 (full 0):
 garbage-first heap   total 275456K, used 226949K [0x0000000080000000, 0x0000000100000000)
  region size 1024K, 42 young (43008K), 8 survivors (8192K)
 Metaspace       used 88528K, capacity 90699K, committed 91264K, reserved 1128448K
  class space    used 11439K, capacity 12217K, committed 12416K, reserved 1048576K
}

Deoptimization events (20 events):
Event: 8.145 Thread 0x00000240d71b1000 DEOPT PACKING pc=0x00000240bf0b2a92 sp=0x000000d0caefda90
Event: 8.145 Thread 0x00000240d71b1000 DEOPT UNPACKING pc=0x00000240bd7576ce sp=0x000000d0caefd158 mode 0
Event: 8.171 Thread 0x00000240d71b1000 DEOPT PACKING pc=0x00000240bf0bc38c sp=0x000000d0caefd510
Event: 8.171 Thread 0x00000240d71b1000 DEOPT UNPACKING pc=0x00000240bd7576ce sp=0x000000d0caefcaa8 mode 0
Event: 8.171 Thread 0x00000240d71b1000 DEOPT PACKING pc=0x00000240bf0bc38c sp=0x000000d0caefd510
Event: 8.171 Thread 0x00000240d71b1000 DEOPT UNPACKING pc=0x00000240bd7576ce sp=0x000000d0caefcaa8 mode 0
Event: 8.171 Thread 0x00000240d71b1000 DEOPT PACKING pc=0x00000240bf0bc38c sp=0x000000d0caefd510
Event: 8.171 Thread 0x00000240d71b1000 DEOPT UNPACKING pc=0x00000240bd7576ce sp=0x000000d0caefcaa8 mode 0
Event: 8.175 Thread 0x00000240d71b1000 DEOPT PACKING pc=0x00000240bf0b2a92 sp=0x000000d0caefda90
Event: 8.175 Thread 0x00000240d71b1000 DEOPT UNPACKING pc=0x00000240bd7576ce sp=0x000000d0caefd158 mode 0
Event: 8.182 Thread 0x00000240d71b1000 DEOPT PACKING pc=0x00000240bf0bc38c sp=0x000000d0caefd510
Event: 8.182 Thread 0x00000240d71b1000 DEOPT UNPACKING pc=0x00000240bd7576ce sp=0x000000d0caefcaa8 mode 0
Event: 8.186 Thread 0x00000240d71b1000 DEOPT PACKING pc=0x00000240bf0b2a92 sp=0x000000d0caefda90
Event: 8.186 Thread 0x00000240d71b1000 DEOPT UNPACKING pc=0x00000240bd7576ce sp=0x000000d0caefd158 mode 0
Event: 8.192 Thread 0x00000240d71b1000 DEOPT PACKING pc=0x00000240bf0bc38c sp=0x000000d0caefd400
Event: 8.192 Thread 0x00000240d71b1000 DEOPT UNPACKING pc=0x00000240bd7576ce sp=0x000000d0caefc998 mode 0
Event: 8.192 Thread 0x00000240d71b1000 DEOPT PACKING pc=0x00000240bf0bc38c sp=0x000000d0caefd510
Event: 8.192 Thread 0x00000240d71b1000 DEOPT UNPACKING pc=0x00000240bd7576ce sp=0x000000d0caefcaa8 mode 0
Event: 8.196 Thread 0x00000240d71b1000 DEOPT PACKING pc=0x00000240bf0b2a92 sp=0x000000d0caefda90
Event: 8.196 Thread 0x00000240d71b1000 DEOPT UNPACKING pc=0x00000240bd7576ce sp=0x000000d0caefd158 mode 0

Classes redefined (0 events):
No events

Internal exceptions (20 events):
Event: 6.747 Thread 0x00000240dc1cb800 Exception <a 'sun/nio/fs/WindowsException'{0x00000000891e9338}> (0x00000000891e9338) thrown at [./src/hotspot/share/prims/jni.cpp, line 615]
Event: 6.747 Thread 0x00000240dc1cb800 Exception <a 'sun/nio/fs/WindowsException'{0x00000000891ea1b0}> (0x00000000891ea1b0) thrown at [./src/hotspot/share/prims/jni.cpp, line 615]
Event: 6.748 Thread 0x00000240dc1cb800 Exception <a 'sun/nio/fs/WindowsException'{0x00000000891ea498}> (0x00000000891ea498) thrown at [./src/hotspot/share/prims/jni.cpp, line 615]
Event: 6.748 Thread 0x00000240dc1cb800 Exception <a 'sun/nio/fs/WindowsException'{0x00000000891eb320}> (0x00000000891eb320) thrown at [./src/hotspot/share/prims/jni.cpp, line 615]
Event: 6.748 Thread 0x00000240dc1cb800 Exception <a 'sun/nio/fs/WindowsException'{0x00000000891eb5a8}> (0x00000000891eb5a8) thrown at [./src/hotspot/share/prims/jni.cpp, line 615]
Event: 6.748 Thread 0x00000240dc1cb800 Exception <a 'sun/nio/fs/WindowsException'{0x00000000891ec400}> (0x00000000891ec400) thrown at [./src/hotspot/share/prims/jni.cpp, line 615]
Event: 6.759 Thread 0x00000240dc1cb800 Exception <a 'java/lang/NoSuchMethodError'{0x0000000088f7cb88}: <clinit>> (0x0000000088f7cb88) thrown at [./src/hotspot/share/prims/jni.cpp, line 1362]
Event: 6.760 Thread 0x00000240dc1cb800 Exception <a 'java/lang/NoSuchMethodError'{0x0000000088fb2cf8}: <clinit>> (0x0000000088fb2cf8) thrown at [./src/hotspot/share/prims/jni.cpp, line 1362]
Event: 6.762 Thread 0x00000240dc1cb800 Exception <a 'java/lang/NoSuchMethodError'{0x0000000088ff3e80}: <clinit>> (0x0000000088ff3e80) thrown at [./src/hotspot/share/prims/jni.cpp, line 1362]
Event: 6.762 Thread 0x00000240dc1cb800 Exception <a 'java/lang/NoSuchMethodError'{0x0000000088e06f00}: <clinit>> (0x0000000088e06f00) thrown at [./src/hotspot/share/prims/jni.cpp, line 1362]
Event: 7.462 Thread 0x00000240d71ae000 Exception <a 'java/lang/NoSuchMethodError'{0x000000008ce2ecd8}: 'void java.lang.invoke.DirectMethodHandle$Holder.invokeStatic(java.lang.Object, long)'> (0x000000008ce2ecd8) thrown at [./src/hotspot/share/interpreter/linkResolver.cpp, line 773]
Event: 7.462 Thread 0x00000240d71ae000 Exception <a 'java/lang/NoSuchMethodError'{0x000000008ce33ef0}: 'java.lang.Object java.lang.invoke.DirectMethodHandle$Holder.invokeStatic(java.lang.Object, long)'> (0x000000008ce33ef0) thrown at [./src/hotspot/share/interpreter/linkResolver.cpp, line 773]
Event: 7.464 Thread 0x00000240d71ae000 Exception <a 'java/lang/NoSuchMethodError'{0x000000008ce42258}: 'java.lang.Object java.lang.invoke.DirectMethodHandle$Holder.invokeStaticInit(java.lang.Object, java.lang.Object, long, java.lang.Object)'> (0x000000008ce42258) thrown at [./src/hotspot/share/interpreter/linkResolver.cpp, line 773]
Event: 7.464 Thread 0x00000240d71ae000 Exception <a 'java/lang/NoSuchMethodError'{0x000000008ce483f0}: 'java.lang.Object java.lang.invoke.DirectMethodHandle$Holder.invokeStatic(java.lang.Object, java.lang.Object, long)'> (0x000000008ce483f0) thrown at [./src/hotspot/share/interpreter/linkResolver.cpp, line 773]
Event: 7.465 Thread 0x00000240d71ae000 Exception <a 'java/lang/NoSuchMethodError'{0x000000008ce4e968}: 'java.lang.Object java.lang.invoke.Invokers$Holder.linkToTargetMethod(java.lang.Object, long, java.lang.Object)'> (0x000000008ce4e968) thrown at [./src/hotspot/share/interpreter/linkResolver.cpp, line 773]
Event: 7.504 Thread 0x00000240d71b1000 Exception <a 'sun/nio/fs/WindowsException'{0x000000008c205390}> (0x000000008c205390) thrown at [./src/hotspot/share/prims/jni.cpp, line 615]
Event: 7.565 Thread 0x00000240d71ae000 Exception <a 'java/lang/NoSuchMethodError'{0x000000008b9eed10}: 'int java.lang.invoke.DirectMethodHandle$Holder.invokeSpecialIFC(java.lang.Object, java.lang.Object, java.lang.Object)'> (0x000000008b9eed10) thrown at [./src/hotspot/share/interpreter/linkResolver.cpp, line 773]
Event: 7.612 Thread 0x00000240d71b1000 Exception <a 'java/lang/NoSuchMethodError'{0x000000008b466d48}: 'java.lang.Object java.lang.invoke.DirectMethodHandle$Holder.invokeStatic(java.lang.Object, java.lang.Object, java.lang.Object, java.lang.Object, java.lang.Object, java.lang.Object, java.lang.Object, java.lang.Object, java.lang.Object, java.lang.Object, java.lang.Object, java.lang.Object, java.lang.Object, java.lang.Object, java.lang.Object, java.lang.Object, java.lang.Object, java.lang.Object, int, java.lang.Object)'> (0x000000008b466d48) thr
Event: 7.612 Thread 0x00000240d71b1000 Exception <a 'java/lang/NoSuchMethodError'{0x000000008b46c5d8}: 'java.lang.Object java.lang.invoke.DirectMethodHandle$Holder.invokeStaticInit(java.lang.Object, java.lang.Object, java.lang.Object, java.lang.Object, java.lang.Object, java.lang.Object, java.lang.Object, java.lang.Object, java.lang.Object, java.lang.Object, java.lang.Object, java.lang.Object, java.lang.Object, java.lang.Object, java.lang.Object, java.lang.Object, java.lang.Object, java.lang.Object, int, java.lang.Object)'> (0x000000008b46c5d8)
Event: 8.086 Thread 0x00000240d71b1000 Implicit null exception at 0x00000240c57412a7 to 0x00000240c5745b10

Events (20 events):
Event: 7.757 loading class java/util/concurrent/ConcurrentHashMap$TreeBin done
Event: 7.758 Executing VM operation: RevokeBias
Event: 7.758 Executing VM operation: RevokeBias done
Event: 7.797 Executing VM operation: G1CollectForAllocation
Event: 7.849 Executing VM operation: G1CollectForAllocation done
Event: 7.903 Executing VM operation: RevokeBias
Event: 7.903 Executing VM operation: RevokeBias done
Event: 7.918 Executing VM operation: CGC_Operation
Event: 7.931 Executing VM operation: CGC_Operation done
Event: 7.967 Executing VM operation: CGC_Operation
Event: 7.967 Executing VM operation: CGC_Operation done
Event: 7.995 Executing VM operation: RevokeBias
Event: 7.995 Executing VM operation: RevokeBias done
Event: 8.024 Executing VM operation: G1CollectForAllocation
Event: 8.057 Executing VM operation: G1CollectForAllocation done
Event: 8.086 Executing VM operation: RevokeBias
Event: 8.086 Executing VM operation: RevokeBias done
Event: 8.150 Executing VM operation: CGC_Operation
Event: 8.159 Executing VM operation: CGC_Operation done
Event: 8.199 Executing VM operation: G1CollectForAllocation


Dynamic libraries:
0x00007ff695260000 - 0x00007ff69526a000 	C:\Program Files\Android\Android Studio\jre\bin\java.exe
0x00007ffcbb570000 - 0x00007ffcbb741000 	C:\Windows\SYSTEM32\ntdll.dll
0x00007ffcb9790000 - 0x00007ffcb983b000 	C:\Windows\System32\KERNEL32.DLL
0x00007ffcb7c10000 - 0x00007ffcb7e2d000 	C:\Windows\System32\KERNELBASE.dll
0x00007ffcb8650000 - 0x00007ffcb8745000 	C:\Windows\System32\ucrtbase.dll
0x00007ffca9580000 - 0x00007ffca9599000 	C:\Program Files\Android\Android Studio\jre\bin\jli.dll
0x00007ffcb93b0000 - 0x00007ffcb9515000 	C:\Windows\System32\USER32.dll
0x00007ffcb7ee0000 - 0x00007ffcb7efe000 	C:\Windows\System32\win32u.dll
0x00007ffcb9370000 - 0x00007ffcb93a4000 	C:\Windows\System32\GDI32.dll
0x00007ffcb87a0000 - 0x00007ffcb8922000 	C:\Windows\System32\gdi32full.dll
0x00007ffca8fc0000 - 0x00007ffca8fd7000 	C:\Program Files\Android\Android Studio\jre\bin\VCRUNTIME140.dll
0x00007ffca7c90000 - 0x00007ffca7f09000 	C:\Windows\WinSxS\amd64_microsoft.windows.common-controls_6595b64144ccf1df_6.0.14393.0_none_2d0f50fcbdb171b8\COMCTL32.dll
0x00007ffcb8b00000 - 0x00007ffcb8b9e000 	C:\Windows\System32\msvcrt.dll
0x00007ffcb8ce0000 - 0x00007ffcb8fa7000 	C:\Windows\System32\combase.dll
0x00007ffcb8ba0000 - 0x00007ffcb8cc1000 	C:\Windows\System32\RPCRT4.dll
0x00007ffcb85e0000 - 0x00007ffcb864a000 	C:\Windows\System32\bcryptPrimitives.dll
0x00007ffcb8fc0000 - 0x00007ffcb8fee000 	C:\Windows\System32\IMM32.DLL
0x00007ffca2cd0000 - 0x00007ffca2d6d000 	C:\Program Files\Android\Android Studio\jre\bin\msvcp140.dll
0x00007ffc930b0000 - 0x00007ffc93b7f000 	C:\Program Files\Android\Android Studio\jre\bin\server\jvm.dll
0x00007ffcb96e0000 - 0x00007ffcb9782000 	C:\Windows\System32\ADVAPI32.dll
0x00007ffcb9100000 - 0x00007ffcb9159000 	C:\Windows\System32\sechost.dll
0x00007ffcb8cd0000 - 0x00007ffcb8cd8000 	C:\Windows\System32\PSAPI.DLL
0x00007ffcada50000 - 0x00007ffcada59000 	C:\Windows\SYSTEM32\WSOCK32.dll
0x00007ffcb5f30000 - 0x00007ffcb5f53000 	C:\Windows\SYSTEM32\WINMM.dll
0x00007ffcae8e0000 - 0x00007ffcae8ea000 	C:\Windows\SYSTEM32\VERSION.dll
0x00007ffcb8ff0000 - 0x00007ffcb905a000 	C:\Windows\System32\WS2_32.dll
0x00007ffcb5ed0000 - 0x00007ffcb5efb000 	C:\Windows\SYSTEM32\WINMMBASE.dll
0x00007ffcb8750000 - 0x00007ffcb8792000 	C:\Windows\System32\cfgmgr32.dll
0x00007ffcb7aa0000 - 0x00007ffcb7aaf000 	C:\Windows\System32\kernel.appcore.dll
0x00007ffcaa2a0000 - 0x00007ffcaa2b1000 	C:\Program Files\Android\Android Studio\jre\bin\verify.dll
0x00007ffcad3c0000 - 0x00007ffcad552000 	C:\Windows\SYSTEM32\DBGHELP.DLL
0x00007ffcac870000 - 0x00007ffcac899000 	C:\Windows\SYSTEM32\dbgcore.DLL
0x00007ffca69b0000 - 0x00007ffca69d9000 	C:\Program Files\Android\Android Studio\jre\bin\java.dll
0x00007ffcaa290000 - 0x00007ffcaa29b000 	C:\Program Files\Android\Android Studio\jre\bin\jimage.dll
0x00007ffca93a0000 - 0x00007ffca93b8000 	C:\Program Files\Android\Android Studio\jre\bin\zip.dll
0x00007ffcba040000 - 0x00007ffcbb548000 	C:\Windows\System32\SHELL32.dll
0x00007ffcb7f00000 - 0x00007ffcb85da000 	C:\Windows\System32\windows.storage.dll
0x00007ffcb7ab0000 - 0x00007ffcb7afc000 	C:\Windows\System32\powrprof.dll
0x00007ffcb9310000 - 0x00007ffcb9362000 	C:\Windows\System32\shlwapi.dll
0x00007ffcb7b60000 - 0x00007ffcb7c09000 	C:\Windows\System32\shcore.dll
0x00007ffcb7a80000 - 0x00007ffcb7a94000 	C:\Windows\System32\profapi.dll
0x00007ffca6ef0000 - 0x00007ffca6f0a000 	C:\Program Files\Android\Android Studio\jre\bin\net.dll
0x00007ffcb1e50000 - 0x00007ffcb1f1c000 	C:\Windows\SYSTEM32\WINHTTP.dll
0x00007ffcb7340000 - 0x00007ffcb739c000 	C:\Windows\system32\mswsock.dll
0x00007ffca62f0000 - 0x00007ffca6304000 	C:\Program Files\Android\Android Studio\jre\bin\nio.dll
0x00007ffc9da00000 - 0x00007ffc9da27000 	C:\Users\USER\.gradle\native\8bec1ad78214c89d9ad589b4d07fe93259594b29d510b10fafb7a158f7737e5d\windows-amd64\native-platform.dll
0x00007ffc96920000 - 0x00007ffc96a5d000 	C:\Users\USER\.gradle\native\53dbd7edfb1c66fb8903c78663c9afc45aea4f116125fa6feffd364cf09443e8\windows-amd64\native-platform-file-events.dll
0x00007ffca69a0000 - 0x00007ffca69aa000 	C:\Program Files\Android\Android Studio\jre\bin\management.dll
0x00007ffca6380000 - 0x00007ffca638c000 	C:\Program Files\Android\Android Studio\jre\bin\management_ext.dll
0x00007ffcb74e0000 - 0x00007ffcb74f7000 	C:\Windows\SYSTEM32\CRYPTSP.dll
0x00007ffcb6f50000 - 0x00007ffcb6f83000 	C:\Windows\system32\rsaenh.dll
0x00007ffcb79b0000 - 0x00007ffcb79db000 	C:\Windows\SYSTEM32\bcrypt.dll
0x00007ffcb71d0000 - 0x00007ffcb71ef000 	C:\Windows\SYSTEM32\USERENV.dll
0x00007ffcb7500000 - 0x00007ffcb750b000 	C:\Windows\SYSTEM32\CRYPTBASE.dll
0x00007ffcb70d0000 - 0x00007ffcb7108000 	C:\Windows\SYSTEM32\IPHLPAPI.DLL
0x00007ffcb9840000 - 0x00007ffcb9848000 	C:\Windows\System32\NSI.dll
0x00007ffcb3e90000 - 0x00007ffcb3ea6000 	C:\Windows\SYSTEM32\dhcpcsvc6.DLL
0x00007ffcb3e60000 - 0x00007ffcb3e7a000 	C:\Windows\SYSTEM32\dhcpcsvc.DLL

dbghelp: loaded successfully - version: 4.0.5 - missing functions: none
symbol engine: initialized successfully - sym options: 0x614 - pdb path: .;C:\Program Files\Android\Android Studio\jre\bin;C:\Windows\SYSTEM32;C:\Windows\WinSxS\amd64_microsoft.windows.common-controls_6595b64144ccf1df_6.0.14393.0_none_2d0f50fcbdb171b8;C:\Program Files\Android\Android Studio\jre\bin\server;C:\Users\USER\.gradle\native\8bec1ad78214c89d9ad589b4d07fe93259594b29d510b10fafb7a158f7737e5d\windows-amd64;C:\Users\USER\.gradle\native\53dbd7edfb1c66fb8903c78663c9afc45aea4f116125fa6feffd364cf09443e8\windows-amd64

VM Arguments:
jvm_args: --add-opens=java.base/java.util=ALL-UNNAMED --add-opens=java.base/java.lang=ALL-UNNAMED --add-opens=java.base/java.lang.invoke=ALL-UNNAMED --add-opens=java.base/java.util=ALL-UNNAMED --add-opens=java.prefs/java.util.prefs=ALL-UNNAMED --add-opens=java.prefs/java.util.prefs=ALL-UNNAMED --add-opens=java.base/java.nio.charset=ALL-UNNAMED --add-opens=java.base/java.net=ALL-UNNAMED --add-opens=java.base/java.util.concurrent.atomic=ALL-UNNAMED -Xmx2048m -Dfile.encoding=UTF-8 -Duser.country=US -Duser.language=en -Duser.variant 
java_command: org.gradle.launcher.daemon.bootstrap.GradleDaemon 7.0.2
java_class_path (initial): C:\Users\USER\.gradle\wrapper\dists\gradle-7.0.2-bin\857tjihv64xamwrf0h14cai3r\gradle-7.0.2\lib\gradle-launcher-7.0.2.jar
Launcher Type: SUN_STANDARD

[Global flags]
     intx CICompilerCount                          = 3                                         {product} {ergonomic}
     uint ConcGCThreads                            = 2                                         {product} {ergonomic}
     uint G1ConcRefinementThreads                  = 6                                         {product} {ergonomic}
   size_t G1HeapRegionSize                         = 1048576                                   {product} {ergonomic}
    uintx GCDrainStackTargetSize                   = 64                                        {product} {ergonomic}
   size_t InitialHeapSize                          = 134217728                                 {product} {ergonomic}
   size_t MarkStackSize                            = 4194304                                   {product} {ergonomic}
   size_t MaxHeapSize                              = 2147483648                                {product} {command line}
   size_t MaxNewSize                               = 1287651328                                {product} {ergonomic}
   size_t MinHeapDeltaBytes                        = 1048576                                   {product} {ergonomic}
    uintx NonNMethodCodeHeapSize                   = 5830732                                {pd product} {ergonomic}
    uintx NonProfiledCodeHeapSize                  = 122913754                              {pd product} {ergonomic}
    uintx ProfiledCodeHeapSize                     = 122913754                              {pd product} {ergonomic}
    uintx ReservedCodeCacheSize                    = 251658240                              {pd product} {ergonomic}
     bool SegmentedCodeCache                       = true                                      {product} {ergonomic}
     bool UseCompressedClassPointers               = true                                 {lp64_product} {ergonomic}
     bool UseCompressedOops                        = true                                 {lp64_product} {ergonomic}
     bool UseG1GC                                  = true                                      {product} {ergonomic}
     bool UseLargePagesIndividualAllocation        = false                                  {pd product} {ergonomic}

Logging:
Log output configuration:
 #0: stdout all=warning uptime,level,tags
 #1: stderr all=off uptime,level,tags

Environment Variables:
PATH=C:\Program Files (x86)\Common Files\Oracle\Java\javapath;C:\Program Files\Java\jdk1.8.0_111\bin;C:\Users\USER\AppData\Local\Microsoft\WindowsApps;C:\Users\USER\AppData\Local\Programs\Microsoft VS Code\bin
USERNAME=USER
OS=Windows_NT
PROCESSOR_IDENTIFIER=Intel64 Family 6 Model 158 Stepping 10, GenuineIntel



---------------  S Y S T E M  ---------------

OS: Windows 10 , 64 bit Build 14393 (10.0.14393.0)
OS uptime: 4 days 1:19 hours

CPU:total 6 (initial active 6) (6 cores per cpu, 1 threads per core) family 6 model 158 stepping 10 microcode 0x96, cmov, cx8, fxsr, mmx, sse, sse2, sse3, ssse3, sse4.1, sse4.2, popcnt, avx, avx2, aes, clmul, erms, 3dnowpref, lzcnt, tsc, tscinvbit, bmi1, bmi2, adx, fma

Memory: 4k page, system-wide physical 8068M (2150M free)
TotalPageFile size 9046M (AvailPageFile size 14M)
current process WorkingSet (physical memory assigned to process): 531M, peak: 533M
current process commit charge ("private bytes"): 560M, peak: 705M

vm_info: OpenJDK 64-Bit Server VM (11.0.10+0-b96-7249189) for windows-amd64 JRE (11.0.10+0-b96-7249189), built on Mar 31 2021 21:44:00 by "builder" with MS VC++ 14.0 (VS2015)

END.
