#
# There is insufficient memory for the Java Runtime Environment to continue.
# Native memory allocation (malloc) failed to allocate 1171536 bytes for Chunk::new
# Possible reasons:
#   The system is out of physical RAM or swap space
#   The process is running with CompressedOops enabled, and the Java Heap may be blocking the growth of the native heap
# Possible solutions:
#   Reduce memory load on the system
#   Increase physical memory or swap space
#   Check if swap backing store is full
#   Decrease Java heap size (-Xmx/-Xms)
#   Decrease number of Java threads
#   Decrease Java thread stack sizes (-Xss)
#   Set larger code cache with -XX:ReservedCodeCacheSize=
#   JVM is running with Unscaled Compressed Oops mode in which the Java heap is
#     placed in the first 4GB address space. The Java Heap base address is the
#     maximum limit for the native heap growth. Please use -XX:HeapBaseMinAddress
#     to set the Java Heap base and to place the Java Heap above 4GB virtual address.
# This output file may be truncated or incomplete.
#
#  Out of Memory Error (./src/hotspot/share/memory/arena.cpp:197), pid=6828, tid=9836
#
# JRE version: OpenJDK Runtime Environment (11.0.10) (build 11.0.10+0-b96-7249189)
# Java VM: OpenJDK 64-Bit Server VM (11.0.10+0-b96-7249189, mixed mode, tiered, compressed oops, g1 gc, windows-amd64)
# No core dump will be written. Minidumps are not enabled by default on client versions of Windows
#

---------------  S U M M A R Y ------------

Command Line: --add-opens=java.base/java.util=ALL-UNNAMED --add-opens=java.base/java.lang=ALL-UNNAMED --add-opens=java.base/java.lang.invoke=ALL-UNNAMED --add-opens=java.base/java.util=ALL-UNNAMED --add-opens=java.prefs/java.util.prefs=ALL-UNNAMED --add-opens=java.prefs/java.util.prefs=ALL-UNNAMED --add-opens=java.base/java.nio.charset=ALL-UNNAMED --add-opens=java.base/java.net=ALL-UNNAMED --add-opens=java.base/java.util.concurrent.atomic=ALL-UNNAMED -Xmx2048m -Dfile.encoding=UTF-8 -Duser.country=US -Duser.language=en -Duser.variant org.gradle.launcher.daemon.bootstrap.GradleDaemon 7.0.2

Host: Intel(R) Core(TM) i5-8400 CPU @ 2.80GHz, 6 cores, 7G,  Windows 10 , 64 bit Build 14393 (10.0.14393.0)
Time: Thu May 26 08:14:39 2022 Bangladesh Standard Time elapsed time: 8.457848 seconds (0d 0h 0m 8s)

---------------  T H R E A D  ---------------

Current thread (0x000001657fc1a800):  JavaThread "C2 CompilerThread0" daemon [_thread_in_native, id=9836, stack(0x0000005241200000,0x0000005241300000)]


Current CompileTask:
C2:   8457 10673 %     4       com.android.tools.r8.dex.j::m @ 64 (2086 bytes)

Stack: [0x0000005241200000,0x0000005241300000]
Native frames: (J=compiled Java code, j=interpreted, Vv=VM code, C=native code)
V  [jvm.dll+0x5ecfaa]
V  [jvm.dll+0x722bd5]
V  [jvm.dll+0x72412d]
V  [jvm.dll+0x7247e3]
V  [jvm.dll+0x242928]
V  [jvm.dll+0xbc4fc]
V  [jvm.dll+0xbca0c]
V  [jvm.dll+0x352d7d]
V  [jvm.dll+0x19800c]
V  [jvm.dll+0x1fb70e]
V  [jvm.dll+0x1fa7f4]
V  [jvm.dll+0x18354c]
V  [jvm.dll+0x208ee7]
V  [jvm.dll+0x207731]
V  [jvm.dll+0x6eb1cf]
V  [jvm.dll+0x6e3d45]
V  [jvm.dll+0x5ebe96]
C  [ucrtbase.dll+0x1cab0]
C  [KERNEL32.DLL+0x8364]
C  [ntdll.dll+0x65e91]


---------------  P R O C E S S  ---------------

Threads class SMR info:
_java_thread_list=0x000001650e370770, length=61, elements={
0x000001656ba70000, 0x000001657faa6800, 0x000001657faa7800, 0x000001657fc14000,
0x000001657fc15000, 0x000001657fc16000, 0x000001657fc1a800, 0x000001657fc1d800,
0x000001657fc1f800, 0x000001657fd6e000, 0x000001657ff0c800, 0x0000016507c51000,
0x00000165087cc800, 0x00000165088c2800, 0x000001650743f800, 0x0000016507f8e000,
0x0000016508955000, 0x00000165094ca800, 0x0000016508685000, 0x0000016508686000,
0x00000165094b5000, 0x00000165094b6800, 0x00000165094b3800, 0x00000165094b6000,
0x00000165094b7800, 0x00000165094b4000, 0x00000165094b8800, 0x00000165094b2800,
0x00000165094b9000, 0x000001650a19e000, 0x000001650a1a0800, 0x000001650a19d000,
0x000001650a19f000, 0x000001650a1a4800, 0x000001650a1ac000, 0x000001650a1a6000,
0x000001650a1a8000, 0x000001650a1a8800, 0x000001650a1aa800, 0x000001650a1a7000,
0x000001650a1a9800, 0x000001650bd20000, 0x000001650bd1f000, 0x000001650bd23000,
0x000001650bd20800, 0x000001650bd24000, 0x000001650bd26800, 0x000001650bd27800,
0x000001650bd25800, 0x000001650bd21800, 0x000001650bd28000, 0x000001650bd22800,
0x000001650bd29800, 0x000001650bd2b800, 0x000001650bd2d000, 0x000001650bd2c000,
0x000001650bd2a800, 0x000001650964a800, 0x0000016509646800, 0x0000016509648000,
0x0000016509647800
}

Java Threads: ( => current thread )
  0x000001656ba70000 JavaThread "main" [_thread_blocked, id=6832, stack(0x0000005240600000,0x0000005240700000)]
  0x000001657faa6800 JavaThread "Reference Handler" daemon [_thread_blocked, id=6376, stack(0x0000005240d00000,0x0000005240e00000)]
  0x000001657faa7800 JavaThread "Finalizer" daemon [_thread_blocked, id=5340, stack(0x0000005240e00000,0x0000005240f00000)]
  0x000001657fc14000 JavaThread "Signal Dispatcher" daemon [_thread_blocked, id=652, stack(0x0000005240f00000,0x0000005241000000)]
  0x000001657fc15000 JavaThread "Attach Listener" daemon [_thread_blocked, id=2912, stack(0x0000005241000000,0x0000005241100000)]
  0x000001657fc16000 JavaThread "Service Thread" daemon [_thread_blocked, id=3552, stack(0x0000005241100000,0x0000005241200000)]
=>0x000001657fc1a800 JavaThread "C2 CompilerThread0" daemon [_thread_in_native, id=9836, stack(0x0000005241200000,0x0000005241300000)]
  0x000001657fc1d800 JavaThread "C1 CompilerThread0" daemon [_thread_blocked, id=4464, stack(0x0000005241300000,0x0000005241400000)]
  0x000001657fc1f800 JavaThread "Sweeper thread" daemon [_thread_blocked, id=9276, stack(0x0000005241400000,0x0000005241500000)]
  0x000001657fd6e000 JavaThread "Common-Cleaner" daemon [_thread_blocked, id=2904, stack(0x0000005241500000,0x0000005241600000)]
  0x000001657ff0c800 JavaThread "C2 CompilerThread1" daemon [_thread_in_native, id=8468, stack(0x0000005241700000,0x0000005241800000)]
  0x0000016507c51000 JavaThread "Daemon health stats" [_thread_blocked, id=7460, stack(0x0000005241a00000,0x0000005241b00000)]
  0x00000165087cc800 JavaThread "Incoming local TCP Connector on port 61420" [_thread_in_native, id=8104, stack(0x0000005241b00000,0x0000005241c00000)]
  0x00000165088c2800 JavaThread "Daemon periodic checks" [_thread_blocked, id=5516, stack(0x0000005241c00000,0x0000005241d00000)]
  0x000001650743f800 JavaThread "Daemon" [_thread_blocked, id=10780, stack(0x0000005241d00000,0x0000005241e00000)]
  0x0000016507f8e000 JavaThread "Handler for socket connection from /127.0.0.1:61420 to /127.0.0.1:61421" [_thread_in_native, id=5088, stack(0x0000005241e00000,0x0000005241f00000)]
  0x0000016508955000 JavaThread "Cancel handler" [_thread_blocked, id=1880, stack(0x0000005241f00000,0x0000005242000000)]
  0x00000165094ca800 JavaThread "Daemon worker" [_thread_blocked, id=10440, stack(0x0000005242000000,0x0000005242100000)]
  0x0000016508685000 JavaThread "Asynchronous log dispatcher for DefaultDaemonConnection: socket connection from /127.0.0.1:61420 to /127.0.0.1:61421" [_thread_blocked, id=9164, stack(0x0000005242100000,0x0000005242200000)]
  0x0000016508686000 JavaThread "Stdin handler" [_thread_blocked, id=1284, stack(0x0000005242200000,0x0000005242300000)]
  0x00000165094b5000 JavaThread "Daemon client event forwarder" [_thread_blocked, id=5356, stack(0x0000005242300000,0x0000005242400000)]
  0x00000165094b6800 JavaThread "Cache worker for file hash cache (C:\Users\USER\.gradle\caches\7.0.2\fileHashes)" [_thread_blocked, id=10608, stack(0x0000005242700000,0x0000005242800000)]
  0x00000165094b3800 JavaThread "File lock request listener" [_thread_in_native, id=10708, stack(0x0000005242800000,0x0000005242900000)]
  0x00000165094b6000 JavaThread "Cache worker for journal cache (C:\Users\USER\.gradle\caches\journal-1)" [_thread_blocked, id=4460, stack(0x0000005242a00000,0x0000005242b00000)]
  0x00000165094b7800 JavaThread "Cache worker for file hash cache (C:\Users\USER\EarinMoney\.gradle\7.0.2\fileHashes)" [_thread_blocked, id=10520, stack(0x0000005242b00000,0x0000005242c00000)]
  0x00000165094b4000 JavaThread "File watcher server" daemon [_thread_in_native, id=10928, stack(0x0000005242c00000,0x0000005242d00000)]
  0x00000165094b8800 JavaThread "File watcher consumer" daemon [_thread_blocked, id=10432, stack(0x0000005242d00000,0x0000005242e00000)]
  0x00000165094b2800 JavaThread "Cache worker for checksums cache (C:\Users\USER\EarinMoney\.gradle\checksums)" [_thread_blocked, id=4288, stack(0x0000005242e00000,0x0000005242f00000)]
  0x00000165094b9000 JavaThread "Cache worker for cache directory md-supplier (C:\Users\USER\.gradle\caches\7.0.2\md-supplier)" [_thread_blocked, id=10556, stack(0x0000005242f00000,0x0000005243000000)]
  0x000001650a19e000 JavaThread "Cache worker for cache directory md-rule (C:\Users\USER\.gradle\caches\7.0.2\md-rule)" [_thread_blocked, id=6168, stack(0x0000005243000000,0x0000005243100000)]
  0x000001650a1a0800 JavaThread "Cache worker for execution history cache (C:\Users\USER\.gradle\caches\7.0.2\executionHistory)" [_thread_blocked, id=708, stack(0x0000005243100000,0x0000005243200000)]
  0x000001650a19d000 JavaThread "jar transforms" [_thread_blocked, id=4620, stack(0x0000005243200000,0x0000005243300000)]
  0x000001650a19f000 JavaThread "jar transforms Thread 2" [_thread_blocked, id=1684, stack(0x0000005243300000,0x0000005243400000)]
  0x000001650a1a4800 JavaThread "Cache worker for file content cache (C:\Users\USER\.gradle\caches\7.0.2\fileContent)" [_thread_blocked, id=4452, stack(0x0000005243400000,0x0000005243500000)]
  0x000001650a1ac000 JavaThread "Cache worker for dependencies-accessors (C:\Users\USER\EarinMoney\.gradle\7.0.2\dependencies-accessors)" [_thread_blocked, id=4696, stack(0x0000005243500000,0x0000005243600000)]
  0x000001650a1a6000 JavaThread "jar transforms Thread 3" [_thread_blocked, id=5864, stack(0x0000005243600000,0x0000005243700000)]
  0x000001650a1a8000 JavaThread "Cache worker for Build Output Cleanup Cache (C:\Users\USER\EarinMoney\.gradle\buildOutputCleanup)" [_thread_blocked, id=7144, stack(0x0000005243700000,0x0000005243800000)]
  0x000001650a1a8800 JavaThread "Build operations" [_thread_blocked, id=10636, stack(0x0000005243800000,0x0000005243900000)]
  0x000001650a1aa800 JavaThread "Build operations Thread 2" [_thread_blocked, id=11032, stack(0x0000005243900000,0x0000005243a00000)]
  0x000001650a1a7000 JavaThread "Build operations Thread 3" [_thread_blocked, id=6164, stack(0x0000005243a00000,0x0000005243b00000)]
  0x000001650a1a9800 JavaThread "Build operations Thread 4" [_thread_blocked, id=10960, stack(0x0000005243b00000,0x0000005243c00000)]
  0x000001650bd20000 JavaThread "Build operations Thread 5" [_thread_blocked, id=10772, stack(0x0000005243c00000,0x0000005243d00000)]
  0x000001650bd1f000 JavaThread "Build operations Thread 6" [_thread_blocked, id=10736, stack(0x0000005243d00000,0x0000005243e00000)]
  0x000001650bd23000 JavaThread "jar transforms Thread 4" [_thread_blocked, id=9736, stack(0x0000005243e00000,0x0000005243f00000)]
  0x000001650bd20800 JavaThread "jar transforms Thread 5" [_thread_blocked, id=7812, stack(0x0000005243f00000,0x0000005244000000)]
  0x000001650bd24000 JavaThread "jar transforms Thread 6" [_thread_blocked, id=8708, stack(0x0000005244000000,0x0000005244100000)]
  0x000001650bd26800 JavaThread "Memory manager" [_thread_blocked, id=7176, stack(0x0000005244100000,0x0000005244200000)]
  0x000001650bd27800 JavaThread "build event listener" [_thread_blocked, id=3824, stack(0x0000005244200000,0x0000005244300000)]
  0x000001650bd25800 JavaThread "Execution worker for ':'" [_thread_blocked, id=5900, stack(0x0000005244300000,0x0000005244400000)]
  0x000001650bd21800 JavaThread "Execution worker for ':' Thread 2" [_thread_blocked, id=10968, stack(0x0000005244400000,0x0000005244500000)]
  0x000001650bd28000 JavaThread "Execution worker for ':' Thread 3" [_thread_blocked, id=10884, stack(0x0000005244500000,0x0000005244600000)]
  0x000001650bd22800 JavaThread "Execution worker for ':' Thread 4" [_thread_blocked, id=10268, stack(0x0000005244600000,0x0000005244700000)]
  0x000001650bd29800 JavaThread "Execution worker for ':' Thread 5" [_thread_blocked, id=6712, stack(0x0000005244700000,0x0000005244800000)]
  0x000001650bd2b800 JavaThread "Cache worker for execution history cache (C:\Users\USER\EarinMoney\.gradle\7.0.2\executionHistory)" [_thread_blocked, id=4980, stack(0x0000005244800000,0x0000005244900000)]
  0x000001650bd2d000 JavaThread "WorkerExecutor Queue" [_thread_blocked, id=4372, stack(0x0000005244900000,0x0000005244a00000)]
  0x000001650bd2c000 JavaThread "WorkerExecutor Queue Thread 2" [_thread_blocked, id=3296, stack(0x0000005244a00000,0x0000005244b00000)]
  0x000001650bd2a800 JavaThread "WorkerExecutor Queue Thread 3" [_thread_in_Java, id=8968, stack(0x0000005244b00000,0x0000005244c00000)]
  0x000001650964a800 JavaThread "WorkerExecutor Queue Thread 4" [_thread_blocked, id=6680, stack(0x0000005244c00000,0x0000005244d00000)]
  0x0000016509646800 JavaThread "pool-3-thread-1" [_thread_blocked, id=6588, stack(0x0000005244d00000,0x0000005244e00000)]
  0x0000016509648000 JavaThread "stderr" [_thread_in_native, id=10008, stack(0x0000005244e00000,0x0000005244f00000)]
  0x0000016509647800 JavaThread "stdout" [_thread_in_native, id=7884, stack(0x0000005244f00000,0x0000005245000000)]

Other Threads:
  0x000001657faa1000 VMThread "VM Thread" [stack: 0x0000005240c00000,0x0000005240d00000] [id=8588]
  0x000001657fd72800 WatcherThread [stack: 0x0000005241600000,0x0000005241700000] [id=752]
  0x000001656ba88000 GCTaskThread "GC Thread#0" [stack: 0x0000005240700000,0x0000005240800000] [id=10628]
  0x0000016506ffc000 GCTaskThread "GC Thread#1" [stack: 0x0000005241800000,0x0000005241900000] [id=5256]
  0x0000016506ffc800 GCTaskThread "GC Thread#2" [stack: 0x0000005241900000,0x0000005241a00000] [id=1200]
  0x0000016507f79000 GCTaskThread "GC Thread#3" [stack: 0x0000005242400000,0x0000005242500000] [id=8064]
  0x0000016507d50000 GCTaskThread "GC Thread#4" [stack: 0x0000005242500000,0x0000005242600000] [id=8676]
  0x00000165083c7800 GCTaskThread "GC Thread#5" [stack: 0x0000005242600000,0x0000005242700000] [id=9080]
  0x000001656babb800 ConcurrentGCThread "G1 Main Marker" [stack: 0x0000005240800000,0x0000005240900000] [id=6520]
  0x000001656babd800 ConcurrentGCThread "G1 Conc#0" [stack: 0x0000005240900000,0x0000005240a00000] [id=10416]
  0x0000016508b07800 ConcurrentGCThread "G1 Conc#1" [stack: 0x0000005242900000,0x0000005242a00000] [id=4196]
  0x000001656bb48000 ConcurrentGCThread "G1 Refine#0" [stack: 0x0000005240a00000,0x0000005240b00000] [id=10524]
  0x00000165098a4800 ConcurrentGCThread "G1 Refine#1" [stack: 0x0000005245000000,0x0000005245100000] [id=11172]
  0x00000165098a6000 ConcurrentGCThread "G1 Refine#2" [stack: 0x0000005245100000,0x0000005245200000] [id=8252]
  0x000001657f8f0800 ConcurrentGCThread "G1 Young RemSet Sampling" [stack: 0x0000005240b00000,0x0000005240c00000] [id=5992]

Threads with active compile tasks:
C2 CompilerThread0   8464 10673 %     4       com.android.tools.r8.dex.j::m @ 64 (2086 bytes)
C2 CompilerThread1   8464 10792       4       com.android.tools.r8.graph.a0::F (30 bytes)

VM state:not at safepoint (normal execution)

VM Mutex/Monitor currently owned by a thread: None

Heap address: 0x0000000080000000, size: 2048 MB, Compressed Oops mode: 32-bit
Narrow klass base: 0x0000000000000000, Narrow klass shift: 3
Compressed class space size: 1073741824 Address: 0x0000000100000000

Heap:
 garbage-first heap   total 273408K, used 219406K [0x0000000080000000, 0x0000000100000000)
  region size 1024K, 35 young (35840K), 7 survivors (7168K)
 Metaspace       used 88668K, capacity 90818K, committed 91264K, reserved 1128448K
  class space    used 11465K, capacity 12254K, committed 12416K, reserved 1048576K
Heap Regions: E=young(eden), S=young(survivor), O=old, HS=humongous(starts), HC=humongous(continues), CS=collection set, F=free, A=archive, TAMS=top-at-mark-start (previous, next)
|   0|0x0000000080000000, 0x0000000080100000, 0x0000000080100000|100%| O|  |TAMS 0x0000000080100000, 0x0000000080000000| Updating 
|   1|0x0000000080100000, 0x0000000080200000, 0x0000000080200000|100%| O|  |TAMS 0x0000000080200000, 0x0000000080100000| Updating 
|   2|0x0000000080200000, 0x0000000080300000, 0x0000000080300000|100%| O|  |TAMS 0x0000000080300000, 0x0000000080200000| Updating 
|   3|0x0000000080300000, 0x0000000080400000, 0x0000000080400000|100%|HS|  |TAMS 0x0000000080400000, 0x0000000080300000| Complete 
|   4|0x0000000080400000, 0x0000000080500000, 0x0000000080500000|100%|HC|  |TAMS 0x0000000080500000, 0x0000000080400000| Complete 
|   5|0x0000000080500000, 0x0000000080600000, 0x0000000080600000|100%|HC|  |TAMS 0x0000000080600000, 0x0000000080500000| Complete 
|   6|0x0000000080600000, 0x0000000080700000, 0x0000000080700000|100%| O|  |TAMS 0x0000000080700000, 0x0000000080600000| Updating 
|   7|0x0000000080700000, 0x0000000080800000, 0x0000000080800000|100%| O|  |TAMS 0x0000000080800000, 0x0000000080700000| Updating 
|   8|0x0000000080800000, 0x0000000080900000, 0x0000000080900000|100%| O|  |TAMS 0x0000000080900000, 0x0000000080800000| Updating 
|   9|0x0000000080900000, 0x0000000080a00000, 0x0000000080a00000|100%| O|  |TAMS 0x0000000080a00000, 0x0000000080900000| Updating 
|  10|0x0000000080a00000, 0x0000000080b00000, 0x0000000080b00000|100%| O|  |TAMS 0x0000000080b00000, 0x0000000080a00000| Updating 
|  11|0x0000000080b00000, 0x0000000080c00000, 0x0000000080c00000|100%| O|  |TAMS 0x0000000080c00000, 0x0000000080b00000| Updating 
|  12|0x0000000080c00000, 0x0000000080d00000, 0x0000000080d00000|100%| O|  |TAMS 0x0000000080d00000, 0x0000000080c00000| Updating 
|  13|0x0000000080d00000, 0x0000000080e00000, 0x0000000080e00000|100%| O|  |TAMS 0x0000000080e00000, 0x0000000080d00000| Updating 
|  14|0x0000000080e00000, 0x0000000080f00000, 0x0000000080f00000|100%| O|  |TAMS 0x0000000080f00000, 0x0000000080e00000| Updating 
|  15|0x0000000080f00000, 0x0000000081000000, 0x0000000081000000|100%| O|  |TAMS 0x0000000081000000, 0x0000000080f00000| Updating 
|  16|0x0000000081000000, 0x0000000081100000, 0x0000000081100000|100%| O|  |TAMS 0x0000000081100000, 0x0000000081000000| Updating 
|  17|0x0000000081100000, 0x0000000081200000, 0x0000000081200000|100%| O|  |TAMS 0x0000000081200000, 0x0000000081100000| Updating 
|  18|0x0000000081200000, 0x0000000081300000, 0x0000000081300000|100%|HS|  |TAMS 0x0000000081300000, 0x0000000081200000| Complete 
|  19|0x0000000081300000, 0x0000000081400000, 0x0000000081400000|100%| O|  |TAMS 0x0000000081400000, 0x0000000081300000| Updating 
|  20|0x0000000081400000, 0x0000000081500000, 0x0000000081500000|100%| O|  |TAMS 0x0000000081500000, 0x0000000081400000| Updating 
|  21|0x0000000081500000, 0x0000000081600000, 0x0000000081600000|100%| O|  |TAMS 0x0000000081600000, 0x0000000081500000| Updating 
|  22|0x0000000081600000, 0x0000000081700000, 0x0000000081700000|100%|HS|  |TAMS 0x0000000081700000, 0x0000000081600000| Complete 
|  23|0x0000000081700000, 0x0000000081800000, 0x0000000081800000|100%|HS|  |TAMS 0x0000000081800000, 0x0000000081700000| Complete 
|  24|0x0000000081800000, 0x0000000081900000, 0x0000000081900000|100%|HC|  |TAMS 0x0000000081900000, 0x0000000081800000| Complete 
|  25|0x0000000081900000, 0x0000000081a00000, 0x0000000081a00000|100%| O|  |TAMS 0x0000000081a00000, 0x0000000081900000| Updating 
|  26|0x0000000081a00000, 0x0000000081b00000, 0x0000000081b00000|100%| O|  |TAMS 0x0000000081b00000, 0x0000000081a00000| Updating 
|  27|0x0000000081b00000, 0x0000000081c00000, 0x0000000081c00000|100%| O|  |TAMS 0x0000000081c00000, 0x0000000081b00000| Updating 
|  28|0x0000000081c00000, 0x0000000081d00000, 0x0000000081d00000|100%| O|  |TAMS 0x0000000081d00000, 0x0000000081c00000| Updating 
|  29|0x0000000081d00000, 0x0000000081e00000, 0x0000000081e00000|100%| O|  |TAMS 0x0000000081e00000, 0x0000000081d00000| Updating 
|  30|0x0000000081e00000, 0x0000000081f00000, 0x0000000081f00000|100%| O|  |TAMS 0x0000000081f00000, 0x0000000081e00000| Updating 
|  31|0x0000000081f00000, 0x0000000082000000, 0x0000000082000000|100%| O|  |TAMS 0x0000000082000000, 0x0000000081f00000| Updating 
|  32|0x0000000082000000, 0x0000000082100000, 0x0000000082100000|100%| O|  |TAMS 0x0000000082100000, 0x0000000082000000| Updating 
|  33|0x0000000082100000, 0x0000000082200000, 0x0000000082200000|100%| O|  |TAMS 0x0000000082200000, 0x0000000082100000| Updating 
|  34|0x0000000082200000, 0x0000000082300000, 0x0000000082300000|100%| O|  |TAMS 0x0000000082300000, 0x0000000082200000| Updating 
|  35|0x0000000082300000, 0x0000000082400000, 0x0000000082400000|100%| O|  |TAMS 0x0000000082400000, 0x0000000082300000| Updating 
|  36|0x0000000082400000, 0x0000000082500000, 0x0000000082500000|100%| O|  |TAMS 0x0000000082500000, 0x0000000082400000| Updating 
|  37|0x0000000082500000, 0x0000000082600000, 0x0000000082600000|100%| O|  |TAMS 0x0000000082600000, 0x0000000082500000| Updating 
|  38|0x0000000082600000, 0x0000000082700000, 0x0000000082700000|100%| O|  |TAMS 0x0000000082700000, 0x0000000082600000| Updating 
|  39|0x0000000082700000, 0x0000000082800000, 0x0000000082800000|100%| O|  |TAMS 0x0000000082800000, 0x0000000082700000| Updating 
|  40|0x0000000082800000, 0x0000000082900000, 0x0000000082900000|100%| O|  |TAMS 0x0000000082900000, 0x0000000082800000| Updating 
|  41|0x0000000082900000, 0x0000000082a00000, 0x0000000082a00000|100%| O|  |TAMS 0x0000000082a00000, 0x0000000082900000| Updating 
|  42|0x0000000082a00000, 0x0000000082b00000, 0x0000000082b00000|100%| O|  |TAMS 0x0000000082b00000, 0x0000000082a00000| Updating 
|  43|0x0000000082b00000, 0x0000000082c00000, 0x0000000082c00000|100%| O|  |TAMS 0x0000000082c00000, 0x0000000082b00000| Updating 
|  44|0x0000000082c00000, 0x0000000082d00000, 0x0000000082d00000|100%| O|  |TAMS 0x0000000082d00000, 0x0000000082c00000| Updating 
|  45|0x0000000082d00000, 0x0000000082e00000, 0x0000000082e00000|100%| O|  |TAMS 0x0000000082e00000, 0x0000000082d00000| Updating 
|  46|0x0000000082e00000, 0x0000000082f00000, 0x0000000082f00000|100%| O|  |TAMS 0x0000000082f00000, 0x0000000082e00000| Updating 
|  47|0x0000000082f00000, 0x0000000083000000, 0x0000000083000000|100%| O|  |TAMS 0x0000000083000000, 0x0000000082f00000| Updating 
|  48|0x0000000083000000, 0x0000000083100000, 0x0000000083100000|100%| O|  |TAMS 0x0000000083100000, 0x0000000083000000| Updating 
|  49|0x0000000083100000, 0x0000000083200000, 0x0000000083200000|100%| O|  |TAMS 0x0000000083200000, 0x0000000083100000| Updating 
|  50|0x0000000083200000, 0x0000000083300000, 0x0000000083300000|100%| O|  |TAMS 0x0000000083300000, 0x0000000083200000| Updating 
|  51|0x0000000083300000, 0x0000000083400000, 0x0000000083400000|100%| O|  |TAMS 0x0000000083400000, 0x0000000083300000| Updating 
|  52|0x0000000083400000, 0x0000000083500000, 0x0000000083500000|100%| O|  |TAMS 0x0000000083500000, 0x0000000083400000| Updating 
|  53|0x0000000083500000, 0x0000000083600000, 0x0000000083600000|100%| O|  |TAMS 0x0000000083600000, 0x0000000083500000| Updating 
|  54|0x0000000083600000, 0x0000000083700000, 0x0000000083700000|100%| O|  |TAMS 0x0000000083700000, 0x0000000083600000| Updating 
|  55|0x0000000083700000, 0x0000000083800000, 0x0000000083800000|100%| O|  |TAMS 0x0000000083800000, 0x0000000083700000| Updating 
|  56|0x0000000083800000, 0x0000000083900000, 0x0000000083900000|100%| O|  |TAMS 0x0000000083900000, 0x0000000083800000| Updating 
|  57|0x0000000083900000, 0x0000000083a00000, 0x0000000083a00000|100%| O|  |TAMS 0x0000000083a00000, 0x0000000083900000| Updating 
|  58|0x0000000083a00000, 0x0000000083b00000, 0x0000000083b00000|100%| O|  |TAMS 0x0000000083b00000, 0x0000000083a00000| Updating 
|  59|0x0000000083b00000, 0x0000000083c00000, 0x0000000083c00000|100%| O|  |TAMS 0x0000000083c00000, 0x0000000083b00000| Updating 
|  60|0x0000000083c00000, 0x0000000083d00000, 0x0000000083d00000|100%| O|  |TAMS 0x0000000083d00000, 0x0000000083c00000| Updating 
|  61|0x0000000083d00000, 0x0000000083e00000, 0x0000000083e00000|100%| O|  |TAMS 0x0000000083e00000, 0x0000000083d00000| Updating 
|  62|0x0000000083e00000, 0x0000000083f00000, 0x0000000083f00000|100%| O|  |TAMS 0x0000000083f00000, 0x0000000083e00000| Updating 
|  63|0x0000000083f00000, 0x0000000084000000, 0x0000000084000000|100%| O|  |TAMS 0x0000000084000000, 0x0000000083f00000| Updating 
|  64|0x0000000084000000, 0x0000000084100000, 0x0000000084100000|100%| O|  |TAMS 0x0000000084100000, 0x0000000084000000| Updating 
|  65|0x0000000084100000, 0x0000000084200000, 0x0000000084200000|100%| O|  |TAMS 0x0000000084200000, 0x0000000084100000| Updating 
|  66|0x0000000084200000, 0x0000000084300000, 0x0000000084300000|100%| O|  |TAMS 0x0000000084300000, 0x0000000084200000| Updating 
|  67|0x0000000084300000, 0x0000000084400000, 0x0000000084400000|100%| O|  |TAMS 0x0000000084400000, 0x0000000084300000| Updating 
|  68|0x0000000084400000, 0x0000000084500000, 0x0000000084500000|100%| O|  |TAMS 0x0000000084500000, 0x0000000084400000| Updating 
|  69|0x0000000084500000, 0x0000000084600000, 0x0000000084600000|100%| O|  |TAMS 0x0000000084600000, 0x0000000084500000| Updating 
|  70|0x0000000084600000, 0x0000000084700000, 0x0000000084700000|100%| O|  |TAMS 0x0000000084700000, 0x0000000084600000| Updating 
|  71|0x0000000084700000, 0x0000000084800000, 0x0000000084800000|100%| O|  |TAMS 0x0000000084800000, 0x0000000084700000| Updating 
|  72|0x0000000084800000, 0x0000000084900000, 0x0000000084900000|100%|HS|  |TAMS 0x0000000084900000, 0x0000000084800000| Complete 
|  73|0x0000000084900000, 0x0000000084a00000, 0x0000000084a00000|100%|HC|  |TAMS 0x0000000084a00000, 0x0000000084900000| Complete 
|  74|0x0000000084a00000, 0x0000000084b00000, 0x0000000084b00000|100%|HS|  |TAMS 0x0000000084b00000, 0x0000000084a00000| Complete 
|  75|0x0000000084b00000, 0x0000000084c00000, 0x0000000084c00000|100%|HS|  |TAMS 0x0000000084c00000, 0x0000000084b00000| Complete 
|  76|0x0000000084c00000, 0x0000000084d00000, 0x0000000084d00000|100%|HS|  |TAMS 0x0000000084d00000, 0x0000000084c00000| Complete 
|  77|0x0000000084d00000, 0x0000000084e00000, 0x0000000084e00000|100%|HS|  |TAMS 0x0000000084e00000, 0x0000000084d00000| Complete 
|  78|0x0000000084e00000, 0x0000000084f00000, 0x0000000084f00000|100%|HC|  |TAMS 0x0000000084f00000, 0x0000000084e00000| Complete 
|  79|0x0000000084f00000, 0x0000000085000000, 0x0000000085000000|100%|HS|  |TAMS 0x0000000085000000, 0x0000000084f00000| Complete 
|  80|0x0000000085000000, 0x0000000085100000, 0x0000000085100000|100%|HS|  |TAMS 0x0000000085100000, 0x0000000085000000| Complete 
|  81|0x0000000085100000, 0x0000000085200000, 0x0000000085200000|100%|HC|  |TAMS 0x0000000085200000, 0x0000000085100000| Complete 
|  82|0x0000000085200000, 0x0000000085300000, 0x0000000085300000|100%|HC|  |TAMS 0x0000000085300000, 0x0000000085200000| Complete 
|  83|0x0000000085300000, 0x0000000085400000, 0x0000000085400000|100%|HC|  |TAMS 0x0000000085400000, 0x0000000085300000| Complete 
|  84|0x0000000085400000, 0x0000000085500000, 0x0000000085500000|100%|HS|  |TAMS 0x0000000085500000, 0x0000000085400000| Complete 
|  85|0x0000000085500000, 0x0000000085600000, 0x0000000085600000|100%|HS|  |TAMS 0x0000000085600000, 0x0000000085500000| Complete 
|  86|0x0000000085600000, 0x0000000085700000, 0x0000000085700000|100%| O|  |TAMS 0x0000000085700000, 0x0000000085600000| Updating 
|  87|0x0000000085700000, 0x0000000085800000, 0x0000000085800000|100%| O|  |TAMS 0x0000000085800000, 0x0000000085700000| Updating 
|  88|0x0000000085800000, 0x0000000085900000, 0x0000000085900000|100%| O|  |TAMS 0x0000000085900000, 0x0000000085800000| Updating 
|  89|0x0000000085900000, 0x0000000085a00000, 0x0000000085a00000|100%| O|  |TAMS 0x0000000085a00000, 0x0000000085900000| Updating 
|  90|0x0000000085a00000, 0x0000000085b00000, 0x0000000085b00000|100%| O|  |TAMS 0x0000000085b00000, 0x0000000085a00000| Updating 
|  91|0x0000000085b00000, 0x0000000085c00000, 0x0000000085c00000|100%|HS|  |TAMS 0x0000000085c00000, 0x0000000085b00000| Complete 
|  92|0x0000000085c00000, 0x0000000085d00000, 0x0000000085d00000|100%|HS|  |TAMS 0x0000000085d00000, 0x0000000085c00000| Complete 
|  93|0x0000000085d00000, 0x0000000085e00000, 0x0000000085e00000|100%|HC|  |TAMS 0x0000000085e00000, 0x0000000085d00000| Complete 
|  94|0x0000000085e00000, 0x0000000085f00000, 0x0000000085f00000|100%|HS|  |TAMS 0x0000000085f00000, 0x0000000085e00000| Complete 
|  95|0x0000000085f00000, 0x0000000086000000, 0x0000000086000000|100%|HC|  |TAMS 0x0000000086000000, 0x0000000085f00000| Complete 
|  96|0x0000000086000000, 0x0000000086100000, 0x0000000086100000|100%|HC|  |TAMS 0x0000000086100000, 0x0000000086000000| Complete 
|  97|0x0000000086100000, 0x0000000086200000, 0x0000000086200000|100%|HS|  |TAMS 0x0000000086200000, 0x0000000086100000| Complete 
|  98|0x0000000086200000, 0x0000000086300000, 0x0000000086300000|100%|HS|  |TAMS 0x0000000086300000, 0x0000000086200000| Complete 
|  99|0x0000000086300000, 0x0000000086400000, 0x0000000086400000|100%|HS|  |TAMS 0x0000000086400000, 0x0000000086300000| Complete 
| 100|0x0000000086400000, 0x0000000086500000, 0x0000000086500000|100%|HC|  |TAMS 0x0000000086500000, 0x0000000086400000| Complete 
| 101|0x0000000086500000, 0x0000000086600000, 0x0000000086600000|100%|HC|  |TAMS 0x0000000086600000, 0x0000000086500000| Complete 
| 102|0x0000000086600000, 0x0000000086700000, 0x0000000086700000|100%|HS|  |TAMS 0x0000000086700000, 0x0000000086600000| Complete 
| 103|0x0000000086700000, 0x0000000086800000, 0x0000000086800000|100%|HS|  |TAMS 0x0000000086800000, 0x0000000086700000| Complete 
| 104|0x0000000086800000, 0x0000000086900000, 0x0000000086900000|100%|HS|  |TAMS 0x0000000086900000, 0x0000000086800000| Complete 
| 105|0x0000000086900000, 0x0000000086a00000, 0x0000000086a00000|100%|HC|  |TAMS 0x0000000086a00000, 0x0000000086900000| Complete 
| 106|0x0000000086a00000, 0x0000000086b00000, 0x0000000086b00000|100%|HS|  |TAMS 0x0000000086a00000, 0x0000000086a00000| Complete 
| 107|0x0000000086b00000, 0x0000000086c00000, 0x0000000086c00000|100%|HS|  |TAMS 0x0000000086c00000, 0x0000000086b00000| Complete 
| 108|0x0000000086c00000, 0x0000000086c00000, 0x0000000086d00000|  0%| F|  |TAMS 0x0000000086c00000, 0x0000000086c00000| Untracked 
| 109|0x0000000086d00000, 0x0000000086e00000, 0x0000000086e00000|100%|HS|  |TAMS 0x0000000086e00000, 0x0000000086d00000| Complete 
| 110|0x0000000086e00000, 0x0000000086f00000, 0x0000000086f00000|100%| O|  |TAMS 0x0000000086f00000, 0x0000000086e00000| Updating 
| 111|0x0000000086f00000, 0x0000000087000000, 0x0000000087000000|100%| O|  |TAMS 0x0000000087000000, 0x0000000086f00000| Updating 
| 112|0x0000000087000000, 0x0000000087100000, 0x0000000087100000|100%|HS|  |TAMS 0x0000000087100000, 0x0000000087000000| Complete 
| 113|0x0000000087100000, 0x0000000087200000, 0x0000000087200000|100%|HS|  |TAMS 0x0000000087200000, 0x0000000087100000| Complete 
| 114|0x0000000087200000, 0x0000000087300000, 0x0000000087300000|100%| O|  |TAMS 0x0000000087300000, 0x0000000087200000| Updating 
| 115|0x0000000087300000, 0x0000000087400000, 0x0000000087400000|100%|HS|  |TAMS 0x0000000087400000, 0x0000000087300000| Complete 
| 116|0x0000000087400000, 0x0000000087500000, 0x0000000087500000|100%|HS|  |TAMS 0x0000000087500000, 0x0000000087400000| Complete 
| 117|0x0000000087500000, 0x0000000087600000, 0x0000000087600000|100%|HC|  |TAMS 0x0000000087600000, 0x0000000087500000| Complete 
| 118|0x0000000087600000, 0x0000000087700000, 0x0000000087700000|100%|HC|  |TAMS 0x0000000087700000, 0x0000000087600000| Complete 
| 119|0x0000000087700000, 0x0000000087800000, 0x0000000087800000|100%|HC|  |TAMS 0x0000000087800000, 0x0000000087700000| Complete 
| 120|0x0000000087800000, 0x0000000087900000, 0x0000000087900000|100%|HS|  |TAMS 0x0000000087900000, 0x0000000087800000| Complete 
| 121|0x0000000087900000, 0x0000000087a00000, 0x0000000087a00000|100%| O|  |TAMS 0x0000000087a00000, 0x0000000087900000| Updating 
| 122|0x0000000087a00000, 0x0000000087b00000, 0x0000000087b00000|100%| O|  |TAMS 0x0000000087b00000, 0x0000000087a00000| Updating 
| 123|0x0000000087b00000, 0x0000000087c00000, 0x0000000087c00000|100%|HS|  |TAMS 0x0000000087c00000, 0x0000000087b00000| Complete 
| 124|0x0000000087c00000, 0x0000000087d00000, 0x0000000087d00000|100%|HC|  |TAMS 0x0000000087d00000, 0x0000000087c00000| Complete 
| 125|0x0000000087d00000, 0x0000000087e00000, 0x0000000087e00000|100%| O|  |TAMS 0x0000000087e00000, 0x0000000087d00000| Updating 
| 126|0x0000000087e00000, 0x0000000087f00000, 0x0000000087f00000|100%|HS|  |TAMS 0x0000000087f00000, 0x0000000087e00000| Complete 
| 127|0x0000000087f00000, 0x0000000088000000, 0x0000000088000000|100%|HS|  |TAMS 0x0000000088000000, 0x0000000087f00000| Complete 
| 128|0x0000000088000000, 0x0000000088100000, 0x0000000088100000|100%|HC|  |TAMS 0x0000000088100000, 0x0000000088000000| Complete 
| 129|0x0000000088100000, 0x0000000088200000, 0x0000000088200000|100%| O|  |TAMS 0x0000000088200000, 0x0000000088100000| Updating 
| 130|0x0000000088200000, 0x0000000088300000, 0x0000000088300000|100%|HS|  |TAMS 0x0000000088300000, 0x0000000088200000| Complete 
| 131|0x0000000088300000, 0x0000000088400000, 0x0000000088400000|100%| O|  |TAMS 0x0000000088400000, 0x0000000088300000| Updating 
| 132|0x0000000088400000, 0x0000000088500000, 0x0000000088500000|100%| O|  |TAMS 0x0000000088500000, 0x0000000088400000| Updating 
| 133|0x0000000088500000, 0x0000000088600000, 0x0000000088600000|100%| O|  |TAMS 0x0000000088600000, 0x0000000088500000| Updating 
| 134|0x0000000088600000, 0x0000000088700000, 0x0000000088700000|100%| O|  |TAMS 0x0000000088700000, 0x0000000088600000| Updating 
| 135|0x0000000088700000, 0x0000000088800000, 0x0000000088800000|100%| O|  |TAMS 0x0000000088800000, 0x0000000088700000| Updating 
| 136|0x0000000088800000, 0x0000000088900000, 0x0000000088900000|100%| O|  |TAMS 0x0000000088900000, 0x0000000088800000| Updating 
| 137|0x0000000088900000, 0x0000000088a00000, 0x0000000088a00000|100%| O|  |TAMS 0x0000000088a00000, 0x0000000088900000| Updating 
| 138|0x0000000088a00000, 0x0000000088b00000, 0x0000000088b00000|100%| O|  |TAMS 0x0000000088b00000, 0x0000000088a00000| Updating 
| 139|0x0000000088b00000, 0x0000000088c00000, 0x0000000088c00000|100%| O|  |TAMS 0x0000000088c00000, 0x0000000088b00000| Updating 
| 140|0x0000000088c00000, 0x0000000088d00000, 0x0000000088d00000|100%| O|  |TAMS 0x0000000088d00000, 0x0000000088c00000| Updating 
| 141|0x0000000088d00000, 0x0000000088e00000, 0x0000000088e00000|100%| O|  |TAMS 0x0000000088e00000, 0x0000000088d00000| Updating 
| 142|0x0000000088e00000, 0x0000000088f00000, 0x0000000088f00000|100%| O|  |TAMS 0x0000000088f00000, 0x0000000088e00000| Updating 
| 143|0x0000000088f00000, 0x0000000089000000, 0x0000000089000000|100%| O|  |TAMS 0x0000000089000000, 0x0000000088f00000| Updating 
| 144|0x0000000089000000, 0x0000000089100000, 0x0000000089100000|100%| O|  |TAMS 0x0000000089100000, 0x0000000089000000| Updating 
| 145|0x0000000089100000, 0x0000000089200000, 0x0000000089200000|100%| O|  |TAMS 0x0000000089200000, 0x0000000089100000| Updating 
| 146|0x0000000089200000, 0x0000000089300000, 0x0000000089300000|100%| O|  |TAMS 0x0000000089300000, 0x0000000089200000| Updating 
| 147|0x0000000089300000, 0x0000000089400000, 0x0000000089400000|100%| O|  |TAMS 0x0000000089400000, 0x0000000089300000| Updating 
| 148|0x0000000089400000, 0x0000000089500000, 0x0000000089500000|100%|HS|  |TAMS 0x0000000089500000, 0x0000000089400000| Complete 
| 149|0x0000000089500000, 0x0000000089600000, 0x0000000089600000|100%|HC|  |TAMS 0x0000000089600000, 0x0000000089500000| Complete 
| 150|0x0000000089600000, 0x0000000089700000, 0x0000000089700000|100%|HC|  |TAMS 0x0000000089700000, 0x0000000089600000| Complete 
| 151|0x0000000089700000, 0x0000000089800000, 0x0000000089800000|100%|HS|  |TAMS 0x0000000089800000, 0x0000000089700000| Complete 
| 152|0x0000000089800000, 0x0000000089900000, 0x0000000089900000|100%| O|  |TAMS 0x0000000089900000, 0x0000000089800000| Updating 
| 153|0x0000000089900000, 0x0000000089a00000, 0x0000000089a00000|100%| O|  |TAMS 0x0000000089a00000, 0x0000000089900000| Updating 
| 154|0x0000000089a00000, 0x0000000089b00000, 0x0000000089b00000|100%| O|  |TAMS 0x0000000089b00000, 0x0000000089a00000| Updating 
| 155|0x0000000089b00000, 0x0000000089c00000, 0x0000000089c00000|100%|HS|  |TAMS 0x0000000089c00000, 0x0000000089b00000| Complete 
| 156|0x0000000089c00000, 0x0000000089d00000, 0x0000000089d00000|100%|HC|  |TAMS 0x0000000089d00000, 0x0000000089c00000| Complete 
| 157|0x0000000089d00000, 0x0000000089e00000, 0x0000000089e00000|100%|HC|  |TAMS 0x0000000089e00000, 0x0000000089d00000| Complete 
| 158|0x0000000089e00000, 0x0000000089f00000, 0x0000000089f00000|100%| O|  |TAMS 0x0000000089f00000, 0x0000000089e00000| Updating 
| 159|0x0000000089f00000, 0x000000008a000000, 0x000000008a000000|100%| O|  |TAMS 0x000000008a000000, 0x0000000089f00000| Updating 
| 160|0x000000008a000000, 0x000000008a100000, 0x000000008a100000|100%| O|  |TAMS 0x000000008a100000, 0x000000008a000000| Updating 
| 161|0x000000008a100000, 0x000000008a200000, 0x000000008a200000|100%| O|  |TAMS 0x000000008a200000, 0x000000008a100000| Updating 
| 162|0x000000008a200000, 0x000000008a300000, 0x000000008a300000|100%| O|  |TAMS 0x000000008a300000, 0x000000008a200000| Updating 
| 163|0x000000008a300000, 0x000000008a400000, 0x000000008a400000|100%| O|  |TAMS 0x000000008a400000, 0x000000008a300000| Updating 
| 164|0x000000008a400000, 0x000000008a500000, 0x000000008a500000|100%| O|  |TAMS 0x000000008a500000, 0x000000008a400000| Updating 
| 165|0x000000008a500000, 0x000000008a600000, 0x000000008a600000|100%| O|  |TAMS 0x000000008a600000, 0x000000008a500000| Updating 
| 166|0x000000008a600000, 0x000000008a700000, 0x000000008a700000|100%| O|  |TAMS 0x000000008a700000, 0x000000008a600000| Updating 
| 167|0x000000008a700000, 0x000000008a800000, 0x000000008a800000|100%| O|  |TAMS 0x000000008a800000, 0x000000008a700000| Updating 
| 168|0x000000008a800000, 0x000000008a900000, 0x000000008a900000|100%| O|  |TAMS 0x000000008a900000, 0x000000008a800000| Updating 
| 169|0x000000008a900000, 0x000000008aa00000, 0x000000008aa00000|100%| O|  |TAMS 0x000000008aa00000, 0x000000008a900000| Updating 
| 170|0x000000008aa00000, 0x000000008ab00000, 0x000000008ab00000|100%| O|  |TAMS 0x000000008ab00000, 0x000000008aa00000| Updating 
| 171|0x000000008ab00000, 0x000000008ac00000, 0x000000008ac00000|100%| O|  |TAMS 0x000000008ac00000, 0x000000008ab00000| Updating 
| 172|0x000000008ac00000, 0x000000008ad00000, 0x000000008ad00000|100%| O|  |TAMS 0x000000008ad00000, 0x000000008ac00000| Updating 
| 173|0x000000008ad00000, 0x000000008ae00000, 0x000000008ae00000|100%| O|  |TAMS 0x000000008ae00000, 0x000000008ad00000| Updating 
| 174|0x000000008ae00000, 0x000000008af00000, 0x000000008af00000|100%| O|  |TAMS 0x000000008af00000, 0x000000008ae00000| Updating 
| 175|0x000000008af00000, 0x000000008b000000, 0x000000008b000000|100%| O|  |TAMS 0x000000008b000000, 0x000000008af00000| Updating 
| 176|0x000000008b000000, 0x000000008b100000, 0x000000008b100000|100%| O|  |TAMS 0x000000008b100000, 0x000000008b000000| Updating 
| 177|0x000000008b100000, 0x000000008b200000, 0x000000008b200000|100%| O|  |TAMS 0x000000008b200000, 0x000000008b100000| Updating 
| 178|0x000000008b200000, 0x000000008b243a00, 0x000000008b300000| 26%| O|  |TAMS 0x000000008b243a00, 0x000000008b200000| Updating 
| 179|0x000000008b300000, 0x000000008b400000, 0x000000008b400000|100%|HS|  |TAMS 0x000000008b300000, 0x000000008b300000| Complete 
| 180|0x000000008b400000, 0x000000008b500000, 0x000000008b500000|100%|HC|  |TAMS 0x000000008b400000, 0x000000008b400000| Complete 
| 181|0x000000008b500000, 0x000000008b600000, 0x000000008b600000|100%|HS|  |TAMS 0x000000008b500000, 0x000000008b500000| Complete 
| 182|0x000000008b600000, 0x000000008b700000, 0x000000008b700000|100%|HC|  |TAMS 0x000000008b600000, 0x000000008b600000| Complete 
| 183|0x000000008b700000, 0x000000008b700000, 0x000000008b800000|  0%| F|  |TAMS 0x000000008b700000, 0x000000008b700000| Untracked 
| 184|0x000000008b800000, 0x000000008b800000, 0x000000008b900000|  0%| F|  |TAMS 0x000000008b800000, 0x000000008b800000| Untracked 
| 185|0x000000008b900000, 0x000000008b900000, 0x000000008ba00000|  0%| F|  |TAMS 0x000000008b900000, 0x000000008b900000| Untracked 
| 186|0x000000008ba00000, 0x000000008ba00000, 0x000000008bb00000|  0%| F|  |TAMS 0x000000008ba00000, 0x000000008ba00000| Untracked 
| 187|0x000000008bb00000, 0x000000008bb00000, 0x000000008bc00000|  0%| F|  |TAMS 0x000000008bb00000, 0x000000008bb00000| Untracked 
| 188|0x000000008bc00000, 0x000000008bc00000, 0x000000008bd00000|  0%| F|  |TAMS 0x000000008bc00000, 0x000000008bc00000| Untracked 
| 189|0x000000008bd00000, 0x000000008bd00000, 0x000000008be00000|  0%| F|  |TAMS 0x000000008bd00000, 0x000000008bd00000| Untracked 
| 190|0x000000008be00000, 0x000000008be00000, 0x000000008bf00000|  0%| F|  |TAMS 0x000000008be00000, 0x000000008be00000| Untracked 
| 191|0x000000008bf00000, 0x000000008bf00000, 0x000000008c000000|  0%| F|  |TAMS 0x000000008bf00000, 0x000000008bf00000| Untracked 
| 192|0x000000008c000000, 0x000000008c000000, 0x000000008c100000|  0%| F|  |TAMS 0x000000008c000000, 0x000000008c000000| Untracked 
| 193|0x000000008c100000, 0x000000008c100000, 0x000000008c200000|  0%| F|  |TAMS 0x000000008c100000, 0x000000008c100000| Untracked 
| 194|0x000000008c200000, 0x000000008c200000, 0x000000008c300000|  0%| F|  |TAMS 0x000000008c200000, 0x000000008c200000| Untracked 
| 195|0x000000008c300000, 0x000000008c300000, 0x000000008c400000|  0%| F|  |TAMS 0x000000008c300000, 0x000000008c300000| Untracked 
| 196|0x000000008c400000, 0x000000008c400000, 0x000000008c500000|  0%| F|  |TAMS 0x000000008c400000, 0x000000008c400000| Untracked 
| 197|0x000000008c500000, 0x000000008c500000, 0x000000008c600000|  0%| F|  |TAMS 0x000000008c500000, 0x000000008c500000| Untracked 
| 198|0x000000008c600000, 0x000000008c600000, 0x000000008c700000|  0%| F|  |TAMS 0x000000008c600000, 0x000000008c600000| Untracked 
| 199|0x000000008c700000, 0x000000008c700000, 0x000000008c800000|  0%| F|  |TAMS 0x000000008c700000, 0x000000008c700000| Untracked 
| 200|0x000000008c800000, 0x000000008c800000, 0x000000008c900000|  0%| F|  |TAMS 0x000000008c800000, 0x000000008c800000| Untracked 
| 201|0x000000008c900000, 0x000000008c900000, 0x000000008ca00000|  0%| F|  |TAMS 0x000000008c900000, 0x000000008c900000| Untracked 
| 202|0x000000008ca00000, 0x000000008ca00000, 0x000000008cb00000|  0%| F|  |TAMS 0x000000008ca00000, 0x000000008ca00000| Untracked 
| 203|0x000000008cb00000, 0x000000008cb00000, 0x000000008cc00000|  0%| F|  |TAMS 0x000000008cb00000, 0x000000008cb00000| Untracked 
| 204|0x000000008cc00000, 0x000000008cc00000, 0x000000008cd00000|  0%| F|  |TAMS 0x000000008cc00000, 0x000000008cc00000| Untracked 
| 205|0x000000008cd00000, 0x000000008cd00000, 0x000000008ce00000|  0%| F|  |TAMS 0x000000008cd00000, 0x000000008cd00000| Untracked 
| 206|0x000000008ce00000, 0x000000008ce00000, 0x000000008cf00000|  0%| F|  |TAMS 0x000000008ce00000, 0x000000008ce00000| Untracked 
| 207|0x000000008cf00000, 0x000000008cf00000, 0x000000008d000000|  0%| F|  |TAMS 0x000000008cf00000, 0x000000008cf00000| Untracked 
| 208|0x000000008d000000, 0x000000008d000000, 0x000000008d100000|  0%| F|  |TAMS 0x000000008d000000, 0x000000008d000000| Untracked 
| 209|0x000000008d100000, 0x000000008d100000, 0x000000008d200000|  0%| F|  |TAMS 0x000000008d100000, 0x000000008d100000| Untracked 
| 210|0x000000008d200000, 0x000000008d200000, 0x000000008d300000|  0%| F|  |TAMS 0x000000008d200000, 0x000000008d200000| Untracked 
| 211|0x000000008d300000, 0x000000008d300000, 0x000000008d400000|  0%| F|  |TAMS 0x000000008d300000, 0x000000008d300000| Untracked 
| 212|0x000000008d400000, 0x000000008d400000, 0x000000008d500000|  0%| F|  |TAMS 0x000000008d400000, 0x000000008d400000| Untracked 
| 213|0x000000008d500000, 0x000000008d500000, 0x000000008d600000|  0%| F|  |TAMS 0x000000008d500000, 0x000000008d500000| Untracked 
| 214|0x000000008d600000, 0x000000008d600000, 0x000000008d700000|  0%| F|  |TAMS 0x000000008d600000, 0x000000008d600000| Untracked 
| 215|0x000000008d700000, 0x000000008d700000, 0x000000008d800000|  0%| F|  |TAMS 0x000000008d700000, 0x000000008d700000| Untracked 
| 216|0x000000008d800000, 0x000000008d800000, 0x000000008d900000|  0%| F|  |TAMS 0x000000008d800000, 0x000000008d800000| Untracked 
| 217|0x000000008d900000, 0x000000008d900000, 0x000000008da00000|  0%| F|  |TAMS 0x000000008d900000, 0x000000008d900000| Untracked 
| 218|0x000000008da00000, 0x000000008da00000, 0x000000008db00000|  0%| F|  |TAMS 0x000000008da00000, 0x000000008da00000| Untracked 
| 219|0x000000008db00000, 0x000000008db00000, 0x000000008dc00000|  0%| F|  |TAMS 0x000000008db00000, 0x000000008db00000| Untracked 
| 220|0x000000008dc00000, 0x000000008dc00000, 0x000000008dd00000|  0%| F|  |TAMS 0x000000008dc00000, 0x000000008dc00000| Untracked 
| 221|0x000000008dd00000, 0x000000008dd00000, 0x000000008de00000|  0%| F|  |TAMS 0x000000008dd00000, 0x000000008dd00000| Untracked 
| 222|0x000000008de00000, 0x000000008de00000, 0x000000008df00000|  0%| F|  |TAMS 0x000000008de00000, 0x000000008de00000| Untracked 
| 223|0x000000008df00000, 0x000000008e000000, 0x000000008e000000|100%| S|CS|TAMS 0x000000008df00000, 0x000000008df00000| Complete 
| 224|0x000000008e000000, 0x000000008e100000, 0x000000008e100000|100%| S|CS|TAMS 0x000000008e000000, 0x000000008e000000| Complete 
| 225|0x000000008e100000, 0x000000008e200000, 0x000000008e200000|100%| S|CS|TAMS 0x000000008e100000, 0x000000008e100000| Complete 
| 226|0x000000008e200000, 0x000000008e300000, 0x000000008e300000|100%| S|CS|TAMS 0x000000008e200000, 0x000000008e200000| Complete 
| 227|0x000000008e300000, 0x000000008e400000, 0x000000008e400000|100%| S|CS|TAMS 0x000000008e300000, 0x000000008e300000| Complete 
| 228|0x000000008e400000, 0x000000008e500000, 0x000000008e500000|100%| S|CS|TAMS 0x000000008e400000, 0x000000008e400000| Complete 
| 229|0x000000008e500000, 0x000000008e600000, 0x000000008e600000|100%| S|CS|TAMS 0x000000008e500000, 0x000000008e500000| Complete 
| 230|0x000000008e600000, 0x000000008e600000, 0x000000008e700000|  0%| F|  |TAMS 0x000000008e600000, 0x000000008e600000| Untracked 
| 231|0x000000008e700000, 0x000000008e700000, 0x000000008e800000|  0%| F|  |TAMS 0x000000008e700000, 0x000000008e700000| Untracked 
| 232|0x000000008e800000, 0x000000008e800000, 0x000000008e900000|  0%| F|  |TAMS 0x000000008e800000, 0x000000008e800000| Untracked 
| 233|0x000000008e900000, 0x000000008e900000, 0x000000008ea00000|  0%| F|  |TAMS 0x000000008e900000, 0x000000008e900000| Untracked 
| 234|0x000000008ea00000, 0x000000008ea00000, 0x000000008eb00000|  0%| F|  |TAMS 0x000000008ea00000, 0x000000008ea00000| Untracked 
| 235|0x000000008eb00000, 0x000000008eb00000, 0x000000008ec00000|  0%| F|  |TAMS 0x000000008eb00000, 0x000000008eb00000| Untracked 
| 236|0x000000008ec00000, 0x000000008ec00000, 0x000000008ed00000|  0%| F|  |TAMS 0x000000008ec00000, 0x000000008ec00000| Untracked 
| 237|0x000000008ed00000, 0x000000008ed00000, 0x000000008ee00000|  0%| F|  |TAMS 0x000000008ed00000, 0x000000008ed00000| Untracked 
| 238|0x000000008ee00000, 0x000000008ee00000, 0x000000008ef00000|  0%| F|  |TAMS 0x000000008ee00000, 0x000000008ee00000| Untracked 
| 239|0x000000008ef00000, 0x000000008efdbf10, 0x000000008f000000| 85%| E|  |TAMS 0x000000008ef00000, 0x000000008ef00000| Complete 
| 240|0x000000008f000000, 0x000000008f100000, 0x000000008f100000|100%| E|CS|TAMS 0x000000008f000000, 0x000000008f000000| Complete 
| 241|0x000000008f100000, 0x000000008f200000, 0x000000008f200000|100%| E|CS|TAMS 0x000000008f100000, 0x000000008f100000| Complete 
| 242|0x000000008f200000, 0x000000008f300000, 0x000000008f300000|100%| E|CS|TAMS 0x000000008f200000, 0x000000008f200000| Complete 
| 243|0x000000008f300000, 0x000000008f400000, 0x000000008f400000|100%| E|CS|TAMS 0x000000008f300000, 0x000000008f300000| Complete 
| 244|0x000000008f400000, 0x000000008f500000, 0x000000008f500000|100%| E|CS|TAMS 0x000000008f400000, 0x000000008f400000| Complete 
| 245|0x000000008f500000, 0x000000008f600000, 0x000000008f600000|100%| E|CS|TAMS 0x000000008f500000, 0x000000008f500000| Complete 
| 246|0x000000008f600000, 0x000000008f700000, 0x000000008f700000|100%| E|CS|TAMS 0x000000008f600000, 0x000000008f600000| Complete 
| 247|0x000000008f700000, 0x000000008f800000, 0x000000008f800000|100%| E|CS|TAMS 0x000000008f700000, 0x000000008f700000| Complete 
| 248|0x000000008f800000, 0x000000008f900000, 0x000000008f900000|100%| E|CS|TAMS 0x000000008f800000, 0x000000008f800000| Complete 
| 249|0x000000008f900000, 0x000000008fa00000, 0x000000008fa00000|100%| E|CS|TAMS 0x000000008f900000, 0x000000008f900000| Complete 
| 250|0x000000008fa00000, 0x000000008fb00000, 0x000000008fb00000|100%| E|CS|TAMS 0x000000008fa00000, 0x000000008fa00000| Complete 
| 251|0x000000008fb00000, 0x000000008fc00000, 0x000000008fc00000|100%| E|CS|TAMS 0x000000008fb00000, 0x000000008fb00000| Complete 
| 252|0x000000008fc00000, 0x000000008fd00000, 0x000000008fd00000|100%| E|CS|TAMS 0x000000008fc00000, 0x000000008fc00000| Complete 
| 253|0x000000008fd00000, 0x000000008fe00000, 0x000000008fe00000|100%| E|CS|TAMS 0x000000008fd00000, 0x000000008fd00000| Complete 
| 254|0x000000008fe00000, 0x000000008ff00000, 0x000000008ff00000|100%| E|CS|TAMS 0x000000008fe00000, 0x000000008fe00000| Complete 
| 255|0x000000008ff00000, 0x0000000090000000, 0x0000000090000000|100%| E|CS|TAMS 0x000000008ff00000, 0x000000008ff00000| Complete 
| 256|0x0000000090000000, 0x0000000090100000, 0x0000000090100000|100%| E|CS|TAMS 0x0000000090000000, 0x0000000090000000| Complete 
| 257|0x0000000090100000, 0x0000000090200000, 0x0000000090200000|100%| E|CS|TAMS 0x0000000090100000, 0x0000000090100000| Complete 
| 258|0x0000000090200000, 0x0000000090300000, 0x0000000090300000|100%| E|CS|TAMS 0x0000000090200000, 0x0000000090200000| Complete 
| 259|0x0000000090300000, 0x0000000090400000, 0x0000000090400000|100%| E|CS|TAMS 0x0000000090300000, 0x0000000090300000| Complete 
| 260|0x0000000090400000, 0x0000000090500000, 0x0000000090500000|100%| E|CS|TAMS 0x0000000090400000, 0x0000000090400000| Complete 
| 261|0x0000000090500000, 0x0000000090600000, 0x0000000090600000|100%| E|  |TAMS 0x0000000090500000, 0x0000000090500000| Complete 
| 262|0x0000000090600000, 0x0000000090700000, 0x0000000090700000|100%| E|CS|TAMS 0x0000000090600000, 0x0000000090600000| Complete 
| 263|0x0000000090700000, 0x0000000090800000, 0x0000000090800000|100%| E|CS|TAMS 0x0000000090700000, 0x0000000090700000| Complete 
| 264|0x0000000090800000, 0x0000000090900000, 0x0000000090900000|100%| E|CS|TAMS 0x0000000090800000, 0x0000000090800000| Complete 
| 265|0x0000000090900000, 0x0000000090a00000, 0x0000000090a00000|100%| E|CS|TAMS 0x0000000090900000, 0x0000000090900000| Complete 
| 266|0x0000000090a00000, 0x0000000090b00000, 0x0000000090b00000|100%| E|CS|TAMS 0x0000000090a00000, 0x0000000090a00000| Complete 

Card table byte_map: [0x000001657ea70000,0x000001657ee70000] _byte_map_base: 0x000001657e670000

Marking Bits (Prev, Next): (CMBitMap*) 0x000001656bab0830, (CMBitMap*) 0x000001656bab07f8
 Prev Bits: [0x0000016502000000, 0x0000016504000000)
 Next Bits: [0x0000016500000000, 0x0000016502000000)

Polling page: 0x0000016569a40000

Metaspace:

Usage:
  Non-class:     76.72 MB capacity,    75.39 MB ( 98%) used,     1.09 MB (  1%) free+waste,   245.81 KB ( <1%) overhead. 
      Class:     11.97 MB capacity,    11.20 MB ( 94%) used,   678.73 KB (  6%) free+waste,   110.19 KB ( <1%) overhead. 
       Both:     88.69 MB capacity,    86.59 MB ( 98%) used,     1.75 MB (  2%) free+waste,   356.00 KB ( <1%) overhead. 

Virtual space:
  Non-class space:       78.00 MB reserved,      77.00 MB ( 99%) committed 
      Class space:        1.00 GB reserved,      12.13 MB (  1%) committed 
             Both:        1.08 GB reserved,      89.13 MB (  8%) committed 

Chunk freelists:
   Non-Class:  284.00 KB
       Class:  162.00 KB
        Both:  446.00 KB

MaxMetaspaceSize: 17179869184.00 GB
CompressedClassSpaceSize: 1.00 GB

CodeHeap 'non-profiled nmethods': size=120064Kb used=5497Kb max_used=5497Kb free=114566Kb
 bounds [0x0000016577020000, 0x0000016577580000, 0x000001657e560000]
CodeHeap 'profiled nmethods': size=120000Kb used=21503Kb max_used=21503Kb free=98496Kb
 bounds [0x000001656faf0000, 0x0000016570ff0000, 0x0000016577020000]
CodeHeap 'non-nmethods': size=5696Kb used=2299Kb max_used=2331Kb free=3396Kb
 bounds [0x000001656f560000, 0x000001656f7d0000, 0x000001656faf0000]
 total_blobs=11604 nmethods=10703 adapters=812
 compilation: enabled
              stopped_count=0, restarted_count=0
 full_count=0

Compilation events (20 events):
Event: 8.272 Thread 0x000001657fc1d800 10804       2       com.android.tools.r8.internal.fu::d (194 bytes)
Event: 8.273 Thread 0x000001657fc1d800 nmethod 10804 0x0000016570fec090 code [0x0000016570fec2e0, 0x0000016570fecad8]
Event: 8.280 Thread 0x000001657ff0c800 nmethod 10786% 0x000001657756ee10 code [0x000001657756f160, 0x0000016577572ce0]
Event: 8.280 Thread 0x000001657ff0c800 10797   !   4       java.util.concurrent.ConcurrentHashMap::putVal (432 bytes)
Event: 8.284 Thread 0x000001657fc1d800 10805       1       com.android.tools.r8.internal.ak::b (6 bytes)
Event: 8.284 Thread 0x000001657fc1d800 nmethod 10805 0x0000016577574110 code [0x00000165775742c0, 0x0000016577574378]
Event: 8.288 Thread 0x000001657fc1d800 10806 %     3       java.lang.Iterable::forEach @ 12 (39 bytes)
Event: 8.288 Thread 0x000001657fc1d800 nmethod 10806% 0x0000016570fecf10 code [0x0000016570fed120, 0x0000016570fed788]
Event: 8.331 Thread 0x000001657ff0c800 nmethod 10797 0x0000016577574410 code [0x0000016577574640, 0x0000016577575fd0]
Event: 8.331 Thread 0x000001657ff0c800 10796       4       com.android.tools.r8.internal.Ah::get (106 bytes)
Event: 8.333 Thread 0x000001657ff0c800 nmethod 10796 0x0000016577576b90 code [0x0000016577576d40, 0x0000016577576f18]
Event: 8.333 Thread 0x000001657ff0c800 10778       4       com.android.tools.r8.graph.Q::F (30 bytes)
Event: 8.337 Thread 0x000001657ff0c800 nmethod 10778 0x0000016577577110 code [0x00000165775772e0, 0x00000165775775a8]
Event: 8.337 Thread 0x000001657ff0c800 10777       4       com.android.tools.r8.graph.Q::<init> (62 bytes)
Event: 8.354 Thread 0x000001657ff0c800 nmethod 10777 0x0000016577577910 code [0x0000016577577b00, 0x00000165775789c8]
Event: 8.354 Thread 0x000001657ff0c800 10807   !   4       java.util.concurrent.ConcurrentHashMap::transfer (828 bytes)
Event: 8.385 Thread 0x000001657fc1d800 10811       2       java.util.concurrent.ConcurrentHashMap$TreeBin::<init> (258 bytes)
Event: 8.386 Thread 0x000001657fc1d800 nmethod 10811 0x0000016570fed990 code [0x0000016570fedba0, 0x0000016570fee318]
Event: 8.413 Thread 0x000001657fc1d800 10812 %     3       com.android.tools.r8.internal.Ah::d @ 68 (188 bytes)
Event: 8.413 Thread 0x000001657fc1d800 nmethod 10812% 0x0000016570fee690 code [0x0000016570fee940, 0x0000016570fef788]

GC Heap History (20 events):
Event: 4.874 GC heap before
{Heap before GC invocations=15 (full 0):
 garbage-first heap   total 189440K, used 127910K [0x0000000080000000, 0x0000000100000000)
  region size 1024K, 83 young (84992K), 9 survivors (9216K)
 Metaspace       used 68988K, capacity 70724K, committed 70784K, reserved 1110016K
  class space    used 8945K, capacity 9549K, committed 9600K, reserved 1048576K
}
Event: 4.883 GC heap after
{Heap after GC invocations=16 (full 0):
 garbage-first heap   total 189440K, used 57499K [0x0000000080000000, 0x0000000100000000)
  region size 1024K, 6 young (6144K), 6 survivors (6144K)
 Metaspace       used 68988K, capacity 70724K, committed 70784K, reserved 1110016K
  class space    used 8945K, capacity 9549K, committed 9600K, reserved 1048576K
}
Event: 5.402 GC heap before
{Heap before GC invocations=16 (full 0):
 garbage-first heap   total 189440K, used 132251K [0x0000000080000000, 0x0000000100000000)
  region size 1024K, 79 young (80896K), 6 survivors (6144K)
 Metaspace       used 75529K, capacity 77417K, committed 77696K, reserved 1116160K
  class space    used 9875K, capacity 10524K, committed 10624K, reserved 1048576K
}
Event: 5.409 GC heap after
{Heap after GC invocations=17 (full 0):
 garbage-first heap   total 189440K, used 61644K [0x0000000080000000, 0x0000000100000000)
  region size 1024K, 10 young (10240K), 10 survivors (10240K)
 Metaspace       used 75529K, capacity 77417K, committed 77696K, reserved 1116160K
  class space    used 9875K, capacity 10524K, committed 10624K, reserved 1048576K
}
Event: 5.961 GC heap before
{Heap before GC invocations=17 (full 0):
 garbage-first heap   total 189440K, used 136396K [0x0000000080000000, 0x0000000100000000)
  region size 1024K, 84 young (86016K), 10 survivors (10240K)
 Metaspace       used 79606K, capacity 81778K, committed 82048K, reserved 1120256K
  class space    used 10459K, capacity 11268K, committed 11392K, reserved 1048576K
}
Event: 5.975 GC heap after
{Heap after GC invocations=18 (full 0):
 garbage-first heap   total 227328K, used 68281K [0x0000000080000000, 0x0000000100000000)
  region size 1024K, 11 young (11264K), 11 survivors (11264K)
 Metaspace       used 79606K, capacity 81778K, committed 82048K, reserved 1120256K
  class space    used 10459K, capacity 11268K, committed 11392K, reserved 1048576K
}
Event: 6.529 GC heap before
{Heap before GC invocations=18 (full 0):
 garbage-first heap   total 227328K, used 154297K [0x0000000080000000, 0x0000000100000000)
  region size 1024K, 96 young (98304K), 11 survivors (11264K)
 Metaspace       used 80430K, capacity 82657K, committed 82816K, reserved 1120256K
  class space    used 10482K, capacity 11316K, committed 11392K, reserved 1048576K
}
Event: 6.542 GC heap after
{Heap after GC invocations=19 (full 0):
 garbage-first heap   total 227328K, used 73795K [0x0000000080000000, 0x0000000100000000)
  region size 1024K, 6 young (6144K), 6 survivors (6144K)
 Metaspace       used 80430K, capacity 82657K, committed 82816K, reserved 1120256K
  class space    used 10482K, capacity 11316K, committed 11392K, reserved 1048576K
}
Event: 6.957 GC heap before
{Heap before GC invocations=19 (full 0):
 garbage-first heap   total 227328K, used 162883K [0x0000000080000000, 0x0000000100000000)
  region size 1024K, 94 young (96256K), 6 survivors (6144K)
 Metaspace       used 80771K, capacity 82920K, committed 83072K, reserved 1120256K
  class space    used 10516K, capacity 11333K, committed 11392K, reserved 1048576K
}
Event: 6.967 GC heap after
{Heap after GC invocations=20 (full 0):
 garbage-first heap   total 227328K, used 78064K [0x0000000080000000, 0x0000000100000000)
  region size 1024K, 10 young (10240K), 10 survivors (10240K)
 Metaspace       used 80771K, capacity 82920K, committed 83072K, reserved 1120256K
  class space    used 10516K, capacity 11333K, committed 11392K, reserved 1048576K
}
Event: 7.329 GC heap before
{Heap before GC invocations=20 (full 0):
 garbage-first heap   total 227328K, used 170224K [0x0000000080000000, 0x0000000100000000)
  region size 1024K, 101 young (103424K), 10 survivors (10240K)
 Metaspace       used 83290K, capacity 85572K, committed 85760K, reserved 1124352K
  class space    used 10814K, capacity 11663K, committed 11776K, reserved 1048576K
}
Event: 7.338 GC heap after
{Heap after GC invocations=21 (full 0):
 garbage-first heap   total 227328K, used 81857K [0x0000000080000000, 0x0000000100000000)
  region size 1024K, 9 young (9216K), 9 survivors (9216K)
 Metaspace       used 83290K, capacity 85572K, committed 85760K, reserved 1124352K
  class space    used 10814K, capacity 11663K, committed 11776K, reserved 1048576K
}
Event: 7.626 GC heap before
{Heap before GC invocations=21 (full 0):
 garbage-first heap   total 227328K, used 189377K [0x0000000080000000, 0x0000000100000000)
  region size 1024K, 101 young (103424K), 9 survivors (9216K)
 Metaspace       used 85549K, capacity 87827K, committed 87936K, reserved 1126400K
  class space    used 11077K, capacity 11897K, committed 11904K, reserved 1048576K
}
Event: 7.637 GC heap after
{Heap after GC invocations=22 (full 0):
 garbage-first heap   total 273408K, used 106348K [0x0000000080000000, 0x0000000100000000)
  region size 1024K, 13 young (13312K), 13 survivors (13312K)
 Metaspace       used 85549K, capacity 87827K, committed 87936K, reserved 1126400K
  class space    used 11077K, capacity 11897K, committed 11904K, reserved 1048576K
}
Event: 7.873 GC heap before
{Heap before GC invocations=22 (full 0):
 garbage-first heap   total 273408K, used 170860K [0x0000000080000000, 0x0000000100000000)
  region size 1024K, 51 young (52224K), 13 survivors (13312K)
 Metaspace       used 88654K, capacity 90972K, committed 91264K, reserved 1128448K
  class space    used 11511K, capacity 12354K, committed 12416K, reserved 1048576K
}
Event: 7.884 GC heap after
{Heap after GC invocations=23 (full 0):
 garbage-first heap   total 273408K, used 133102K [0x0000000080000000, 0x0000000100000000)
  region size 1024K, 7 young (7168K), 7 survivors (7168K)
 Metaspace       used 88654K, capacity 90972K, committed 91264K, reserved 1128448K
  class space    used 11511K, capacity 12354K, committed 12416K, reserved 1048576K
}
Event: 8.089 GC heap before
{Heap before GC invocations=24 (full 0):
 garbage-first heap   total 273408K, used 215022K [0x0000000080000000, 0x0000000100000000)
  region size 1024K, 55 young (56320K), 7 survivors (7168K)
 Metaspace       used 88657K, capacity 90812K, committed 91264K, reserved 1128448K
  class space    used 11463K, capacity 12252K, committed 12416K, reserved 1048576K
}
Event: 8.137 GC heap after
{Heap after GC invocations=25 (full 0):
 garbage-first heap   total 273408K, used 171840K [0x0000000080000000, 0x0000000100000000)
  region size 1024K, 9 young (9216K), 9 survivors (9216K)
 Metaspace       used 88657K, capacity 90812K, committed 91264K, reserved 1128448K
  class space    used 11463K, capacity 12252K, committed 12416K, reserved 1048576K
}
Event: 8.298 GC heap before
{Heap before GC invocations=26 (full 0):
 garbage-first heap   total 273408K, used 211776K [0x0000000080000000, 0x0000000100000000)
  region size 1024K, 46 young (47104K), 9 survivors (9216K)
 Metaspace       used 88663K, capacity 90812K, committed 91264K, reserved 1128448K
  class space    used 11463K, capacity 12252K, committed 12416K, reserved 1048576K
}
Event: 8.329 GC heap after
{Heap after GC invocations=27 (full 0):
 garbage-first heap   total 273408K, used 187662K [0x0000000080000000, 0x0000000100000000)
  region size 1024K, 7 young (7168K), 7 survivors (7168K)
 Metaspace       used 88663K, capacity 90812K, committed 91264K, reserved 1128448K
  class space    used 11463K, capacity 12252K, committed 12416K, reserved 1048576K
}

Deoptimization events (20 events):
Event: 8.246 Thread 0x000001650bd2a800 DEOPT PACKING pc=0x0000016570fa79f8 sp=0x0000005244bfd580
Event: 8.246 Thread 0x000001650bd2a800 DEOPT UNPACKING pc=0x000001656f5876ce sp=0x0000005244bfcad8 mode 0
Event: 8.256 Thread 0x000001650bd2a800 DEOPT PACKING pc=0x0000016570fa79f8 sp=0x0000005244bfd580
Event: 8.256 Thread 0x000001650bd2a800 DEOPT UNPACKING pc=0x000001656f5876ce sp=0x0000005244bfcad8 mode 0
Event: 8.270 Thread 0x000001650bd2a800 DEOPT PACKING pc=0x0000016570fa79f8 sp=0x0000005244bfd580
Event: 8.270 Thread 0x000001650bd2a800 DEOPT UNPACKING pc=0x000001656f5876ce sp=0x0000005244bfcad8 mode 0
Event: 8.276 Thread 0x000001650bd2a800 DEOPT PACKING pc=0x0000016570fa79f8 sp=0x0000005244bfd580
Event: 8.276 Thread 0x000001650bd2a800 DEOPT UNPACKING pc=0x000001656f5876ce sp=0x0000005244bfcad8 mode 0
Event: 8.284 Thread 0x000001650bd2a800 DEOPT PACKING pc=0x0000016570fa79f8 sp=0x0000005244bfd580
Event: 8.284 Thread 0x000001650bd2a800 DEOPT UNPACKING pc=0x000001656f5876ce sp=0x0000005244bfcad8 mode 0
Event: 8.297 Thread 0x000001650bd2a800 DEOPT PACKING pc=0x0000016570fa79f8 sp=0x0000005244bfd580
Event: 8.297 Thread 0x000001650bd2a800 DEOPT UNPACKING pc=0x000001656f5876ce sp=0x0000005244bfcad8 mode 0
Event: 8.340 Thread 0x000001650bd2a800 DEOPT PACKING pc=0x0000016570fcb0f7 sp=0x0000005244bfd4b0
Event: 8.340 Thread 0x000001650bd2a800 DEOPT UNPACKING pc=0x000001656f5876ce sp=0x0000005244bfc9b0 mode 0
Event: 8.364 Thread 0x000001650bd2a800 DEOPT PACKING pc=0x0000016570fcb0f7 sp=0x0000005244bfd550
Event: 8.364 Thread 0x000001650bd2a800 DEOPT UNPACKING pc=0x000001656f5876ce sp=0x0000005244bfca50 mode 0
Event: 8.371 Thread 0x000001650bd2a800 DEOPT PACKING pc=0x0000016570fcb118 sp=0x0000005244bfd550
Event: 8.371 Thread 0x000001650bd2a800 DEOPT UNPACKING pc=0x000001656f5876ce sp=0x0000005244bfca50 mode 0
Event: 8.389 Thread 0x000001650bd2a800 DEOPT PACKING pc=0x0000016570fcb118 sp=0x0000005244bfd550
Event: 8.389 Thread 0x000001650bd2a800 DEOPT UNPACKING pc=0x000001656f5876ce sp=0x0000005244bfca50 mode 0

Classes redefined (0 events):
No events

Internal exceptions (20 events):
Event: 7.019 Thread 0x00000165094ca800 Exception <a 'java/lang/NoSuchMethodError'{0x000000008d0be5f8}: <clinit>> (0x000000008d0be5f8) thrown at [./src/hotspot/share/prims/jni.cpp, line 1362]
Event: 7.019 Thread 0x00000165094ca800 Exception <a 'java/lang/NoSuchMethodError'{0x000000008d0e46c8}: <clinit>> (0x000000008d0e46c8) thrown at [./src/hotspot/share/prims/jni.cpp, line 1362]
Event: 7.020 Thread 0x00000165094ca800 Exception <a 'java/lang/NoSuchMethodError'{0x000000008d0e63a0}: <clinit>> (0x000000008d0e63a0) thrown at [./src/hotspot/share/prims/jni.cpp, line 1362]
Event: 7.059 Thread 0x00000165094ca800 Exception <a 'sun/nio/fs/WindowsException'{0x000000008ccf3ae8}> (0x000000008ccf3ae8) thrown at [./src/hotspot/share/prims/jni.cpp, line 615]
Event: 7.059 Thread 0x00000165094ca800 Exception <a 'sun/nio/fs/WindowsException'{0x000000008ccf5170}> (0x000000008ccf5170) thrown at [./src/hotspot/share/prims/jni.cpp, line 615]
Event: 7.061 Thread 0x00000165094ca800 Exception <a 'sun/nio/fs/WindowsException'{0x000000008ccf5fb0}> (0x000000008ccf5fb0) thrown at [./src/hotspot/share/prims/jni.cpp, line 615]
Event: 7.061 Thread 0x00000165094ca800 Exception <a 'sun/nio/fs/WindowsException'{0x000000008ccf7630}> (0x000000008ccf7630) thrown at [./src/hotspot/share/prims/jni.cpp, line 615]
Event: 7.075 Thread 0x00000165094ca800 Exception <a 'java/lang/NoSuchMethodError'{0x000000008c903158}: <clinit>> (0x000000008c903158) thrown at [./src/hotspot/share/prims/jni.cpp, line 1362]
Event: 7.076 Thread 0x00000165094ca800 Exception <a 'java/lang/NoSuchMethodError'{0x000000008c94dfd8}: <clinit>> (0x000000008c94dfd8) thrown at [./src/hotspot/share/prims/jni.cpp, line 1362]
Event: 7.078 Thread 0x00000165094ca800 Exception <a 'java/lang/NoSuchMethodError'{0x000000008c99a0a8}: <clinit>> (0x000000008c99a0a8) thrown at [./src/hotspot/share/prims/jni.cpp, line 1362]
Event: 7.079 Thread 0x00000165094ca800 Exception <a 'java/lang/NoSuchMethodError'{0x000000008c9b3398}: <clinit>> (0x000000008c9b3398) thrown at [./src/hotspot/share/prims/jni.cpp, line 1362]
Event: 7.721 Thread 0x000001650bd2a800 Exception <a 'sun/nio/fs/WindowsException'{0x000000008f917a18}> (0x000000008f917a18) thrown at [./src/hotspot/share/prims/jni.cpp, line 615]
Event: 7.746 Thread 0x000001650bd2d000 Exception <a 'java/lang/NoSuchMethodError'{0x000000008f42dc28}: 'void java.lang.invoke.DirectMethodHandle$Holder.invokeStatic(java.lang.Object, long)'> (0x000000008f42dc28) thrown at [./src/hotspot/share/interpreter/linkResolver.cpp, line 773]
Event: 7.747 Thread 0x000001650bd2d000 Exception <a 'java/lang/NoSuchMethodError'{0x000000008f432e40}: 'java.lang.Object java.lang.invoke.DirectMethodHandle$Holder.invokeStatic(java.lang.Object, long)'> (0x000000008f432e40) thrown at [./src/hotspot/share/interpreter/linkResolver.cpp, line 773]
Event: 7.749 Thread 0x000001650bd2d000 Exception <a 'java/lang/NoSuchMethodError'{0x000000008f4411a8}: 'java.lang.Object java.lang.invoke.DirectMethodHandle$Holder.invokeStaticInit(java.lang.Object, java.lang.Object, long, java.lang.Object)'> (0x000000008f4411a8) thrown at [./src/hotspot/share/interpreter/linkResolver.cpp, line 773]
Event: 7.750 Thread 0x000001650bd2d000 Exception <a 'java/lang/NoSuchMethodError'{0x000000008f447340}: 'java.lang.Object java.lang.invoke.DirectMethodHandle$Holder.invokeStatic(java.lang.Object, java.lang.Object, long)'> (0x000000008f447340) thrown at [./src/hotspot/share/interpreter/linkResolver.cpp, line 773]
Event: 7.750 Thread 0x000001650bd2d000 Exception <a 'java/lang/NoSuchMethodError'{0x000000008f44d8b8}: 'java.lang.Object java.lang.invoke.Invokers$Holder.linkToTargetMethod(java.lang.Object, long, java.lang.Object)'> (0x000000008f44d8b8) thrown at [./src/hotspot/share/interpreter/linkResolver.cpp, line 773]
Event: 7.865 Thread 0x000001650bd2a800 Exception <a 'java/lang/NoSuchMethodError'{0x000000008e7241c0}: 'java.lang.Object java.lang.invoke.DirectMethodHandle$Holder.invokeStatic(java.lang.Object, java.lang.Object, java.lang.Object, java.lang.Object, java.lang.Object, java.lang.Object, java.lang.Object, java.lang.Object, java.lang.Object, java.lang.Object, java.lang.Object, java.lang.Object, java.lang.Object, java.lang.Object, java.lang.Object, java.lang.Object, java.lang.Object, java.lang.Object, int, java.lang.Object)'> (0x000000008e7241c0) thr
Event: 7.865 Thread 0x000001650bd2a800 Exception <a 'java/lang/NoSuchMethodError'{0x000000008e729a50}: 'java.lang.Object java.lang.invoke.DirectMethodHandle$Holder.invokeStaticInit(java.lang.Object, java.lang.Object, java.lang.Object, java.lang.Object, java.lang.Object, java.lang.Object, java.lang.Object, java.lang.Object, java.lang.Object, java.lang.Object, java.lang.Object, java.lang.Object, java.lang.Object, java.lang.Object, java.lang.Object, java.lang.Object, java.lang.Object, java.lang.Object, int, java.lang.Object)'> (0x000000008e729a50)
Event: 7.889 Thread 0x000001650bd2d000 Exception <a 'java/lang/NoSuchMethodError'{0x0000000090a49858}: 'int java.lang.invoke.DirectMethodHandle$Holder.invokeSpecialIFC(java.lang.Object, java.lang.Object, java.lang.Object)'> (0x0000000090a49858) thrown at [./src/hotspot/share/interpreter/linkResolver.cpp, line 773]

Events (20 events):
Event: 8.049 loading class java/util/concurrent/ConcurrentHashMap$TreeNode
Event: 8.049 loading class java/util/concurrent/ConcurrentHashMap$TreeNode done
Event: 8.049 loading class java/util/concurrent/ConcurrentHashMap$TreeBin
Event: 8.050 loading class java/util/concurrent/ConcurrentHashMap$TreeBin done
Event: 8.050 Executing VM operation: RevokeBias
Event: 8.050 Executing VM operation: RevokeBias done
Event: 8.089 Executing VM operation: G1CollectForAllocation
Event: 8.138 Executing VM operation: G1CollectForAllocation done
Event: 8.162 Executing VM operation: RevokeBias
Event: 8.162 Executing VM operation: RevokeBias done
Event: 8.165 Executing VM operation: RevokeBias
Event: 8.165 Executing VM operation: RevokeBias done
Event: 8.214 Executing VM operation: CGC_Operation
Event: 8.225 Executing VM operation: CGC_Operation done
Event: 8.262 Executing VM operation: CGC_Operation
Event: 8.262 Executing VM operation: CGC_Operation done
Event: 8.298 Executing VM operation: G1CollectForAllocation
Event: 8.329 Executing VM operation: G1CollectForAllocation done
Event: 8.421 Executing VM operation: CGC_Operation
Event: 8.430 Executing VM operation: CGC_Operation done


Dynamic libraries:
0x00007ff695260000 - 0x00007ff69526a000 	C:\Program Files\Android\Android Studio\jre\bin\java.exe
0x00007ffcbb570000 - 0x00007ffcbb741000 	C:\Windows\SYSTEM32\ntdll.dll
0x00007ffcb9790000 - 0x00007ffcb983b000 	C:\Windows\System32\KERNEL32.DLL
0x00007ffcb7c10000 - 0x00007ffcb7e2d000 	C:\Windows\System32\KERNELBASE.dll
0x00007ffcb8650000 - 0x00007ffcb8745000 	C:\Windows\System32\ucrtbase.dll
0x00007ffca9580000 - 0x00007ffca9597000 	C:\Program Files\Android\Android Studio\jre\bin\VCRUNTIME140.dll
0x00007ffca8fc0000 - 0x00007ffca8fd9000 	C:\Program Files\Android\Android Studio\jre\bin\jli.dll
0x00007ffcb93b0000 - 0x00007ffcb9515000 	C:\Windows\System32\USER32.dll
0x00007ffcb7ee0000 - 0x00007ffcb7efe000 	C:\Windows\System32\win32u.dll
0x00007ffca7c90000 - 0x00007ffca7f09000 	C:\Windows\WinSxS\amd64_microsoft.windows.common-controls_6595b64144ccf1df_6.0.14393.0_none_2d0f50fcbdb171b8\COMCTL32.dll
0x00007ffcb9370000 - 0x00007ffcb93a4000 	C:\Windows\System32\GDI32.dll
0x00007ffcb8b00000 - 0x00007ffcb8b9e000 	C:\Windows\System32\msvcrt.dll
0x00007ffcb87a0000 - 0x00007ffcb8922000 	C:\Windows\System32\gdi32full.dll
0x00007ffcb8ce0000 - 0x00007ffcb8fa7000 	C:\Windows\System32\combase.dll
0x00007ffcb8ba0000 - 0x00007ffcb8cc1000 	C:\Windows\System32\RPCRT4.dll
0x00007ffcb85e0000 - 0x00007ffcb864a000 	C:\Windows\System32\bcryptPrimitives.dll
0x00007ffcb8fc0000 - 0x00007ffcb8fee000 	C:\Windows\System32\IMM32.DLL
0x00007ffc9ef80000 - 0x00007ffc9f01d000 	C:\Program Files\Android\Android Studio\jre\bin\msvcp140.dll
0x00007ffc930b0000 - 0x00007ffc93b7f000 	C:\Program Files\Android\Android Studio\jre\bin\server\jvm.dll
0x00007ffcb96e0000 - 0x00007ffcb9782000 	C:\Windows\System32\ADVAPI32.dll
0x00007ffcb9100000 - 0x00007ffcb9159000 	C:\Windows\System32\sechost.dll
0x00007ffcb8cd0000 - 0x00007ffcb8cd8000 	C:\Windows\System32\PSAPI.DLL
0x00007ffcada50000 - 0x00007ffcada59000 	C:\Windows\SYSTEM32\WSOCK32.dll
0x00007ffcb5f30000 - 0x00007ffcb5f53000 	C:\Windows\SYSTEM32\WINMM.dll
0x00007ffcae8e0000 - 0x00007ffcae8ea000 	C:\Windows\SYSTEM32\VERSION.dll
0x00007ffcb8ff0000 - 0x00007ffcb905a000 	C:\Windows\System32\WS2_32.dll
0x00007ffcb5ed0000 - 0x00007ffcb5efb000 	C:\Windows\SYSTEM32\WINMMBASE.dll
0x00007ffcb8750000 - 0x00007ffcb8792000 	C:\Windows\System32\cfgmgr32.dll
0x00007ffcb7aa0000 - 0x00007ffcb7aaf000 	C:\Windows\System32\kernel.appcore.dll
0x00007ffcaa2a0000 - 0x00007ffcaa2b1000 	C:\Program Files\Android\Android Studio\jre\bin\verify.dll
0x00007ffcad3c0000 - 0x00007ffcad552000 	C:\Windows\SYSTEM32\DBGHELP.DLL
0x00007ffcac870000 - 0x00007ffcac899000 	C:\Windows\SYSTEM32\dbgcore.DLL
0x00007ffca69b0000 - 0x00007ffca69d9000 	C:\Program Files\Android\Android Studio\jre\bin\java.dll
0x00007ffcaa290000 - 0x00007ffcaa29b000 	C:\Program Files\Android\Android Studio\jre\bin\jimage.dll
0x00007ffca93a0000 - 0x00007ffca93b8000 	C:\Program Files\Android\Android Studio\jre\bin\zip.dll
0x00007ffcba040000 - 0x00007ffcbb548000 	C:\Windows\System32\SHELL32.dll
0x00007ffcb7f00000 - 0x00007ffcb85da000 	C:\Windows\System32\windows.storage.dll
0x00007ffcb7ab0000 - 0x00007ffcb7afc000 	C:\Windows\System32\powrprof.dll
0x00007ffcb9310000 - 0x00007ffcb9362000 	C:\Windows\System32\shlwapi.dll
0x00007ffcb7b60000 - 0x00007ffcb7c09000 	C:\Windows\System32\shcore.dll
0x00007ffcb7a80000 - 0x00007ffcb7a94000 	C:\Windows\System32\profapi.dll
0x00007ffca6ef0000 - 0x00007ffca6f0a000 	C:\Program Files\Android\Android Studio\jre\bin\net.dll
0x00007ffcb1e50000 - 0x00007ffcb1f1c000 	C:\Windows\SYSTEM32\WINHTTP.dll
0x00007ffcb7340000 - 0x00007ffcb739c000 	C:\Windows\system32\mswsock.dll
0x00007ffca62f0000 - 0x00007ffca6304000 	C:\Program Files\Android\Android Studio\jre\bin\nio.dll
0x00007ffc9da00000 - 0x00007ffc9da27000 	C:\Users\USER\.gradle\native\8bec1ad78214c89d9ad589b4d07fe93259594b29d510b10fafb7a158f7737e5d\windows-amd64\native-platform.dll
0x00007ffc96920000 - 0x00007ffc96a5d000 	C:\Users\USER\.gradle\native\53dbd7edfb1c66fb8903c78663c9afc45aea4f116125fa6feffd364cf09443e8\windows-amd64\native-platform-file-events.dll
0x00007ffca69a0000 - 0x00007ffca69aa000 	C:\Program Files\Android\Android Studio\jre\bin\management.dll
0x00007ffca6380000 - 0x00007ffca638c000 	C:\Program Files\Android\Android Studio\jre\bin\management_ext.dll
0x00007ffcb74e0000 - 0x00007ffcb74f7000 	C:\Windows\SYSTEM32\CRYPTSP.dll
0x00007ffcb6f50000 - 0x00007ffcb6f83000 	C:\Windows\system32\rsaenh.dll
0x00007ffcb79b0000 - 0x00007ffcb79db000 	C:\Windows\SYSTEM32\bcrypt.dll
0x00007ffcb71d0000 - 0x00007ffcb71ef000 	C:\Windows\SYSTEM32\USERENV.dll
0x00007ffcb7500000 - 0x00007ffcb750b000 	C:\Windows\SYSTEM32\CRYPTBASE.dll
0x00007ffcb70d0000 - 0x00007ffcb7108000 	C:\Windows\SYSTEM32\IPHLPAPI.DLL
0x00007ffcb9840000 - 0x00007ffcb9848000 	C:\Windows\System32\NSI.dll
0x00007ffcb3e90000 - 0x00007ffcb3ea6000 	C:\Windows\SYSTEM32\dhcpcsvc6.DLL
0x00007ffcb3e60000 - 0x00007ffcb3e7a000 	C:\Windows\SYSTEM32\dhcpcsvc.DLL

dbghelp: loaded successfully - version: 4.0.5 - missing functions: none
symbol engine: initialized successfully - sym options: 0x614 - pdb path: .;C:\Program Files\Android\Android Studio\jre\bin;C:\Windows\SYSTEM32;C:\Windows\WinSxS\amd64_microsoft.windows.common-controls_6595b64144ccf1df_6.0.14393.0_none_2d0f50fcbdb171b8;C:\Program Files\Android\Android Studio\jre\bin\server;C:\Users\USER\.gradle\native\8bec1ad78214c89d9ad589b4d07fe93259594b29d510b10fafb7a158f7737e5d\windows-amd64;C:\Users\USER\.gradle\native\53dbd7edfb1c66fb8903c78663c9afc45aea4f116125fa6feffd364cf09443e8\windows-amd64

VM Arguments:
jvm_args: --add-opens=java.base/java.util=ALL-UNNAMED --add-opens=java.base/java.lang=ALL-UNNAMED --add-opens=java.base/java.lang.invoke=ALL-UNNAMED --add-opens=java.base/java.util=ALL-UNNAMED --add-opens=java.prefs/java.util.prefs=ALL-UNNAMED --add-opens=java.prefs/java.util.prefs=ALL-UNNAMED --add-opens=java.base/java.nio.charset=ALL-UNNAMED --add-opens=java.base/java.net=ALL-UNNAMED --add-opens=java.base/java.util.concurrent.atomic=ALL-UNNAMED -Xmx2048m -Dfile.encoding=UTF-8 -Duser.country=US -Duser.language=en -Duser.variant 
java_command: org.gradle.launcher.daemon.bootstrap.GradleDaemon 7.0.2
java_class_path (initial): C:\Users\USER\.gradle\wrapper\dists\gradle-7.0.2-bin\857tjihv64xamwrf0h14cai3r\gradle-7.0.2\lib\gradle-launcher-7.0.2.jar
Launcher Type: SUN_STANDARD

[Global flags]
     intx CICompilerCount                          = 3                                         {product} {ergonomic}
     uint ConcGCThreads                            = 2                                         {product} {ergonomic}
     uint G1ConcRefinementThreads                  = 6                                         {product} {ergonomic}
   size_t G1HeapRegionSize                         = 1048576                                   {product} {ergonomic}
    uintx GCDrainStackTargetSize                   = 64                                        {product} {ergonomic}
   size_t InitialHeapSize                          = 134217728                                 {product} {ergonomic}
   size_t MarkStackSize                            = 4194304                                   {product} {ergonomic}
   size_t MaxHeapSize                              = 2147483648                                {product} {command line}
   size_t MaxNewSize                               = 1287651328                                {product} {ergonomic}
   size_t MinHeapDeltaBytes                        = 1048576                                   {product} {ergonomic}
    uintx NonNMethodCodeHeapSize                   = 5830732                                {pd product} {ergonomic}
    uintx NonProfiledCodeHeapSize                  = 122913754                              {pd product} {ergonomic}
    uintx ProfiledCodeHeapSize                     = 122913754                              {pd product} {ergonomic}
    uintx ReservedCodeCacheSize                    = 251658240                              {pd product} {ergonomic}
     bool SegmentedCodeCache                       = true                                      {product} {ergonomic}
     bool UseCompressedClassPointers               = true                                 {lp64_product} {ergonomic}
     bool UseCompressedOops                        = true                                 {lp64_product} {ergonomic}
     bool UseG1GC                                  = true                                      {product} {ergonomic}
     bool UseLargePagesIndividualAllocation        = false                                  {pd product} {ergonomic}

Logging:
Log output configuration:
 #0: stdout all=warning uptime,level,tags
 #1: stderr all=off uptime,level,tags

Environment Variables:
PATH=C:\Program Files (x86)\Common Files\Oracle\Java\javapath;C:\Program Files\Java\jdk1.8.0_111\bin;C:\Users\USER\AppData\Local\Microsoft\WindowsApps;C:\Users\USER\AppData\Local\Programs\Microsoft VS Code\bin
USERNAME=USER
OS=Windows_NT
PROCESSOR_IDENTIFIER=Intel64 Family 6 Model 158 Stepping 10, GenuineIntel



---------------  S Y S T E M  ---------------

OS: Windows 10 , 64 bit Build 14393 (10.0.14393.0)
OS uptime: 4 days 1:20 hours

CPU:total 6 (initial active 6) (6 cores per cpu, 1 threads per core) family 6 model 158 stepping 10 microcode 0x96, cmov, cx8, fxsr, mmx, sse, sse2, sse3, ssse3, sse4.1, sse4.2, popcnt, avx, avx2, aes, clmul, erms, 3dnowpref, lzcnt, tsc, tscinvbit, bmi1, bmi2, adx, fma

Memory: 4k page, system-wide physical 8068M (2212M free)
TotalPageFile size 9046M (AvailPageFile size 5M)
current process WorkingSet (physical memory assigned to process): 524M, peak: 525M
current process commit charge ("private bytes"): 553M, peak: 555M

vm_info: OpenJDK 64-Bit Server VM (11.0.10+0-b96-7249189) for windows-amd64 JRE (11.0.10+0-b96-7249189), built on Mar 31 2021 21:44:00 by "builder" with MS VC++ 14.0 (VS2015)

END.
