#
# There is insufficient memory for the Java Runtime Environment to continue.
# Native memory allocation (mmap) failed to map 84934656 bytes for Failed to commit area from 0x000000008de00000 to 0x0000000092f00000 of length 84934656.
# Possible reasons:
#   The system is out of physical RAM or swap space
#   The process is running with CompressedOops enabled, and the Java Heap may be blocking the growth of the native heap
# Possible solutions:
#   Reduce memory load on the system
#   Increase physical memory or swap space
#   Check if swap backing store is full
#   Decrease Java heap size (-Xmx/-Xms)
#   Decrease number of Java threads
#   Decrease Java thread stack sizes (-Xss)
#   Set larger code cache with -XX:ReservedCodeCacheSize=
#   JVM is running with Unscaled Compressed Oops mode in which the Java heap is
#     placed in the first 4GB address space. The Java Heap base address is the
#     maximum limit for the native heap growth. Please use -XX:HeapBaseMinAddress
#     to set the Java Heap base and to place the Java Heap above 4GB virtual address.
# This output file may be truncated or incomplete.
#
#  Out of Memory Error (./src/hotspot/os/windows/os_windows.cpp:3301), pid=1044, tid=9532
#
# JRE version: OpenJDK Runtime Environment (11.0.10) (build 11.0.10+0-b96-7249189)
# Java VM: OpenJDK 64-Bit Server VM (11.0.10+0-b96-7249189, mixed mode, tiered, compressed oops, g1 gc, windows-amd64)
# No core dump will be written. Minidumps are not enabled by default on client versions of Windows
#

---------------  S U M M A R Y ------------

Command Line: --add-opens=java.base/java.util=ALL-UNNAMED --add-opens=java.base/java.lang=ALL-UNNAMED --add-opens=java.base/java.lang.invoke=ALL-UNNAMED --add-opens=java.base/java.util=ALL-UNNAMED --add-opens=java.prefs/java.util.prefs=ALL-UNNAMED --add-opens=java.prefs/java.util.prefs=ALL-UNNAMED --add-opens=java.base/java.nio.charset=ALL-UNNAMED --add-opens=java.base/java.net=ALL-UNNAMED --add-opens=java.base/java.util.concurrent.atomic=ALL-UNNAMED -Xmx2048m -Dfile.encoding=UTF-8 -Duser.country=US -Duser.language=en -Duser.variant org.gradle.launcher.daemon.bootstrap.GradleDaemon 7.0.2

Host: Intel(R) Core(TM) i5-8400 CPU @ 2.80GHz, 6 cores, 7G,  Windows 10 , 64 bit Build 14393 (10.0.14393.0)
Time: Thu May 26 08:13:00 2022 Bangladesh Standard Time elapsed time: 4743.531038 seconds (0d 1h 19m 3s)

---------------  T H R E A D  ---------------

Current thread (0x0000028d8753f800):  VMThread "VM Thread" [stack: 0x000000c9a6000000,0x000000c9a6100000] [id=9532]

Stack: [0x000000c9a6000000,0x000000c9a6100000]
[error occurred during error reporting (printing stack bounds), id 0xc0000005, EXCEPTION_ACCESS_VIOLATION (0xc0000005) at pc=0x0000028df0fa0f2d]

Native frames: (J=compiled Java code, j=interpreted, Vv=VM code, C=native code)
V  [jvm.dll+0x5ecfaa]
V  [jvm.dll+0x722bd5]
V  [jvm.dll+0x72412d]
V  [jvm.dll+0x724745]
V  [jvm.dll+0x7246fb]
V  [jvm.dll+0x5ec348]
V  [jvm.dll+0x5ecad8]
C  [ntdll.dll+0xa991d]
C  [ntdll.dll+0x486d3]
C  [ntdll.dll+0xa8a3a]
C  0x0000028df0fa0f2d

VM_Operation (0x000000c9a80fe050): G1CollectForAllocation, mode: safepoint, requested by thread 0x0000028d8aa61800


---------------  P R O C E S S  ---------------

Threads class SMR info:
_java_thread_list=0x0000028d88c16720, length=62, elements={
0x0000028ded4b1000, 0x0000028d87544800, 0x0000028d8754e000, 0x0000028d8756a800,
0x0000028d8756b000, 0x0000028d8756c000, 0x0000028d8756e800, 0x0000028d87573800,
0x0000028d87576800, 0x0000028d88013800, 0x0000028d8a4b5800, 0x0000028d8a8de000,
0x0000028d89a1e000, 0x0000028d8b057000, 0x0000028d8b058000, 0x0000028d8b056800,
0x0000028d8aa61800, 0x0000028d8aa5c800, 0x0000028d8aa5d800, 0x0000028d8aa64800,
0x0000028d8aa5f000, 0x0000028d8aa68000, 0x0000028d8aa67000, 0x0000028d8d9bf000,
0x0000028d8d9c0000, 0x0000028d8d9c5800, 0x0000028d8d9c7000, 0x0000028d8d9cd000,
0x0000028d9755a000, 0x0000028d8d9c2800, 0x0000028d8d9c8000, 0x0000028d9755f000,
0x0000028d9755b000, 0x0000028d9755e800, 0x0000028d9755c800, 0x0000028d97561800,
0x0000028d97560000, 0x0000028d97560800, 0x0000028d9755c000, 0x0000028d97562800,
0x0000028d97563000, 0x0000028d9755d800, 0x0000028d955f6800, 0x0000028d97566800,
0x0000028d97564000, 0x0000028d97565000, 0x0000028d97568000, 0x0000028d97565800,
0x0000028d97569000, 0x0000028d97567800, 0x0000028d8d9c3000, 0x0000028d8d9c4000,
0x0000028d8d9c0800, 0x0000028d8d9c9800, 0x0000028d8d9ca800, 0x0000028d8d9ce000,
0x0000028d8d9cb800, 0x0000028d8d9cc000, 0x0000028d8aa5e000, 0x0000028d8aa63000,
0x0000028d8aa62800, 0x0000028d8aa65800
}

Java Threads: ( => current thread )
  0x0000028ded4b1000 JavaThread "main" [_thread_blocked, id=4628, stack(0x000000c9a5a00000,0x000000c9a5b00000)]
  0x0000028d87544800 JavaThread "Reference Handler" daemon [_thread_blocked, id=5044, stack(0x000000c9a6100000,0x000000c9a6200000)]
  0x0000028d8754e000 JavaThread "Finalizer" daemon [_thread_blocked, id=1232, stack(0x000000c9a6200000,0x000000c9a6300000)]
  0x0000028d8756a800 JavaThread "Signal Dispatcher" daemon [_thread_blocked, id=4524, stack(0x000000c9a6300000,0x000000c9a6400000)]
  0x0000028d8756b000 JavaThread "Attach Listener" daemon [_thread_blocked, id=2252, stack(0x000000c9a6400000,0x000000c9a6500000)]
  0x0000028d8756c000 JavaThread "Service Thread" daemon [_thread_blocked, id=3956, stack(0x000000c9a6500000,0x000000c9a6600000)]
  0x0000028d8756e800 JavaThread "C2 CompilerThread0" daemon [_thread_blocked, id=6444, stack(0x000000c9a6600000,0x000000c9a6700000)]
  0x0000028d87573800 JavaThread "C1 CompilerThread0" daemon [_thread_blocked, id=7424, stack(0x000000c9a6700000,0x000000c9a6800000)]
  0x0000028d87576800 JavaThread "Sweeper thread" daemon [_thread_blocked, id=4136, stack(0x000000c9a6800000,0x000000c9a6900000)]
  0x0000028d88013800 JavaThread "Common-Cleaner" daemon [_thread_blocked, id=8852, stack(0x000000c9a6900000,0x000000c9a6a00000)]
  0x0000028d8a4b5800 JavaThread "Daemon health stats" [_thread_blocked, id=11004, stack(0x000000c9a6e00000,0x000000c9a6f00000)]
  0x0000028d8a8de000 JavaThread "Incoming local TCP Connector on port 60889" [_thread_in_native, id=10840, stack(0x000000c9a6f00000,0x000000c9a7000000)]
  0x0000028d89a1e000 JavaThread "Daemon periodic checks" [_thread_blocked, id=10752, stack(0x000000c9a7000000,0x000000c9a7100000)]
  0x0000028d8b057000 JavaThread "Cache worker for file hash cache (C:\Users\USER\.gradle\caches\7.0.2\fileHashes)" [_thread_blocked, id=7396, stack(0x000000c9a7b00000,0x000000c9a7c00000)]
  0x0000028d8b058000 JavaThread "File lock request listener" [_thread_in_native, id=10740, stack(0x000000c9a7c00000,0x000000c9a7d00000)]
  0x0000028d8b056800 JavaThread "Cache worker for journal cache (C:\Users\USER\.gradle\caches\journal-1)" [_thread_blocked, id=3940, stack(0x000000c9a7e00000,0x000000c9a7f00000)]
  0x0000028d8aa61800 JavaThread "File watcher server" daemon [_thread_blocked, id=8180, stack(0x000000c9a8000000,0x000000c9a8100000)]
  0x0000028d8aa5c800 JavaThread "File watcher consumer" daemon [_thread_blocked, id=1140, stack(0x000000c9a8100000,0x000000c9a8200000)]
  0x0000028d8aa5d800 JavaThread "Cache worker for execution history cache (C:\Users\USER\.gradle\caches\7.0.2\executionHistory)" [_thread_blocked, id=10616, stack(0x000000c9a8500000,0x000000c9a8600000)]
  0x0000028d8aa64800 JavaThread "jar transforms" [_thread_blocked, id=11016, stack(0x000000c9a8600000,0x000000c9a8700000)]
  0x0000028d8aa5f000 JavaThread "jar transforms Thread 2" [_thread_blocked, id=4132, stack(0x000000c9a8700000,0x000000c9a8800000)]
  0x0000028d8aa68000 JavaThread "Cache worker for file content cache (C:\Users\USER\.gradle\caches\7.0.2\fileContent)" [_thread_blocked, id=9500, stack(0x000000c9a8800000,0x000000c9a8900000)]
  0x0000028d8aa67000 JavaThread "jar transforms Thread 3" [_thread_blocked, id=10400, stack(0x000000c9a8a00000,0x000000c9a8b00000)]
  0x0000028d8d9bf000 JavaThread "jar transforms Thread 4" [_thread_blocked, id=8340, stack(0x000000c9a9200000,0x000000c9a9300000)]
  0x0000028d8d9c0000 JavaThread "jar transforms Thread 5" [_thread_blocked, id=2232, stack(0x000000c9a9300000,0x000000c9a9400000)]
  0x0000028d8d9c5800 JavaThread "jar transforms Thread 6" [_thread_blocked, id=11056, stack(0x000000c9a9400000,0x000000c9a9500000)]
  0x0000028d8d9c7000 JavaThread "Memory manager" [_thread_blocked, id=11060, stack(0x000000c9a9500000,0x000000c9a9600000)]
  0x0000028d8d9cd000 JavaThread "Cache worker for Java compile cache (C:\Users\USER\.gradle\caches\7.0.2\javaCompile)" [_thread_blocked, id=11128, stack(0x000000c9a9d00000,0x000000c9a9e00000)]
  0x0000028d9755a000 JavaThread "ForkJoinPool.commonPool-worker-7" daemon [_thread_blocked, id=10976, stack(0x000000c9bff00000,0x000000c9c0000000)]
  0x0000028d8d9c2800 JavaThread "Daemon Thread 12" [_thread_blocked, id=3668, stack(0x000000c9c8000000,0x000000c9c8100000)]
  0x0000028d8d9c8000 JavaThread "Daemon worker Thread 12" [_thread_blocked, id=5524, stack(0x000000c9c8300000,0x000000c9c8400000)]
  0x0000028d9755f000 JavaThread "Handler for socket connection from /127.0.0.1:60889 to /127.0.0.1:61376" [_thread_in_native, id=10644, stack(0x000000c9c9b00000,0x000000c9c9c00000)]
  0x0000028d9755b000 JavaThread "Cancel handler" [_thread_blocked, id=10980, stack(0x000000c9c9c00000,0x000000c9c9d00000)]
  0x0000028d9755e800 JavaThread "Asynchronous log dispatcher for DefaultDaemonConnection: socket connection from /127.0.0.1:60889 to /127.0.0.1:61376" [_thread_blocked, id=9352, stack(0x000000c9c9d00000,0x000000c9c9e00000)]
  0x0000028d9755c800 JavaThread "Stdin handler" [_thread_blocked, id=10620, stack(0x000000c9c9e00000,0x000000c9c9f00000)]
  0x0000028d97561800 JavaThread "Daemon client event forwarder" [_thread_blocked, id=5096, stack(0x000000c9c9f00000,0x000000c9ca000000)]
  0x0000028d97560000 JavaThread "Cache worker for file hash cache (C:\Users\USER\EarinMoney\.gradle\7.0.2\fileHashes)" [_thread_blocked, id=11220, stack(0x000000c9ca000000,0x000000c9ca100000)]
  0x0000028d97560800 JavaThread "Cache worker for checksums cache (C:\Users\USER\EarinMoney\.gradle\checksums)" [_thread_blocked, id=5456, stack(0x000000c9ca100000,0x000000c9ca200000)]
  0x0000028d9755c000 JavaThread "Cache worker for cache directory md-supplier (C:\Users\USER\.gradle\caches\7.0.2\md-supplier)" [_thread_blocked, id=8320, stack(0x000000c9ca200000,0x000000c9ca300000)]
  0x0000028d97562800 JavaThread "Cache worker for cache directory md-rule (C:\Users\USER\.gradle\caches\7.0.2\md-rule)" [_thread_blocked, id=1892, stack(0x000000c9ca300000,0x000000c9ca400000)]
  0x0000028d97563000 JavaThread "Cache worker for dependencies-accessors (C:\Users\USER\EarinMoney\.gradle\7.0.2\dependencies-accessors)" [_thread_blocked, id=9268, stack(0x000000c9ca400000,0x000000c9ca500000)]
  0x0000028d9755d800 JavaThread "Cache worker for Build Output Cleanup Cache (C:\Users\USER\EarinMoney\.gradle\buildOutputCleanup)" [_thread_blocked, id=7856, stack(0x000000c9ca500000,0x000000c9ca600000)]
  0x0000028d955f6800 JavaThread "C2 CompilerThread1" daemon [_thread_in_native, id=5812, stack(0x000000c9ca600000,0x000000c9ca700000)]
  0x0000028d97566800 JavaThread "Build operations" [_thread_blocked, id=9840, stack(0x000000c9ca700000,0x000000c9ca800000)]
  0x0000028d97564000 JavaThread "Build operations Thread 2" [_thread_blocked, id=10916, stack(0x000000c9ca800000,0x000000c9ca900000)]
  0x0000028d97565000 JavaThread "Build operations Thread 3" [_thread_blocked, id=11048, stack(0x000000c9ca900000,0x000000c9caa00000)]
  0x0000028d97568000 JavaThread "Build operations Thread 4" [_thread_blocked, id=240, stack(0x000000c9caa00000,0x000000c9cab00000)]
  0x0000028d97565800 JavaThread "Build operations Thread 5" [_thread_blocked, id=1696, stack(0x000000c9cab00000,0x000000c9cac00000)]
  0x0000028d97569000 JavaThread "Build operations Thread 6" [_thread_blocked, id=7532, stack(0x000000c9cac00000,0x000000c9cad00000)]
  0x0000028d97567800 JavaThread "build event listener" [_thread_blocked, id=1532, stack(0x000000c9cad00000,0x000000c9cae00000)]
  0x0000028d8d9c3000 JavaThread "Execution worker for ':'" [_thread_blocked, id=8212, stack(0x000000c9cae00000,0x000000c9caf00000)]
  0x0000028d8d9c4000 JavaThread "Execution worker for ':' Thread 2" [_thread_blocked, id=5144, stack(0x000000c9caf00000,0x000000c9cb000000)]
  0x0000028d8d9c0800 JavaThread "Execution worker for ':' Thread 3" [_thread_blocked, id=6892, stack(0x000000c9cb000000,0x000000c9cb100000)]
  0x0000028d8d9c9800 JavaThread "Execution worker for ':' Thread 4" [_thread_blocked, id=5068, stack(0x000000c9cb100000,0x000000c9cb200000)]
  0x0000028d8d9ca800 JavaThread "Execution worker for ':' Thread 5" [_thread_blocked, id=7188, stack(0x000000c9cb200000,0x000000c9cb300000)]
  0x0000028d8d9ce000 JavaThread "Cache worker for execution history cache (C:\Users\USER\EarinMoney\.gradle\7.0.2\executionHistory)" [_thread_blocked, id=1656, stack(0x000000c9cb300000,0x000000c9cb400000)]
  0x0000028d8d9cb800 JavaThread "WorkerExecutor Queue" [_thread_blocked, id=2860, stack(0x000000c9cb400000,0x000000c9cb500000)]
  0x0000028d8d9cc000 JavaThread "WorkerExecutor Queue Thread 2" [_thread_blocked, id=10744, stack(0x000000c9cb500000,0x000000c9cb600000)]
  0x0000028d8aa5e000 JavaThread "WorkerExecutor Queue Thread 3" [_thread_blocked, id=4648, stack(0x000000c9cb600000,0x000000c9cb700000)]
  0x0000028d8aa63000 JavaThread "WorkerExecutor Queue Thread 4" [_thread_blocked, id=828, stack(0x000000c9cb700000,0x000000c9cb800000)]
  0x0000028d8aa62800 JavaThread "WorkerExecutor Queue Thread 5" [_thread_blocked, id=5828, stack(0x000000c9cb800000,0x000000c9cb900000)]
  0x0000028d8aa65800 JavaThread "WorkerExecutor Queue Thread 6" [_thread_blocked, id=372, stack(0x000000c9cb900000,0x000000c9cba00000)]

Other Threads:
=>0x0000028d8753f800 VMThread "VM Thread" [stack: 0x000000c9a6000000,0x000000c9a6100000] [id=9532]
  0x0000028d8804e800 WatcherThread [stack: 0x000000c9a6a00000,0x000000c9a6b00000] [id=1432]
  0x0000028ded4c9000 GCTaskThread "GC Thread#0" [stack: 0x000000c9a5b00000,0x000000c9a5c00000] [id=6436]
  0x0000028d88bc3000 GCTaskThread "GC Thread#1" [stack: 0x000000c9a6c00000,0x000000c9a6d00000] [id=3724]
  0x0000028d88b76800 GCTaskThread "GC Thread#2" [stack: 0x000000c9a6d00000,0x000000c9a6e00000] [id=8736]
  0x0000028d8a443000 GCTaskThread "GC Thread#3" [stack: 0x000000c9a7800000,0x000000c9a7900000] [id=1840]
  0x0000028d89f98800 GCTaskThread "GC Thread#4" [stack: 0x000000c9a7900000,0x000000c9a7a00000] [id=10948]
  0x0000028d8b337000 GCTaskThread "GC Thread#5" [stack: 0x000000c9a7a00000,0x000000c9a7b00000] [id=7512]
  0x0000028ded4fb000 ConcurrentGCThread "G1 Main Marker" [stack: 0x000000c9a5c00000,0x000000c9a5d00000] [id=5112]
  0x0000028ded4fc800 ConcurrentGCThread "G1 Conc#0" [stack: 0x000000c9a5d00000,0x000000c9a5e00000] [id=3848]
  0x0000028d8a4a4800 ConcurrentGCThread "G1 Conc#1" [stack: 0x000000c9a7d00000,0x000000c9a7e00000] [id=6264]
  0x0000028ded586800 ConcurrentGCThread "G1 Refine#0" [stack: 0x000000c9a5e00000,0x000000c9a5f00000] [id=5232]
  0x0000028d8f24b800 ConcurrentGCThread "G1 Refine#1" [stack: 0x000000c9aca00000,0x000000c9acb00000] [id=6672]
  0x0000028d87390800 ConcurrentGCThread "G1 Young RemSet Sampling" [stack: 0x000000c9a5f00000,0x000000c9a6000000] [id=9896]

Threads with active compile tasks:
C2 CompilerThread04743544 29429       4       java.io.ObjectInputStream::defaultReadFields (188 bytes)
C1 CompilerThread04743544 29724       2       com.squareup.javapoet.CodeWriter::emitModifiers (79 bytes)
C2 CompilerThread14743544 29423   !   4       java.io.ObjectInputStream::readSerialData (563 bytes)

VM state:at safepoint (normal execution)

VM Mutex/Monitor currently owned by a thread:  ([mutex/lock_event])
[0x0000028ded4aec00] Threads_lock - owner thread: 0x0000028d8753f800
[0x0000028ded4ada00] Heap_lock - owner thread: 0x0000028d8aa61800

Heap address: 0x0000000080000000, size: 2048 MB, Compressed Oops mode: 32-bit
Narrow klass base: 0x0000000000000000, Narrow klass shift: 3
Compressed class space size: 1073741824 Address: 0x0000000100000000

Heap:
 garbage-first heap   total 310272K, used 110016K [0x0000000080000000, 0x0000000100000000)
  region size 1024K, 1 young (1024K), 1 survivors (1024K)
 Metaspace       used 131248K, capacity 135686K, committed 135808K, reserved 1167360K
  class space    used 16030K, capacity 17601K, committed 17612K, reserved 1048576K
Heap Regions: E=young(eden), S=young(survivor), O=old, HS=humongous(starts), HC=humongous(continues), CS=collection set, F=free, A=archive, TAMS=top-at-mark-start (previous, next)
|   0|0x0000000080000000, 0x0000000080100000, 0x0000000080100000|100%| O|  |TAMS 0x0000000080100000, 0x0000000080100000| Untracked 
|   1|0x0000000080100000, 0x0000000080200000, 0x0000000080200000|100%| O|  |TAMS 0x0000000080200000, 0x0000000080200000| Untracked 
|   2|0x0000000080200000, 0x0000000080300000, 0x0000000080300000|100%| O|  |TAMS 0x0000000080300000, 0x0000000080300000| Untracked 
|   3|0x0000000080300000, 0x0000000080400000, 0x0000000080400000|100%|HS|  |TAMS 0x0000000080400000, 0x0000000080400000| Complete 
|   4|0x0000000080400000, 0x0000000080500000, 0x0000000080500000|100%|HC|  |TAMS 0x0000000080500000, 0x0000000080500000| Complete 
|   5|0x0000000080500000, 0x0000000080600000, 0x0000000080600000|100%|HC|  |TAMS 0x0000000080600000, 0x0000000080600000| Complete 
|   6|0x0000000080600000, 0x0000000080700000, 0x0000000080700000|100%| O|  |TAMS 0x0000000080700000, 0x0000000080700000| Untracked 
|   7|0x0000000080700000, 0x0000000080800000, 0x0000000080800000|100%| O|  |TAMS 0x0000000080800000, 0x0000000080800000| Untracked 
|   8|0x0000000080800000, 0x0000000080900000, 0x0000000080900000|100%| O|  |TAMS 0x0000000080900000, 0x0000000080900000| Untracked 
|   9|0x0000000080900000, 0x0000000080a00000, 0x0000000080a00000|100%| O|  |TAMS 0x0000000080a00000, 0x0000000080a00000| Untracked 
|  10|0x0000000080a00000, 0x0000000080b00000, 0x0000000080b00000|100%| O|  |TAMS 0x0000000080b00000, 0x0000000080b00000| Untracked 
|  11|0x0000000080b00000, 0x0000000080c00000, 0x0000000080c00000|100%| O|  |TAMS 0x0000000080c00000, 0x0000000080c00000| Untracked 
|  12|0x0000000080c00000, 0x0000000080d00000, 0x0000000080d00000|100%| O|  |TAMS 0x0000000080d00000, 0x0000000080d00000| Untracked 
|  13|0x0000000080d00000, 0x0000000080e00000, 0x0000000080e00000|100%| O|  |TAMS 0x0000000080e00000, 0x0000000080e00000| Untracked 
|  14|0x0000000080e00000, 0x0000000080f00000, 0x0000000080f00000|100%| O|  |TAMS 0x0000000080f00000, 0x0000000080f00000| Untracked 
|  15|0x0000000080f00000, 0x0000000081000000, 0x0000000081000000|100%| O|  |TAMS 0x0000000081000000, 0x0000000081000000| Untracked 
|  16|0x0000000081000000, 0x0000000081100000, 0x0000000081100000|100%|HS|  |TAMS 0x0000000081100000, 0x0000000081100000| Complete 
|  17|0x0000000081100000, 0x0000000081200000, 0x0000000081200000|100%| O|  |TAMS 0x0000000081200000, 0x0000000081200000| Untracked 
|  18|0x0000000081200000, 0x0000000081300000, 0x0000000081300000|100%| O|  |TAMS 0x0000000081300000, 0x0000000081300000| Untracked 
|  19|0x0000000081300000, 0x0000000081400000, 0x0000000081400000|100%| O|  |TAMS 0x0000000081400000, 0x0000000081400000| Untracked 
|  20|0x0000000081400000, 0x0000000081500000, 0x0000000081500000|100%| O|  |TAMS 0x0000000081500000, 0x0000000081500000| Untracked 
|  21|0x0000000081500000, 0x0000000081600000, 0x0000000081600000|100%| O|  |TAMS 0x0000000081600000, 0x0000000081600000| Untracked 
|  22|0x0000000081600000, 0x0000000081700000, 0x0000000081700000|100%| O|  |TAMS 0x0000000081700000, 0x0000000081700000| Untracked 
|  23|0x0000000081700000, 0x0000000081800000, 0x0000000081800000|100%|HS|  |TAMS 0x0000000081800000, 0x0000000081800000| Complete 
|  24|0x0000000081800000, 0x0000000081900000, 0x0000000081900000|100%|HS|  |TAMS 0x0000000081900000, 0x0000000081900000| Complete 
|  25|0x0000000081900000, 0x0000000081a00000, 0x0000000081a00000|100%|HC|  |TAMS 0x0000000081a00000, 0x0000000081a00000| Complete 
|  26|0x0000000081a00000, 0x0000000081b00000, 0x0000000081b00000|100%| O|  |TAMS 0x0000000081b00000, 0x0000000081b00000| Untracked 
|  27|0x0000000081b00000, 0x0000000081c00000, 0x0000000081c00000|100%| O|  |TAMS 0x0000000081c00000, 0x0000000081c00000| Untracked 
|  28|0x0000000081c00000, 0x0000000081d00000, 0x0000000081d00000|100%| O|  |TAMS 0x0000000081d00000, 0x0000000081d00000| Untracked 
|  29|0x0000000081d00000, 0x0000000081e00000, 0x0000000081e00000|100%| O|  |TAMS 0x0000000081e00000, 0x0000000081e00000| Untracked 
|  30|0x0000000081e00000, 0x0000000081f00000, 0x0000000081f00000|100%| O|  |TAMS 0x0000000081f00000, 0x0000000081f00000| Untracked 
|  31|0x0000000081f00000, 0x0000000082000000, 0x0000000082000000|100%| O|  |TAMS 0x0000000082000000, 0x0000000082000000| Untracked 
|  32|0x0000000082000000, 0x0000000082100000, 0x0000000082100000|100%| O|  |TAMS 0x0000000082100000, 0x0000000082100000| Untracked 
|  33|0x0000000082100000, 0x0000000082200000, 0x0000000082200000|100%| O|  |TAMS 0x0000000082200000, 0x0000000082200000| Untracked 
|  34|0x0000000082200000, 0x0000000082300000, 0x0000000082300000|100%| O|  |TAMS 0x0000000082300000, 0x0000000082300000| Untracked 
|  35|0x0000000082300000, 0x0000000082400000, 0x0000000082400000|100%| O|  |TAMS 0x0000000082400000, 0x0000000082400000| Untracked 
|  36|0x0000000082400000, 0x0000000082500000, 0x0000000082500000|100%| O|  |TAMS 0x0000000082500000, 0x0000000082500000| Untracked 
|  37|0x0000000082500000, 0x0000000082600000, 0x0000000082600000|100%| O|  |TAMS 0x0000000082600000, 0x0000000082600000| Untracked 
|  38|0x0000000082600000, 0x0000000082700000, 0x0000000082700000|100%| O|  |TAMS 0x0000000082700000, 0x0000000082700000| Untracked 
|  39|0x0000000082700000, 0x0000000082800000, 0x0000000082800000|100%| O|  |TAMS 0x0000000082800000, 0x0000000082800000| Untracked 
|  40|0x0000000082800000, 0x0000000082900000, 0x0000000082900000|100%| O|  |TAMS 0x0000000082900000, 0x0000000082900000| Untracked 
|  41|0x0000000082900000, 0x0000000082a00000, 0x0000000082a00000|100%| O|  |TAMS 0x0000000082a00000, 0x0000000082a00000| Untracked 
|  42|0x0000000082a00000, 0x0000000082a00000, 0x0000000082b00000|  0%| F|  |TAMS 0x0000000082a00000, 0x0000000082a00000| Untracked 
|  43|0x0000000082b00000, 0x0000000082b00000, 0x0000000082c00000|  0%| F|  |TAMS 0x0000000082b00000, 0x0000000082b00000| Untracked 
|  44|0x0000000082c00000, 0x0000000082d00000, 0x0000000082d00000|100%| O|  |TAMS 0x0000000082d00000, 0x0000000082d00000| Untracked 
|  45|0x0000000082d00000, 0x0000000082d00000, 0x0000000082e00000|  0%| F|  |TAMS 0x0000000082d00000, 0x0000000082d00000| Untracked 
|  46|0x0000000082e00000, 0x0000000082f00000, 0x0000000082f00000|100%| O|  |TAMS 0x0000000082f00000, 0x0000000082f00000| Untracked 
|  47|0x0000000082f00000, 0x0000000083000000, 0x0000000083000000|100%| O|  |TAMS 0x0000000083000000, 0x0000000083000000| Untracked 
|  48|0x0000000083000000, 0x0000000083100000, 0x0000000083100000|100%| O|  |TAMS 0x0000000083100000, 0x0000000083100000| Untracked 
|  49|0x0000000083100000, 0x0000000083200000, 0x0000000083200000|100%| O|  |TAMS 0x0000000083200000, 0x0000000083200000| Untracked 
|  50|0x0000000083200000, 0x0000000083300000, 0x0000000083300000|100%| O|  |TAMS 0x0000000083300000, 0x0000000083300000| Untracked 
|  51|0x0000000083300000, 0x0000000083400000, 0x0000000083400000|100%| O|  |TAMS 0x0000000083400000, 0x0000000083400000| Untracked 
|  52|0x0000000083400000, 0x0000000083400000, 0x0000000083500000|  0%| F|  |TAMS 0x0000000083400000, 0x0000000083400000| Untracked 
|  53|0x0000000083500000, 0x0000000083600000, 0x0000000083600000|100%| O|  |TAMS 0x0000000083500000, 0x0000000083600000| Untracked 
|  54|0x0000000083600000, 0x0000000083700000, 0x0000000083700000|100%| O|  |TAMS 0x0000000083700000, 0x0000000083700000| Untracked 
|  55|0x0000000083700000, 0x0000000083800000, 0x0000000083800000|100%| O|  |TAMS 0x0000000083800000, 0x0000000083800000| Untracked 
|  56|0x0000000083800000, 0x0000000083900000, 0x0000000083900000|100%| O|  |TAMS 0x0000000083900000, 0x0000000083900000| Untracked 
|  57|0x0000000083900000, 0x0000000083a00000, 0x0000000083a00000|100%| O|  |TAMS 0x0000000083a00000, 0x0000000083a00000| Untracked 
|  58|0x0000000083a00000, 0x0000000083b00000, 0x0000000083b00000|100%| O|  |TAMS 0x0000000083b00000, 0x0000000083b00000| Untracked 
|  59|0x0000000083b00000, 0x0000000083b00000, 0x0000000083c00000|  0%| F|  |TAMS 0x0000000083b00000, 0x0000000083b00000| Untracked 
|  60|0x0000000083c00000, 0x0000000083d00000, 0x0000000083d00000|100%| O|  |TAMS 0x0000000083d00000, 0x0000000083d00000| Untracked 
|  61|0x0000000083d00000, 0x0000000083e00000, 0x0000000083e00000|100%| O|  |TAMS 0x0000000083d00000, 0x0000000083e00000| Untracked 
|  62|0x0000000083e00000, 0x0000000083f00000, 0x0000000083f00000|100%| O|  |TAMS 0x0000000083f00000, 0x0000000083f00000| Untracked 
|  63|0x0000000083f00000, 0x0000000084000000, 0x0000000084000000|100%| O|  |TAMS 0x0000000084000000, 0x0000000084000000| Untracked 
|  64|0x0000000084000000, 0x0000000084100000, 0x0000000084100000|100%| O|  |TAMS 0x0000000084100000, 0x0000000084100000| Untracked 
|  65|0x0000000084100000, 0x0000000084200000, 0x0000000084200000|100%| O|  |TAMS 0x0000000084200000, 0x0000000084200000| Untracked 
|  66|0x0000000084200000, 0x0000000084300000, 0x0000000084300000|100%| O|  |TAMS 0x0000000084300000, 0x0000000084300000| Untracked 
|  67|0x0000000084300000, 0x0000000084400000, 0x0000000084400000|100%| O|  |TAMS 0x0000000084400000, 0x0000000084400000| Untracked 
|  68|0x0000000084400000, 0x0000000084500000, 0x0000000084500000|100%| O|  |TAMS 0x0000000084500000, 0x0000000084500000| Untracked 
|  69|0x0000000084500000, 0x0000000084600000, 0x0000000084600000|100%| O|  |TAMS 0x0000000084600000, 0x0000000084600000| Untracked 
|  70|0x0000000084600000, 0x0000000084700000, 0x0000000084700000|100%| O|  |TAMS 0x0000000084700000, 0x0000000084700000| Untracked 
|  71|0x0000000084700000, 0x0000000084800000, 0x0000000084800000|100%| O|  |TAMS 0x0000000084800000, 0x0000000084800000| Untracked 
|  72|0x0000000084800000, 0x0000000084800000, 0x0000000084900000|  0%| F|  |TAMS 0x0000000084800000, 0x0000000084800000| Untracked 
|  73|0x0000000084900000, 0x0000000084a00000, 0x0000000084a00000|100%| O|  |TAMS 0x0000000084a00000, 0x0000000084a00000| Untracked 
|  74|0x0000000084a00000, 0x0000000084b00000, 0x0000000084b00000|100%| O|  |TAMS 0x0000000084b00000, 0x0000000084b00000| Untracked 
|  75|0x0000000084b00000, 0x0000000084c00000, 0x0000000084c00000|100%| O|  |TAMS 0x0000000084c00000, 0x0000000084c00000| Untracked 
|  76|0x0000000084c00000, 0x0000000084d00000, 0x0000000084d00000|100%| O|  |TAMS 0x0000000084d00000, 0x0000000084d00000| Untracked 
|  77|0x0000000084d00000, 0x0000000084e00000, 0x0000000084e00000|100%| O|  |TAMS 0x0000000084e00000, 0x0000000084e00000| Untracked 
|  78|0x0000000084e00000, 0x0000000084f00000, 0x0000000084f00000|100%| O|  |TAMS 0x0000000084f00000, 0x0000000084f00000| Untracked 
|  79|0x0000000084f00000, 0x0000000085000000, 0x0000000085000000|100%| O|  |TAMS 0x0000000085000000, 0x0000000085000000| Untracked 
|  80|0x0000000085000000, 0x0000000085100000, 0x0000000085100000|100%| O|  |TAMS 0x0000000085100000, 0x0000000085100000| Untracked 
|  81|0x0000000085100000, 0x0000000085200000, 0x0000000085200000|100%| O|  |TAMS 0x0000000085200000, 0x0000000085200000| Untracked 
|  82|0x0000000085200000, 0x0000000085300000, 0x0000000085300000|100%| O|  |TAMS 0x0000000085300000, 0x0000000085300000| Untracked 
|  83|0x0000000085300000, 0x0000000085400000, 0x0000000085400000|100%| O|  |TAMS 0x0000000085400000, 0x0000000085400000| Untracked 
|  84|0x0000000085400000, 0x0000000085400000, 0x0000000085500000|  0%| F|  |TAMS 0x0000000085400000, 0x0000000085400000| Untracked 
|  85|0x0000000085500000, 0x0000000085600000, 0x0000000085600000|100%| O|  |TAMS 0x0000000085600000, 0x0000000085600000| Untracked 
|  86|0x0000000085600000, 0x0000000085700000, 0x0000000085700000|100%| O|  |TAMS 0x0000000085700000, 0x0000000085700000| Untracked 
|  87|0x0000000085700000, 0x0000000085800000, 0x0000000085800000|100%| O|  |TAMS 0x0000000085800000, 0x0000000085800000| Untracked 
|  88|0x0000000085800000, 0x0000000085900000, 0x0000000085900000|100%| O|  |TAMS 0x0000000085900000, 0x0000000085900000| Untracked 
|  89|0x0000000085900000, 0x0000000085a00000, 0x0000000085a00000|100%| O|  |TAMS 0x0000000085a00000, 0x0000000085a00000| Untracked 
|  90|0x0000000085a00000, 0x0000000085b00000, 0x0000000085b00000|100%| O|  |TAMS 0x0000000085b00000, 0x0000000085b00000| Untracked 
|  91|0x0000000085b00000, 0x0000000085c00000, 0x0000000085c00000|100%| O|  |TAMS 0x0000000085c00000, 0x0000000085c00000| Untracked 
|  92|0x0000000085c00000, 0x0000000085d00000, 0x0000000085d00000|100%| O|  |TAMS 0x0000000085c62000, 0x0000000085d00000| Untracked 
|  93|0x0000000085d00000, 0x0000000085e00000, 0x0000000085e00000|100%| O|  |TAMS 0x0000000085e00000, 0x0000000085e00000| Untracked 
|  94|0x0000000085e00000, 0x0000000085f00000, 0x0000000085f00000|100%| O|  |TAMS 0x0000000085f00000, 0x0000000085f00000| Untracked 
|  95|0x0000000085f00000, 0x0000000086000000, 0x0000000086000000|100%| O|  |TAMS 0x0000000086000000, 0x0000000086000000| Untracked 
|  96|0x0000000086000000, 0x0000000086000000, 0x0000000086100000|  0%| F|  |TAMS 0x0000000086000000, 0x0000000086000000| Untracked 
|  97|0x0000000086100000, 0x0000000086200000, 0x0000000086200000|100%| O|  |TAMS 0x0000000086200000, 0x0000000086200000| Untracked 
|  98|0x0000000086200000, 0x00000000862d1400, 0x0000000086300000| 81%| O|  |TAMS 0x0000000086200000, 0x00000000862d1400| Untracked 
|  99|0x0000000086300000, 0x0000000086300000, 0x0000000086400000|  0%| F|  |TAMS 0x0000000086300000, 0x0000000086300000| Untracked 
| 100|0x0000000086400000, 0x0000000086500000, 0x0000000086500000|100%| O|  |TAMS 0x0000000086500000, 0x0000000086500000| Untracked 
| 101|0x0000000086500000, 0x0000000086600000, 0x0000000086600000|100%| O|  |TAMS 0x0000000086600000, 0x0000000086600000| Untracked 
| 102|0x0000000086600000, 0x0000000086600000, 0x0000000086700000|  0%| F|  |TAMS 0x0000000086600000, 0x0000000086600000| Untracked 
| 103|0x0000000086700000, 0x0000000086700000, 0x0000000086800000|  0%| F|  |TAMS 0x0000000086700000, 0x0000000086700000| Untracked 
| 104|0x0000000086800000, 0x0000000086800000, 0x0000000086900000|  0%| F|  |TAMS 0x0000000086800000, 0x0000000086800000| Untracked 
| 105|0x0000000086900000, 0x0000000086900000, 0x0000000086a00000|  0%| F|  |TAMS 0x0000000086900000, 0x0000000086900000| Untracked 
| 106|0x0000000086a00000, 0x0000000086b00000, 0x0000000086b00000|100%| O|  |TAMS 0x0000000086b00000, 0x0000000086b00000| Untracked 
| 107|0x0000000086b00000, 0x0000000086c00000, 0x0000000086c00000|100%| O|  |TAMS 0x0000000086c00000, 0x0000000086c00000| Untracked 
| 108|0x0000000086c00000, 0x0000000086d00000, 0x0000000086d00000|100%| O|  |TAMS 0x0000000086d00000, 0x0000000086d00000| Untracked 
| 109|0x0000000086d00000, 0x0000000086d00000, 0x0000000086e00000|  0%| F|  |TAMS 0x0000000086d00000, 0x0000000086d00000| Untracked 
| 110|0x0000000086e00000, 0x0000000086e00000, 0x0000000086f00000|  0%| F|  |TAMS 0x0000000086e00000, 0x0000000086e00000| Untracked 
| 111|0x0000000086f00000, 0x0000000086f00000, 0x0000000087000000|  0%| F|  |TAMS 0x0000000086f00000, 0x0000000086f00000| Untracked 
| 112|0x0000000087000000, 0x0000000087100000, 0x0000000087100000|100%| O|  |TAMS 0x0000000087100000, 0x0000000087100000| Untracked 
| 113|0x0000000087100000, 0x0000000087200000, 0x0000000087200000|100%| O|  |TAMS 0x0000000087200000, 0x0000000087200000| Untracked 
| 114|0x0000000087200000, 0x0000000087200000, 0x0000000087300000|  0%| F|  |TAMS 0x0000000087200000, 0x0000000087200000| Untracked 
| 115|0x0000000087300000, 0x0000000087400000, 0x0000000087400000|100%| O|  |TAMS 0x0000000087400000, 0x0000000087400000| Untracked 
| 116|0x0000000087400000, 0x0000000087500000, 0x0000000087500000|100%| O|  |TAMS 0x0000000087500000, 0x0000000087500000| Untracked 
| 117|0x0000000087500000, 0x0000000087500000, 0x0000000087600000|  0%| F|  |TAMS 0x0000000087500000, 0x0000000087500000| Untracked 
| 118|0x0000000087600000, 0x0000000087600000, 0x0000000087700000|  0%| F|  |TAMS 0x0000000087600000, 0x0000000087600000| Untracked 
| 119|0x0000000087700000, 0x0000000087700000, 0x0000000087800000|  0%| F|  |TAMS 0x0000000087700000, 0x0000000087700000| Untracked 
| 120|0x0000000087800000, 0x0000000087900000, 0x0000000087900000|100%| O|  |TAMS 0x0000000087900000, 0x0000000087900000| Untracked 
| 121|0x0000000087900000, 0x0000000087900000, 0x0000000087a00000|  0%| F|  |TAMS 0x0000000087900000, 0x0000000087900000| Untracked 
| 122|0x0000000087a00000, 0x0000000087a00000, 0x0000000087b00000|  0%| F|  |TAMS 0x0000000087a00000, 0x0000000087a00000| Untracked 
| 123|0x0000000087b00000, 0x0000000087c00000, 0x0000000087c00000|100%| O|  |TAMS 0x0000000087c00000, 0x0000000087c00000| Untracked 
| 124|0x0000000087c00000, 0x0000000087c00000, 0x0000000087d00000|  0%| F|  |TAMS 0x0000000087c00000, 0x0000000087c00000| Untracked 
| 125|0x0000000087d00000, 0x0000000087d00000, 0x0000000087e00000|  0%| F|  |TAMS 0x0000000087d00000, 0x0000000087d00000| Untracked 
| 126|0x0000000087e00000, 0x0000000087f00000, 0x0000000087f00000|100%| O|  |TAMS 0x0000000087f00000, 0x0000000087f00000| Untracked 
| 127|0x0000000087f00000, 0x0000000087f00000, 0x0000000088000000|  0%| F|  |TAMS 0x0000000087f00000, 0x0000000087f00000| Untracked 
| 128|0x0000000088000000, 0x0000000088000000, 0x0000000088100000|  0%| F|  |TAMS 0x0000000088000000, 0x0000000088000000| Untracked 
| 129|0x0000000088100000, 0x0000000088100000, 0x0000000088200000|  0%| F|  |TAMS 0x0000000088100000, 0x0000000088100000| Untracked 
| 130|0x0000000088200000, 0x0000000088200000, 0x0000000088300000|  0%| F|  |TAMS 0x0000000088200000, 0x0000000088200000| Untracked 
| 131|0x0000000088300000, 0x0000000088300000, 0x0000000088400000|  0%| F|  |TAMS 0x0000000088300000, 0x0000000088300000| Untracked 
| 132|0x0000000088400000, 0x0000000088400000, 0x0000000088500000|  0%| F|  |TAMS 0x0000000088400000, 0x0000000088400000| Untracked 
| 133|0x0000000088500000, 0x0000000088600000, 0x0000000088600000|100%| O|  |TAMS 0x0000000088600000, 0x0000000088600000| Untracked 
| 134|0x0000000088600000, 0x0000000088700000, 0x0000000088700000|100%| O|  |TAMS 0x0000000088700000, 0x0000000088700000| Untracked 
| 135|0x0000000088700000, 0x0000000088700000, 0x0000000088800000|  0%| F|  |TAMS 0x0000000088700000, 0x0000000088700000| Untracked 
| 136|0x0000000088800000, 0x0000000088800000, 0x0000000088900000|  0%| F|  |TAMS 0x0000000088800000, 0x0000000088800000| Untracked 
| 137|0x0000000088900000, 0x0000000088a00000, 0x0000000088a00000|100%| O|  |TAMS 0x0000000088a00000, 0x0000000088a00000| Untracked 
| 138|0x0000000088a00000, 0x0000000088a00000, 0x0000000088b00000|  0%| F|  |TAMS 0x0000000088a00000, 0x0000000088a00000| Untracked 
| 139|0x0000000088b00000, 0x0000000088c00000, 0x0000000088c00000|100%| O|  |TAMS 0x0000000088c00000, 0x0000000088c00000| Untracked 
| 140|0x0000000088c00000, 0x0000000088c00000, 0x0000000088d00000|  0%| F|  |TAMS 0x0000000088c00000, 0x0000000088c00000| Untracked 
| 141|0x0000000088d00000, 0x0000000088d00000, 0x0000000088e00000|  0%| F|  |TAMS 0x0000000088d00000, 0x0000000088d00000| Untracked 
| 142|0x0000000088e00000, 0x0000000088e00000, 0x0000000088f00000|  0%| F|  |TAMS 0x0000000088e00000, 0x0000000088e00000| Untracked 
| 143|0x0000000088f00000, 0x0000000088f00000, 0x0000000089000000|  0%| F|  |TAMS 0x0000000088f00000, 0x0000000088f00000| Untracked 
| 144|0x0000000089000000, 0x0000000089000000, 0x0000000089100000|  0%| F|  |TAMS 0x0000000089000000, 0x0000000089000000| Untracked 
| 145|0x0000000089100000, 0x0000000089100000, 0x0000000089200000|  0%| F|  |TAMS 0x0000000089100000, 0x0000000089100000| Untracked 
| 146|0x0000000089200000, 0x0000000089200000, 0x0000000089300000|  0%| F|  |TAMS 0x0000000089200000, 0x0000000089200000| Untracked 
| 147|0x0000000089300000, 0x000000008939ec50, 0x0000000089400000| 62%| S|CS|TAMS 0x0000000089300000, 0x0000000089300000| Complete 
| 148|0x0000000089400000, 0x0000000089400000, 0x0000000089500000|  0%| F|  |TAMS 0x0000000089400000, 0x0000000089400000| Untracked 
| 149|0x0000000089500000, 0x0000000089500000, 0x0000000089600000|  0%| F|  |TAMS 0x0000000089500000, 0x0000000089500000| Untracked 
| 150|0x0000000089600000, 0x0000000089600000, 0x0000000089700000|  0%| F|  |TAMS 0x0000000089600000, 0x0000000089600000| Untracked 
| 151|0x0000000089700000, 0x0000000089700000, 0x0000000089800000|  0%| F|  |TAMS 0x0000000089700000, 0x0000000089700000| Untracked 
| 152|0x0000000089800000, 0x0000000089800000, 0x0000000089900000|  0%| F|  |TAMS 0x0000000089800000, 0x0000000089800000| Untracked 
| 153|0x0000000089900000, 0x0000000089900000, 0x0000000089a00000|  0%| F|  |TAMS 0x0000000089900000, 0x0000000089900000| Untracked 
| 154|0x0000000089a00000, 0x0000000089a00000, 0x0000000089b00000|  0%| F|  |TAMS 0x0000000089a00000, 0x0000000089a00000| Untracked 
| 155|0x0000000089b00000, 0x0000000089b00000, 0x0000000089c00000|  0%| F|  |TAMS 0x0000000089b00000, 0x0000000089b00000| Untracked 
| 156|0x0000000089c00000, 0x0000000089c00000, 0x0000000089d00000|  0%| F|  |TAMS 0x0000000089c00000, 0x0000000089c00000| Untracked 
| 157|0x0000000089d00000, 0x0000000089d00000, 0x0000000089e00000|  0%| F|  |TAMS 0x0000000089d00000, 0x0000000089d00000| Untracked 
| 158|0x0000000089e00000, 0x0000000089e00000, 0x0000000089f00000|  0%| F|  |TAMS 0x0000000089e00000, 0x0000000089e00000| Untracked 
| 159|0x0000000089f00000, 0x0000000089f00000, 0x000000008a000000|  0%| F|  |TAMS 0x0000000089f00000, 0x0000000089f00000| Untracked 
| 160|0x000000008a000000, 0x000000008a000000, 0x000000008a100000|  0%| F|  |TAMS 0x000000008a000000, 0x000000008a000000| Untracked 
| 161|0x000000008a100000, 0x000000008a100000, 0x000000008a200000|  0%| F|  |TAMS 0x000000008a100000, 0x000000008a100000| Untracked 
| 162|0x000000008a200000, 0x000000008a200000, 0x000000008a300000|  0%| F|  |TAMS 0x000000008a200000, 0x000000008a200000| Untracked 
| 163|0x000000008a300000, 0x000000008a300000, 0x000000008a400000|  0%| F|  |TAMS 0x000000008a300000, 0x000000008a300000| Untracked 
| 164|0x000000008a400000, 0x000000008a400000, 0x000000008a500000|  0%| F|  |TAMS 0x000000008a400000, 0x000000008a400000| Untracked 
| 165|0x000000008a500000, 0x000000008a500000, 0x000000008a600000|  0%| F|  |TAMS 0x000000008a500000, 0x000000008a500000| Untracked 
| 166|0x000000008a600000, 0x000000008a600000, 0x000000008a700000|  0%| F|  |TAMS 0x000000008a600000, 0x000000008a600000| Untracked 
| 167|0x000000008a700000, 0x000000008a700000, 0x000000008a800000|  0%| F|  |TAMS 0x000000008a700000, 0x000000008a700000| Untracked 
| 168|0x000000008a800000, 0x000000008a800000, 0x000000008a900000|  0%| F|  |TAMS 0x000000008a800000, 0x000000008a800000| Untracked 
| 169|0x000000008a900000, 0x000000008a900000, 0x000000008aa00000|  0%| F|  |TAMS 0x000000008a900000, 0x000000008a900000| Untracked 
| 170|0x000000008aa00000, 0x000000008aa00000, 0x000000008ab00000|  0%| F|  |TAMS 0x000000008aa00000, 0x000000008aa00000| Untracked 
| 171|0x000000008ab00000, 0x000000008ab00000, 0x000000008ac00000|  0%| F|  |TAMS 0x000000008ab00000, 0x000000008ab00000| Untracked 
| 172|0x000000008ac00000, 0x000000008ac00000, 0x000000008ad00000|  0%| F|  |TAMS 0x000000008ac00000, 0x000000008ac00000| Untracked 
| 173|0x000000008ad00000, 0x000000008ad00000, 0x000000008ae00000|  0%| F|  |TAMS 0x000000008ad00000, 0x000000008ad00000| Untracked 
| 174|0x000000008ae00000, 0x000000008ae00000, 0x000000008af00000|  0%| F|  |TAMS 0x000000008ae00000, 0x000000008ae00000| Untracked 
| 175|0x000000008af00000, 0x000000008af00000, 0x000000008b000000|  0%| F|  |TAMS 0x000000008af00000, 0x000000008af00000| Untracked 
| 176|0x000000008b000000, 0x000000008b000000, 0x000000008b100000|  0%| F|  |TAMS 0x000000008b000000, 0x000000008b000000| Untracked 
| 177|0x000000008b100000, 0x000000008b100000, 0x000000008b200000|  0%| F|  |TAMS 0x000000008b100000, 0x000000008b100000| Untracked 
| 178|0x000000008b200000, 0x000000008b200000, 0x000000008b300000|  0%| F|  |TAMS 0x000000008b200000, 0x000000008b200000| Untracked 
| 179|0x000000008b300000, 0x000000008b300000, 0x000000008b400000|  0%| F|  |TAMS 0x000000008b300000, 0x000000008b300000| Untracked 
| 180|0x000000008b400000, 0x000000008b400000, 0x000000008b500000|  0%| F|  |TAMS 0x000000008b400000, 0x000000008b400000| Untracked 
| 181|0x000000008b500000, 0x000000008b500000, 0x000000008b600000|  0%| F|  |TAMS 0x000000008b500000, 0x000000008b500000| Untracked 
| 182|0x000000008b600000, 0x000000008b600000, 0x000000008b700000|  0%| F|  |TAMS 0x000000008b600000, 0x000000008b600000| Untracked 
| 183|0x000000008b700000, 0x000000008b700000, 0x000000008b800000|  0%| F|  |TAMS 0x000000008b700000, 0x000000008b700000| Untracked 
| 184|0x000000008b800000, 0x000000008b800000, 0x000000008b900000|  0%| F|  |TAMS 0x000000008b800000, 0x000000008b800000| Untracked 
| 185|0x000000008b900000, 0x000000008b900000, 0x000000008ba00000|  0%| F|  |TAMS 0x000000008b900000, 0x000000008b900000| Untracked 
| 186|0x000000008ba00000, 0x000000008ba00000, 0x000000008bb00000|  0%| F|  |TAMS 0x000000008ba00000, 0x000000008ba00000| Untracked 
| 187|0x000000008bb00000, 0x000000008bb00000, 0x000000008bc00000|  0%| F|  |TAMS 0x000000008bb00000, 0x000000008bb00000| Untracked 
| 188|0x000000008bc00000, 0x000000008bc00000, 0x000000008bd00000|  0%| F|  |TAMS 0x000000008bc00000, 0x000000008bc00000| Untracked 
| 189|0x000000008bd00000, 0x000000008bd00000, 0x000000008be00000|  0%| F|  |TAMS 0x000000008bd00000, 0x000000008bd00000| Untracked 
| 190|0x000000008be00000, 0x000000008be00000, 0x000000008bf00000|  0%| F|  |TAMS 0x000000008be00000, 0x000000008be00000| Untracked 
| 191|0x000000008bf00000, 0x000000008bf00000, 0x000000008c000000|  0%| F|  |TAMS 0x000000008bf00000, 0x000000008bf00000| Untracked 
| 192|0x000000008c000000, 0x000000008c000000, 0x000000008c100000|  0%| F|  |TAMS 0x000000008c000000, 0x000000008c000000| Untracked 
| 193|0x000000008c100000, 0x000000008c100000, 0x000000008c200000|  0%| F|  |TAMS 0x000000008c100000, 0x000000008c100000| Untracked 
| 194|0x000000008c200000, 0x000000008c200000, 0x000000008c300000|  0%| F|  |TAMS 0x000000008c200000, 0x000000008c200000| Untracked 
| 195|0x000000008c300000, 0x000000008c300000, 0x000000008c400000|  0%| F|  |TAMS 0x000000008c300000, 0x000000008c300000| Untracked 
| 196|0x000000008c400000, 0x000000008c400000, 0x000000008c500000|  0%| F|  |TAMS 0x000000008c400000, 0x000000008c400000| Untracked 
| 197|0x000000008c500000, 0x000000008c500000, 0x000000008c600000|  0%| F|  |TAMS 0x000000008c500000, 0x000000008c500000| Untracked 
| 198|0x000000008c600000, 0x000000008c600000, 0x000000008c700000|  0%| F|  |TAMS 0x000000008c600000, 0x000000008c600000| Untracked 
| 199|0x000000008c700000, 0x000000008c700000, 0x000000008c800000|  0%| F|  |TAMS 0x000000008c700000, 0x000000008c700000| Untracked 
| 200|0x000000008c800000, 0x000000008c800000, 0x000000008c900000|  0%| F|  |TAMS 0x000000008c800000, 0x000000008c800000| Untracked 
| 201|0x000000008c900000, 0x000000008c900000, 0x000000008ca00000|  0%| F|  |TAMS 0x000000008c900000, 0x000000008c900000| Untracked 
| 202|0x000000008ca00000, 0x000000008ca00000, 0x000000008cb00000|  0%| F|  |TAMS 0x000000008ca00000, 0x000000008ca00000| Untracked 
| 203|0x000000008cb00000, 0x000000008cb00000, 0x000000008cc00000|  0%| F|  |TAMS 0x000000008cb00000, 0x000000008cb00000| Untracked 
| 204|0x000000008cc00000, 0x000000008cc00000, 0x000000008cd00000|  0%| F|  |TAMS 0x000000008cc00000, 0x000000008cc00000| Untracked 
| 205|0x000000008cd00000, 0x000000008cd00000, 0x000000008ce00000|  0%| F|  |TAMS 0x000000008cd00000, 0x000000008cd00000| Untracked 
| 206|0x000000008ce00000, 0x000000008ce00000, 0x000000008cf00000|  0%| F|  |TAMS 0x000000008ce00000, 0x000000008ce00000| Untracked 
| 207|0x000000008cf00000, 0x000000008cf00000, 0x000000008d000000|  0%| F|  |TAMS 0x000000008cf00000, 0x000000008cf00000| Untracked 
| 208|0x000000008d000000, 0x000000008d000000, 0x000000008d100000|  0%| F|  |TAMS 0x000000008d000000, 0x000000008d000000| Untracked 
| 209|0x000000008d100000, 0x000000008d100000, 0x000000008d200000|  0%| F|  |TAMS 0x000000008d100000, 0x000000008d100000| Untracked 
| 210|0x000000008d200000, 0x000000008d200000, 0x000000008d300000|  0%| F|  |TAMS 0x000000008d200000, 0x000000008d200000| Untracked 
| 211|0x000000008d300000, 0x000000008d300000, 0x000000008d400000|  0%| F|  |TAMS 0x000000008d300000, 0x000000008d300000| Untracked 
| 212|0x000000008d400000, 0x000000008d400000, 0x000000008d500000|  0%| F|  |TAMS 0x000000008d400000, 0x000000008d400000| Untracked 
| 213|0x000000008d500000, 0x000000008d500000, 0x000000008d600000|  0%| F|  |TAMS 0x000000008d500000, 0x000000008d500000| Untracked 
| 214|0x000000008d600000, 0x000000008d600000, 0x000000008d700000|  0%| F|  |TAMS 0x000000008d600000, 0x000000008d600000| Untracked 
| 215|0x000000008d700000, 0x000000008d700000, 0x000000008d800000|  0%| F|  |TAMS 0x000000008d700000, 0x000000008d700000| Untracked 
| 216|0x000000008d800000, 0x000000008d800000, 0x000000008d900000|  0%| F|  |TAMS 0x000000008d800000, 0x000000008d800000| Untracked 
| 217|0x000000008d900000, 0x000000008d900000, 0x000000008da00000|  0%| F|  |TAMS 0x000000008d900000, 0x000000008d900000| Untracked 
| 218|0x000000008da00000, 0x000000008da00000, 0x000000008db00000|  0%| F|  |TAMS 0x000000008da00000, 0x000000008da00000| Untracked 
| 219|0x000000008db00000, 0x000000008db00000, 0x000000008dc00000|  0%| F|  |TAMS 0x000000008db00000, 0x000000008db00000| Untracked 
| 220|0x000000008dc00000, 0x000000008dc00000, 0x000000008dd00000|  0%| F|  |TAMS 0x000000008dc00000, 0x000000008dc00000| Untracked 
| 221|0x000000008dd00000, 0x000000008dd00000, 0x000000008de00000|  0%| F|  |TAMS 0x000000008dd00000, 0x000000008dd00000| Untracked 

Card table byte_map: [0x0000028d80520000,0x0000028d80920000] _byte_map_base: 0x0000028d80120000

Marking Bits (Prev, Next): (CMBitMap*) 0x0000028ded4f24e8, (CMBitMap*) 0x0000028ded4f2520
 Prev Bits: [0x0000028d80d20000, 0x0000028d82d20000)
 Next Bits: [0x0000028d82d20000, 0x0000028d84d20000)

Polling page: 0x0000028deb4f0000

Metaspace:

Usage:
  Non-class:    115.32 MB capacity,   112.52 MB ( 98%) used,     2.29 MB (  2%) free+waste,   522.00 KB ( <1%) overhead. 
      Class:     17.19 MB capacity,    15.66 MB ( 91%) used,     1.31 MB (  8%) free+waste,   227.31 KB (  1%) overhead. 
       Both:    132.51 MB capacity,   128.17 MB ( 97%) used,     3.60 MB (  3%) free+waste,   749.31 KB ( <1%) overhead. 

Virtual space:
  Non-class space:      116.00 MB reserved,     115.43 MB (>99%) committed 
      Class space:        1.00 GB reserved,      17.20 MB (  2%) committed 
             Both:        1.11 GB reserved,     132.63 MB ( 12%) committed 

Chunk freelists:
   Non-Class:  47.00 KB
       Class:  0 bytes
        Both:  47.00 KB

MaxMetaspaceSize: 17179869184.00 GB
CompressedClassSpaceSize: 1.00 GB

CodeHeap 'non-profiled nmethods': size=120064Kb used=17756Kb max_used=17791Kb free=102307Kb
 bounds [0x0000028df8a60000, 0x0000028df9be0000, 0x0000028dfffa0000]
CodeHeap 'profiled nmethods': size=120000Kb used=54332Kb max_used=54332Kb free=65668Kb
 bounds [0x0000028df1530000, 0x0000028df4a80000, 0x0000028df8a60000]
CodeHeap 'non-nmethods': size=5696Kb used=2361Kb max_used=2437Kb free=3334Kb
 bounds [0x0000028df0fa0000, 0x0000028df1210000, 0x0000028df1530000]
 total_blobs=26514 nmethods=25531 adapters=891
 compilation: enabled
              stopped_count=0, restarted_count=0
 full_count=0

Compilation events (20 events):
Event: 4743.521 Thread 0x0000028d87573800 nmethod 29711 0x0000028df4a6c410 code [0x0000028df4a6c720, 0x0000028df4a6d2d8]
Event: 4743.521 Thread 0x0000028d87573800 29713       1       android.databinding.tool.writer.JavaFileGenerator::access$getNonNull$p (5 bytes)
Event: 4743.521 Thread 0x0000028d87573800 nmethod 29713 0x0000028df9334d90 code [0x0000028df9334f40, 0x0000028df9334fd8]
Event: 4743.521 Thread 0x0000028d87573800 29714       2       javax.lang.model.SourceVersion::isIdentifier (71 bytes)
Event: 4743.521 Thread 0x0000028d87573800 nmethod 29714 0x0000028df4a6d910 code [0x0000028df4a6db20, 0x0000028df4a6de48]
Event: 4743.521 Thread 0x0000028d87573800 29716       2       java.lang.Character::isISOControl (5 bytes)
Event: 4743.521 Thread 0x0000028d87573800 nmethod 29716 0x0000028df4a6e090 code [0x0000028df4a6e240, 0x0000028df4a6e358]
Event: 4743.521 Thread 0x0000028d87573800 29715       2       com.squareup.javapoet.Util::characterLiteralWithoutSingleQuotes (131 bytes)
Event: 4743.522 Thread 0x0000028d87573800 nmethod 29715 0x0000028df4a6e410 code [0x0000028df4a6e660, 0x0000028df4a6ede8]
Event: 4743.524 Thread 0x0000028d87573800 29717       2       com.squareup.javapoet.Util::checkState (18 bytes)
Event: 4743.525 Thread 0x0000028d87573800 nmethod 29717 0x0000028df4a6f110 code [0x0000028df4a6f340, 0x0000028df4a6f7c8]
Event: 4743.525 Thread 0x0000028d87573800 29718       2       com.squareup.javapoet.MethodSpec$Builder::addStatement (12 bytes)
Event: 4743.525 Thread 0x0000028d87573800 nmethod 29718 0x0000028df4a6fa90 code [0x0000028df4a6fc60, 0x0000028df4a6ff28]
Event: 4743.525 Thread 0x0000028d87573800 29721       2       com.squareup.javapoet.LineWrapper::flush (199 bytes)
Event: 4743.525 Thread 0x0000028d87573800 nmethod 29721 0x0000028df4a70090 code [0x0000028df4a70300, 0x0000028df4a70968]
Event: 4743.525 Thread 0x0000028d87573800 29719       2       com.squareup.javapoet.CodeBlock$Builder::addStatement (33 bytes)
Event: 4743.525 Thread 0x0000028d87573800 nmethod 29719 0x0000028df4a70d10 code [0x0000028df4a70ee0, 0x0000028df4a71188]
Event: 4743.525 Thread 0x0000028d87573800 29723       2       com.squareup.javapoet.AnnotationSpec::emit (304 bytes)
Event: 4743.527 Thread 0x0000028d87573800 nmethod 29723 0x0000028df4a71310 code [0x0000028df4a71780, 0x0000028df4a72d28]
Event: 4743.527 Thread 0x0000028d87573800 29724       2       com.squareup.javapoet.CodeWriter::emitModifiers (79 bytes)

GC Heap History (20 events):
Event: 4741.583 GC heap after
{Heap after GC invocations=148 (full 0):
 garbage-first heap   total 227328K, used 132385K [0x0000000080000000, 0x0000000100000000)
  region size 1024K, 1 young (1024K), 1 survivors (1024K)
 Metaspace       used 126547K, capacity 130976K, committed 131200K, reserved 1163264K
  class space    used 15670K, capacity 17234K, committed 17356K, reserved 1048576K
}
Event: 4741.715 GC heap before
{Heap before GC invocations=148 (full 0):
 garbage-first heap   total 227328K, used 151841K [0x0000000080000000, 0x0000000100000000)
  region size 1024K, 21 young (21504K), 1 survivors (1024K)
 Metaspace       used 126826K, capacity 131265K, committed 131456K, reserved 1163264K
  class space    used 15697K, capacity 17288K, committed 17356K, reserved 1048576K
}
Event: 4741.722 GC heap after
{Heap after GC invocations=149 (full 0):
 garbage-first heap   total 227328K, used 133680K [0x0000000080000000, 0x0000000100000000)
  region size 1024K, 3 young (3072K), 3 survivors (3072K)
 Metaspace       used 126826K, capacity 131265K, committed 131456K, reserved 1163264K
  class space    used 15697K, capacity 17288K, committed 17356K, reserved 1048576K
}
Event: 4742.174 GC heap before
{Heap before GC invocations=150 (full 0):
 garbage-first heap   total 227328K, used 188976K [0x0000000080000000, 0x0000000100000000)
  region size 1024K, 49 young (50176K), 3 survivors (3072K)
 Metaspace       used 126982K, capacity 131467K, committed 131712K, reserved 1163264K
  class space    used 15700K, capacity 17290K, committed 17356K, reserved 1048576K
}
Event: 4742.185 GC heap after
{Heap after GC invocations=151 (full 0):
 garbage-first heap   total 227328K, used 137211K [0x0000000080000000, 0x0000000100000000)
  region size 1024K, 6 young (6144K), 6 survivors (6144K)
 Metaspace       used 126982K, capacity 131467K, committed 131712K, reserved 1163264K
  class space    used 15700K, capacity 17290K, committed 17356K, reserved 1048576K
}
Event: 4742.199 GC heap before
{Heap before GC invocations=151 (full 0):
 garbage-first heap   total 227328K, used 142331K [0x0000000080000000, 0x0000000100000000)
  region size 1024K, 11 young (11264K), 6 survivors (6144K)
 Metaspace       used 126982K, capacity 131467K, committed 131712K, reserved 1163264K
  class space    used 15700K, capacity 17290K, committed 17356K, reserved 1048576K
}
Event: 4742.206 GC heap after
{Heap after GC invocations=152 (full 0):
 garbage-first heap   total 227328K, used 136938K [0x0000000080000000, 0x0000000100000000)
  region size 1024K, 1 young (1024K), 1 survivors (1024K)
 Metaspace       used 126982K, capacity 131467K, committed 131712K, reserved 1163264K
  class space    used 15700K, capacity 17290K, committed 17356K, reserved 1048576K
}
Event: 4742.456 GC heap before
{Heap before GC invocations=152 (full 0):
 garbage-first heap   total 227328K, used 184042K [0x0000000080000000, 0x0000000100000000)
  region size 1024K, 47 young (48128K), 1 survivors (1024K)
 Metaspace       used 126990K, capacity 131467K, committed 131712K, reserved 1163264K
  class space    used 15700K, capacity 17290K, committed 17356K, reserved 1048576K
}
Event: 4742.459 GC heap after
{Heap after GC invocations=153 (full 0):
 garbage-first heap   total 227328K, used 136274K [0x0000000080000000, 0x0000000100000000)
  region size 1024K, 1 young (1024K), 1 survivors (1024K)
 Metaspace       used 126990K, capacity 131467K, committed 131712K, reserved 1163264K
  class space    used 15700K, capacity 17290K, committed 17356K, reserved 1048576K
}
Event: 4742.688 GC heap before
{Heap before GC invocations=154 (full 0):
 garbage-first heap   total 227328K, used 203858K [0x0000000080000000, 0x0000000100000000)
  region size 1024K, 50 young (51200K), 1 survivors (1024K)
 Metaspace       used 127178K, capacity 131631K, committed 131712K, reserved 1163264K
  class space    used 15710K, capacity 17299K, committed 17356K, reserved 1048576K
}
Event: 4742.693 GC heap after
{Heap after GC invocations=155 (full 0):
 garbage-first heap   total 227328K, used 139060K [0x0000000080000000, 0x0000000100000000)
  region size 1024K, 3 young (3072K), 3 survivors (3072K)
 Metaspace       used 127178K, capacity 131631K, committed 131712K, reserved 1163264K
  class space    used 15710K, capacity 17299K, committed 17356K, reserved 1048576K
}
Event: 4742.779 GC heap before
{Heap before GC invocations=155 (full 0):
 garbage-first heap   total 227328K, used 147252K [0x0000000080000000, 0x0000000100000000)
  region size 1024K, 11 young (11264K), 3 survivors (3072K)
 Metaspace       used 127653K, capacity 132183K, committed 132224K, reserved 1165312K
  class space    used 15755K, capacity 17332K, committed 17356K, reserved 1048576K
}
Event: 4742.783 GC heap after
{Heap after GC invocations=156 (full 0):
 garbage-first heap   total 227328K, used 139979K [0x0000000080000000, 0x0000000100000000)
  region size 1024K, 2 young (2048K), 2 survivors (2048K)
 Metaspace       used 127653K, capacity 132183K, committed 132224K, reserved 1165312K
  class space    used 15755K, capacity 17332K, committed 17356K, reserved 1048576K
}
Event: 4743.032 GC heap before
{Heap before GC invocations=156 (full 0):
 garbage-first heap   total 227328K, used 188107K [0x0000000080000000, 0x0000000100000000)
  region size 1024K, 49 young (50176K), 2 survivors (2048K)
 Metaspace       used 129758K, capacity 134269K, committed 134528K, reserved 1167360K
  class space    used 15908K, capacity 17493K, committed 17612K, reserved 1048576K
}
Event: 4743.047 GC heap after
{Heap after GC invocations=157 (full 0):
 garbage-first heap   total 227328K, used 143930K [0x0000000080000000, 0x0000000100000000)
  region size 1024K, 6 young (6144K), 6 survivors (6144K)
 Metaspace       used 129758K, capacity 134269K, committed 134528K, reserved 1167360K
  class space    used 15908K, capacity 17493K, committed 17612K, reserved 1048576K
}
Event: 4743.234 GC heap before
{Heap before GC invocations=158 (full 0):
 garbage-first heap   total 227328K, used 168506K [0x0000000080000000, 0x0000000100000000)
  region size 1024K, 50 young (51200K), 6 survivors (6144K)
 Metaspace       used 130523K, capacity 135049K, committed 135296K, reserved 1167360K
  class space    used 15983K, capacity 17561K, committed 17612K, reserved 1048576K
}
Event: 4743.239 GC heap after
{Heap after GC invocations=159 (full 0):
 garbage-first heap   total 227328K, used 121477K [0x0000000080000000, 0x0000000100000000)
  region size 1024K, 1 young (1024K), 1 survivors (1024K)
 Metaspace       used 130523K, capacity 135049K, committed 135296K, reserved 1167360K
  class space    used 15983K, capacity 17561K, committed 17612K, reserved 1048576K
}
Event: 4743.262 GC heap before
{Heap before GC invocations=159 (full 0):
 garbage-first heap   total 227328K, used 131717K [0x0000000080000000, 0x0000000100000000)
  region size 1024K, 11 young (11264K), 1 survivors (1024K)
 Metaspace       used 130539K, capacity 135050K, committed 135296K, reserved 1167360K
  class space    used 15983K, capacity 17561K, committed 17612K, reserved 1048576K
}
Event: 4743.275 GC heap after
{Heap after GC invocations=160 (full 0):
 garbage-first heap   total 227328K, used 110298K [0x0000000080000000, 0x0000000100000000)
  region size 1024K, 1 young (1024K), 1 survivors (1024K)
 Metaspace       used 130539K, capacity 135050K, committed 135296K, reserved 1167360K
  class space    used 15983K, capacity 17561K, committed 17612K, reserved 1048576K
}
Event: 4743.527 GC heap before
{Heap before GC invocations=160 (full 0):
 garbage-first heap   total 227328K, used 184026K [0x0000000080000000, 0x0000000100000000)
  region size 1024K, 74 young (75776K), 1 survivors (1024K)
 Metaspace       used 131248K, capacity 135686K, committed 135808K, reserved 1167360K
  class space    used 16030K, capacity 17601K, committed 17612K, reserved 1048576K
}

Deoptimization events (20 events):
Event: 4743.513 Thread 0x0000028d8d9c0800 Uncommon trap: trap_request=0xffffffde fr.pc=0x0000028df9b3bf90 relative=0x00000000000007f0
Event: 4743.513 Thread 0x0000028d8d9c0800 Uncommon trap: reason=class_check action=maybe_recompile pc=0x0000028df9b3bf90 method=org.apache.xerces.parsers.AbstractSAXParser.endElement(Lorg/apache/xerces/xni/QName;Lorg/apache/xerces/xni/Augmentations;)V @ 78 c2
Event: 4743.513 Thread 0x0000028d8d9c0800 DEOPT PACKING pc=0x0000028df9b3bf90 sp=0x000000c9cb0fa1e0
Event: 4743.513 Thread 0x0000028d8d9c0800 DEOPT UNPACKING pc=0x0000028df0fc78af sp=0x000000c9cb0fa180 mode 2
Event: 4743.513 Thread 0x0000028d8d9c0800 Uncommon trap: trap_request=0xffffffde fr.pc=0x0000028df9b3bf90 relative=0x00000000000007f0
Event: 4743.513 Thread 0x0000028d8d9c0800 Uncommon trap: reason=class_check action=maybe_recompile pc=0x0000028df9b3bf90 method=org.apache.xerces.parsers.AbstractSAXParser.endElement(Lorg/apache/xerces/xni/QName;Lorg/apache/xerces/xni/Augmentations;)V @ 78 c2
Event: 4743.513 Thread 0x0000028d8d9c0800 DEOPT PACKING pc=0x0000028df9b3bf90 sp=0x000000c9cb0fa310
Event: 4743.513 Thread 0x0000028d8d9c0800 DEOPT UNPACKING pc=0x0000028df0fc78af sp=0x000000c9cb0fa2b0 mode 2
Event: 4743.513 Thread 0x0000028d8d9c0800 Uncommon trap: trap_request=0xffffffde fr.pc=0x0000028df9b3bf90 relative=0x00000000000007f0
Event: 4743.513 Thread 0x0000028d8d9c0800 Uncommon trap: reason=class_check action=maybe_recompile pc=0x0000028df9b3bf90 method=org.apache.xerces.parsers.AbstractSAXParser.endElement(Lorg/apache/xerces/xni/QName;Lorg/apache/xerces/xni/Augmentations;)V @ 78 c2
Event: 4743.513 Thread 0x0000028d8d9c0800 DEOPT PACKING pc=0x0000028df9b3bf90 sp=0x000000c9cb0fa1e0
Event: 4743.513 Thread 0x0000028d8d9c0800 DEOPT UNPACKING pc=0x0000028df0fc78af sp=0x000000c9cb0fa180 mode 2
Event: 4743.514 Thread 0x0000028d8d9c0800 DEOPT PACKING pc=0x0000028df18550f8 sp=0x000000c9cb0fa230
Event: 4743.514 Thread 0x0000028d8d9c0800 DEOPT UNPACKING pc=0x0000028df0fc76ce sp=0x000000c9cb0f9750 mode 0
Event: 4743.516 Thread 0x0000028d8d9c0800 DEOPT PACKING pc=0x0000028df18550f8 sp=0x000000c9cb0fa230
Event: 4743.516 Thread 0x0000028d8d9c0800 DEOPT UNPACKING pc=0x0000028df0fc76ce sp=0x000000c9cb0f9750 mode 0
Event: 4743.518 Thread 0x0000028d8d9c0800 DEOPT PACKING pc=0x0000028df18550f8 sp=0x000000c9cb0fa230
Event: 4743.518 Thread 0x0000028d8d9c0800 DEOPT UNPACKING pc=0x0000028df0fc76ce sp=0x000000c9cb0f9750 mode 0
Event: 4743.519 Thread 0x0000028d8d9c0800 DEOPT PACKING pc=0x0000028df18550f8 sp=0x000000c9cb0fa230
Event: 4743.520 Thread 0x0000028d8d9c0800 DEOPT UNPACKING pc=0x0000028df0fc76ce sp=0x000000c9cb0f9750 mode 0

Classes redefined (0 events):
No events

Internal exceptions (20 events):
Event: 4741.654 Thread 0x0000028d8d9c8000 Exception <a 'java/lang/NoSuchMethodError'{0x000000008d07a690}: <clinit>> (0x000000008d07a690) thrown at [./src/hotspot/share/prims/jni.cpp, line 1362]
Event: 4741.655 Thread 0x0000028d8d9c8000 Exception <a 'java/lang/NoSuchMethodError'{0x000000008d098c00}: <clinit>> (0x000000008d098c00) thrown at [./src/hotspot/share/prims/jni.cpp, line 1362]
Event: 4741.655 Thread 0x0000028d8d9c8000 Exception <a 'java/lang/NoSuchMethodError'{0x000000008d0b3620}: <clinit>> (0x000000008d0b3620) thrown at [./src/hotspot/share/prims/jni.cpp, line 1362]
Event: 4741.656 Thread 0x0000028d8d9c8000 Exception <a 'java/lang/NoSuchMethodError'{0x000000008d0e0b08}: <clinit>> (0x000000008d0e0b08) thrown at [./src/hotspot/share/prims/jni.cpp, line 1362]
Event: 4741.657 Thread 0x0000028d8d9c8000 Exception <a 'java/lang/NoSuchMethodError'{0x000000008cf10bf8}: <clinit>> (0x000000008cf10bf8) thrown at [./src/hotspot/share/prims/jni.cpp, line 1362]
Event: 4741.658 Thread 0x0000028d8d9c8000 Exception <a 'java/lang/NoSuchMethodError'{0x000000008cf2a198}: <clinit>> (0x000000008cf2a198) thrown at [./src/hotspot/share/prims/jni.cpp, line 1362]
Event: 4741.998 Thread 0x0000028d8d9c8000 Implicit null exception at 0x0000028df9b7ddf2 to 0x0000028df9b7e398
Event: 4742.757 Thread 0x0000028d8d9c0800 Exception <a 'sun/nio/fs/WindowsException'{0x000000008d8fed80}> (0x000000008d8fed80) thrown at [./src/hotspot/share/prims/jni.cpp, line 615]
Event: 4742.757 Thread 0x0000028d8d9c0800 Exception <a 'sun/nio/fs/WindowsException'{0x000000008d7001f8}> (0x000000008d7001f8) thrown at [./src/hotspot/share/prims/jni.cpp, line 615]
Event: 4742.761 Thread 0x0000028d8d9c0800 Exception <a 'java/lang/NoSuchMethodError'{0x000000008d76da30}: <clinit>> (0x000000008d76da30) thrown at [./src/hotspot/share/prims/jni.cpp, line 1362]
Event: 4742.852 Thread 0x0000028d8aa65800 Exception <a 'sun/nio/fs/WindowsException'{0x000000008d7d8258}> (0x000000008d7d8258) thrown at [./src/hotspot/share/prims/jni.cpp, line 615]
Event: 4742.873 Thread 0x0000028d8d9c0800 Exception <a 'java/lang/NoSuchMethodError'{0x000000008cf21938}: <clinit>> (0x000000008cf21938) thrown at [./src/hotspot/share/prims/jni.cpp, line 1362]
Event: 4743.066 Thread 0x0000028d8d9c0800 Exception <a 'sun/nio/fs/WindowsException'{0x000000008dd7cd60}> (0x000000008dd7cd60) thrown at [./src/hotspot/share/prims/jni.cpp, line 615]
Event: 4743.066 Thread 0x0000028d8d9c0800 Exception <a 'sun/nio/fs/WindowsException'{0x000000008dd7dc08}> (0x000000008dd7dc08) thrown at [./src/hotspot/share/prims/jni.cpp, line 615]
Event: 4743.066 Thread 0x0000028d8d9c0800 Exception <a 'sun/nio/fs/WindowsException'{0x000000008dd7dea0}> (0x000000008dd7dea0) thrown at [./src/hotspot/share/prims/jni.cpp, line 615]
Event: 4743.066 Thread 0x0000028d8d9c0800 Exception <a 'sun/nio/fs/WindowsException'{0x000000008dd7ed10}> (0x000000008dd7ed10) thrown at [./src/hotspot/share/prims/jni.cpp, line 615]
Event: 4743.066 Thread 0x0000028d8d9c0800 Exception <a 'sun/nio/fs/WindowsException'{0x000000008dd7ef70}> (0x000000008dd7ef70) thrown at [./src/hotspot/share/prims/jni.cpp, line 615]
Event: 4743.066 Thread 0x0000028d8d9c0800 Exception <a 'sun/nio/fs/WindowsException'{0x000000008dd7fdc8}> (0x000000008dd7fdc8) thrown at [./src/hotspot/share/prims/jni.cpp, line 615]
Event: 4743.432 Thread 0x0000028d8d9c0800 Implicit null exception at 0x0000028df9b79558 to 0x0000028df9b7b31c
Event: 4743.432 Thread 0x0000028d8d9c0800 Implicit null exception at 0x0000028df9b808f5 to 0x0000028df9b80a80

Events (20 events):
Event: 4743.485 loading class com/google/common/collect/ImmutableListMultimap done
Event: 4743.486 loading class com/google/common/collect/ImmutableMultiset
Event: 4743.486 loading class com/google/common/collect/ImmutableMultiset done
Event: 4743.486 loading class com/google/common/collect/ImmutableMultisetGwtSerializationDependencies
Event: 4743.486 loading class com/google/common/collect/ImmutableMultisetGwtSerializationDependencies done
Event: 4743.487 loading class com/google/common/collect/ImmutableMultimap$Keys
Event: 4743.487 loading class com/google/common/collect/ImmutableMultimap$Keys done
Event: 4743.487 loading class com/google/common/collect/ImmutableMultimap$EntryCollection
Event: 4743.487 loading class com/google/common/collect/ImmutableMultimap$EntryCollection done
Event: 4743.487 loading class com/google/common/collect/ImmutableMultimap$2
Event: 4743.487 loading class com/google/common/collect/ImmutableMultimap$2 done
Event: 4743.488 loading class com/google/common/collect/ImmutableMultimap$Values
Event: 4743.488 loading class com/google/common/collect/ImmutableMultimap$Values done
Event: 4743.488 loading class com/google/common/collect/ImmutableMultimap$1
Event: 4743.488 loading class com/google/common/collect/ImmutableMultimap$1 done
Event: 4743.489 loading class com/google/common/collect/ImmutableMultimap$Builder
Event: 4743.489 loading class com/google/common/collect/ImmutableMultimap$Builder done
Event: 4743.494 loading class com/google/common/collect/EmptyImmutableListMultimap
Event: 4743.494 loading class com/google/common/collect/EmptyImmutableListMultimap done
Event: 4743.527 Executing VM operation: G1CollectForAllocation


Dynamic libraries:
0x00007ff695260000 - 0x00007ff69526a000 	C:\Program Files\Android\Android Studio\jre\bin\java.exe
0x00007ffcbb570000 - 0x00007ffcbb741000 	C:\Windows\SYSTEM32\ntdll.dll
0x00007ffcb9790000 - 0x00007ffcb983b000 	C:\Windows\System32\KERNEL32.DLL
0x00007ffcb7c10000 - 0x00007ffcb7e2d000 	C:\Windows\System32\KERNELBASE.dll
0x00007ffcb8650000 - 0x00007ffcb8745000 	C:\Windows\System32\ucrtbase.dll
0x00007ffca8fc0000 - 0x00007ffca8fd9000 	C:\Program Files\Android\Android Studio\jre\bin\jli.dll
0x00007ffca88c0000 - 0x00007ffca88d7000 	C:\Program Files\Android\Android Studio\jre\bin\VCRUNTIME140.dll
0x00007ffcb93b0000 - 0x00007ffcb9515000 	C:\Windows\System32\USER32.dll
0x00007ffcb7ee0000 - 0x00007ffcb7efe000 	C:\Windows\System32\win32u.dll
0x00007ffca7c90000 - 0x00007ffca7f09000 	C:\Windows\WinSxS\amd64_microsoft.windows.common-controls_6595b64144ccf1df_6.0.14393.0_none_2d0f50fcbdb171b8\COMCTL32.dll
0x00007ffcb9370000 - 0x00007ffcb93a4000 	C:\Windows\System32\GDI32.dll
0x00007ffcb8b00000 - 0x00007ffcb8b9e000 	C:\Windows\System32\msvcrt.dll
0x00007ffcb87a0000 - 0x00007ffcb8922000 	C:\Windows\System32\gdi32full.dll
0x00007ffcb8ce0000 - 0x00007ffcb8fa7000 	C:\Windows\System32\combase.dll
0x00007ffcb8ba0000 - 0x00007ffcb8cc1000 	C:\Windows\System32\RPCRT4.dll
0x00007ffcb85e0000 - 0x00007ffcb864a000 	C:\Windows\System32\bcryptPrimitives.dll
0x00007ffcb8fc0000 - 0x00007ffcb8fee000 	C:\Windows\System32\IMM32.DLL
0x00007ffc9a690000 - 0x00007ffc9a72d000 	C:\Program Files\Android\Android Studio\jre\bin\msvcp140.dll
0x00007ffc930b0000 - 0x00007ffc93b7f000 	C:\Program Files\Android\Android Studio\jre\bin\server\jvm.dll
0x00007ffcb96e0000 - 0x00007ffcb9782000 	C:\Windows\System32\ADVAPI32.dll
0x00007ffcb9100000 - 0x00007ffcb9159000 	C:\Windows\System32\sechost.dll
0x00007ffcb8cd0000 - 0x00007ffcb8cd8000 	C:\Windows\System32\PSAPI.DLL
0x00007ffcada50000 - 0x00007ffcada59000 	C:\Windows\SYSTEM32\WSOCK32.dll
0x00007ffcb5f30000 - 0x00007ffcb5f53000 	C:\Windows\SYSTEM32\WINMM.dll
0x00007ffcb8ff0000 - 0x00007ffcb905a000 	C:\Windows\System32\WS2_32.dll
0x00007ffcae8e0000 - 0x00007ffcae8ea000 	C:\Windows\SYSTEM32\VERSION.dll
0x0000028deb4c0000 - 0x0000028deb4eb000 	C:\Windows\SYSTEM32\WINMMBASE.dll
0x00007ffcb8750000 - 0x00007ffcb8792000 	C:\Windows\System32\cfgmgr32.dll
0x00007ffcb7aa0000 - 0x00007ffcb7aaf000 	C:\Windows\System32\kernel.appcore.dll
0x00007ffcaa2a0000 - 0x00007ffcaa2b1000 	C:\Program Files\Android\Android Studio\jre\bin\verify.dll
0x00007ffcad3c0000 - 0x00007ffcad552000 	C:\Windows\SYSTEM32\DBGHELP.DLL
0x00007ffcac870000 - 0x00007ffcac899000 	C:\Windows\SYSTEM32\dbgcore.DLL
0x00007ffca69b0000 - 0x00007ffca69d9000 	C:\Program Files\Android\Android Studio\jre\bin\java.dll
0x00007ffcaa290000 - 0x00007ffcaa29b000 	C:\Program Files\Android\Android Studio\jre\bin\jimage.dll
0x00007ffca93a0000 - 0x00007ffca93b8000 	C:\Program Files\Android\Android Studio\jre\bin\zip.dll
0x00007ffcba040000 - 0x00007ffcbb548000 	C:\Windows\System32\SHELL32.dll
0x00007ffcb7f00000 - 0x00007ffcb85da000 	C:\Windows\System32\windows.storage.dll
0x00007ffcb7ab0000 - 0x00007ffcb7afc000 	C:\Windows\System32\powrprof.dll
0x00007ffcb9310000 - 0x00007ffcb9362000 	C:\Windows\System32\shlwapi.dll
0x00007ffcb7b60000 - 0x00007ffcb7c09000 	C:\Windows\System32\shcore.dll
0x00007ffcb7a80000 - 0x00007ffcb7a94000 	C:\Windows\System32\profapi.dll
0x00007ffca6ef0000 - 0x00007ffca6f0a000 	C:\Program Files\Android\Android Studio\jre\bin\net.dll
0x00007ffcb1e50000 - 0x00007ffcb1f1c000 	C:\Windows\SYSTEM32\WINHTTP.dll
0x00007ffcb7340000 - 0x00007ffcb739c000 	C:\Windows\system32\mswsock.dll
0x00007ffca62f0000 - 0x00007ffca6304000 	C:\Program Files\Android\Android Studio\jre\bin\nio.dll
0x00007ffc9da00000 - 0x00007ffc9da27000 	C:\Users\USER\.gradle\native\8bec1ad78214c89d9ad589b4d07fe93259594b29d510b10fafb7a158f7737e5d\windows-amd64\native-platform.dll
0x00007ffc96920000 - 0x00007ffc96a5d000 	C:\Users\USER\.gradle\native\53dbd7edfb1c66fb8903c78663c9afc45aea4f116125fa6feffd364cf09443e8\windows-amd64\native-platform-file-events.dll
0x00007ffca69a0000 - 0x00007ffca69aa000 	C:\Program Files\Android\Android Studio\jre\bin\management.dll
0x00007ffca6380000 - 0x00007ffca638c000 	C:\Program Files\Android\Android Studio\jre\bin\management_ext.dll
0x00007ffcb74e0000 - 0x00007ffcb74f7000 	C:\Windows\SYSTEM32\CRYPTSP.dll
0x00007ffcb6f50000 - 0x00007ffcb6f83000 	C:\Windows\system32\rsaenh.dll
0x00007ffcb79b0000 - 0x00007ffcb79db000 	C:\Windows\SYSTEM32\bcrypt.dll
0x00007ffcb71d0000 - 0x00007ffcb71ef000 	C:\Windows\SYSTEM32\USERENV.dll
0x00007ffcb7500000 - 0x00007ffcb750b000 	C:\Windows\SYSTEM32\CRYPTBASE.dll
0x00007ffcb70d0000 - 0x00007ffcb7108000 	C:\Windows\SYSTEM32\IPHLPAPI.DLL
0x00007ffcb9840000 - 0x00007ffcb9848000 	C:\Windows\System32\NSI.dll
0x00007ffcb3e90000 - 0x00007ffcb3ea6000 	C:\Windows\SYSTEM32\dhcpcsvc6.DLL
0x00007ffcb3e60000 - 0x00007ffcb3e7a000 	C:\Windows\SYSTEM32\dhcpcsvc.DLL
0x00007ffc9d4b0000 - 0x00007ffc9d4d7000 	C:\Program Files\Android\Android Studio\jre\bin\sunec.dll

dbghelp: loaded successfully - version: 4.0.5 - missing functions: none
symbol engine: initialized successfully - sym options: 0x614 - pdb path: .;C:\Program Files\Android\Android Studio\jre\bin;C:\Windows\SYSTEM32;C:\Windows\WinSxS\amd64_microsoft.windows.common-controls_6595b64144ccf1df_6.0.14393.0_none_2d0f50fcbdb171b8;C:\Program Files\Android\Android Studio\jre\bin\server;C:\Users\USER\.gradle\native\8bec1ad78214c89d9ad589b4d07fe93259594b29d510b10fafb7a158f7737e5d\windows-amd64;C:\Users\USER\.gradle\native\53dbd7edfb1c66fb8903c78663c9afc45aea4f116125fa6feffd364cf09443e8\windows-amd64

VM Arguments:
jvm_args: --add-opens=java.base/java.util=ALL-UNNAMED --add-opens=java.base/java.lang=ALL-UNNAMED --add-opens=java.base/java.lang.invoke=ALL-UNNAMED --add-opens=java.base/java.util=ALL-UNNAMED --add-opens=java.prefs/java.util.prefs=ALL-UNNAMED --add-opens=java.prefs/java.util.prefs=ALL-UNNAMED --add-opens=java.base/java.nio.charset=ALL-UNNAMED --add-opens=java.base/java.net=ALL-UNNAMED --add-opens=java.base/java.util.concurrent.atomic=ALL-UNNAMED -Xmx2048m -Dfile.encoding=UTF-8 -Duser.country=US -Duser.language=en -Duser.variant 
java_command: org.gradle.launcher.daemon.bootstrap.GradleDaemon 7.0.2
java_class_path (initial): C:\Users\USER\.gradle\wrapper\dists\gradle-7.0.2-bin\857tjihv64xamwrf0h14cai3r\gradle-7.0.2\lib\gradle-launcher-7.0.2.jar
Launcher Type: SUN_STANDARD

[Global flags]
     intx CICompilerCount                          = 3                                         {product} {ergonomic}
     uint ConcGCThreads                            = 2                                         {product} {ergonomic}
     uint G1ConcRefinementThreads                  = 6                                         {product} {ergonomic}
   size_t G1HeapRegionSize                         = 1048576                                   {product} {ergonomic}
    uintx GCDrainStackTargetSize                   = 64                                        {product} {ergonomic}
   size_t InitialHeapSize                          = 134217728                                 {product} {ergonomic}
   size_t MarkStackSize                            = 4194304                                   {product} {ergonomic}
   size_t MaxHeapSize                              = 2147483648                                {product} {command line}
   size_t MaxNewSize                               = 1287651328                                {product} {ergonomic}
   size_t MinHeapDeltaBytes                        = 1048576                                   {product} {ergonomic}
    uintx NonNMethodCodeHeapSize                   = 5830732                                {pd product} {ergonomic}
    uintx NonProfiledCodeHeapSize                  = 122913754                              {pd product} {ergonomic}
    uintx ProfiledCodeHeapSize                     = 122913754                              {pd product} {ergonomic}
    uintx ReservedCodeCacheSize                    = 251658240                              {pd product} {ergonomic}
     bool SegmentedCodeCache                       = true                                      {product} {ergonomic}
     bool UseCompressedClassPointers               = true                                 {lp64_product} {ergonomic}
     bool UseCompressedOops                        = true                                 {lp64_product} {ergonomic}
     bool UseG1GC                                  = true                                      {product} {ergonomic}
     bool UseLargePagesIndividualAllocation        = false                                  {pd product} {ergonomic}

Logging:
Log output configuration:
 #0: stdout all=warning uptime,level,tags
 #1: stderr all=off uptime,level,tags

Environment Variables:
PATH=C:\Program Files (x86)\Common Files\Oracle\Java\javapath;C:\Program Files\Java\jdk1.8.0_111\bin;C:\Users\USER\AppData\Local\Microsoft\WindowsApps;C:\Users\USER\AppData\Local\Programs\Microsoft VS Code\bin
USERNAME=USER
OS=Windows_NT
PROCESSOR_IDENTIFIER=Intel64 Family 6 Model 158 Stepping 10, GenuineIntel



---------------  S Y S T E M  ---------------

OS: Windows 10 , 64 bit Build 14393 (10.0.14393.0)
OS uptime: 4 days 1:18 hours

CPU:total 6 (initial active 6) (6 cores per cpu, 1 threads per core) family 6 model 158 stepping 10 microcode 0x96, cmov, cx8, fxsr, mmx, sse, sse2, sse3, ssse3, sse4.1, sse4.2, popcnt, avx, avx2, aes, clmul, erms, 3dnowpref, lzcnt, tsc, tscinvbit, bmi1, bmi2, adx, fma

Memory: 4k page, system-wide physical 8068M (2180M free)
TotalPageFile size 9046M (AvailPageFile size 10M)
current process WorkingSet (physical memory assigned to process): 553M, peak: 556M
current process commit charge ("private bytes"): 625M, peak: 706M

vm_info: OpenJDK 64-Bit Server VM (11.0.10+0-b96-7249189) for windows-amd64 JRE (11.0.10+0-b96-7249189), built on Mar 31 2021 21:44:00 by "builder" with MS VC++ 14.0 (VS2015)

END.
