#
# There is insufficient memory for the Java Runtime Environment to continue.
# Native memory allocation (malloc) failed to allocate 2175856 bytes for Chunk::new
# Possible reasons:
#   The system is out of physical RAM or swap space
#   The process is running with CompressedOops enabled, and the Java Heap may be blocking the growth of the native heap
# Possible solutions:
#   Reduce memory load on the system
#   Increase physical memory or swap space
#   Check if swap backing store is full
#   Decrease Java heap size (-Xmx/-Xms)
#   Decrease number of Java threads
#   Decrease Java thread stack sizes (-Xss)
#   Set larger code cache with -XX:ReservedCodeCacheSize=
#   JVM is running with Unscaled Compressed Oops mode in which the Java heap is
#     placed in the first 4GB address space. The Java Heap base address is the
#     maximum limit for the native heap growth. Please use -XX:HeapBaseMinAddress
#     to set the Java Heap base and to place the Java Heap above 4GB virtual address.
# This output file may be truncated or incomplete.
#
#  Out of Memory Error (./src/hotspot/share/memory/arena.cpp:197), pid=8732, tid=2256
#
# JRE version: OpenJDK Runtime Environment (11.0.10) (build 11.0.10+0-b96-7249189)
# Java VM: OpenJDK 64-Bit Server VM (11.0.10+0-b96-7249189, mixed mode, tiered, compressed oops, g1 gc, windows-amd64)
# No core dump will be written. Minidumps are not enabled by default on client versions of Windows
#

---------------  S U M M A R Y ------------

Command Line: --add-opens=java.base/java.util=ALL-UNNAMED --add-opens=java.base/java.lang=ALL-UNNAMED --add-opens=java.base/java.lang.invoke=ALL-UNNAMED --add-opens=java.base/java.util=ALL-UNNAMED --add-opens=java.prefs/java.util.prefs=ALL-UNNAMED --add-opens=java.prefs/java.util.prefs=ALL-UNNAMED --add-opens=java.base/java.nio.charset=ALL-UNNAMED --add-opens=java.base/java.net=ALL-UNNAMED --add-opens=java.base/java.util.concurrent.atomic=ALL-UNNAMED -Xmx2048m -Dfile.encoding=UTF-8 -Duser.country=US -Duser.language=en -Duser.variant org.gradle.launcher.daemon.bootstrap.GradleDaemon 7.0.2

Host: Intel(R) Core(TM) i5-8400 CPU @ 2.80GHz, 6 cores, 7G,  Windows 10 , 64 bit Build 14393 (10.0.14393.0)
Time: Thu May 26 08:16:53 2022 Bangladesh Standard Time elapsed time: 9.625827 seconds (0d 0h 0m 9s)

---------------  T H R E A D  ---------------

Current thread (0x000001b4f053e000):  JavaThread "C2 CompilerThread0" daemon [_thread_in_native, id=2256, stack(0x00000004daf00000,0x00000004db000000)]


Current CompileTask:
C2:   9625 13637   !   4       java.net.URLClassLoader$1::run (63 bytes)

Stack: [0x00000004daf00000,0x00000004db000000]
Native frames: (J=compiled Java code, j=interpreted, Vv=VM code, C=native code)
V  [jvm.dll+0x5ecfaa]
V  [jvm.dll+0x722bd5]
V  [jvm.dll+0x72412d]
V  [jvm.dll+0x7247e3]
V  [jvm.dll+0x242928]
V  [jvm.dll+0xbc4fc]
V  [jvm.dll+0xbca0c]
V  [jvm.dll+0x352d7d]
V  [jvm.dll+0x320ad3]
V  [jvm.dll+0x31ffca]
V  [jvm.dll+0x1fb602]
V  [jvm.dll+0x1fa7f4]
V  [jvm.dll+0x18354c]
V  [jvm.dll+0x208ee7]
V  [jvm.dll+0x207731]
V  [jvm.dll+0x6eb1cf]
V  [jvm.dll+0x6e3d45]
V  [jvm.dll+0x5ebe96]
C  [ucrtbase.dll+0x1cab0]
C  [KERNEL32.DLL+0x8364]
C  [ntdll.dll+0x65e91]


---------------  P R O C E S S  ---------------

Threads class SMR info:
_java_thread_list=0x000001b4f3e45ba0, length=60, elements={
0x000001b4d5ba2000, 0x000001b4efbc4000, 0x000001b4efbce000, 0x000001b4f0535800,
0x000001b4f0537000, 0x000001b4f0539000, 0x000001b4f053e000, 0x000001b4f0540000,
0x000001b4f0542000, 0x000001b4f0684800, 0x000001b4f07c4000, 0x000001b4f2b80000,
0x000001b4f28b0000, 0x000001b4f2600000, 0x000001b4f2767000, 0x000001b4f2768000,
0x000001b4f3ee0800, 0x000001b4f3d68000, 0x000001b4f237a000, 0x000001b4f1a69800,
0x000001b4f07c3800, 0x000001b4f07c5000, 0x000001b4f07c8000, 0x000001b4f07c2800,
0x000001b4f07c6800, 0x000001b4f07c6000, 0x000001b4f07c7800, 0x000001b4f07c9000,
0x000001b4f2a0e800, 0x000001b4f2a09800, 0x000001b4f2a0c800, 0x000001b4f2a10000,
0x000001b4f2a0b000, 0x000001b4f2a0a800, 0x000001b4f5e29800, 0x000001b4f5e2a800,
0x000001b4f5e27000, 0x000001b4f5e29000, 0x000001b4f5e24800, 0x000001b4f5e2b800,
0x000001b4f5e2f800, 0x000001b4f5e30000, 0x000001b4f5e2d800, 0x000001b4f5e2e800,
0x000001b4f5e31000, 0x000001b4f5e32000, 0x000001b4f5e2c000, 0x000001b4f5e2d000,
0x000001b4f5e33800, 0x000001b4f3e6c800, 0x000001b4f3e6d000, 0x000001b4f3e6e000,
0x000001b4f3e6f000, 0x000001b4f3e6f800, 0x000001b4f3e6a000, 0x000001b4f3e70800,
0x000001b4f3e6b800, 0x000001b4f3e6a800, 0x000001b4f9d09800, 0x000001b4f9d07000
}

Java Threads: ( => current thread )
  0x000001b4d5ba2000 JavaThread "main" [_thread_blocked, id=6568, stack(0x00000004da300000,0x00000004da400000)]
  0x000001b4efbc4000 JavaThread "Reference Handler" daemon [_thread_blocked, id=8664, stack(0x00000004daa00000,0x00000004dab00000)]
  0x000001b4efbce000 JavaThread "Finalizer" daemon [_thread_blocked, id=10804, stack(0x00000004dab00000,0x00000004dac00000)]
  0x000001b4f0535800 JavaThread "Signal Dispatcher" daemon [_thread_blocked, id=1020, stack(0x00000004dac00000,0x00000004dad00000)]
  0x000001b4f0537000 JavaThread "Attach Listener" daemon [_thread_blocked, id=7500, stack(0x00000004dad00000,0x00000004dae00000)]
  0x000001b4f0539000 JavaThread "Service Thread" daemon [_thread_blocked, id=5760, stack(0x00000004dae00000,0x00000004daf00000)]
=>0x000001b4f053e000 JavaThread "C2 CompilerThread0" daemon [_thread_in_native, id=2256, stack(0x00000004daf00000,0x00000004db000000)]
  0x000001b4f0540000 JavaThread "C1 CompilerThread0" daemon [_thread_blocked, id=4952, stack(0x00000004db000000,0x00000004db100000)]
  0x000001b4f0542000 JavaThread "Sweeper thread" daemon [_thread_blocked, id=5248, stack(0x00000004db100000,0x00000004db200000)]
  0x000001b4f0684800 JavaThread "Common-Cleaner" daemon [_thread_blocked, id=10492, stack(0x00000004db200000,0x00000004db300000)]
  0x000001b4f07c4000 JavaThread "C2 CompilerThread1" daemon [_thread_in_native, id=7848, stack(0x00000004db400000,0x00000004db500000)]
  0x000001b4f2b80000 JavaThread "Daemon health stats" [_thread_blocked, id=8336, stack(0x00000004db700000,0x00000004db800000)]
  0x000001b4f28b0000 JavaThread "Incoming local TCP Connector on port 61461" [_thread_in_native, id=9720, stack(0x00000004db800000,0x00000004db900000)]
  0x000001b4f2600000 JavaThread "Daemon periodic checks" [_thread_blocked, id=4252, stack(0x00000004db900000,0x00000004dba00000)]
  0x000001b4f2767000 JavaThread "Daemon" [_thread_blocked, id=10084, stack(0x00000004dba00000,0x00000004dbb00000)]
  0x000001b4f2768000 JavaThread "Handler for socket connection from /127.0.0.1:61461 to /127.0.0.1:61462" [_thread_in_native, id=10512, stack(0x00000004dbb00000,0x00000004dbc00000)]
  0x000001b4f3ee0800 JavaThread "Cancel handler" [_thread_blocked, id=6900, stack(0x00000004dbc00000,0x00000004dbd00000)]
  0x000001b4f3d68000 JavaThread "Daemon worker" [_thread_blocked, id=6756, stack(0x00000004dbd00000,0x00000004dbe00000)]
  0x000001b4f237a000 JavaThread "Asynchronous log dispatcher for DefaultDaemonConnection: socket connection from /127.0.0.1:61461 to /127.0.0.1:61462" [_thread_blocked, id=4156, stack(0x00000004dbe00000,0x00000004dbf00000)]
  0x000001b4f1a69800 JavaThread "Stdin handler" [_thread_blocked, id=11100, stack(0x00000004dbf00000,0x00000004dc000000)]
  0x000001b4f07c3800 JavaThread "Daemon client event forwarder" [_thread_blocked, id=10048, stack(0x00000004dc000000,0x00000004dc100000)]
  0x000001b4f07c5000 JavaThread "Cache worker for file hash cache (C:\Users\USER\.gradle\caches\7.0.2\fileHashes)" [_thread_blocked, id=10964, stack(0x00000004dc400000,0x00000004dc500000)]
  0x000001b4f07c8000 JavaThread "File lock request listener" [_thread_in_native, id=9580, stack(0x00000004dc500000,0x00000004dc600000)]
  0x000001b4f07c2800 JavaThread "Cache worker for journal cache (C:\Users\USER\.gradle\caches\journal-1)" [_thread_blocked, id=4092, stack(0x00000004dc700000,0x00000004dc800000)]
  0x000001b4f07c6800 JavaThread "Cache worker for file hash cache (C:\Users\USER\EarinMoney\.gradle\7.0.2\fileHashes)" [_thread_blocked, id=5584, stack(0x00000004dc800000,0x00000004dc900000)]
  0x000001b4f07c6000 JavaThread "File watcher server" daemon [_thread_in_native, id=9324, stack(0x00000004dc900000,0x00000004dca00000)]
  0x000001b4f07c7800 JavaThread "File watcher consumer" daemon [_thread_blocked, id=10892, stack(0x00000004dca00000,0x00000004dcb00000)]
  0x000001b4f07c9000 JavaThread "Cache worker for checksums cache (C:\Users\USER\EarinMoney\.gradle\checksums)" [_thread_blocked, id=6060, stack(0x00000004dcb00000,0x00000004dcc00000)]
  0x000001b4f2a0e800 JavaThread "Cache worker for cache directory md-supplier (C:\Users\USER\.gradle\caches\7.0.2\md-supplier)" [_thread_blocked, id=748, stack(0x00000004dcc00000,0x00000004dcd00000)]
  0x000001b4f2a09800 JavaThread "Cache worker for cache directory md-rule (C:\Users\USER\.gradle\caches\7.0.2\md-rule)" [_thread_blocked, id=10688, stack(0x00000004dcd00000,0x00000004dce00000)]
  0x000001b4f2a0c800 JavaThread "Cache worker for execution history cache (C:\Users\USER\.gradle\caches\7.0.2\executionHistory)" [_thread_blocked, id=5884, stack(0x00000004dce00000,0x00000004dcf00000)]
  0x000001b4f2a10000 JavaThread "jar transforms" [_thread_blocked, id=7528, stack(0x00000004dcf00000,0x00000004dd000000)]
  0x000001b4f2a0b000 JavaThread "jar transforms Thread 2" [_thread_blocked, id=5072, stack(0x00000004dd000000,0x00000004dd100000)]
  0x000001b4f2a0a800 JavaThread "Cache worker for file content cache (C:\Users\USER\.gradle\caches\7.0.2\fileContent)" [_thread_blocked, id=1868, stack(0x00000004dd100000,0x00000004dd200000)]
  0x000001b4f5e29800 JavaThread "Cache worker for dependencies-accessors (C:\Users\USER\EarinMoney\.gradle\7.0.2\dependencies-accessors)" [_thread_blocked, id=6792, stack(0x00000004dd200000,0x00000004dd300000)]
  0x000001b4f5e2a800 JavaThread "jar transforms Thread 3" [_thread_blocked, id=10848, stack(0x00000004dd300000,0x00000004dd400000)]
  0x000001b4f5e27000 JavaThread "Cache worker for Build Output Cleanup Cache (C:\Users\USER\EarinMoney\.gradle\buildOutputCleanup)" [_thread_blocked, id=10456, stack(0x00000004dd400000,0x00000004dd500000)]
  0x000001b4f5e29000 JavaThread "Build operations" [_thread_blocked, id=5152, stack(0x00000004dd500000,0x00000004dd600000)]
  0x000001b4f5e24800 JavaThread "Build operations Thread 2" [_thread_blocked, id=4000, stack(0x00000004dd600000,0x00000004dd700000)]
  0x000001b4f5e2b800 JavaThread "Build operations Thread 3" [_thread_blocked, id=11140, stack(0x00000004dd700000,0x00000004dd800000)]
  0x000001b4f5e2f800 JavaThread "Build operations Thread 4" [_thread_blocked, id=11228, stack(0x00000004dd800000,0x00000004dd900000)]
  0x000001b4f5e30000 JavaThread "Build operations Thread 5" [_thread_blocked, id=7756, stack(0x00000004dd900000,0x00000004dda00000)]
  0x000001b4f5e2d800 JavaThread "Build operations Thread 6" [_thread_blocked, id=10864, stack(0x00000004dda00000,0x00000004ddb00000)]
  0x000001b4f5e2e800 JavaThread "jar transforms Thread 4" [_thread_blocked, id=11188, stack(0x00000004ddb00000,0x00000004ddc00000)]
  0x000001b4f5e31000 JavaThread "jar transforms Thread 5" [_thread_blocked, id=4568, stack(0x00000004ddc00000,0x00000004ddd00000)]
  0x000001b4f5e32000 JavaThread "jar transforms Thread 6" [_thread_blocked, id=8344, stack(0x00000004ddd00000,0x00000004dde00000)]
  0x000001b4f5e2c000 JavaThread "Memory manager" [_thread_blocked, id=11084, stack(0x00000004dde00000,0x00000004ddf00000)]
  0x000001b4f5e2d000 JavaThread "build event listener" [_thread_blocked, id=4224, stack(0x00000004ddf00000,0x00000004de000000)]
  0x000001b4f5e33800 JavaThread "Execution worker for ':'" [_thread_blocked, id=10672, stack(0x00000004de000000,0x00000004de100000)]
  0x000001b4f3e6c800 JavaThread "Execution worker for ':' Thread 2" [_thread_blocked, id=9780, stack(0x00000004de100000,0x00000004de200000)]
  0x000001b4f3e6d000 JavaThread "Execution worker for ':' Thread 3" [_thread_blocked, id=10872, stack(0x00000004de200000,0x00000004de300000)]
  0x000001b4f3e6e000 JavaThread "Execution worker for ':' Thread 4" [_thread_blocked, id=6808, stack(0x00000004de300000,0x00000004de400000)]
  0x000001b4f3e6f000 JavaThread "Execution worker for ':' Thread 5" [_thread_in_vm, id=8152, stack(0x00000004de400000,0x00000004de500000)]
  0x000001b4f3e6f800 JavaThread "Cache worker for execution history cache (C:\Users\USER\EarinMoney\.gradle\7.0.2\executionHistory)" [_thread_blocked, id=644, stack(0x00000004de500000,0x00000004de600000)]
  0x000001b4f3e6a000 JavaThread "WorkerExecutor Queue" [_thread_blocked, id=10628, stack(0x00000004de600000,0x00000004de700000)]
  0x000001b4f3e70800 JavaThread "WorkerExecutor Queue Thread 2" [_thread_blocked, id=10416, stack(0x00000004de700000,0x00000004de800000)]
  0x000001b4f3e6b800 JavaThread "WorkerExecutor Queue Thread 3" [_thread_blocked, id=10524, stack(0x00000004de800000,0x00000004de900000)]
  0x000001b4f3e6a800 JavaThread "WorkerExecutor Queue Thread 4" [_thread_blocked, id=5992, stack(0x00000004de900000,0x00000004dea00000)]
  0x000001b4f9d09800 JavaThread "WorkerExecutor Queue Thread 5" [_thread_blocked, id=8588, stack(0x00000004dea00000,0x00000004deb00000)]
  0x000001b4f9d07000 JavaThread "WorkerExecutor Queue Thread 6" [_thread_blocked, id=6376, stack(0x00000004deb00000,0x00000004dec00000)]

Other Threads:
  0x000001b4efbbf800 VMThread "VM Thread" [stack: 0x00000004da900000,0x00000004daa00000] [id=9652]
  0x000001b4f06a1800 WatcherThread [stack: 0x00000004db300000,0x00000004db400000] [id=6612]
  0x000001b4d5bb9800 GCTaskThread "GC Thread#0" [stack: 0x00000004da400000,0x00000004da500000] [id=10676]
  0x000001b4f10b0000 GCTaskThread "GC Thread#1" [stack: 0x00000004db500000,0x00000004db600000] [id=6908]
  0x000001b4f12b1000 GCTaskThread "GC Thread#2" [stack: 0x00000004db600000,0x00000004db700000] [id=10228]
  0x000001b4f1796000 GCTaskThread "GC Thread#3" [stack: 0x00000004dc100000,0x00000004dc200000] [id=616]
  0x000001b4f1e56800 GCTaskThread "GC Thread#4" [stack: 0x00000004dc200000,0x00000004dc300000] [id=2136]
  0x000001b4f1fb0800 GCTaskThread "GC Thread#5" [stack: 0x00000004dc300000,0x00000004dc400000] [id=2968]
  0x000001b4d5bec800 ConcurrentGCThread "G1 Main Marker" [stack: 0x00000004da500000,0x00000004da600000] [id=7552]
  0x000001b4d5bee000 ConcurrentGCThread "G1 Conc#0" [stack: 0x00000004da600000,0x00000004da700000] [id=2372]
  0x000001b4f405d000 ConcurrentGCThread "G1 Conc#1" [stack: 0x00000004dc600000,0x00000004dc700000] [id=10888]
  0x000001b4efa10800 ConcurrentGCThread "G1 Refine#0" [stack: 0x00000004da700000,0x00000004da800000] [id=8096]
  0x000001b4efa11800 ConcurrentGCThread "G1 Young RemSet Sampling" [stack: 0x00000004da800000,0x00000004da900000] [id=7988]

Threads with active compile tasks:
C2 CompilerThread0   9633 13637   !   4       java.net.URLClassLoader$1::run (63 bytes)
C2 CompilerThread1   9633 13636       4       java.net.URLClassLoader$1::run (5 bytes)

VM state:not at safepoint (normal execution)

VM Mutex/Monitor currently owned by a thread: None

Heap address: 0x0000000080000000, size: 2048 MB, Compressed Oops mode: 32-bit
Narrow klass base: 0x0000000000000000, Narrow klass shift: 3
Compressed class space size: 1073741824 Address: 0x0000000100000000

Heap:
 garbage-first heap   total 273408K, used 153673K [0x0000000080000000, 0x0000000100000000)
  region size 1024K, 45 young (46080K), 3 survivors (3072K)
 Metaspace       used 96693K, capacity 98963K, committed 99276K, reserved 1136640K
  class space    used 12007K, capacity 12810K, committed 13004K, reserved 1048576K
Heap Regions: E=young(eden), S=young(survivor), O=old, HS=humongous(starts), HC=humongous(continues), CS=collection set, F=free, A=archive, TAMS=top-at-mark-start (previous, next)
|   0|0x0000000080000000, 0x0000000080100000, 0x0000000080100000|100%| O|  |TAMS 0x0000000080100000, 0x0000000080000000| Untracked 
|   1|0x0000000080100000, 0x0000000080200000, 0x0000000080200000|100%| O|  |TAMS 0x0000000080200000, 0x0000000080100000| Untracked 
|   2|0x0000000080200000, 0x0000000080300000, 0x0000000080300000|100%| O|  |TAMS 0x0000000080300000, 0x0000000080200000| Untracked 
|   3|0x0000000080300000, 0x0000000080400000, 0x0000000080400000|100%|HS|  |TAMS 0x0000000080400000, 0x0000000080300000| Complete 
|   4|0x0000000080400000, 0x0000000080500000, 0x0000000080500000|100%|HC|  |TAMS 0x0000000080500000, 0x0000000080400000| Complete 
|   5|0x0000000080500000, 0x0000000080600000, 0x0000000080600000|100%|HC|  |TAMS 0x0000000080600000, 0x0000000080500000| Complete 
|   6|0x0000000080600000, 0x0000000080700000, 0x0000000080700000|100%| O|  |TAMS 0x0000000080700000, 0x0000000080600000| Untracked 
|   7|0x0000000080700000, 0x0000000080800000, 0x0000000080800000|100%| O|  |TAMS 0x0000000080800000, 0x0000000080700000| Untracked 
|   8|0x0000000080800000, 0x0000000080900000, 0x0000000080900000|100%| O|  |TAMS 0x0000000080900000, 0x0000000080800000| Untracked 
|   9|0x0000000080900000, 0x0000000080a00000, 0x0000000080a00000|100%| O|  |TAMS 0x0000000080a00000, 0x0000000080900000| Untracked 
|  10|0x0000000080a00000, 0x0000000080b00000, 0x0000000080b00000|100%| O|  |TAMS 0x0000000080b00000, 0x0000000080a00000| Untracked 
|  11|0x0000000080b00000, 0x0000000080c00000, 0x0000000080c00000|100%| O|  |TAMS 0x0000000080c00000, 0x0000000080b00000| Untracked 
|  12|0x0000000080c00000, 0x0000000080d00000, 0x0000000080d00000|100%| O|  |TAMS 0x0000000080d00000, 0x0000000080c00000| Untracked 
|  13|0x0000000080d00000, 0x0000000080e00000, 0x0000000080e00000|100%| O|  |TAMS 0x0000000080e00000, 0x0000000080d00000| Untracked 
|  14|0x0000000080e00000, 0x0000000080f00000, 0x0000000080f00000|100%|HS|  |TAMS 0x0000000080f00000, 0x0000000080e00000| Complete 
|  15|0x0000000080f00000, 0x0000000081000000, 0x0000000081000000|100%| O|  |TAMS 0x0000000081000000, 0x0000000080f00000| Untracked 
|  16|0x0000000081000000, 0x0000000081100000, 0x0000000081100000|100%| O|  |TAMS 0x0000000081100000, 0x0000000081000000| Untracked 
|  17|0x0000000081100000, 0x0000000081200000, 0x0000000081200000|100%| O|  |TAMS 0x0000000081200000, 0x0000000081100000| Untracked 
|  18|0x0000000081200000, 0x0000000081300000, 0x0000000081300000|100%| O|  |TAMS 0x0000000081300000, 0x0000000081200000| Untracked 
|  19|0x0000000081300000, 0x0000000081400000, 0x0000000081400000|100%| O|  |TAMS 0x0000000081400000, 0x0000000081300000| Untracked 
|  20|0x0000000081400000, 0x0000000081500000, 0x0000000081500000|100%| O|  |TAMS 0x0000000081500000, 0x0000000081400000| Untracked 
|  21|0x0000000081500000, 0x0000000081600000, 0x0000000081600000|100%| O|  |TAMS 0x0000000081600000, 0x0000000081500000| Untracked 
|  22|0x0000000081600000, 0x0000000081700000, 0x0000000081700000|100%| O|  |TAMS 0x0000000081700000, 0x0000000081600000| Untracked 
|  23|0x0000000081700000, 0x0000000081800000, 0x0000000081800000|100%| O|  |TAMS 0x0000000081800000, 0x0000000081700000| Untracked 
|  24|0x0000000081800000, 0x0000000081900000, 0x0000000081900000|100%|HS|  |TAMS 0x0000000081900000, 0x0000000081800000| Complete 
|  25|0x0000000081900000, 0x0000000081a00000, 0x0000000081a00000|100%|HS|  |TAMS 0x0000000081a00000, 0x0000000081900000| Complete 
|  26|0x0000000081a00000, 0x0000000081b00000, 0x0000000081b00000|100%|HC|  |TAMS 0x0000000081b00000, 0x0000000081a00000| Complete 
|  27|0x0000000081b00000, 0x0000000081c00000, 0x0000000081c00000|100%| O|  |TAMS 0x0000000081c00000, 0x0000000081b00000| Untracked 
|  28|0x0000000081c00000, 0x0000000081d00000, 0x0000000081d00000|100%| O|  |TAMS 0x0000000081d00000, 0x0000000081c00000| Untracked 
|  29|0x0000000081d00000, 0x0000000081e00000, 0x0000000081e00000|100%| O|  |TAMS 0x0000000081e00000, 0x0000000081d00000| Untracked 
|  30|0x0000000081e00000, 0x0000000081f00000, 0x0000000081f00000|100%| O|  |TAMS 0x0000000081f00000, 0x0000000081e00000| Untracked 
|  31|0x0000000081f00000, 0x0000000082000000, 0x0000000082000000|100%| O|  |TAMS 0x0000000082000000, 0x0000000081f00000| Untracked 
|  32|0x0000000082000000, 0x0000000082100000, 0x0000000082100000|100%| O|  |TAMS 0x0000000082100000, 0x0000000082000000| Untracked 
|  33|0x0000000082100000, 0x0000000082200000, 0x0000000082200000|100%| O|  |TAMS 0x0000000082200000, 0x0000000082100000| Untracked 
|  34|0x0000000082200000, 0x0000000082300000, 0x0000000082300000|100%| O|  |TAMS 0x0000000082300000, 0x0000000082200000| Untracked 
|  35|0x0000000082300000, 0x0000000082400000, 0x0000000082400000|100%| O|  |TAMS 0x0000000082400000, 0x0000000082300000| Untracked 
|  36|0x0000000082400000, 0x0000000082500000, 0x0000000082500000|100%| O|  |TAMS 0x0000000082500000, 0x0000000082400000| Untracked 
|  37|0x0000000082500000, 0x0000000082600000, 0x0000000082600000|100%| O|  |TAMS 0x0000000082600000, 0x0000000082500000| Untracked 
|  38|0x0000000082600000, 0x0000000082700000, 0x0000000082700000|100%| O|  |TAMS 0x0000000082700000, 0x0000000082600000| Untracked 
|  39|0x0000000082700000, 0x0000000082800000, 0x0000000082800000|100%| O|  |TAMS 0x0000000082800000, 0x0000000082700000| Untracked 
|  40|0x0000000082800000, 0x0000000082900000, 0x0000000082900000|100%| O|  |TAMS 0x0000000082900000, 0x0000000082800000| Untracked 
|  41|0x0000000082900000, 0x0000000082a00000, 0x0000000082a00000|100%| O|  |TAMS 0x0000000082a00000, 0x0000000082900000| Untracked 
|  42|0x0000000082a00000, 0x0000000082b00000, 0x0000000082b00000|100%| O|  |TAMS 0x0000000082b00000, 0x0000000082a00000| Untracked 
|  43|0x0000000082b00000, 0x0000000082c00000, 0x0000000082c00000|100%| O|  |TAMS 0x0000000082c00000, 0x0000000082b00000| Untracked 
|  44|0x0000000082c00000, 0x0000000082d00000, 0x0000000082d00000|100%| O|  |TAMS 0x0000000082d00000, 0x0000000082c00000| Untracked 
|  45|0x0000000082d00000, 0x0000000082e00000, 0x0000000082e00000|100%| O|  |TAMS 0x0000000082e00000, 0x0000000082d00000| Untracked 
|  46|0x0000000082e00000, 0x0000000082f00000, 0x0000000082f00000|100%| O|  |TAMS 0x0000000082f00000, 0x0000000082e00000| Untracked 
|  47|0x0000000082f00000, 0x0000000083000000, 0x0000000083000000|100%| O|  |TAMS 0x0000000083000000, 0x0000000082f00000| Untracked 
|  48|0x0000000083000000, 0x0000000083100000, 0x0000000083100000|100%| O|  |TAMS 0x0000000083100000, 0x0000000083000000| Untracked 
|  49|0x0000000083100000, 0x0000000083200000, 0x0000000083200000|100%| O|  |TAMS 0x0000000083200000, 0x0000000083100000| Untracked 
|  50|0x0000000083200000, 0x0000000083300000, 0x0000000083300000|100%| O|  |TAMS 0x0000000083300000, 0x0000000083200000| Untracked 
|  51|0x0000000083300000, 0x0000000083400000, 0x0000000083400000|100%| O|  |TAMS 0x0000000083400000, 0x0000000083300000| Untracked 
|  52|0x0000000083400000, 0x0000000083500000, 0x0000000083500000|100%| O|  |TAMS 0x0000000083500000, 0x0000000083400000| Untracked 
|  53|0x0000000083500000, 0x0000000083600000, 0x0000000083600000|100%| O|  |TAMS 0x0000000083600000, 0x0000000083500000| Untracked 
|  54|0x0000000083600000, 0x0000000083700000, 0x0000000083700000|100%| O|  |TAMS 0x0000000083700000, 0x0000000083600000| Untracked 
|  55|0x0000000083700000, 0x0000000083800000, 0x0000000083800000|100%| O|  |TAMS 0x0000000083800000, 0x0000000083700000| Untracked 
|  56|0x0000000083800000, 0x0000000083900000, 0x0000000083900000|100%| O|  |TAMS 0x0000000083900000, 0x0000000083800000| Untracked 
|  57|0x0000000083900000, 0x0000000083a00000, 0x0000000083a00000|100%| O|  |TAMS 0x0000000083a00000, 0x0000000083900000| Untracked 
|  58|0x0000000083a00000, 0x0000000083b00000, 0x0000000083b00000|100%| O|  |TAMS 0x0000000083b00000, 0x0000000083a00000| Untracked 
|  59|0x0000000083b00000, 0x0000000083c00000, 0x0000000083c00000|100%| O|  |TAMS 0x0000000083c00000, 0x0000000083b00000| Untracked 
|  60|0x0000000083c00000, 0x0000000083d00000, 0x0000000083d00000|100%| O|  |TAMS 0x0000000083d00000, 0x0000000083c00000| Untracked 
|  61|0x0000000083d00000, 0x0000000083e00000, 0x0000000083e00000|100%| O|  |TAMS 0x0000000083e00000, 0x0000000083d00000| Untracked 
|  62|0x0000000083e00000, 0x0000000083f00000, 0x0000000083f00000|100%| O|  |TAMS 0x0000000083f00000, 0x0000000083e00000| Untracked 
|  63|0x0000000083f00000, 0x0000000084000000, 0x0000000084000000|100%| O|  |TAMS 0x0000000084000000, 0x0000000083f00000| Untracked 
|  64|0x0000000084000000, 0x0000000084100000, 0x0000000084100000|100%| O|  |TAMS 0x0000000084100000, 0x0000000084000000| Untracked 
|  65|0x0000000084100000, 0x0000000084200000, 0x0000000084200000|100%| O|  |TAMS 0x0000000084200000, 0x0000000084100000| Untracked 
|  66|0x0000000084200000, 0x0000000084300000, 0x0000000084300000|100%| O|  |TAMS 0x0000000084300000, 0x0000000084200000| Untracked 
|  67|0x0000000084300000, 0x0000000084400000, 0x0000000084400000|100%| O|  |TAMS 0x0000000084400000, 0x0000000084300000| Untracked 
|  68|0x0000000084400000, 0x0000000084500000, 0x0000000084500000|100%| O|  |TAMS 0x0000000084500000, 0x0000000084400000| Untracked 
|  69|0x0000000084500000, 0x0000000084600000, 0x0000000084600000|100%| O|  |TAMS 0x0000000084600000, 0x0000000084500000| Untracked 
|  70|0x0000000084600000, 0x0000000084700000, 0x0000000084700000|100%| O|  |TAMS 0x0000000084700000, 0x0000000084600000| Untracked 
|  71|0x0000000084700000, 0x0000000084800000, 0x0000000084800000|100%| O|  |TAMS 0x0000000084800000, 0x0000000084700000| Untracked 
|  72|0x0000000084800000, 0x0000000084900000, 0x0000000084900000|100%| O|  |TAMS 0x0000000084900000, 0x0000000084800000| Untracked 
|  73|0x0000000084900000, 0x0000000084a00000, 0x0000000084a00000|100%|HS|  |TAMS 0x0000000084a00000, 0x0000000084900000| Complete 
|  74|0x0000000084a00000, 0x0000000084b00000, 0x0000000084b00000|100%| O|  |TAMS 0x0000000084b00000, 0x0000000084a00000| Untracked 
|  75|0x0000000084b00000, 0x0000000084c00000, 0x0000000084c00000|100%| O|  |TAMS 0x0000000084c00000, 0x0000000084b00000| Untracked 
|  76|0x0000000084c00000, 0x0000000084d00000, 0x0000000084d00000|100%| O|  |TAMS 0x0000000084d00000, 0x0000000084c00000| Untracked 
|  77|0x0000000084d00000, 0x0000000084e00000, 0x0000000084e00000|100%| O|  |TAMS 0x0000000084e00000, 0x0000000084d00000| Untracked 
|  78|0x0000000084e00000, 0x0000000084f00000, 0x0000000084f00000|100%| O|  |TAMS 0x0000000084f00000, 0x0000000084e00000| Untracked 
|  79|0x0000000084f00000, 0x0000000085000000, 0x0000000085000000|100%| O|  |TAMS 0x0000000085000000, 0x0000000084f00000| Untracked 
|  80|0x0000000085000000, 0x0000000085100000, 0x0000000085100000|100%| O|  |TAMS 0x0000000085100000, 0x0000000085000000| Untracked 
|  81|0x0000000085100000, 0x0000000085200000, 0x0000000085200000|100%| O|  |TAMS 0x0000000085200000, 0x0000000085100000| Untracked 
|  82|0x0000000085200000, 0x0000000085300000, 0x0000000085300000|100%| O|  |TAMS 0x0000000085300000, 0x0000000085200000| Untracked 
|  83|0x0000000085300000, 0x0000000085400000, 0x0000000085400000|100%| O|  |TAMS 0x0000000085400000, 0x0000000085300000| Untracked 
|  84|0x0000000085400000, 0x0000000085500000, 0x0000000085500000|100%| O|  |TAMS 0x0000000085500000, 0x0000000085400000| Untracked 
|  85|0x0000000085500000, 0x0000000085600000, 0x0000000085600000|100%| O|  |TAMS 0x0000000085600000, 0x0000000085500000| Untracked 
|  86|0x0000000085600000, 0x0000000085700000, 0x0000000085700000|100%| O|  |TAMS 0x0000000085700000, 0x0000000085600000| Untracked 
|  87|0x0000000085700000, 0x0000000085800000, 0x0000000085800000|100%| O|  |TAMS 0x0000000085800000, 0x0000000085700000| Untracked 
|  88|0x0000000085800000, 0x0000000085900000, 0x0000000085900000|100%| O|  |TAMS 0x0000000085900000, 0x0000000085800000| Untracked 
|  89|0x0000000085900000, 0x0000000085a00000, 0x0000000085a00000|100%| O|  |TAMS 0x0000000085a00000, 0x0000000085900000| Untracked 
|  90|0x0000000085a00000, 0x0000000085b00000, 0x0000000085b00000|100%| O|  |TAMS 0x0000000085b00000, 0x0000000085a00000| Untracked 
|  91|0x0000000085b00000, 0x0000000085c00000, 0x0000000085c00000|100%| O|  |TAMS 0x0000000085c00000, 0x0000000085b00000| Untracked 
|  92|0x0000000085c00000, 0x0000000085d00000, 0x0000000085d00000|100%| O|  |TAMS 0x0000000085d00000, 0x0000000085c00000| Untracked 
|  93|0x0000000085d00000, 0x0000000085e00000, 0x0000000085e00000|100%| O|  |TAMS 0x0000000085e00000, 0x0000000085d00000| Untracked 
|  94|0x0000000085e00000, 0x0000000085f00000, 0x0000000085f00000|100%| O|  |TAMS 0x0000000085f00000, 0x0000000085e00000| Untracked 
|  95|0x0000000085f00000, 0x0000000086000000, 0x0000000086000000|100%| O|  |TAMS 0x0000000086000000, 0x0000000085f00000| Untracked 
|  96|0x0000000086000000, 0x0000000086100000, 0x0000000086100000|100%| O|  |TAMS 0x0000000086100000, 0x0000000086000000| Untracked 
|  97|0x0000000086100000, 0x0000000086200000, 0x0000000086200000|100%| O|  |TAMS 0x0000000086200000, 0x0000000086100000| Untracked 
|  98|0x0000000086200000, 0x0000000086300000, 0x0000000086300000|100%| O|  |TAMS 0x0000000086300000, 0x0000000086200000| Untracked 
|  99|0x0000000086300000, 0x0000000086400000, 0x0000000086400000|100%| O|  |TAMS 0x0000000086400000, 0x0000000086300000| Untracked 
| 100|0x0000000086400000, 0x0000000086500000, 0x0000000086500000|100%| O|  |TAMS 0x0000000086500000, 0x0000000086400000| Untracked 
| 101|0x0000000086500000, 0x0000000086600000, 0x0000000086600000|100%| O|  |TAMS 0x0000000086600000, 0x0000000086500000| Untracked 
| 102|0x0000000086600000, 0x0000000086700000, 0x0000000086700000|100%| O|  |TAMS 0x0000000086700000, 0x0000000086600000| Untracked 
| 103|0x0000000086700000, 0x0000000086800000, 0x0000000086800000|100%| O|  |TAMS 0x0000000086778e00, 0x0000000086700000| Untracked 
| 104|0x0000000086800000, 0x0000000086817a00, 0x0000000086900000|  9%| O|  |TAMS 0x0000000086800000, 0x0000000086800000| Untracked 
| 105|0x0000000086900000, 0x0000000086900000, 0x0000000086a00000|  0%| F|  |TAMS 0x0000000086900000, 0x0000000086900000| Untracked 
| 106|0x0000000086a00000, 0x0000000086a00000, 0x0000000086b00000|  0%| F|  |TAMS 0x0000000086a00000, 0x0000000086a00000| Untracked 
| 107|0x0000000086b00000, 0x0000000086b00000, 0x0000000086c00000|  0%| F|  |TAMS 0x0000000086b00000, 0x0000000086b00000| Untracked 
| 108|0x0000000086c00000, 0x0000000086d00000, 0x0000000086d00000|100%| O|  |TAMS 0x0000000086c00000, 0x0000000086c00000| Untracked 
| 109|0x0000000086d00000, 0x0000000086e00000, 0x0000000086e00000|100%| O|  |TAMS 0x0000000086d00000, 0x0000000086d00000| Untracked 
| 110|0x0000000086e00000, 0x0000000086f00000, 0x0000000086f00000|100%| O|  |TAMS 0x0000000086e00000, 0x0000000086e00000| Untracked 
| 111|0x0000000086f00000, 0x0000000086f00000, 0x0000000087000000|  0%| F|  |TAMS 0x0000000086f00000, 0x0000000086f00000| Untracked 
| 112|0x0000000087000000, 0x0000000087000000, 0x0000000087100000|  0%| F|  |TAMS 0x0000000087000000, 0x0000000087000000| Untracked 
| 113|0x0000000087100000, 0x0000000087100000, 0x0000000087200000|  0%| F|  |TAMS 0x0000000087100000, 0x0000000087100000| Untracked 
| 114|0x0000000087200000, 0x0000000087200000, 0x0000000087300000|  0%| F|  |TAMS 0x0000000087200000, 0x0000000087200000| Untracked 
| 115|0x0000000087300000, 0x0000000087300000, 0x0000000087400000|  0%| F|  |TAMS 0x0000000087300000, 0x0000000087300000| Untracked 
| 116|0x0000000087400000, 0x0000000087400000, 0x0000000087500000|  0%| F|  |TAMS 0x0000000087400000, 0x0000000087400000| Untracked 
| 117|0x0000000087500000, 0x0000000087500000, 0x0000000087600000|  0%| F|  |TAMS 0x0000000087500000, 0x0000000087500000| Untracked 
| 118|0x0000000087600000, 0x0000000087600000, 0x0000000087700000|  0%| F|  |TAMS 0x0000000087600000, 0x0000000087600000| Untracked 
| 119|0x0000000087700000, 0x0000000087700000, 0x0000000087800000|  0%| F|  |TAMS 0x0000000087700000, 0x0000000087700000| Untracked 
| 120|0x0000000087800000, 0x0000000087800000, 0x0000000087900000|  0%| F|  |TAMS 0x0000000087800000, 0x0000000087800000| Untracked 
| 121|0x0000000087900000, 0x0000000087900000, 0x0000000087a00000|  0%| F|  |TAMS 0x0000000087900000, 0x0000000087900000| Untracked 
| 122|0x0000000087a00000, 0x0000000087a00000, 0x0000000087b00000|  0%| F|  |TAMS 0x0000000087a00000, 0x0000000087a00000| Untracked 
| 123|0x0000000087b00000, 0x0000000087b00000, 0x0000000087c00000|  0%| F|  |TAMS 0x0000000087b00000, 0x0000000087b00000| Untracked 
| 124|0x0000000087c00000, 0x0000000087c00000, 0x0000000087d00000|  0%| F|  |TAMS 0x0000000087c00000, 0x0000000087c00000| Untracked 
| 125|0x0000000087d00000, 0x0000000087d00000, 0x0000000087e00000|  0%| F|  |TAMS 0x0000000087d00000, 0x0000000087d00000| Untracked 
| 126|0x0000000087e00000, 0x0000000087e00000, 0x0000000087f00000|  0%| F|  |TAMS 0x0000000087e00000, 0x0000000087e00000| Untracked 
| 127|0x0000000087f00000, 0x0000000087f00000, 0x0000000088000000|  0%| F|  |TAMS 0x0000000087f00000, 0x0000000087f00000| Untracked 
| 128|0x0000000088000000, 0x0000000088000000, 0x0000000088100000|  0%| F|  |TAMS 0x0000000088000000, 0x0000000088000000| Untracked 
| 129|0x0000000088100000, 0x0000000088100000, 0x0000000088200000|  0%| F|  |TAMS 0x0000000088100000, 0x0000000088100000| Untracked 
| 130|0x0000000088200000, 0x0000000088200000, 0x0000000088300000|  0%| F|  |TAMS 0x0000000088200000, 0x0000000088200000| Untracked 
| 131|0x0000000088300000, 0x0000000088300000, 0x0000000088400000|  0%| F|  |TAMS 0x0000000088300000, 0x0000000088300000| Untracked 
| 132|0x0000000088400000, 0x0000000088400000, 0x0000000088500000|  0%| F|  |TAMS 0x0000000088400000, 0x0000000088400000| Untracked 
| 133|0x0000000088500000, 0x0000000088500000, 0x0000000088600000|  0%| F|  |TAMS 0x0000000088500000, 0x0000000088500000| Untracked 
| 134|0x0000000088600000, 0x0000000088600000, 0x0000000088700000|  0%| F|  |TAMS 0x0000000088600000, 0x0000000088600000| Untracked 
| 135|0x0000000088700000, 0x0000000088700000, 0x0000000088800000|  0%| F|  |TAMS 0x0000000088700000, 0x0000000088700000| Untracked 
| 136|0x0000000088800000, 0x0000000088800000, 0x0000000088900000|  0%| F|  |TAMS 0x0000000088800000, 0x0000000088800000| Untracked 
| 137|0x0000000088900000, 0x0000000088900000, 0x0000000088a00000|  0%| F|  |TAMS 0x0000000088900000, 0x0000000088900000| Untracked 
| 138|0x0000000088a00000, 0x0000000088a00000, 0x0000000088b00000|  0%| F|  |TAMS 0x0000000088a00000, 0x0000000088a00000| Untracked 
| 139|0x0000000088b00000, 0x0000000088b00000, 0x0000000088c00000|  0%| F|  |TAMS 0x0000000088b00000, 0x0000000088b00000| Untracked 
| 140|0x0000000088c00000, 0x0000000088c00000, 0x0000000088d00000|  0%| F|  |TAMS 0x0000000088c00000, 0x0000000088c00000| Untracked 
| 141|0x0000000088d00000, 0x0000000088d00000, 0x0000000088e00000|  0%| F|  |TAMS 0x0000000088d00000, 0x0000000088d00000| Untracked 
| 142|0x0000000088e00000, 0x0000000088e00000, 0x0000000088f00000|  0%| F|  |TAMS 0x0000000088e00000, 0x0000000088e00000| Untracked 
| 143|0x0000000088f00000, 0x0000000088f00000, 0x0000000089000000|  0%| F|  |TAMS 0x0000000088f00000, 0x0000000088f00000| Untracked 
| 144|0x0000000089000000, 0x0000000089000000, 0x0000000089100000|  0%| F|  |TAMS 0x0000000089000000, 0x0000000089000000| Untracked 
| 145|0x0000000089100000, 0x0000000089100000, 0x0000000089200000|  0%| F|  |TAMS 0x0000000089100000, 0x0000000089100000| Untracked 
| 146|0x0000000089200000, 0x0000000089200000, 0x0000000089300000|  0%| F|  |TAMS 0x0000000089200000, 0x0000000089200000| Untracked 
| 147|0x0000000089300000, 0x0000000089300000, 0x0000000089400000|  0%| F|  |TAMS 0x0000000089300000, 0x0000000089300000| Untracked 
| 148|0x0000000089400000, 0x0000000089400000, 0x0000000089500000|  0%| F|  |TAMS 0x0000000089400000, 0x0000000089400000| Untracked 
| 149|0x0000000089500000, 0x0000000089500000, 0x0000000089600000|  0%| F|  |TAMS 0x0000000089500000, 0x0000000089500000| Untracked 
| 150|0x0000000089600000, 0x0000000089600000, 0x0000000089700000|  0%| F|  |TAMS 0x0000000089600000, 0x0000000089600000| Untracked 
| 151|0x0000000089700000, 0x0000000089700000, 0x0000000089800000|  0%| F|  |TAMS 0x0000000089700000, 0x0000000089700000| Untracked 
| 152|0x0000000089800000, 0x0000000089800000, 0x0000000089900000|  0%| F|  |TAMS 0x0000000089800000, 0x0000000089800000| Untracked 
| 153|0x0000000089900000, 0x0000000089900000, 0x0000000089a00000|  0%| F|  |TAMS 0x0000000089900000, 0x0000000089900000| Untracked 
| 154|0x0000000089a00000, 0x0000000089a00000, 0x0000000089b00000|  0%| F|  |TAMS 0x0000000089a00000, 0x0000000089a00000| Untracked 
| 155|0x0000000089b00000, 0x0000000089b00000, 0x0000000089c00000|  0%| F|  |TAMS 0x0000000089b00000, 0x0000000089b00000| Untracked 
| 156|0x0000000089c00000, 0x0000000089c00000, 0x0000000089d00000|  0%| F|  |TAMS 0x0000000089c00000, 0x0000000089c00000| Untracked 
| 157|0x0000000089d00000, 0x0000000089d00000, 0x0000000089e00000|  0%| F|  |TAMS 0x0000000089d00000, 0x0000000089d00000| Untracked 
| 158|0x0000000089e00000, 0x0000000089e00000, 0x0000000089f00000|  0%| F|  |TAMS 0x0000000089e00000, 0x0000000089e00000| Untracked 
| 159|0x0000000089f00000, 0x0000000089f00000, 0x000000008a000000|  0%| F|  |TAMS 0x0000000089f00000, 0x0000000089f00000| Untracked 
| 160|0x000000008a000000, 0x000000008a000000, 0x000000008a100000|  0%| F|  |TAMS 0x000000008a000000, 0x000000008a000000| Untracked 
| 161|0x000000008a100000, 0x000000008a100000, 0x000000008a200000|  0%| F|  |TAMS 0x000000008a100000, 0x000000008a100000| Untracked 
| 162|0x000000008a200000, 0x000000008a200000, 0x000000008a300000|  0%| F|  |TAMS 0x000000008a200000, 0x000000008a200000| Untracked 
| 163|0x000000008a300000, 0x000000008a300000, 0x000000008a400000|  0%| F|  |TAMS 0x000000008a300000, 0x000000008a300000| Untracked 
| 164|0x000000008a400000, 0x000000008a400000, 0x000000008a500000|  0%| F|  |TAMS 0x000000008a400000, 0x000000008a400000| Untracked 
| 165|0x000000008a500000, 0x000000008a500000, 0x000000008a600000|  0%| F|  |TAMS 0x000000008a500000, 0x000000008a500000| Untracked 
| 166|0x000000008a600000, 0x000000008a600000, 0x000000008a700000|  0%| F|  |TAMS 0x000000008a600000, 0x000000008a600000| Untracked 
| 167|0x000000008a700000, 0x000000008a700000, 0x000000008a800000|  0%| F|  |TAMS 0x000000008a700000, 0x000000008a700000| Untracked 
| 168|0x000000008a800000, 0x000000008a8fab60, 0x000000008a900000| 97%| S|CS|TAMS 0x000000008a800000, 0x000000008a800000| Complete 
| 169|0x000000008a900000, 0x000000008aa00000, 0x000000008aa00000|100%| S|CS|TAMS 0x000000008a900000, 0x000000008a900000| Complete 
| 170|0x000000008aa00000, 0x000000008ab00000, 0x000000008ab00000|100%| S|CS|TAMS 0x000000008aa00000, 0x000000008aa00000| Complete 
| 171|0x000000008ab00000, 0x000000008ab00000, 0x000000008ac00000|  0%| F|  |TAMS 0x000000008ab00000, 0x000000008ab00000| Untracked 
| 172|0x000000008ac00000, 0x000000008ac00000, 0x000000008ad00000|  0%| F|  |TAMS 0x000000008ac00000, 0x000000008ac00000| Untracked 
| 173|0x000000008ad00000, 0x000000008ad00000, 0x000000008ae00000|  0%| F|  |TAMS 0x000000008ad00000, 0x000000008ad00000| Untracked 
| 174|0x000000008ae00000, 0x000000008ae00000, 0x000000008af00000|  0%| F|  |TAMS 0x000000008ae00000, 0x000000008ae00000| Untracked 
| 175|0x000000008af00000, 0x000000008af00000, 0x000000008b000000|  0%| F|  |TAMS 0x000000008af00000, 0x000000008af00000| Untracked 
| 176|0x000000008b000000, 0x000000008b000000, 0x000000008b100000|  0%| F|  |TAMS 0x000000008b000000, 0x000000008b000000| Untracked 
| 177|0x000000008b100000, 0x000000008b100000, 0x000000008b200000|  0%| F|  |TAMS 0x000000008b100000, 0x000000008b100000| Untracked 
| 178|0x000000008b200000, 0x000000008b200000, 0x000000008b300000|  0%| F|  |TAMS 0x000000008b200000, 0x000000008b200000| Untracked 
| 179|0x000000008b300000, 0x000000008b300000, 0x000000008b400000|  0%| F|  |TAMS 0x000000008b300000, 0x000000008b300000| Untracked 
| 180|0x000000008b400000, 0x000000008b400000, 0x000000008b500000|  0%| F|  |TAMS 0x000000008b400000, 0x000000008b400000| Untracked 
| 181|0x000000008b500000, 0x000000008b500000, 0x000000008b600000|  0%| F|  |TAMS 0x000000008b500000, 0x000000008b500000| Untracked 
| 182|0x000000008b600000, 0x000000008b600000, 0x000000008b700000|  0%| F|  |TAMS 0x000000008b600000, 0x000000008b600000| Untracked 
| 183|0x000000008b700000, 0x000000008b700000, 0x000000008b800000|  0%| F|  |TAMS 0x000000008b700000, 0x000000008b700000| Untracked 
| 184|0x000000008b800000, 0x000000008b800000, 0x000000008b900000|  0%| F|  |TAMS 0x000000008b800000, 0x000000008b800000| Untracked 
| 185|0x000000008b900000, 0x000000008b900000, 0x000000008ba00000|  0%| F|  |TAMS 0x000000008b900000, 0x000000008b900000| Untracked 
| 186|0x000000008ba00000, 0x000000008ba00000, 0x000000008bb00000|  0%| F|  |TAMS 0x000000008ba00000, 0x000000008ba00000| Untracked 
| 187|0x000000008bb00000, 0x000000008bb00000, 0x000000008bc00000|  0%| F|  |TAMS 0x000000008bb00000, 0x000000008bb00000| Untracked 
| 188|0x000000008bc00000, 0x000000008bc00000, 0x000000008bd00000|  0%| F|  |TAMS 0x000000008bc00000, 0x000000008bc00000| Untracked 
| 189|0x000000008bd00000, 0x000000008bd00000, 0x000000008be00000|  0%| F|  |TAMS 0x000000008bd00000, 0x000000008bd00000| Untracked 
| 190|0x000000008be00000, 0x000000008be00000, 0x000000008bf00000|  0%| F|  |TAMS 0x000000008be00000, 0x000000008be00000| Untracked 
| 191|0x000000008bf00000, 0x000000008bf00000, 0x000000008c000000|  0%| F|  |TAMS 0x000000008bf00000, 0x000000008bf00000| Untracked 
| 192|0x000000008c000000, 0x000000008c000000, 0x000000008c100000|  0%| F|  |TAMS 0x000000008c000000, 0x000000008c000000| Untracked 
| 193|0x000000008c100000, 0x000000008c100000, 0x000000008c200000|  0%| F|  |TAMS 0x000000008c100000, 0x000000008c100000| Untracked 
| 194|0x000000008c200000, 0x000000008c200000, 0x000000008c300000|  0%| F|  |TAMS 0x000000008c200000, 0x000000008c200000| Untracked 
| 195|0x000000008c300000, 0x000000008c300000, 0x000000008c400000|  0%| F|  |TAMS 0x000000008c300000, 0x000000008c300000| Untracked 
| 196|0x000000008c400000, 0x000000008c400000, 0x000000008c500000|  0%| F|  |TAMS 0x000000008c400000, 0x000000008c400000| Untracked 
| 197|0x000000008c500000, 0x000000008c500000, 0x000000008c600000|  0%| F|  |TAMS 0x000000008c500000, 0x000000008c500000| Untracked 
| 198|0x000000008c600000, 0x000000008c600000, 0x000000008c700000|  0%| F|  |TAMS 0x000000008c600000, 0x000000008c600000| Untracked 
| 199|0x000000008c700000, 0x000000008c700000, 0x000000008c800000|  0%| F|  |TAMS 0x000000008c700000, 0x000000008c700000| Untracked 
| 200|0x000000008c800000, 0x000000008c800000, 0x000000008c900000|  0%| F|  |TAMS 0x000000008c800000, 0x000000008c800000| Untracked 
| 201|0x000000008c900000, 0x000000008c900000, 0x000000008ca00000|  0%| F|  |TAMS 0x000000008c900000, 0x000000008c900000| Untracked 
| 202|0x000000008ca00000, 0x000000008ca00000, 0x000000008cb00000|  0%| F|  |TAMS 0x000000008ca00000, 0x000000008ca00000| Untracked 
| 203|0x000000008cb00000, 0x000000008cb00000, 0x000000008cc00000|  0%| F|  |TAMS 0x000000008cb00000, 0x000000008cb00000| Untracked 
| 204|0x000000008cc00000, 0x000000008cc00000, 0x000000008cd00000|  0%| F|  |TAMS 0x000000008cc00000, 0x000000008cc00000| Untracked 
| 205|0x000000008cd00000, 0x000000008cd00000, 0x000000008ce00000|  0%| F|  |TAMS 0x000000008cd00000, 0x000000008cd00000| Untracked 
| 206|0x000000008ce00000, 0x000000008ce00000, 0x000000008cf00000|  0%| F|  |TAMS 0x000000008ce00000, 0x000000008ce00000| Untracked 
| 207|0x000000008cf00000, 0x000000008cf00000, 0x000000008d000000|  0%| F|  |TAMS 0x000000008cf00000, 0x000000008cf00000| Untracked 
| 208|0x000000008d000000, 0x000000008d000000, 0x000000008d100000|  0%| F|  |TAMS 0x000000008d000000, 0x000000008d000000| Untracked 
| 209|0x000000008d100000, 0x000000008d100000, 0x000000008d200000|  0%| F|  |TAMS 0x000000008d100000, 0x000000008d100000| Untracked 
| 210|0x000000008d200000, 0x000000008d200000, 0x000000008d300000|  0%| F|  |TAMS 0x000000008d200000, 0x000000008d200000| Untracked 
| 211|0x000000008d300000, 0x000000008d300000, 0x000000008d400000|  0%| F|  |TAMS 0x000000008d300000, 0x000000008d300000| Untracked 
| 212|0x000000008d400000, 0x000000008d400000, 0x000000008d500000|  0%| F|  |TAMS 0x000000008d400000, 0x000000008d400000| Untracked 
| 213|0x000000008d500000, 0x000000008d500000, 0x000000008d600000|  0%| F|  |TAMS 0x000000008d500000, 0x000000008d500000| Untracked 
| 214|0x000000008d600000, 0x000000008d600000, 0x000000008d700000|  0%| F|  |TAMS 0x000000008d600000, 0x000000008d600000| Untracked 
| 215|0x000000008d700000, 0x000000008d700000, 0x000000008d800000|  0%| F|  |TAMS 0x000000008d700000, 0x000000008d700000| Untracked 
| 216|0x000000008d800000, 0x000000008d800000, 0x000000008d900000|  0%| F|  |TAMS 0x000000008d800000, 0x000000008d800000| Untracked 
| 217|0x000000008d900000, 0x000000008d900000, 0x000000008da00000|  0%| F|  |TAMS 0x000000008d900000, 0x000000008d900000| Untracked 
| 218|0x000000008da00000, 0x000000008da00000, 0x000000008db00000|  0%| F|  |TAMS 0x000000008da00000, 0x000000008da00000| Untracked 
| 219|0x000000008db00000, 0x000000008db00000, 0x000000008dc00000|  0%| F|  |TAMS 0x000000008db00000, 0x000000008db00000| Untracked 
| 220|0x000000008dc00000, 0x000000008dc00000, 0x000000008dd00000|  0%| F|  |TAMS 0x000000008dc00000, 0x000000008dc00000| Untracked 
| 221|0x000000008dd00000, 0x000000008dd00000, 0x000000008de00000|  0%| F|  |TAMS 0x000000008dd00000, 0x000000008dd00000| Untracked 
| 222|0x000000008de00000, 0x000000008de00000, 0x000000008df00000|  0%| F|  |TAMS 0x000000008de00000, 0x000000008de00000| Untracked 
| 223|0x000000008df00000, 0x000000008df00000, 0x000000008e000000|  0%| F|  |TAMS 0x000000008df00000, 0x000000008df00000| Untracked 
| 224|0x000000008e000000, 0x000000008e000000, 0x000000008e100000|  0%| F|  |TAMS 0x000000008e000000, 0x000000008e000000| Untracked 
| 225|0x000000008e100000, 0x000000008e17bc38, 0x000000008e200000| 48%| E|  |TAMS 0x000000008e100000, 0x000000008e100000| Complete 
| 226|0x000000008e200000, 0x000000008e300000, 0x000000008e300000|100%| E|CS|TAMS 0x000000008e200000, 0x000000008e200000| Complete 
| 227|0x000000008e300000, 0x000000008e400000, 0x000000008e400000|100%| E|CS|TAMS 0x000000008e300000, 0x000000008e300000| Complete 
| 228|0x000000008e400000, 0x000000008e500000, 0x000000008e500000|100%| E|CS|TAMS 0x000000008e400000, 0x000000008e400000| Complete 
| 229|0x000000008e500000, 0x000000008e600000, 0x000000008e600000|100%| E|CS|TAMS 0x000000008e500000, 0x000000008e500000| Complete 
| 230|0x000000008e600000, 0x000000008e700000, 0x000000008e700000|100%| E|CS|TAMS 0x000000008e600000, 0x000000008e600000| Complete 
| 231|0x000000008e700000, 0x000000008e800000, 0x000000008e800000|100%| E|CS|TAMS 0x000000008e700000, 0x000000008e700000| Complete 
| 232|0x000000008e800000, 0x000000008e900000, 0x000000008e900000|100%| E|CS|TAMS 0x000000008e800000, 0x000000008e800000| Complete 
| 233|0x000000008e900000, 0x000000008ea00000, 0x000000008ea00000|100%| E|CS|TAMS 0x000000008e900000, 0x000000008e900000| Complete 
| 234|0x000000008ea00000, 0x000000008eb00000, 0x000000008eb00000|100%| E|CS|TAMS 0x000000008ea00000, 0x000000008ea00000| Complete 
| 235|0x000000008eb00000, 0x000000008ec00000, 0x000000008ec00000|100%| E|CS|TAMS 0x000000008eb00000, 0x000000008eb00000| Complete 
| 236|0x000000008ec00000, 0x000000008ed00000, 0x000000008ed00000|100%| E|CS|TAMS 0x000000008ec00000, 0x000000008ec00000| Complete 
| 237|0x000000008ed00000, 0x000000008ee00000, 0x000000008ee00000|100%| E|CS|TAMS 0x000000008ed00000, 0x000000008ed00000| Complete 
| 238|0x000000008ee00000, 0x000000008ef00000, 0x000000008ef00000|100%| E|CS|TAMS 0x000000008ee00000, 0x000000008ee00000| Complete 
| 239|0x000000008ef00000, 0x000000008f000000, 0x000000008f000000|100%| E|CS|TAMS 0x000000008ef00000, 0x000000008ef00000| Complete 
| 240|0x000000008f000000, 0x000000008f100000, 0x000000008f100000|100%| E|CS|TAMS 0x000000008f000000, 0x000000008f000000| Complete 
| 241|0x000000008f100000, 0x000000008f200000, 0x000000008f200000|100%| E|CS|TAMS 0x000000008f100000, 0x000000008f100000| Complete 
| 242|0x000000008f200000, 0x000000008f300000, 0x000000008f300000|100%| E|CS|TAMS 0x000000008f200000, 0x000000008f200000| Complete 
| 243|0x000000008f300000, 0x000000008f400000, 0x000000008f400000|100%| E|CS|TAMS 0x000000008f300000, 0x000000008f300000| Complete 
| 244|0x000000008f400000, 0x000000008f500000, 0x000000008f500000|100%| E|CS|TAMS 0x000000008f400000, 0x000000008f400000| Complete 
| 245|0x000000008f500000, 0x000000008f600000, 0x000000008f600000|100%| E|CS|TAMS 0x000000008f500000, 0x000000008f500000| Complete 
| 246|0x000000008f600000, 0x000000008f700000, 0x000000008f700000|100%| E|CS|TAMS 0x000000008f600000, 0x000000008f600000| Complete 
| 247|0x000000008f700000, 0x000000008f800000, 0x000000008f800000|100%| E|CS|TAMS 0x000000008f700000, 0x000000008f700000| Complete 
| 248|0x000000008f800000, 0x000000008f900000, 0x000000008f900000|100%| E|CS|TAMS 0x000000008f800000, 0x000000008f800000| Complete 
| 249|0x000000008f900000, 0x000000008fa00000, 0x000000008fa00000|100%| E|CS|TAMS 0x000000008f900000, 0x000000008f900000| Complete 
| 250|0x000000008fa00000, 0x000000008fb00000, 0x000000008fb00000|100%| E|CS|TAMS 0x000000008fa00000, 0x000000008fa00000| Complete 
| 251|0x000000008fb00000, 0x000000008fc00000, 0x000000008fc00000|100%| E|CS|TAMS 0x000000008fb00000, 0x000000008fb00000| Complete 
| 252|0x000000008fc00000, 0x000000008fd00000, 0x000000008fd00000|100%| E|CS|TAMS 0x000000008fc00000, 0x000000008fc00000| Complete 
| 253|0x000000008fd00000, 0x000000008fe00000, 0x000000008fe00000|100%| E|CS|TAMS 0x000000008fd00000, 0x000000008fd00000| Complete 
| 254|0x000000008fe00000, 0x000000008ff00000, 0x000000008ff00000|100%| E|CS|TAMS 0x000000008fe00000, 0x000000008fe00000| Complete 
| 255|0x000000008ff00000, 0x0000000090000000, 0x0000000090000000|100%| E|  |TAMS 0x000000008ff00000, 0x000000008ff00000| Complete 
| 256|0x0000000090000000, 0x0000000090100000, 0x0000000090100000|100%| E|CS|TAMS 0x0000000090000000, 0x0000000090000000| Complete 
| 257|0x0000000090100000, 0x0000000090200000, 0x0000000090200000|100%| E|CS|TAMS 0x0000000090100000, 0x0000000090100000| Complete 
| 258|0x0000000090200000, 0x0000000090300000, 0x0000000090300000|100%| E|CS|TAMS 0x0000000090200000, 0x0000000090200000| Complete 
| 259|0x0000000090300000, 0x0000000090400000, 0x0000000090400000|100%| E|CS|TAMS 0x0000000090300000, 0x0000000090300000| Complete 
| 260|0x0000000090400000, 0x0000000090500000, 0x0000000090500000|100%| E|CS|TAMS 0x0000000090400000, 0x0000000090400000| Complete 
| 261|0x0000000090500000, 0x0000000090600000, 0x0000000090600000|100%| E|CS|TAMS 0x0000000090500000, 0x0000000090500000| Complete 
| 262|0x0000000090600000, 0x0000000090700000, 0x0000000090700000|100%| E|CS|TAMS 0x0000000090600000, 0x0000000090600000| Complete 
| 263|0x0000000090700000, 0x0000000090800000, 0x0000000090800000|100%| E|CS|TAMS 0x0000000090700000, 0x0000000090700000| Complete 
| 264|0x0000000090800000, 0x0000000090900000, 0x0000000090900000|100%| E|CS|TAMS 0x0000000090800000, 0x0000000090800000| Complete 
| 265|0x0000000090900000, 0x0000000090a00000, 0x0000000090a00000|100%| E|CS|TAMS 0x0000000090900000, 0x0000000090900000| Complete 
| 266|0x0000000090a00000, 0x0000000090b00000, 0x0000000090b00000|100%| E|CS|TAMS 0x0000000090a00000, 0x0000000090a00000| Complete 

Card table byte_map: [0x000001b4e8ba0000,0x000001b4e8fa0000] _byte_map_base: 0x000001b4e87a0000

Marking Bits (Prev, Next): (CMBitMap*) 0x000001b4d5be1f00, (CMBitMap*) 0x000001b4d5be1ec8
 Prev Bits: [0x000001b4eb3a0000, 0x000001b4ed3a0000)
 Next Bits: [0x000001b4e93a0000, 0x000001b4eb3a0000)

Polling page: 0x000001b4d3ac0000

Metaspace:

Usage:
  Non-class:     84.13 MB capacity,    82.70 MB ( 98%) used,     1.18 MB (  1%) free+waste,   259.13 KB ( <1%) overhead. 
      Class:     12.51 MB capacity,    11.73 MB ( 94%) used,   688.31 KB (  5%) free+waste,   113.94 KB ( <1%) overhead. 
       Both:     96.64 MB capacity,    94.43 MB ( 98%) used,     1.85 MB (  2%) free+waste,   373.06 KB ( <1%) overhead. 

Virtual space:
  Non-class space:       86.00 MB reserved,      84.25 MB ( 98%) committed 
      Class space:        1.00 GB reserved,      12.70 MB (  1%) committed 
             Both:        1.08 GB reserved,      96.95 MB (  9%) committed 

Chunk freelists:
   Non-Class:  119.00 KB
       Class:  86.00 KB
        Both:  205.00 KB

MaxMetaspaceSize: 17179869184.00 GB
CompressedClassSpaceSize: 1.00 GB

CodeHeap 'non-profiled nmethods': size=120064Kb used=6654Kb max_used=6654Kb free=113409Kb
 bounds [0x000001b4e1150000, 0x000001b4e17d0000, 0x000001b4e8690000]
CodeHeap 'profiled nmethods': size=120000Kb used=27054Kb max_used=27054Kb free=92945Kb
 bounds [0x000001b4d9c20000, 0x000001b4db690000, 0x000001b4e1150000]
CodeHeap 'non-nmethods': size=5696Kb used=2295Kb max_used=2337Kb free=3400Kb
 bounds [0x000001b4d9690000, 0x000001b4d9900000, 0x000001b4d9c20000]
 total_blobs=14592 nmethods=13687 adapters=816
 compilation: enabled
              stopped_count=0, restarted_count=0
 full_count=0

Compilation events (20 events):
Event: 9.623 Thread 0x000001b4f0540000 nmethod 13850 0x000001b4e17cd310 code [0x000001b4e17cd4c0, 0x000001b4e17cd578]
Event: 9.623 Thread 0x000001b4f0540000 13851       1       kotlin.reflect.jvm.internal.impl.load.java.lazy.LazyJavaResolverContext::getComponents (5 bytes)
Event: 9.623 Thread 0x000001b4f0540000 nmethod 13851 0x000001b4e17cd610 code [0x000001b4e17cd7c0, 0x000001b4e17cd878]
Event: 9.624 Thread 0x000001b4f0540000 13852       1       kotlin.reflect.jvm.internal.impl.descriptors.impl.PackageFragmentDescriptorImpl::getFqName (5 bytes)
Event: 9.624 Thread 0x000001b4f0540000 nmethod 13852 0x000001b4e17cd910 code [0x000001b4e17cdac0, 0x000001b4e17cdb78]
Event: 9.624 Thread 0x000001b4f0540000 13853       1       kotlin.reflect.jvm.internal.impl.descriptors.impl.ModuleDescriptorImpl::isValid (5 bytes)
Event: 9.624 Thread 0x000001b4f0540000 nmethod 13853 0x000001b4e17cdc10 code [0x000001b4e17cddc0, 0x000001b4e17cde78]
Event: 9.624 Thread 0x000001b4f0540000 13854       2       kotlin.reflect.jvm.internal.ReflectProperties$LazySoftVal::invoke (52 bytes)
Event: 9.624 Thread 0x000001b4f0540000 nmethod 13854 0x000001b4db681a10 code [0x000001b4db681c00, 0x000001b4db681f58]
Event: 9.624 Thread 0x000001b4f0540000 13855       1       kotlin.reflect.jvm.internal.WeakClassLoaderBox::hashCode (5 bytes)
Event: 9.624 Thread 0x000001b4f0540000 nmethod 13855 0x000001b4e17cdf10 code [0x000001b4e17ce0c0, 0x000001b4e17ce178]
Event: 9.624 Thread 0x000001b4f0540000 13856       1       kotlin.reflect.jvm.internal.impl.name.Name::isSpecial (5 bytes)
Event: 9.624 Thread 0x000001b4f0540000 nmethod 13856 0x000001b4e17ce210 code [0x000001b4e17ce3c0, 0x000001b4e17ce478]
Event: 9.624 Thread 0x000001b4f0540000 13857       1       kotlin.reflect.jvm.internal.KClassImpl::getData (5 bytes)
Event: 9.625 Thread 0x000001b4f0540000 nmethod 13857 0x000001b4e17ce510 code [0x000001b4e17ce6c0, 0x000001b4e17ce778]
Event: 9.625 Thread 0x000001b4f0540000 13858       1       kotlin.reflect.jvm.internal.impl.descriptors.impl.LazyPackageViewDescriptorImpl::getMemberScope (5 bytes)
Event: 9.625 Thread 0x000001b4f0540000 nmethod 13858 0x000001b4e17ce810 code [0x000001b4e17ce9c0, 0x000001b4e17cea78]
Event: 9.625 Thread 0x000001b4f0540000 13859       1       kotlin.reflect.jvm.internal.impl.load.java.lazy.JavaResolverComponents::getLookupTracker (5 bytes)
Event: 9.625 Thread 0x000001b4f0540000 nmethod 13859 0x000001b4e17ceb10 code [0x000001b4e17cecc0, 0x000001b4e17ced78]
Event: 9.625 Thread 0x000001b4f0540000 13860       1       kotlin.reflect.jvm.internal.impl.serialization.deserialization.DeserializationComponents::getLookupTracker (5 bytes)

GC Heap History (20 events):
Event: 5.251 GC heap before
{Heap before GC invocations=16 (full 0):
 garbage-first heap   total 189440K, used 127216K [0x0000000080000000, 0x0000000100000000)
  region size 1024K, 74 young (75776K), 6 survivors (6144K)
 Metaspace       used 74093K, capacity 75842K, committed 75980K, reserved 1114112K
  class space    used 9679K, capacity 10341K, committed 10444K, reserved 1048576K
}
Event: 5.259 GC heap after
{Heap after GC invocations=17 (full 0):
 garbage-first heap   total 227328K, used 61795K [0x0000000080000000, 0x0000000100000000)
  region size 1024K, 5 young (5120K), 5 survivors (5120K)
 Metaspace       used 74093K, capacity 75842K, committed 75980K, reserved 1114112K
  class space    used 9679K, capacity 10341K, committed 10444K, reserved 1048576K
}
Event: 5.906 GC heap before
{Heap before GC invocations=17 (full 0):
 garbage-first heap   total 227328K, used 149859K [0x0000000080000000, 0x0000000100000000)
  region size 1024K, 91 young (93184K), 5 survivors (5120K)
 Metaspace       used 79488K, capacity 81714K, committed 81996K, reserved 1120256K
  class space    used 10444K, capacity 11219K, committed 11340K, reserved 1048576K
}
Event: 5.914 GC heap after
{Heap after GC invocations=18 (full 0):
 garbage-first heap   total 227328K, used 69075K [0x0000000080000000, 0x0000000100000000)
  region size 1024K, 12 young (12288K), 12 survivors (12288K)
 Metaspace       used 79488K, capacity 81714K, committed 81996K, reserved 1120256K
  class space    used 10444K, capacity 11219K, committed 11340K, reserved 1048576K
}
Event: 6.279 GC heap before
{Heap before GC invocations=18 (full 0):
 garbage-first heap   total 227328K, used 157139K [0x0000000080000000, 0x0000000100000000)
  region size 1024K, 99 young (101376K), 12 survivors (12288K)
 Metaspace       used 80284K, capacity 82553K, committed 82764K, reserved 1120256K
  class space    used 10469K, capacity 11304K, committed 11340K, reserved 1048576K
}
Event: 6.291 GC heap after
{Heap after GC invocations=19 (full 0):
 garbage-first heap   total 227328K, used 74771K [0x0000000080000000, 0x0000000100000000)
  region size 1024K, 6 young (6144K), 6 survivors (6144K)
 Metaspace       used 80284K, capacity 82553K, committed 82764K, reserved 1120256K
  class space    used 10469K, capacity 11304K, committed 11340K, reserved 1048576K
}
Event: 6.962 GC heap before
{Heap before GC invocations=19 (full 0):
 garbage-first heap   total 227328K, used 163859K [0x0000000080000000, 0x0000000100000000)
  region size 1024K, 94 young (96256K), 6 survivors (6144K)
 Metaspace       used 82513K, capacity 84771K, committed 85068K, reserved 1122304K
  class space    used 10657K, capacity 11480K, committed 11596K, reserved 1048576K
}
Event: 6.972 GC heap after
{Heap after GC invocations=20 (full 0):
 garbage-first heap   total 227328K, used 84992K [0x0000000080000000, 0x0000000100000000)
  region size 1024K, 12 young (12288K), 12 survivors (12288K)
 Metaspace       used 82513K, capacity 84771K, committed 85068K, reserved 1122304K
  class space    used 10657K, capacity 11480K, committed 11596K, reserved 1048576K
}
Event: 7.445 GC heap before
{Heap before GC invocations=20 (full 0):
 garbage-first heap   total 227328K, used 179200K [0x0000000080000000, 0x0000000100000000)
  region size 1024K, 94 young (96256K), 12 survivors (12288K)
 Metaspace       used 83520K, capacity 85831K, committed 86092K, reserved 1124352K
  class space    used 10760K, capacity 11574K, committed 11596K, reserved 1048576K
}
Event: 7.463 GC heap after
{Heap after GC invocations=21 (full 0):
 garbage-first heap   total 273408K, used 104448K [0x0000000080000000, 0x0000000100000000)
  region size 1024K, 12 young (12288K), 12 survivors (12288K)
 Metaspace       used 83520K, capacity 85831K, committed 86092K, reserved 1124352K
  class space    used 10760K, capacity 11574K, committed 11596K, reserved 1048576K
}
Event: 7.894 GC heap before
{Heap before GC invocations=21 (full 0):
 garbage-first heap   total 273408K, used 194560K [0x0000000080000000, 0x0000000100000000)
  region size 1024K, 100 young (102400K), 12 survivors (12288K)
 Metaspace       used 85820K, capacity 88113K, committed 88140K, reserved 1126400K
  class space    used 11028K, capacity 11841K, committed 11852K, reserved 1048576K
}
Event: 7.903 GC heap after
{Heap after GC invocations=22 (full 0):
 garbage-first heap   total 273408K, used 109420K [0x0000000080000000, 0x0000000100000000)
  region size 1024K, 4 young (4096K), 4 survivors (4096K)
 Metaspace       used 85820K, capacity 88113K, committed 88140K, reserved 1126400K
  class space    used 11028K, capacity 11841K, committed 11852K, reserved 1048576K
}
Event: 8.106 GC heap before
{Heap before GC invocations=22 (full 0):
 garbage-first heap   total 273408K, used 161644K [0x0000000080000000, 0x0000000100000000)
  region size 1024K, 44 young (45056K), 4 survivors (4096K)
 Metaspace       used 85966K, capacity 88247K, committed 88396K, reserved 1126400K
  class space    used 11036K, capacity 11843K, committed 11852K, reserved 1048576K
}
Event: 8.114 GC heap after
{Heap after GC invocations=23 (full 0):
 garbage-first heap   total 273408K, used 118411K [0x0000000080000000, 0x0000000100000000)
  region size 1024K, 9 young (9216K), 9 survivors (9216K)
 Metaspace       used 85966K, capacity 88247K, committed 88396K, reserved 1126400K
  class space    used 11036K, capacity 11843K, committed 11852K, reserved 1048576K
}
Event: 8.505 GC heap before
{Heap before GC invocations=24 (full 0):
 garbage-first heap   total 273408K, used 207499K [0x0000000080000000, 0x0000000100000000)
  region size 1024K, 93 young (95232K), 9 survivors (9216K)
 Metaspace       used 89731K, capacity 91967K, committed 92620K, reserved 1130496K
  class space    used 11269K, capacity 12053K, committed 12236K, reserved 1048576K
}
Event: 8.516 GC heap after
{Heap after GC invocations=25 (full 0):
 garbage-first heap   total 273408K, used 117161K [0x0000000080000000, 0x0000000100000000)
  region size 1024K, 8 young (8192K), 8 survivors (8192K)
 Metaspace       used 89731K, capacity 91967K, committed 92620K, reserved 1130496K
  class space    used 11269K, capacity 12053K, committed 12236K, reserved 1048576K
}
Event: 8.790 GC heap before
{Heap before GC invocations=25 (full 0):
 garbage-first heap   total 273408K, used 205225K [0x0000000080000000, 0x0000000100000000)
  region size 1024K, 95 young (97280K), 8 survivors (8192K)
 Metaspace       used 91138K, capacity 93347K, committed 93772K, reserved 1130496K
  class space    used 11371K, capacity 12166K, committed 12364K, reserved 1048576K
}
Event: 8.794 GC heap after
{Heap after GC invocations=26 (full 0):
 garbage-first heap   total 273408K, used 111167K [0x0000000080000000, 0x0000000100000000)
  region size 1024K, 2 young (2048K), 2 survivors (2048K)
 Metaspace       used 91138K, capacity 93347K, committed 93772K, reserved 1130496K
  class space    used 11371K, capacity 12166K, committed 12364K, reserved 1048576K
}
Event: 9.356 GC heap before
{Heap before GC invocations=26 (full 0):
 garbage-first heap   total 273408K, used 206399K [0x0000000080000000, 0x0000000100000000)
  region size 1024K, 96 young (98304K), 2 survivors (2048K)
 Metaspace       used 93969K, capacity 96240K, committed 96588K, reserved 1132544K
  class space    used 11667K, capacity 12457K, committed 12620K, reserved 1048576K
}
Event: 9.359 GC heap after
{Heap after GC invocations=27 (full 0):
 garbage-first heap   total 273408K, used 112713K [0x0000000080000000, 0x0000000100000000)
  region size 1024K, 3 young (3072K), 3 survivors (3072K)
 Metaspace       used 93969K, capacity 96240K, committed 96588K, reserved 1132544K
  class space    used 11667K, capacity 12457K, committed 12620K, reserved 1048576K
}

Deoptimization events (20 events):
Event: 9.203 Thread 0x000001b4f3e6f000 DEOPT PACKING pc=0x000001b4e1689c30 sp=0x00000004de4f9dc0
Event: 9.203 Thread 0x000001b4f3e6f000 DEOPT UNPACKING pc=0x000001b4d96b78af sp=0x00000004de4f9ce0 mode 2
Event: 9.261 Thread 0x000001b4f3e6f000 Uncommon trap: trap_request=0xffffff7e fr.pc=0x000001b4e173e310 relative=0x00000000000029b0
Event: 9.261 Thread 0x000001b4f3e6f000 Uncommon trap: reason=predicate action=maybe_recompile pc=0x000001b4e173e310 method=java.util.TreeMap.put(Ljava/lang/Object;Ljava/lang/Object;)Ljava/lang/Object; @ 132 c2
Event: 9.261 Thread 0x000001b4f3e6f000 DEOPT PACKING pc=0x000001b4e173e310 sp=0x00000004de4f9f10
Event: 9.261 Thread 0x000001b4f3e6f000 DEOPT UNPACKING pc=0x000001b4d96b78af sp=0x00000004de4f9ed8 mode 2
Event: 9.283 Thread 0x000001b4f3e6f000 DEOPT PACKING pc=0x000001b4da746b5d sp=0x00000004de4f9590
Event: 9.283 Thread 0x000001b4f3e6f000 DEOPT UNPACKING pc=0x000001b4d96b76ce sp=0x00000004de4f8a48 mode 0
Event: 9.289 Thread 0x000001b4f3e6f000 DEOPT PACKING pc=0x000001b4da746b5d sp=0x00000004de4f95e0
Event: 9.289 Thread 0x000001b4f3e6f000 DEOPT UNPACKING pc=0x000001b4d96b76ce sp=0x00000004de4f8a98 mode 0
Event: 9.292 Thread 0x000001b4f3e6f000 DEOPT PACKING pc=0x000001b4da746b5d sp=0x00000004de4f9680
Event: 9.292 Thread 0x000001b4f3e6f000 DEOPT UNPACKING pc=0x000001b4d96b76ce sp=0x00000004de4f8b38 mode 0
Event: 9.295 Thread 0x000001b4f3e6f000 DEOPT PACKING pc=0x000001b4da746b5d sp=0x00000004de4f9590
Event: 9.295 Thread 0x000001b4f3e6f000 DEOPT UNPACKING pc=0x000001b4d96b76ce sp=0x00000004de4f8a48 mode 0
Event: 9.415 Thread 0x000001b4f07c7800 Uncommon trap: trap_request=0xffffffde fr.pc=0x000001b4e1769808 relative=0x00000000000014e8
Event: 9.415 Thread 0x000001b4f07c7800 Uncommon trap: reason=class_check action=maybe_recompile pc=0x000001b4e1769808 method=org.gradle.internal.snapshot.ChildMap$Entry.handleAncestorDescendantOrExactMatch(Lorg/gradle/internal/snapshot/VfsRelativePath;Lorg/gradle/internal/snapshot/CaseSensitiv
Event: 9.415 Thread 0x000001b4f07c7800 DEOPT PACKING pc=0x000001b4e1769808 sp=0x00000004dcafd960
Event: 9.415 Thread 0x000001b4f07c7800 DEOPT UNPACKING pc=0x000001b4d96b78af sp=0x00000004dcafd930 mode 2
Event: 9.621 Thread 0x000001b4f3e6f000 DEOPT PACKING pc=0x000001b4db446437 sp=0x00000004de4f8c30
Event: 9.621 Thread 0x000001b4f3e6f000 DEOPT UNPACKING pc=0x000001b4d96b76ce sp=0x00000004de4f80f0 mode 0

Classes redefined (0 events):
No events

Internal exceptions (20 events):
Event: 7.265 Thread 0x000001b4f3e6d000 Exception <a 'java/lang/NoSuchMethodError'{0x000000008a15ab48}: <clinit>> (0x000000008a15ab48) thrown at [./src/hotspot/share/prims/jni.cpp, line 1362]
Event: 7.266 Thread 0x000001b4f3e6d000 Exception <a 'java/lang/NoSuchMethodError'{0x000000008a17d6a8}: <clinit>> (0x000000008a17d6a8) thrown at [./src/hotspot/share/prims/jni.cpp, line 1362]
Event: 7.267 Thread 0x000001b4f3e6d000 Exception <a 'java/lang/NoSuchMethodError'{0x000000008a1a2bd8}: <clinit>> (0x000000008a1a2bd8) thrown at [./src/hotspot/share/prims/jni.cpp, line 1362]
Event: 7.267 Thread 0x000001b4f3e6d000 Exception <a 'java/lang/NoSuchMethodError'{0x000000008a1b71b0}: <clinit>> (0x000000008a1b71b0) thrown at [./src/hotspot/share/prims/jni.cpp, line 1362]
Event: 8.103 Thread 0x000001b4f3e6d000 Implicit null exception at 0x000001b4e16c404e to 0x000001b4e16c8ce0
Event: 8.148 Thread 0x000001b4f3e6d000 Exception <a 'java/lang/NoSuchMethodError'{0x00000000908cccc8}: <clinit>> (0x00000000908cccc8) thrown at [./src/hotspot/share/prims/jni.cpp, line 1362]
Event: 8.157 Thread 0x000001b4f3e6d000 Exception <a 'java/lang/NoSuchMethodError'{0x00000000906ec5b8}: <clinit>> (0x00000000906ec5b8) thrown at [./src/hotspot/share/prims/jni.cpp, line 1362]
Event: 8.679 Thread 0x000001b4f3e6f000 Exception <a 'java/lang/NoSuchMethodError'{0x000000008d0a1128}: 'void java.lang.invoke.DirectMethodHandle$Holder.invokeStatic(java.lang.Object, java.lang.Object, java.lang.Object, java.lang.Object, java.lang.Object, java.lang.Object, java.lang.Object)'> (0x000000008d0a1128) thrown at [./src/hotspot/share/interpreter/linkResolver.cpp, line 773]
Event: 8.711 Thread 0x000001b4f3e6c800 Exception <a 'sun/nio/fs/WindowsException'{0x000000008cba55c0}> (0x000000008cba55c0) thrown at [./src/hotspot/share/prims/jni.cpp, line 615]
Event: 8.711 Thread 0x000001b4f3e6c800 Exception <a 'sun/nio/fs/WindowsException'{0x000000008cba6470}> (0x000000008cba6470) thrown at [./src/hotspot/share/prims/jni.cpp, line 615]
Event: 8.716 Thread 0x000001b4f3e6c800 Exception <a 'java/lang/NoSuchMethodError'{0x000000008ca41078}: <clinit>> (0x000000008ca41078) thrown at [./src/hotspot/share/prims/jni.cpp, line 1362]
Event: 8.722 Thread 0x000001b4f3e6b800 Exception <a 'sun/nio/fs/WindowsException'{0x000000008cad8bd8}> (0x000000008cad8bd8) thrown at [./src/hotspot/share/prims/jni.cpp, line 615]
Event: 8.813 Thread 0x000001b4f5e33800 Exception <a 'java/lang/NoSuchMethodError'{0x00000000906c3e20}: <clinit>> (0x00000000906c3e20) thrown at [./src/hotspot/share/prims/jni.cpp, line 1362]
Event: 8.958 Thread 0x000001b4f3e6f000 Exception <a 'sun/nio/fs/WindowsException'{0x000000008e581560}> (0x000000008e581560) thrown at [./src/hotspot/share/prims/jni.cpp, line 615]
Event: 8.958 Thread 0x000001b4f3e6f000 Exception <a 'sun/nio/fs/WindowsException'{0x000000008e582408}> (0x000000008e582408) thrown at [./src/hotspot/share/prims/jni.cpp, line 615]
Event: 8.958 Thread 0x000001b4f3e6f000 Exception <a 'sun/nio/fs/WindowsException'{0x000000008e5826c8}> (0x000000008e5826c8) thrown at [./src/hotspot/share/prims/jni.cpp, line 615]
Event: 8.958 Thread 0x000001b4f3e6f000 Exception <a 'sun/nio/fs/WindowsException'{0x000000008e583538}> (0x000000008e583538) thrown at [./src/hotspot/share/prims/jni.cpp, line 615]
Event: 8.958 Thread 0x000001b4f3e6f000 Exception <a 'sun/nio/fs/WindowsException'{0x000000008e5837c0}> (0x000000008e5837c0) thrown at [./src/hotspot/share/prims/jni.cpp, line 615]
Event: 8.958 Thread 0x000001b4f3e6f000 Exception <a 'sun/nio/fs/WindowsException'{0x000000008e584618}> (0x000000008e584618) thrown at [./src/hotspot/share/prims/jni.cpp, line 615]
Event: 9.100 Thread 0x000001b4f3e6f000 Implicit null exception at 0x000001b4e145f4f4 to 0x000001b4e145fb08

Events (20 events):
Event: 9.570 loading class kotlin/reflect/jvm/internal/impl/serialization/deserialization/descriptors/DeserializedMemberScope$classNames$2
Event: 9.570 loading class kotlin/reflect/jvm/internal/impl/serialization/deserialization/descriptors/DeserializedMemberScope$classNames$2 done
Event: 9.570 loading class kotlin/reflect/jvm/internal/impl/serialization/deserialization/descriptors/DeserializedMemberScope$classifierNamesLazy$2
Event: 9.570 loading class kotlin/reflect/jvm/internal/impl/serialization/deserialization/descriptors/DeserializedMemberScope$classifierNamesLazy$2 done
Event: 9.571 loading class kotlin/reflect/jvm/internal/impl/serialization/deserialization/descriptors/DeserializedClassDescriptor$DeserializedClassMemberScope$allDescriptors$1
Event: 9.571 loading class kotlin/reflect/jvm/internal/impl/serialization/deserialization/descriptors/DeserializedClassDescriptor$DeserializedClassMemberScope$allDescriptors$1 done
Event: 9.571 loading class kotlin/reflect/jvm/internal/impl/serialization/deserialization/descriptors/DeserializedClassDescriptor$DeserializedClassMemberScope$refinedSupertypes$1
Event: 9.571 loading class kotlin/reflect/jvm/internal/impl/serialization/deserialization/descriptors/DeserializedClassDescriptor$DeserializedClassMemberScope$refinedSupertypes$1 done
Event: 9.573 loading class com/android/build/api/artifact/SingleArtifact$PUBLIC_ANDROID_RESOURCES_LIST
Event: 9.573 loading class com/android/build/api/artifact/SingleArtifact$PUBLIC_ANDROID_RESOURCES_LIST done
Event: 9.573 loading class kotlin/reflect/jvm/internal/UtilKt
Event: 9.573 loading class kotlin/reflect/jvm/internal/UtilKt done
Event: 9.576 loading class kotlin/reflect/jvm/internal/impl/resolve/scopes/InnerClassesScopeWrapper
Event: 9.576 loading class kotlin/reflect/jvm/internal/impl/resolve/scopes/InnerClassesScopeWrapper done
Event: 9.578 loading class kotlin/reflect/jvm/internal/impl/serialization/deserialization/descriptors/NonEmptyDeserializedAnnotations
Event: 9.578 loading class kotlin/reflect/jvm/internal/impl/serialization/deserialization/descriptors/NonEmptyDeserializedAnnotations done
Event: 9.578 loading class kotlin/reflect/jvm/internal/impl/serialization/deserialization/descriptors/DeserializedClassDescriptor$annotations$1
Event: 9.578 loading class kotlin/reflect/jvm/internal/impl/serialization/deserialization/descriptors/DeserializedClassDescriptor$annotations$1 done
Event: 9.617 loading class com/android/build/gradle/internal/scope/InternalArtifactType$MICRO_APK_MANIFEST_FILE
Event: 9.617 loading class com/android/build/gradle/internal/scope/InternalArtifactType$MICRO_APK_MANIFEST_FILE done


Dynamic libraries:
0x00007ff695260000 - 0x00007ff69526a000 	C:\Program Files\Android\Android Studio\jre\bin\java.exe
0x00007ffcbb570000 - 0x00007ffcbb741000 	C:\Windows\SYSTEM32\ntdll.dll
0x00007ffcb9790000 - 0x00007ffcb983b000 	C:\Windows\System32\KERNEL32.DLL
0x00007ffcb7c10000 - 0x00007ffcb7e2d000 	C:\Windows\System32\KERNELBASE.dll
0x00007ffcb8650000 - 0x00007ffcb8745000 	C:\Windows\System32\ucrtbase.dll
0x00007ffcabfe0000 - 0x00007ffcabff9000 	C:\Program Files\Android\Android Studio\jre\bin\jli.dll
0x00007ffca95a0000 - 0x00007ffca95b7000 	C:\Program Files\Android\Android Studio\jre\bin\VCRUNTIME140.dll
0x00007ffcb93b0000 - 0x00007ffcb9515000 	C:\Windows\System32\USER32.dll
0x00007ffcb7ee0000 - 0x00007ffcb7efe000 	C:\Windows\System32\win32u.dll
0x00007ffcb9370000 - 0x00007ffcb93a4000 	C:\Windows\System32\GDI32.dll
0x00007ffca7c90000 - 0x00007ffca7f09000 	C:\Windows\WinSxS\amd64_microsoft.windows.common-controls_6595b64144ccf1df_6.0.14393.0_none_2d0f50fcbdb171b8\COMCTL32.dll
0x00007ffcb8b00000 - 0x00007ffcb8b9e000 	C:\Windows\System32\msvcrt.dll
0x00007ffcb87a0000 - 0x00007ffcb8922000 	C:\Windows\System32\gdi32full.dll
0x00007ffcb8ce0000 - 0x00007ffcb8fa7000 	C:\Windows\System32\combase.dll
0x00007ffcb8ba0000 - 0x00007ffcb8cc1000 	C:\Windows\System32\RPCRT4.dll
0x00007ffcb85e0000 - 0x00007ffcb864a000 	C:\Windows\System32\bcryptPrimitives.dll
0x00007ffcb8fc0000 - 0x00007ffcb8fee000 	C:\Windows\System32\IMM32.DLL
0x00007ffc9f250000 - 0x00007ffc9f2ed000 	C:\Program Files\Android\Android Studio\jre\bin\msvcp140.dll
0x00007ffc930b0000 - 0x00007ffc93b7f000 	C:\Program Files\Android\Android Studio\jre\bin\server\jvm.dll
0x00007ffcb96e0000 - 0x00007ffcb9782000 	C:\Windows\System32\ADVAPI32.dll
0x00007ffcb9100000 - 0x00007ffcb9159000 	C:\Windows\System32\sechost.dll
0x00007ffcb8cd0000 - 0x00007ffcb8cd8000 	C:\Windows\System32\PSAPI.DLL
0x00007ffcb5f30000 - 0x00007ffcb5f53000 	C:\Windows\SYSTEM32\WINMM.dll
0x00007ffcada50000 - 0x00007ffcada59000 	C:\Windows\SYSTEM32\WSOCK32.dll
0x00007ffcae8e0000 - 0x00007ffcae8ea000 	C:\Windows\SYSTEM32\VERSION.dll
0x00007ffcb8ff0000 - 0x00007ffcb905a000 	C:\Windows\System32\WS2_32.dll
0x00007ffcb5ed0000 - 0x00007ffcb5efb000 	C:\Windows\SYSTEM32\WINMMBASE.dll
0x00007ffcb8750000 - 0x00007ffcb8792000 	C:\Windows\System32\cfgmgr32.dll
0x00007ffcb7aa0000 - 0x00007ffcb7aaf000 	C:\Windows\System32\kernel.appcore.dll
0x00007ffcaa2a0000 - 0x00007ffcaa2b1000 	C:\Program Files\Android\Android Studio\jre\bin\verify.dll
0x00007ffcad3c0000 - 0x00007ffcad552000 	C:\Windows\SYSTEM32\DBGHELP.DLL
0x00007ffcac870000 - 0x00007ffcac899000 	C:\Windows\SYSTEM32\dbgcore.DLL
0x00007ffca69b0000 - 0x00007ffca69d9000 	C:\Program Files\Android\Android Studio\jre\bin\java.dll
0x00007ffcaa290000 - 0x00007ffcaa29b000 	C:\Program Files\Android\Android Studio\jre\bin\jimage.dll
0x00007ffca93a0000 - 0x00007ffca93b8000 	C:\Program Files\Android\Android Studio\jre\bin\zip.dll
0x00007ffcba040000 - 0x00007ffcbb548000 	C:\Windows\System32\SHELL32.dll
0x00007ffcb7f00000 - 0x00007ffcb85da000 	C:\Windows\System32\windows.storage.dll
0x00007ffcb7ab0000 - 0x00007ffcb7afc000 	C:\Windows\System32\powrprof.dll
0x00007ffcb9310000 - 0x00007ffcb9362000 	C:\Windows\System32\shlwapi.dll
0x00007ffcb7b60000 - 0x00007ffcb7c09000 	C:\Windows\System32\shcore.dll
0x00007ffcb7a80000 - 0x00007ffcb7a94000 	C:\Windows\System32\profapi.dll
0x00007ffca6ef0000 - 0x00007ffca6f0a000 	C:\Program Files\Android\Android Studio\jre\bin\net.dll
0x00007ffcb1e50000 - 0x00007ffcb1f1c000 	C:\Windows\SYSTEM32\WINHTTP.dll
0x00007ffcb7340000 - 0x00007ffcb739c000 	C:\Windows\system32\mswsock.dll
0x00007ffca62f0000 - 0x00007ffca6304000 	C:\Program Files\Android\Android Studio\jre\bin\nio.dll
0x00007ffc9da00000 - 0x00007ffc9da27000 	C:\Users\USER\.gradle\native\8bec1ad78214c89d9ad589b4d07fe93259594b29d510b10fafb7a158f7737e5d\windows-amd64\native-platform.dll
0x00007ffc96920000 - 0x00007ffc96a5d000 	C:\Users\USER\.gradle\native\53dbd7edfb1c66fb8903c78663c9afc45aea4f116125fa6feffd364cf09443e8\windows-amd64\native-platform-file-events.dll
0x00007ffca69a0000 - 0x00007ffca69aa000 	C:\Program Files\Android\Android Studio\jre\bin\management.dll
0x00007ffca6380000 - 0x00007ffca638c000 	C:\Program Files\Android\Android Studio\jre\bin\management_ext.dll
0x00007ffcb74e0000 - 0x00007ffcb74f7000 	C:\Windows\SYSTEM32\CRYPTSP.dll
0x00007ffcb6f50000 - 0x00007ffcb6f83000 	C:\Windows\system32\rsaenh.dll
0x00007ffcb79b0000 - 0x00007ffcb79db000 	C:\Windows\SYSTEM32\bcrypt.dll
0x00007ffcb71d0000 - 0x00007ffcb71ef000 	C:\Windows\SYSTEM32\USERENV.dll
0x00007ffcb7500000 - 0x00007ffcb750b000 	C:\Windows\SYSTEM32\CRYPTBASE.dll
0x00007ffcb70d0000 - 0x00007ffcb7108000 	C:\Windows\SYSTEM32\IPHLPAPI.DLL
0x00007ffcb9840000 - 0x00007ffcb9848000 	C:\Windows\System32\NSI.dll
0x00007ffcb3e90000 - 0x00007ffcb3ea6000 	C:\Windows\SYSTEM32\dhcpcsvc6.DLL
0x00007ffcb3e60000 - 0x00007ffcb3e7a000 	C:\Windows\SYSTEM32\dhcpcsvc.DLL

dbghelp: loaded successfully - version: 4.0.5 - missing functions: none
symbol engine: initialized successfully - sym options: 0x614 - pdb path: .;C:\Program Files\Android\Android Studio\jre\bin;C:\Windows\SYSTEM32;C:\Windows\WinSxS\amd64_microsoft.windows.common-controls_6595b64144ccf1df_6.0.14393.0_none_2d0f50fcbdb171b8;C:\Program Files\Android\Android Studio\jre\bin\server;C:\Users\USER\.gradle\native\8bec1ad78214c89d9ad589b4d07fe93259594b29d510b10fafb7a158f7737e5d\windows-amd64;C:\Users\USER\.gradle\native\53dbd7edfb1c66fb8903c78663c9afc45aea4f116125fa6feffd364cf09443e8\windows-amd64

VM Arguments:
jvm_args: --add-opens=java.base/java.util=ALL-UNNAMED --add-opens=java.base/java.lang=ALL-UNNAMED --add-opens=java.base/java.lang.invoke=ALL-UNNAMED --add-opens=java.base/java.util=ALL-UNNAMED --add-opens=java.prefs/java.util.prefs=ALL-UNNAMED --add-opens=java.prefs/java.util.prefs=ALL-UNNAMED --add-opens=java.base/java.nio.charset=ALL-UNNAMED --add-opens=java.base/java.net=ALL-UNNAMED --add-opens=java.base/java.util.concurrent.atomic=ALL-UNNAMED -Xmx2048m -Dfile.encoding=UTF-8 -Duser.country=US -Duser.language=en -Duser.variant 
java_command: org.gradle.launcher.daemon.bootstrap.GradleDaemon 7.0.2
java_class_path (initial): C:\Users\USER\.gradle\wrapper\dists\gradle-7.0.2-bin\857tjihv64xamwrf0h14cai3r\gradle-7.0.2\lib\gradle-launcher-7.0.2.jar
Launcher Type: SUN_STANDARD

[Global flags]
     intx CICompilerCount                          = 3                                         {product} {ergonomic}
     uint ConcGCThreads                            = 2                                         {product} {ergonomic}
     uint G1ConcRefinementThreads                  = 6                                         {product} {ergonomic}
   size_t G1HeapRegionSize                         = 1048576                                   {product} {ergonomic}
    uintx GCDrainStackTargetSize                   = 64                                        {product} {ergonomic}
   size_t InitialHeapSize                          = 134217728                                 {product} {ergonomic}
   size_t MarkStackSize                            = 4194304                                   {product} {ergonomic}
   size_t MaxHeapSize                              = 2147483648                                {product} {command line}
   size_t MaxNewSize                               = 1287651328                                {product} {ergonomic}
   size_t MinHeapDeltaBytes                        = 1048576                                   {product} {ergonomic}
    uintx NonNMethodCodeHeapSize                   = 5830732                                {pd product} {ergonomic}
    uintx NonProfiledCodeHeapSize                  = 122913754                              {pd product} {ergonomic}
    uintx ProfiledCodeHeapSize                     = 122913754                              {pd product} {ergonomic}
    uintx ReservedCodeCacheSize                    = 251658240                              {pd product} {ergonomic}
     bool SegmentedCodeCache                       = true                                      {product} {ergonomic}
     bool UseCompressedClassPointers               = true                                 {lp64_product} {ergonomic}
     bool UseCompressedOops                        = true                                 {lp64_product} {ergonomic}
     bool UseG1GC                                  = true                                      {product} {ergonomic}
     bool UseLargePagesIndividualAllocation        = false                                  {pd product} {ergonomic}

Logging:
Log output configuration:
 #0: stdout all=warning uptime,level,tags
 #1: stderr all=off uptime,level,tags

Environment Variables:
PATH=C:\Program Files (x86)\Common Files\Oracle\Java\javapath;C:\Program Files\Java\jdk1.8.0_111\bin;C:\Users\USER\AppData\Local\Microsoft\WindowsApps;C:\Users\USER\AppData\Local\Programs\Microsoft VS Code\bin
USERNAME=USER
OS=Windows_NT
PROCESSOR_IDENTIFIER=Intel64 Family 6 Model 158 Stepping 10, GenuineIntel



---------------  S Y S T E M  ---------------

OS: Windows 10 , 64 bit Build 14393 (10.0.14393.0)
OS uptime: 4 days 1:22 hours

CPU:total 6 (initial active 6) (6 cores per cpu, 1 threads per core) family 6 model 158 stepping 10 microcode 0x96, cmov, cx8, fxsr, mmx, sse, sse2, sse3, ssse3, sse4.1, sse4.2, popcnt, avx, avx2, aes, clmul, erms, 3dnowpref, lzcnt, tsc, tscinvbit, bmi1, bmi2, adx, fma

Memory: 4k page, system-wide physical 8068M (2228M free)
TotalPageFile size 9046M (AvailPageFile size 7M)
current process WorkingSet (physical memory assigned to process): 552M, peak: 552M
current process commit charge ("private bytes"): 585M, peak: 586M

vm_info: OpenJDK 64-Bit Server VM (11.0.10+0-b96-7249189) for windows-amd64 JRE (11.0.10+0-b96-7249189), built on Mar 31 2021 21:44:00 by "builder" with MS VC++ 14.0 (VS2015)

END.
