#
# There is insufficient memory for the Java Runtime Environment to continue.
# Native memory allocation (malloc) failed to allocate 1224816 bytes for Chunk::new
# Possible reasons:
#   The system is out of physical RAM or swap space
#   The process is running with CompressedOops enabled, and the Java Heap may be blocking the growth of the native heap
# Possible solutions:
#   Reduce memory load on the system
#   Increase physical memory or swap space
#   Check if swap backing store is full
#   Decrease Java heap size (-Xmx/-Xms)
#   Decrease number of Java threads
#   Decrease Java thread stack sizes (-Xss)
#   Set larger code cache with -XX:ReservedCodeCacheSize=
#   JVM is running with Unscaled Compressed Oops mode in which the Java heap is
#     placed in the first 4GB address space. The Java Heap base address is the
#     maximum limit for the native heap growth. Please use -XX:HeapBaseMinAddress
#     to set the Java Heap base and to place the Java Heap above 4GB virtual address.
# This output file may be truncated or incomplete.
#
#  Out of Memory Error (./src/hotspot/share/memory/arena.cpp:197), pid=3124, tid=3340
#
# JRE version: OpenJDK Runtime Environment (11.0.10) (build 11.0.10+0-b96-7249189)
# Java VM: OpenJDK 64-Bit Server VM (11.0.10+0-b96-7249189, mixed mode, tiered, compressed oops, g1 gc, windows-amd64)
# No core dump will be written. Minidumps are not enabled by default on client versions of Windows
#

---------------  S U M M A R Y ------------

Command Line: --add-opens=java.base/java.util=ALL-UNNAMED --add-opens=java.base/java.lang=ALL-UNNAMED --add-opens=java.base/java.lang.invoke=ALL-UNNAMED --add-opens=java.base/java.util=ALL-UNNAMED --add-opens=java.prefs/java.util.prefs=ALL-UNNAMED --add-opens=java.prefs/java.util.prefs=ALL-UNNAMED --add-opens=java.base/java.nio.charset=ALL-UNNAMED --add-opens=java.base/java.net=ALL-UNNAMED --add-opens=java.base/java.util.concurrent.atomic=ALL-UNNAMED -Xmx2048m -Dfile.encoding=UTF-8 -Duser.country=US -Duser.language=en -Duser.variant org.gradle.launcher.daemon.bootstrap.GradleDaemon 7.0.2

Host: Intel(R) Core(TM) i5-8400 CPU @ 2.80GHz, 6 cores, 7G,  Windows 10 , 64 bit Build 14393 (10.0.14393.0)
Time: Thu May 26 08:13:23 2022 Bangladesh Standard Time elapsed time: 8.146608 seconds (0d 0h 0m 8s)

---------------  T H R E A D  ---------------

Current thread (0x0000013815c4d000):  JavaThread "C2 CompilerThread1" daemon [_thread_in_native, id=3340, stack(0x0000002445200000,0x0000002445300000)]


Current CompileTask:
C2:   8146 11232   !   4       java.net.URLClassLoader$1::run (63 bytes)

Stack: [0x0000002445200000,0x0000002445300000]
Native frames: (J=compiled Java code, j=interpreted, Vv=VM code, C=native code)
V  [jvm.dll+0x5ecfaa]
V  [jvm.dll+0x722bd5]
V  [jvm.dll+0x72412d]
V  [jvm.dll+0x7247e3]
V  [jvm.dll+0x242928]
V  [jvm.dll+0xbc4fc]
V  [jvm.dll+0xbca0c]
V  [jvm.dll+0x352d3b]
V  [jvm.dll+0x320ad3]
V  [jvm.dll+0x31ffca]
V  [jvm.dll+0x1fb602]
V  [jvm.dll+0x1fa7f4]
V  [jvm.dll+0x18354c]
V  [jvm.dll+0x208ee7]
V  [jvm.dll+0x207731]
V  [jvm.dll+0x6eb1cf]
V  [jvm.dll+0x6e3d45]
V  [jvm.dll+0x5ebe96]
C  [ucrtbase.dll+0x1cab0]
C  [KERNEL32.DLL+0x8364]
C  [ntdll.dll+0x65e91]


---------------  P R O C E S S  ---------------

Threads class SMR info:
_java_thread_list=0x0000013816284cd0, length=64, elements={
0x000001387aff1000, 0x00000138151f2800, 0x00000138151f4000, 0x0000013815a09800,
0x0000013815a0a000, 0x0000013815a0b000, 0x0000013815a0e800, 0x0000013815a11800,
0x0000013815a13800, 0x0000013815b77000, 0x0000013815c4d000, 0x0000013817110000,
0x0000013818abe000, 0x0000013816e81000, 0x0000013817b99000, 0x000001381816c000,
0x0000013817efd800, 0x00000138189a0800, 0x0000013818cb4800, 0x00000138185e2000,
0x00000138185e3000, 0x00000138185e3800, 0x00000138185e4800, 0x00000138185e0800,
0x00000138185de800, 0x00000138185e5000, 0x00000138185df800, 0x00000138185e1000,
0x00000138195d3000, 0x00000138195d5800, 0x00000138195d4000, 0x00000138195d6800,
0x00000138195d0800, 0x00000138195d7000, 0x00000138195dd800, 0x00000138195da800,
0x00000138195d8000, 0x00000138195de800, 0x00000138195d9000, 0x00000138195df800,
0x00000138195db800, 0x00000138195dd000, 0x00000138195d9800, 0x000001381b156000,
0x000001381b153800, 0x000001381b150800, 0x000001381b152000, 0x000001381b154800,
0x000001381b155000, 0x000001381b158800, 0x000001381b157800, 0x000001381b157000,
0x000001381b153000, 0x000001381b15c800, 0x000001381b15f000, 0x000001381b15a000,
0x000001381b15d800, 0x000001381b15b800, 0x000001381b159800, 0x000001381b15b000,
0x000001381d6fc800, 0x000001381d6fa000, 0x000001381d6ff000, 0x000001381d6fb800
}

Java Threads: ( => current thread )
  0x000001387aff1000 JavaThread "main" [_thread_blocked, id=3344, stack(0x0000002444100000,0x0000002444200000)]
  0x00000138151f2800 JavaThread "Reference Handler" daemon [_thread_blocked, id=10148, stack(0x0000002444800000,0x0000002444900000)]
  0x00000138151f4000 JavaThread "Finalizer" daemon [_thread_blocked, id=6540, stack(0x0000002444900000,0x0000002444a00000)]
  0x0000013815a09800 JavaThread "Signal Dispatcher" daemon [_thread_blocked, id=2628, stack(0x0000002444a00000,0x0000002444b00000)]
  0x0000013815a0a000 JavaThread "Attach Listener" daemon [_thread_blocked, id=9648, stack(0x0000002444b00000,0x0000002444c00000)]
  0x0000013815a0b000 JavaThread "Service Thread" daemon [_thread_blocked, id=4172, stack(0x0000002444c00000,0x0000002444d00000)]
  0x0000013815a0e800 JavaThread "C2 CompilerThread0" daemon [_thread_in_native, id=8792, stack(0x0000002444d00000,0x0000002444e00000)]
  0x0000013815a11800 JavaThread "C1 CompilerThread0" daemon [_thread_in_native, id=5988, stack(0x0000002444e00000,0x0000002444f00000)]
  0x0000013815a13800 JavaThread "Sweeper thread" daemon [_thread_blocked, id=10348, stack(0x0000002444f00000,0x0000002445000000)]
  0x0000013815b77000 JavaThread "Common-Cleaner" daemon [_thread_blocked, id=3584, stack(0x0000002445000000,0x0000002445100000)]
=>0x0000013815c4d000 JavaThread "C2 CompilerThread1" daemon [_thread_in_native, id=3340, stack(0x0000002445200000,0x0000002445300000)]
  0x0000013817110000 JavaThread "Daemon health stats" [_thread_blocked, id=10836, stack(0x0000002445500000,0x0000002445600000)]
  0x0000013818abe000 JavaThread "Incoming local TCP Connector on port 61382" [_thread_in_native, id=5708, stack(0x0000002445600000,0x0000002445700000)]
  0x0000013816e81000 JavaThread "Daemon periodic checks" [_thread_blocked, id=10392, stack(0x0000002445700000,0x0000002445800000)]
  0x0000013817b99000 JavaThread "Daemon" [_thread_blocked, id=7348, stack(0x0000002445800000,0x0000002445900000)]
  0x000001381816c000 JavaThread "Handler for socket connection from /127.0.0.1:61382 to /127.0.0.1:61383" [_thread_in_native, id=10984, stack(0x0000002445900000,0x0000002445a00000)]
  0x0000013817efd800 JavaThread "Cancel handler" [_thread_blocked, id=4996, stack(0x0000002445a00000,0x0000002445b00000)]
  0x00000138189a0800 JavaThread "Daemon worker" [_thread_blocked, id=9404, stack(0x0000002445b00000,0x0000002445c00000)]
  0x0000013818cb4800 JavaThread "Asynchronous log dispatcher for DefaultDaemonConnection: socket connection from /127.0.0.1:61382 to /127.0.0.1:61383" [_thread_blocked, id=2084, stack(0x0000002445c00000,0x0000002445d00000)]
  0x00000138185e2000 JavaThread "Stdin handler" [_thread_blocked, id=5860, stack(0x0000002445d00000,0x0000002445e00000)]
  0x00000138185e3000 JavaThread "Daemon client event forwarder" [_thread_blocked, id=8244, stack(0x0000002445e00000,0x0000002445f00000)]
  0x00000138185e3800 JavaThread "Cache worker for file hash cache (C:\Users\USER\.gradle\caches\7.0.2\fileHashes)" [_thread_blocked, id=3452, stack(0x0000002446200000,0x0000002446300000)]
  0x00000138185e4800 JavaThread "File lock request listener" [_thread_in_native, id=10932, stack(0x0000002446300000,0x0000002446400000)]
  0x00000138185e0800 JavaThread "Cache worker for journal cache (C:\Users\USER\.gradle\caches\journal-1)" [_thread_blocked, id=9176, stack(0x0000002446500000,0x0000002446600000)]
  0x00000138185de800 JavaThread "Cache worker for file hash cache (C:\Users\USER\EarinMoney\.gradle\7.0.2\fileHashes)" [_thread_blocked, id=7324, stack(0x0000002446600000,0x0000002446700000)]
  0x00000138185e5000 JavaThread "File watcher server" daemon [_thread_in_native, id=4556, stack(0x0000002446700000,0x0000002446800000)]
  0x00000138185df800 JavaThread "File watcher consumer" daemon [_thread_blocked, id=8748, stack(0x0000002446800000,0x0000002446900000)]
  0x00000138185e1000 JavaThread "Cache worker for checksums cache (C:\Users\USER\EarinMoney\.gradle\checksums)" [_thread_blocked, id=8660, stack(0x0000002446900000,0x0000002446a00000)]
  0x00000138195d3000 JavaThread "Cache worker for cache directory md-supplier (C:\Users\USER\.gradle\caches\7.0.2\md-supplier)" [_thread_blocked, id=6800, stack(0x0000002446a00000,0x0000002446b00000)]
  0x00000138195d5800 JavaThread "Cache worker for cache directory md-rule (C:\Users\USER\.gradle\caches\7.0.2\md-rule)" [_thread_blocked, id=3048, stack(0x0000002446b00000,0x0000002446c00000)]
  0x00000138195d4000 JavaThread "Cache worker for execution history cache (C:\Users\USER\.gradle\caches\7.0.2\executionHistory)" [_thread_blocked, id=7928, stack(0x0000002446c00000,0x0000002446d00000)]
  0x00000138195d6800 JavaThread "jar transforms" [_thread_blocked, id=4112, stack(0x0000002446d00000,0x0000002446e00000)]
  0x00000138195d0800 JavaThread "jar transforms Thread 2" [_thread_blocked, id=3908, stack(0x0000002446e00000,0x0000002446f00000)]
  0x00000138195d7000 JavaThread "Cache worker for file content cache (C:\Users\USER\.gradle\caches\7.0.2\fileContent)" [_thread_blocked, id=6188, stack(0x0000002446f00000,0x0000002447000000)]
  0x00000138195dd800 JavaThread "Cache worker for dependencies-accessors (C:\Users\USER\EarinMoney\.gradle\7.0.2\dependencies-accessors)" [_thread_blocked, id=9092, stack(0x0000002447000000,0x0000002447100000)]
  0x00000138195da800 JavaThread "jar transforms Thread 3" [_thread_blocked, id=3424, stack(0x0000002447100000,0x0000002447200000)]
  0x00000138195d8000 JavaThread "Cache worker for Build Output Cleanup Cache (C:\Users\USER\EarinMoney\.gradle\buildOutputCleanup)" [_thread_blocked, id=6880, stack(0x0000002447200000,0x0000002447300000)]
  0x00000138195de800 JavaThread "Build operations" [_thread_blocked, id=7708, stack(0x0000002447300000,0x0000002447400000)]
  0x00000138195d9000 JavaThread "Build operations Thread 2" [_thread_blocked, id=5688, stack(0x0000002447400000,0x0000002447500000)]
  0x00000138195df800 JavaThread "Build operations Thread 3" [_thread_blocked, id=5228, stack(0x0000002447500000,0x0000002447600000)]
  0x00000138195db800 JavaThread "Build operations Thread 4" [_thread_blocked, id=4668, stack(0x0000002447600000,0x0000002447700000)]
  0x00000138195dd000 JavaThread "Build operations Thread 5" [_thread_blocked, id=5952, stack(0x0000002447700000,0x0000002447800000)]
  0x00000138195d9800 JavaThread "Build operations Thread 6" [_thread_blocked, id=7792, stack(0x0000002447800000,0x0000002447900000)]
  0x000001381b156000 JavaThread "jar transforms Thread 4" [_thread_blocked, id=6148, stack(0x0000002447900000,0x0000002447a00000)]
  0x000001381b153800 JavaThread "jar transforms Thread 5" [_thread_blocked, id=10756, stack(0x0000002447a00000,0x0000002447b00000)]
  0x000001381b150800 JavaThread "jar transforms Thread 6" [_thread_blocked, id=7184, stack(0x0000002447b00000,0x0000002447c00000)]
  0x000001381b152000 JavaThread "Memory manager" [_thread_blocked, id=3820, stack(0x0000002447c00000,0x0000002447d00000)]
  0x000001381b154800 JavaThread "build event listener" [_thread_blocked, id=11148, stack(0x0000002447d00000,0x0000002447e00000)]
  0x000001381b155000 JavaThread "Execution worker for ':'" [_thread_blocked, id=10704, stack(0x0000002447e00000,0x0000002447f00000)]
  0x000001381b158800 JavaThread "Execution worker for ':' Thread 2" [_thread_blocked, id=9168, stack(0x0000002447f00000,0x0000002448000000)]
  0x000001381b157800 JavaThread "Execution worker for ':' Thread 3" [_thread_blocked, id=7328, stack(0x0000002448000000,0x0000002448100000)]
  0x000001381b157000 JavaThread "Execution worker for ':' Thread 4" [_thread_blocked, id=9060, stack(0x0000002448100000,0x0000002448200000)]
  0x000001381b153000 JavaThread "Execution worker for ':' Thread 5" [_thread_blocked, id=3228, stack(0x0000002448200000,0x0000002448300000)]
  0x000001381b15c800 JavaThread "Cache worker for execution history cache (C:\Users\USER\EarinMoney\.gradle\7.0.2\executionHistory)" [_thread_blocked, id=3916, stack(0x0000002448300000,0x0000002448400000)]
  0x000001381b15f000 JavaThread "WorkerExecutor Queue" [_thread_blocked, id=5284, stack(0x0000002448400000,0x0000002448500000)]
  0x000001381b15a000 JavaThread "WorkerExecutor Queue Thread 2" [_thread_blocked, id=10876, stack(0x0000002448500000,0x0000002448600000)]
  0x000001381b15d800 JavaThread "WorkerExecutor Queue Thread 3" [_thread_in_Java, id=2216, stack(0x0000002448600000,0x0000002448700000)]
  0x000001381b15b800 JavaThread "WorkerExecutor Queue Thread 4" [_thread_blocked, id=6852, stack(0x0000002448700000,0x0000002448800000)]
  0x000001381b159800 JavaThread "WorkerExecutor Queue Thread 5" [_thread_blocked, id=2260, stack(0x0000002448800000,0x0000002448900000)]
  0x000001381b15b000 JavaThread "pool-3-thread-1" [_thread_blocked, id=1164, stack(0x0000002448900000,0x0000002448a00000)]
  0x000001381d6fc800 JavaThread "stderr" [_thread_in_native, id=1708, stack(0x0000002448a00000,0x0000002448b00000)]
  0x000001381d6fa000 JavaThread "stdout" [_thread_in_native, id=10336, stack(0x0000002448b00000,0x0000002448c00000)]
  0x000001381d6ff000 JavaThread "WorkerExecutor Queue Thread 6" [_thread_blocked, id=6864, stack(0x0000002448c00000,0x0000002448d00000)]
  0x000001381d6fb800 JavaThread "WorkerExecutor Queue Thread 7" [_thread_blocked, id=9772, stack(0x0000002448d00000,0x0000002448e00000)]

Other Threads:
  0x0000013815a04800 VMThread "VM Thread" [stack: 0x0000002444700000,0x0000002444800000] [id=5444]
  0x0000013815b79800 WatcherThread [stack: 0x0000002445100000,0x0000002445200000] [id=6136]
  0x000001387b00a000 GCTaskThread "GC Thread#0" [stack: 0x0000002444200000,0x0000002444300000] [id=2728]
  0x0000013816a3d800 GCTaskThread "GC Thread#1" [stack: 0x0000002445300000,0x0000002445400000] [id=3412]
  0x00000138167c5000 GCTaskThread "GC Thread#2" [stack: 0x0000002445400000,0x0000002445500000] [id=9484]
  0x00000138167cb000 GCTaskThread "GC Thread#3" [stack: 0x0000002445f00000,0x0000002446000000] [id=10748]
  0x00000138167cc000 GCTaskThread "GC Thread#4" [stack: 0x0000002446000000,0x0000002446100000] [id=1848]
  0x00000138167c5800 GCTaskThread "GC Thread#5" [stack: 0x0000002446100000,0x0000002446200000] [id=6360]
  0x000001387b059000 ConcurrentGCThread "G1 Main Marker" [stack: 0x0000002444300000,0x0000002444400000] [id=2748]
  0x000001387b05c800 ConcurrentGCThread "G1 Conc#0" [stack: 0x0000002444400000,0x0000002444500000] [id=5920]
  0x00000138167c8800 ConcurrentGCThread "G1 Conc#1" [stack: 0x0000002446400000,0x0000002446500000] [id=6484]
  0x000001381502e800 ConcurrentGCThread "G1 Refine#0" [stack: 0x0000002444500000,0x0000002444600000] [id=6728]
  0x000001381502f800 ConcurrentGCThread "G1 Young RemSet Sampling" [stack: 0x0000002444600000,0x0000002444700000] [id=9568]

Threads with active compile tasks:
C2 CompilerThread0   8163 11231       4       java.net.URLClassLoader$1::run (5 bytes)
C1 CompilerThread0   8163 11291       3       com.android.tools.r8.internal.ve::a (10 bytes)
C2 CompilerThread1   8163 11232   !   4       java.net.URLClassLoader$1::run (63 bytes)

VM state:not at safepoint (normal execution)

VM Mutex/Monitor currently owned by a thread: None

Heap address: 0x0000000080000000, size: 2048 MB, Compressed Oops mode: 32-bit
Narrow klass base: 0x0000000000000000, Narrow klass shift: 3
Compressed class space size: 1073741824 Address: 0x0000000100000000

Heap:
 garbage-first heap   total 273408K, used 190317K [0x0000000080000000, 0x0000000100000000)
  region size 1024K, 22 young (22528K), 3 survivors (3072K)
 Metaspace       used 91506K, capacity 93727K, committed 94080K, reserved 1130496K
  class space    used 11788K, capacity 12632K, committed 12748K, reserved 1048576K
Heap Regions: E=young(eden), S=young(survivor), O=old, HS=humongous(starts), HC=humongous(continues), CS=collection set, F=free, A=archive, TAMS=top-at-mark-start (previous, next)
|   0|0x0000000080000000, 0x0000000080100000, 0x0000000080100000|100%| O|  |TAMS 0x0000000080100000, 0x0000000080100000| Untracked 
|   1|0x0000000080100000, 0x0000000080200000, 0x0000000080200000|100%| O|  |TAMS 0x0000000080200000, 0x0000000080200000| Untracked 
|   2|0x0000000080200000, 0x0000000080300000, 0x0000000080300000|100%| O|  |TAMS 0x0000000080300000, 0x0000000080300000| Untracked 
|   3|0x0000000080300000, 0x0000000080400000, 0x0000000080400000|100%|HS|  |TAMS 0x0000000080400000, 0x0000000080400000| Complete 
|   4|0x0000000080400000, 0x0000000080500000, 0x0000000080500000|100%|HC|  |TAMS 0x0000000080500000, 0x0000000080500000| Complete 
|   5|0x0000000080500000, 0x0000000080600000, 0x0000000080600000|100%|HC|  |TAMS 0x0000000080600000, 0x0000000080600000| Complete 
|   6|0x0000000080600000, 0x0000000080700000, 0x0000000080700000|100%| O|  |TAMS 0x0000000080700000, 0x0000000080700000| Untracked 
|   7|0x0000000080700000, 0x0000000080800000, 0x0000000080800000|100%| O|  |TAMS 0x0000000080800000, 0x0000000080800000| Untracked 
|   8|0x0000000080800000, 0x0000000080900000, 0x0000000080900000|100%| O|  |TAMS 0x0000000080900000, 0x0000000080900000| Untracked 
|   9|0x0000000080900000, 0x0000000080a00000, 0x0000000080a00000|100%| O|  |TAMS 0x0000000080a00000, 0x0000000080a00000| Untracked 
|  10|0x0000000080a00000, 0x0000000080b00000, 0x0000000080b00000|100%| O|  |TAMS 0x0000000080b00000, 0x0000000080b00000| Untracked 
|  11|0x0000000080b00000, 0x0000000080c00000, 0x0000000080c00000|100%| O|  |TAMS 0x0000000080c00000, 0x0000000080c00000| Untracked 
|  12|0x0000000080c00000, 0x0000000080d00000, 0x0000000080d00000|100%| O|  |TAMS 0x0000000080d00000, 0x0000000080d00000| Untracked 
|  13|0x0000000080d00000, 0x0000000080e00000, 0x0000000080e00000|100%| O|  |TAMS 0x0000000080e00000, 0x0000000080e00000| Untracked 
|  14|0x0000000080e00000, 0x0000000080f00000, 0x0000000080f00000|100%| O|  |TAMS 0x0000000080f00000, 0x0000000080f00000| Untracked 
|  15|0x0000000080f00000, 0x0000000081000000, 0x0000000081000000|100%| O|  |TAMS 0x0000000081000000, 0x0000000081000000| Untracked 
|  16|0x0000000081000000, 0x0000000081100000, 0x0000000081100000|100%|HS|  |TAMS 0x0000000081100000, 0x0000000081100000| Complete 
|  17|0x0000000081100000, 0x0000000081200000, 0x0000000081200000|100%| O|  |TAMS 0x0000000081200000, 0x0000000081200000| Untracked 
|  18|0x0000000081200000, 0x0000000081300000, 0x0000000081300000|100%| O|  |TAMS 0x0000000081300000, 0x0000000081300000| Untracked 
|  19|0x0000000081300000, 0x0000000081400000, 0x0000000081400000|100%| O|  |TAMS 0x0000000081400000, 0x0000000081400000| Untracked 
|  20|0x0000000081400000, 0x0000000081500000, 0x0000000081500000|100%| O|  |TAMS 0x0000000081500000, 0x0000000081500000| Untracked 
|  21|0x0000000081500000, 0x0000000081600000, 0x0000000081600000|100%| O|  |TAMS 0x0000000081600000, 0x0000000081600000| Untracked 
|  22|0x0000000081600000, 0x0000000081700000, 0x0000000081700000|100%| O|  |TAMS 0x0000000081700000, 0x0000000081700000| Untracked 
|  23|0x0000000081700000, 0x0000000081800000, 0x0000000081800000|100%|HS|  |TAMS 0x0000000081800000, 0x0000000081800000| Complete 
|  24|0x0000000081800000, 0x0000000081900000, 0x0000000081900000|100%|HS|  |TAMS 0x0000000081900000, 0x0000000081900000| Complete 
|  25|0x0000000081900000, 0x0000000081a00000, 0x0000000081a00000|100%|HC|  |TAMS 0x0000000081a00000, 0x0000000081a00000| Complete 
|  26|0x0000000081a00000, 0x0000000081b00000, 0x0000000081b00000|100%| O|  |TAMS 0x0000000081b00000, 0x0000000081b00000| Untracked 
|  27|0x0000000081b00000, 0x0000000081c00000, 0x0000000081c00000|100%| O|  |TAMS 0x0000000081c00000, 0x0000000081c00000| Untracked 
|  28|0x0000000081c00000, 0x0000000081d00000, 0x0000000081d00000|100%| O|  |TAMS 0x0000000081d00000, 0x0000000081d00000| Untracked 
|  29|0x0000000081d00000, 0x0000000081e00000, 0x0000000081e00000|100%| O|  |TAMS 0x0000000081e00000, 0x0000000081e00000| Untracked 
|  30|0x0000000081e00000, 0x0000000081f00000, 0x0000000081f00000|100%| O|  |TAMS 0x0000000081f00000, 0x0000000081f00000| Untracked 
|  31|0x0000000081f00000, 0x0000000082000000, 0x0000000082000000|100%| O|  |TAMS 0x0000000082000000, 0x0000000082000000| Untracked 
|  32|0x0000000082000000, 0x0000000082100000, 0x0000000082100000|100%| O|  |TAMS 0x0000000082100000, 0x0000000082100000| Untracked 
|  33|0x0000000082100000, 0x0000000082200000, 0x0000000082200000|100%| O|  |TAMS 0x0000000082200000, 0x0000000082200000| Untracked 
|  34|0x0000000082200000, 0x0000000082300000, 0x0000000082300000|100%| O|  |TAMS 0x0000000082300000, 0x0000000082300000| Untracked 
|  35|0x0000000082300000, 0x0000000082400000, 0x0000000082400000|100%| O|  |TAMS 0x0000000082400000, 0x0000000082400000| Untracked 
|  36|0x0000000082400000, 0x0000000082500000, 0x0000000082500000|100%| O|  |TAMS 0x0000000082500000, 0x0000000082500000| Untracked 
|  37|0x0000000082500000, 0x0000000082600000, 0x0000000082600000|100%| O|  |TAMS 0x0000000082600000, 0x0000000082600000| Untracked 
|  38|0x0000000082600000, 0x0000000082700000, 0x0000000082700000|100%| O|  |TAMS 0x0000000082700000, 0x0000000082700000| Untracked 
|  39|0x0000000082700000, 0x0000000082800000, 0x0000000082800000|100%| O|  |TAMS 0x0000000082800000, 0x0000000082800000| Untracked 
|  40|0x0000000082800000, 0x0000000082900000, 0x0000000082900000|100%| O|  |TAMS 0x0000000082900000, 0x0000000082900000| Untracked 
|  41|0x0000000082900000, 0x0000000082a00000, 0x0000000082a00000|100%| O|  |TAMS 0x0000000082a00000, 0x0000000082a00000| Untracked 
|  42|0x0000000082a00000, 0x0000000082b00000, 0x0000000082b00000|100%| O|  |TAMS 0x0000000082b00000, 0x0000000082b00000| Untracked 
|  43|0x0000000082b00000, 0x0000000082c00000, 0x0000000082c00000|100%| O|  |TAMS 0x0000000082c00000, 0x0000000082c00000| Untracked 
|  44|0x0000000082c00000, 0x0000000082d00000, 0x0000000082d00000|100%| O|  |TAMS 0x0000000082d00000, 0x0000000082d00000| Untracked 
|  45|0x0000000082d00000, 0x0000000082e00000, 0x0000000082e00000|100%| O|  |TAMS 0x0000000082e00000, 0x0000000082e00000| Untracked 
|  46|0x0000000082e00000, 0x0000000082f00000, 0x0000000082f00000|100%| O|  |TAMS 0x0000000082f00000, 0x0000000082f00000| Untracked 
|  47|0x0000000082f00000, 0x0000000083000000, 0x0000000083000000|100%| O|  |TAMS 0x0000000083000000, 0x0000000083000000| Untracked 
|  48|0x0000000083000000, 0x0000000083100000, 0x0000000083100000|100%| O|  |TAMS 0x0000000083100000, 0x0000000083100000| Untracked 
|  49|0x0000000083100000, 0x0000000083200000, 0x0000000083200000|100%| O|  |TAMS 0x0000000083200000, 0x0000000083200000| Untracked 
|  50|0x0000000083200000, 0x0000000083300000, 0x0000000083300000|100%| O|  |TAMS 0x0000000083300000, 0x0000000083300000| Untracked 
|  51|0x0000000083300000, 0x0000000083400000, 0x0000000083400000|100%| O|  |TAMS 0x0000000083400000, 0x0000000083400000| Untracked 
|  52|0x0000000083400000, 0x0000000083500000, 0x0000000083500000|100%| O|  |TAMS 0x0000000083500000, 0x0000000083500000| Untracked 
|  53|0x0000000083500000, 0x0000000083600000, 0x0000000083600000|100%| O|  |TAMS 0x0000000083600000, 0x0000000083600000| Untracked 
|  54|0x0000000083600000, 0x0000000083700000, 0x0000000083700000|100%| O|  |TAMS 0x0000000083700000, 0x0000000083700000| Untracked 
|  55|0x0000000083700000, 0x0000000083800000, 0x0000000083800000|100%| O|  |TAMS 0x0000000083800000, 0x0000000083800000| Untracked 
|  56|0x0000000083800000, 0x0000000083900000, 0x0000000083900000|100%| O|  |TAMS 0x0000000083900000, 0x0000000083900000| Untracked 
|  57|0x0000000083900000, 0x0000000083a00000, 0x0000000083a00000|100%| O|  |TAMS 0x0000000083a00000, 0x0000000083a00000| Untracked 
|  58|0x0000000083a00000, 0x0000000083b00000, 0x0000000083b00000|100%| O|  |TAMS 0x0000000083b00000, 0x0000000083b00000| Untracked 
|  59|0x0000000083b00000, 0x0000000083c00000, 0x0000000083c00000|100%| O|  |TAMS 0x0000000083c00000, 0x0000000083c00000| Untracked 
|  60|0x0000000083c00000, 0x0000000083d00000, 0x0000000083d00000|100%| O|  |TAMS 0x0000000083d00000, 0x0000000083d00000| Untracked 
|  61|0x0000000083d00000, 0x0000000083e00000, 0x0000000083e00000|100%| O|  |TAMS 0x0000000083e00000, 0x0000000083e00000| Untracked 
|  62|0x0000000083e00000, 0x0000000083f00000, 0x0000000083f00000|100%| O|  |TAMS 0x0000000083f00000, 0x0000000083f00000| Untracked 
|  63|0x0000000083f00000, 0x0000000084000000, 0x0000000084000000|100%| O|  |TAMS 0x0000000084000000, 0x0000000084000000| Untracked 
|  64|0x0000000084000000, 0x0000000084100000, 0x0000000084100000|100%| O|  |TAMS 0x0000000084100000, 0x0000000084100000| Untracked 
|  65|0x0000000084100000, 0x0000000084200000, 0x0000000084200000|100%| O|  |TAMS 0x0000000084200000, 0x0000000084200000| Untracked 
|  66|0x0000000084200000, 0x0000000084300000, 0x0000000084300000|100%| O|  |TAMS 0x0000000084300000, 0x0000000084300000| Untracked 
|  67|0x0000000084300000, 0x0000000084400000, 0x0000000084400000|100%| O|  |TAMS 0x0000000084400000, 0x0000000084400000| Untracked 
|  68|0x0000000084400000, 0x0000000084500000, 0x0000000084500000|100%| O|  |TAMS 0x0000000084500000, 0x0000000084500000| Untracked 
|  69|0x0000000084500000, 0x0000000084600000, 0x0000000084600000|100%| O|  |TAMS 0x0000000084600000, 0x0000000084600000| Untracked 
|  70|0x0000000084600000, 0x0000000084700000, 0x0000000084700000|100%| O|  |TAMS 0x0000000084700000, 0x0000000084700000| Untracked 
|  71|0x0000000084700000, 0x0000000084800000, 0x0000000084800000|100%|HS|  |TAMS 0x0000000084800000, 0x0000000084800000| Complete 
|  72|0x0000000084800000, 0x0000000084900000, 0x0000000084900000|100%|HC|  |TAMS 0x0000000084900000, 0x0000000084900000| Complete 
|  73|0x0000000084900000, 0x0000000084a00000, 0x0000000084a00000|100%|HS|  |TAMS 0x0000000084a00000, 0x0000000084a00000| Complete 
|  74|0x0000000084a00000, 0x0000000084b00000, 0x0000000084b00000|100%|HS|  |TAMS 0x0000000084b00000, 0x0000000084b00000| Complete 
|  75|0x0000000084b00000, 0x0000000084c00000, 0x0000000084c00000|100%|HS|  |TAMS 0x0000000084c00000, 0x0000000084c00000| Complete 
|  76|0x0000000084c00000, 0x0000000084d00000, 0x0000000084d00000|100%| O|  |TAMS 0x0000000084d00000, 0x0000000084d00000| Untracked 
|  77|0x0000000084d00000, 0x0000000084e00000, 0x0000000084e00000|100%| O|  |TAMS 0x0000000084e00000, 0x0000000084e00000| Untracked 
|  78|0x0000000084e00000, 0x0000000084f00000, 0x0000000084f00000|100%| O|  |TAMS 0x0000000084f00000, 0x0000000084f00000| Untracked 
|  79|0x0000000084f00000, 0x0000000085000000, 0x0000000085000000|100%| O|  |TAMS 0x0000000085000000, 0x0000000085000000| Untracked 
|  80|0x0000000085000000, 0x0000000085100000, 0x0000000085100000|100%| O|  |TAMS 0x0000000085100000, 0x0000000085100000| Untracked 
|  81|0x0000000085100000, 0x0000000085200000, 0x0000000085200000|100%| O|  |TAMS 0x0000000085200000, 0x0000000085200000| Untracked 
|  82|0x0000000085200000, 0x0000000085300000, 0x0000000085300000|100%| O|  |TAMS 0x0000000085300000, 0x0000000085300000| Untracked 
|  83|0x0000000085300000, 0x0000000085400000, 0x0000000085400000|100%| O|  |TAMS 0x0000000085400000, 0x0000000085400000| Untracked 
|  84|0x0000000085400000, 0x0000000085500000, 0x0000000085500000|100%|HS|  |TAMS 0x0000000085500000, 0x0000000085500000| Complete 
|  85|0x0000000085500000, 0x0000000085600000, 0x0000000085600000|100%|HC|  |TAMS 0x0000000085600000, 0x0000000085600000| Complete 
|  86|0x0000000085600000, 0x0000000085700000, 0x0000000085700000|100%|HS|  |TAMS 0x0000000085700000, 0x0000000085700000| Complete 
|  87|0x0000000085700000, 0x0000000085800000, 0x0000000085800000|100%|HS|  |TAMS 0x0000000085800000, 0x0000000085800000| Complete 
|  88|0x0000000085800000, 0x0000000085900000, 0x0000000085900000|100%|HC|  |TAMS 0x0000000085900000, 0x0000000085900000| Complete 
|  89|0x0000000085900000, 0x0000000085a00000, 0x0000000085a00000|100%|HC|  |TAMS 0x0000000085a00000, 0x0000000085a00000| Complete 
|  90|0x0000000085a00000, 0x0000000085b00000, 0x0000000085b00000|100%|HC|  |TAMS 0x0000000085b00000, 0x0000000085b00000| Complete 
|  91|0x0000000085b00000, 0x0000000085c00000, 0x0000000085c00000|100%|HS|  |TAMS 0x0000000085c00000, 0x0000000085c00000| Complete 
|  92|0x0000000085c00000, 0x0000000085d00000, 0x0000000085d00000|100%|HS|  |TAMS 0x0000000085d00000, 0x0000000085d00000| Complete 
|  93|0x0000000085d00000, 0x0000000085e00000, 0x0000000085e00000|100%|HS|  |TAMS 0x0000000085e00000, 0x0000000085e00000| Complete 
|  94|0x0000000085e00000, 0x0000000085f00000, 0x0000000085f00000|100%|HS|  |TAMS 0x0000000085f00000, 0x0000000085f00000| Complete 
|  95|0x0000000085f00000, 0x0000000086000000, 0x0000000086000000|100%|HC|  |TAMS 0x0000000086000000, 0x0000000086000000| Complete 
|  96|0x0000000086000000, 0x0000000086100000, 0x0000000086100000|100%|HS|  |TAMS 0x0000000086100000, 0x0000000086100000| Complete 
|  97|0x0000000086100000, 0x0000000086200000, 0x0000000086200000|100%|HC|  |TAMS 0x0000000086200000, 0x0000000086200000| Complete 
|  98|0x0000000086200000, 0x0000000086300000, 0x0000000086300000|100%|HC|  |TAMS 0x0000000086300000, 0x0000000086300000| Complete 
|  99|0x0000000086300000, 0x0000000086400000, 0x0000000086400000|100%|HS|  |TAMS 0x0000000086400000, 0x0000000086400000| Complete 
| 100|0x0000000086400000, 0x0000000086500000, 0x0000000086500000|100%| O|  |TAMS 0x0000000086500000, 0x0000000086500000| Untracked 
| 101|0x0000000086500000, 0x0000000086600000, 0x0000000086600000|100%| O|  |TAMS 0x0000000086600000, 0x0000000086600000| Untracked 
| 102|0x0000000086600000, 0x0000000086700000, 0x0000000086700000|100%| O|  |TAMS 0x0000000086700000, 0x0000000086700000| Untracked 
| 103|0x0000000086700000, 0x0000000086800000, 0x0000000086800000|100%| O|  |TAMS 0x0000000086800000, 0x0000000086800000| Untracked 
| 104|0x0000000086800000, 0x0000000086900000, 0x0000000086900000|100%| O|  |TAMS 0x0000000086900000, 0x0000000086900000| Untracked 
| 105|0x0000000086900000, 0x0000000086a00000, 0x0000000086a00000|100%|HS|  |TAMS 0x0000000086900000, 0x0000000086a00000| Complete 
| 106|0x0000000086a00000, 0x0000000086b00000, 0x0000000086b00000|100%|HS|  |TAMS 0x0000000086a00000, 0x0000000086b00000| Complete 
| 107|0x0000000086b00000, 0x0000000086c00000, 0x0000000086c00000|100%|HC|  |TAMS 0x0000000086b00000, 0x0000000086c00000| Complete 
| 108|0x0000000086c00000, 0x0000000086d00000, 0x0000000086d00000|100%|HC|  |TAMS 0x0000000086c00000, 0x0000000086d00000| Complete 
| 109|0x0000000086d00000, 0x0000000086e00000, 0x0000000086e00000|100%|HS|  |TAMS 0x0000000086d00000, 0x0000000086d00000| Complete 
| 110|0x0000000086e00000, 0x0000000086f00000, 0x0000000086f00000|100%|HC|  |TAMS 0x0000000086e00000, 0x0000000086e00000| Complete 
| 111|0x0000000086f00000, 0x0000000087000000, 0x0000000087000000|100%|HS|  |TAMS 0x0000000086f00000, 0x0000000087000000| Complete 
| 112|0x0000000087000000, 0x0000000087100000, 0x0000000087100000|100%|HC|  |TAMS 0x0000000087000000, 0x0000000087100000| Complete 
| 113|0x0000000087100000, 0x0000000087200000, 0x0000000087200000|100%|HS|  |TAMS 0x0000000087100000, 0x0000000087100000| Complete 
| 114|0x0000000087200000, 0x0000000087300000, 0x0000000087300000|100%|HS|  |TAMS 0x0000000087200000, 0x0000000087300000| Complete 
| 115|0x0000000087300000, 0x0000000087400000, 0x0000000087400000|100%|HS|  |TAMS 0x0000000087300000, 0x0000000087300000| Complete 
| 116|0x0000000087400000, 0x0000000087500000, 0x0000000087500000|100%|HS|  |TAMS 0x0000000087400000, 0x0000000087500000| Complete 
| 117|0x0000000087500000, 0x0000000087600000, 0x0000000087600000|100%|HS|  |TAMS 0x0000000087500000, 0x0000000087500000| Complete 
| 118|0x0000000087600000, 0x0000000087700000, 0x0000000087700000|100%|HS|  |TAMS 0x0000000087600000, 0x0000000087700000| Complete 
| 119|0x0000000087700000, 0x0000000087800000, 0x0000000087800000|100%| O|  |TAMS 0x0000000087700000, 0x0000000087800000| Untracked 
| 120|0x0000000087800000, 0x0000000087900000, 0x0000000087900000|100%| O|  |TAMS 0x0000000087800000, 0x0000000087900000| Untracked 
| 121|0x0000000087900000, 0x0000000087a00000, 0x0000000087a00000|100%| O|  |TAMS 0x0000000087900000, 0x0000000087a00000| Untracked 
| 122|0x0000000087a00000, 0x0000000087b00000, 0x0000000087b00000|100%| O|  |TAMS 0x0000000087a00000, 0x0000000087b00000| Untracked 
| 123|0x0000000087b00000, 0x0000000087c00000, 0x0000000087c00000|100%| O|  |TAMS 0x0000000087b00000, 0x0000000087c00000| Untracked 
| 124|0x0000000087c00000, 0x0000000087d00000, 0x0000000087d00000|100%| O|  |TAMS 0x0000000087c00000, 0x0000000087d00000| Untracked 
| 125|0x0000000087d00000, 0x0000000087e00000, 0x0000000087e00000|100%| O|  |TAMS 0x0000000087d00000, 0x0000000087e00000| Untracked 
| 126|0x0000000087e00000, 0x0000000087f00000, 0x0000000087f00000|100%| O|  |TAMS 0x0000000087e00000, 0x0000000087f00000| Untracked 
| 127|0x0000000087f00000, 0x0000000088000000, 0x0000000088000000|100%| O|  |TAMS 0x0000000087f00000, 0x0000000088000000| Untracked 
| 128|0x0000000088000000, 0x0000000088100000, 0x0000000088100000|100%| O|  |TAMS 0x0000000088000000, 0x0000000088100000| Untracked 
| 129|0x0000000088100000, 0x0000000088200000, 0x0000000088200000|100%| O|  |TAMS 0x0000000088100000, 0x0000000088200000| Untracked 
| 130|0x0000000088200000, 0x0000000088300000, 0x0000000088300000|100%| O|  |TAMS 0x0000000088200000, 0x0000000088300000| Untracked 
| 131|0x0000000088300000, 0x0000000088366a00, 0x0000000088400000| 40%| O|  |TAMS 0x0000000088300000, 0x0000000088366a00| Untracked 
| 132|0x0000000088400000, 0x0000000088500000, 0x0000000088500000|100%|HS|  |TAMS 0x0000000088400000, 0x0000000088400000| Complete 
| 133|0x0000000088500000, 0x0000000088600000, 0x0000000088600000|100%|HC|  |TAMS 0x0000000088500000, 0x0000000088500000| Complete 
| 134|0x0000000088600000, 0x0000000088700000, 0x0000000088700000|100%|HS|  |TAMS 0x0000000088600000, 0x0000000088600000| Complete 
| 135|0x0000000088700000, 0x0000000088800000, 0x0000000088800000|100%|HC|  |TAMS 0x0000000088700000, 0x0000000088700000| Complete 
| 136|0x0000000088800000, 0x0000000088900000, 0x0000000088900000|100%|HC|  |TAMS 0x0000000088800000, 0x0000000088800000| Complete 
| 137|0x0000000088900000, 0x0000000088a00000, 0x0000000088a00000|100%|HC|  |TAMS 0x0000000088900000, 0x0000000088900000| Complete 
| 138|0x0000000088a00000, 0x0000000088b00000, 0x0000000088b00000|100%|HS|  |TAMS 0x0000000088a00000, 0x0000000088a00000| Complete 
| 139|0x0000000088b00000, 0x0000000088c00000, 0x0000000088c00000|100%|HC|  |TAMS 0x0000000088b00000, 0x0000000088b00000| Complete 
| 140|0x0000000088c00000, 0x0000000088d00000, 0x0000000088d00000|100%|HC|  |TAMS 0x0000000088c00000, 0x0000000088c00000| Complete 
| 141|0x0000000088d00000, 0x0000000088e00000, 0x0000000088e00000|100%|HC|  |TAMS 0x0000000088d00000, 0x0000000088d00000| Complete 
| 142|0x0000000088e00000, 0x0000000088f00000, 0x0000000088f00000|100%|HS|  |TAMS 0x0000000088e00000, 0x0000000088e00000| Complete 
| 143|0x0000000088f00000, 0x0000000089000000, 0x0000000089000000|100%|HS|  |TAMS 0x0000000088f00000, 0x0000000088f00000| Complete 
| 144|0x0000000089000000, 0x0000000089100000, 0x0000000089100000|100%|HS|  |TAMS 0x0000000089000000, 0x0000000089000000| Complete 
| 145|0x0000000089100000, 0x0000000089200000, 0x0000000089200000|100%|HS|  |TAMS 0x0000000089100000, 0x0000000089100000| Complete 
| 146|0x0000000089200000, 0x0000000089300000, 0x0000000089300000|100%|HS|  |TAMS 0x0000000089200000, 0x0000000089200000| Complete 
| 147|0x0000000089300000, 0x0000000089400000, 0x0000000089400000|100%|HS|  |TAMS 0x0000000089300000, 0x0000000089300000| Complete 
| 148|0x0000000089400000, 0x0000000089500000, 0x0000000089500000|100%|HC|  |TAMS 0x0000000089400000, 0x0000000089400000| Complete 
| 149|0x0000000089500000, 0x0000000089600000, 0x0000000089600000|100%|HS|  |TAMS 0x0000000089500000, 0x0000000089500000| Complete 
| 150|0x0000000089600000, 0x0000000089700000, 0x0000000089700000|100%|HC|  |TAMS 0x0000000089600000, 0x0000000089600000| Complete 
| 151|0x0000000089700000, 0x0000000089800000, 0x0000000089800000|100%|HS|  |TAMS 0x0000000089700000, 0x0000000089700000| Complete 
| 152|0x0000000089800000, 0x0000000089900000, 0x0000000089900000|100%|HC|  |TAMS 0x0000000089800000, 0x0000000089800000| Complete 
| 153|0x0000000089900000, 0x0000000089a00000, 0x0000000089a00000|100%|HC|  |TAMS 0x0000000089900000, 0x0000000089900000| Complete 
| 154|0x0000000089a00000, 0x0000000089b00000, 0x0000000089b00000|100%|HS|  |TAMS 0x0000000089a00000, 0x0000000089a00000| Complete 
| 155|0x0000000089b00000, 0x0000000089c00000, 0x0000000089c00000|100%|HC|  |TAMS 0x0000000089b00000, 0x0000000089b00000| Complete 
| 156|0x0000000089c00000, 0x0000000089d00000, 0x0000000089d00000|100%|HC|  |TAMS 0x0000000089c00000, 0x0000000089c00000| Complete 
| 157|0x0000000089d00000, 0x0000000089e00000, 0x0000000089e00000|100%|HS|  |TAMS 0x0000000089d00000, 0x0000000089d00000| Complete 
| 158|0x0000000089e00000, 0x0000000089f00000, 0x0000000089f00000|100%|HS|  |TAMS 0x0000000089e00000, 0x0000000089e00000| Complete 
| 159|0x0000000089f00000, 0x000000008a000000, 0x000000008a000000|100%|HS|  |TAMS 0x0000000089f00000, 0x0000000089f00000| Complete 
| 160|0x000000008a000000, 0x000000008a100000, 0x000000008a100000|100%|HS|  |TAMS 0x000000008a000000, 0x000000008a000000| Complete 
| 161|0x000000008a100000, 0x000000008a200000, 0x000000008a200000|100%|HS|  |TAMS 0x000000008a100000, 0x000000008a100000| Complete 
| 162|0x000000008a200000, 0x000000008a300000, 0x000000008a300000|100%|HC|  |TAMS 0x000000008a200000, 0x000000008a200000| Complete 
| 163|0x000000008a300000, 0x000000008a400000, 0x000000008a400000|100%|HC|  |TAMS 0x000000008a300000, 0x000000008a300000| Complete 
| 164|0x000000008a400000, 0x000000008a500000, 0x000000008a500000|100%|HS|  |TAMS 0x000000008a400000, 0x000000008a400000| Complete 
| 165|0x000000008a500000, 0x000000008a600000, 0x000000008a600000|100%|HC|  |TAMS 0x000000008a500000, 0x000000008a500000| Complete 
| 166|0x000000008a600000, 0x000000008a700000, 0x000000008a700000|100%|HC|  |TAMS 0x000000008a600000, 0x000000008a600000| Complete 
| 167|0x000000008a700000, 0x000000008a700000, 0x000000008a800000|  0%| F|  |TAMS 0x000000008a700000, 0x000000008a700000| Untracked 
| 168|0x000000008a800000, 0x000000008a800000, 0x000000008a900000|  0%| F|  |TAMS 0x000000008a800000, 0x000000008a800000| Untracked 
| 169|0x000000008a900000, 0x000000008a900000, 0x000000008aa00000|  0%| F|  |TAMS 0x000000008a900000, 0x000000008a900000| Untracked 
| 170|0x000000008aa00000, 0x000000008aa00000, 0x000000008ab00000|  0%| F|  |TAMS 0x000000008aa00000, 0x000000008aa00000| Untracked 
| 171|0x000000008ab00000, 0x000000008ab00000, 0x000000008ac00000|  0%| F|  |TAMS 0x000000008ab00000, 0x000000008ab00000| Untracked 
| 172|0x000000008ac00000, 0x000000008ac00000, 0x000000008ad00000|  0%| F|  |TAMS 0x000000008ac00000, 0x000000008ac00000| Untracked 
| 173|0x000000008ad00000, 0x000000008ad00000, 0x000000008ae00000|  0%| F|  |TAMS 0x000000008ad00000, 0x000000008ad00000| Untracked 
| 174|0x000000008ae00000, 0x000000008ae00000, 0x000000008af00000|  0%| F|  |TAMS 0x000000008ae00000, 0x000000008ae00000| Untracked 
| 175|0x000000008af00000, 0x000000008af00000, 0x000000008b000000|  0%| F|  |TAMS 0x000000008af00000, 0x000000008af00000| Untracked 
| 176|0x000000008b000000, 0x000000008b000000, 0x000000008b100000|  0%| F|  |TAMS 0x000000008b000000, 0x000000008b000000| Untracked 
| 177|0x000000008b100000, 0x000000008b100000, 0x000000008b200000|  0%| F|  |TAMS 0x000000008b100000, 0x000000008b100000| Untracked 
| 178|0x000000008b200000, 0x000000008b200000, 0x000000008b300000|  0%| F|  |TAMS 0x000000008b200000, 0x000000008b200000| Untracked 
| 179|0x000000008b300000, 0x000000008b300000, 0x000000008b400000|  0%| F|  |TAMS 0x000000008b300000, 0x000000008b300000| Untracked 
| 180|0x000000008b400000, 0x000000008b400000, 0x000000008b500000|  0%| F|  |TAMS 0x000000008b400000, 0x000000008b400000| Untracked 
| 181|0x000000008b500000, 0x000000008b500000, 0x000000008b600000|  0%| F|  |TAMS 0x000000008b500000, 0x000000008b500000| Untracked 
| 182|0x000000008b600000, 0x000000008b600000, 0x000000008b700000|  0%| F|  |TAMS 0x000000008b600000, 0x000000008b600000| Untracked 
| 183|0x000000008b700000, 0x000000008b700000, 0x000000008b800000|  0%| F|  |TAMS 0x000000008b700000, 0x000000008b700000| Untracked 
| 184|0x000000008b800000, 0x000000008b800000, 0x000000008b900000|  0%| F|  |TAMS 0x000000008b800000, 0x000000008b800000| Untracked 
| 185|0x000000008b900000, 0x000000008b900000, 0x000000008ba00000|  0%| F|  |TAMS 0x000000008b900000, 0x000000008b900000| Untracked 
| 186|0x000000008ba00000, 0x000000008ba00000, 0x000000008bb00000|  0%| F|  |TAMS 0x000000008ba00000, 0x000000008ba00000| Untracked 
| 187|0x000000008bb00000, 0x000000008bb00000, 0x000000008bc00000|  0%| F|  |TAMS 0x000000008bb00000, 0x000000008bb00000| Untracked 
| 188|0x000000008bc00000, 0x000000008bc00000, 0x000000008bd00000|  0%| F|  |TAMS 0x000000008bc00000, 0x000000008bc00000| Untracked 
| 189|0x000000008bd00000, 0x000000008bd00000, 0x000000008be00000|  0%| F|  |TAMS 0x000000008bd00000, 0x000000008bd00000| Untracked 
| 190|0x000000008be00000, 0x000000008be00000, 0x000000008bf00000|  0%| F|  |TAMS 0x000000008be00000, 0x000000008be00000| Untracked 
| 191|0x000000008bf00000, 0x000000008bf00000, 0x000000008c000000|  0%| F|  |TAMS 0x000000008bf00000, 0x000000008bf00000| Untracked 
| 192|0x000000008c000000, 0x000000008c000000, 0x000000008c100000|  0%| F|  |TAMS 0x000000008c000000, 0x000000008c000000| Untracked 
| 193|0x000000008c100000, 0x000000008c100000, 0x000000008c200000|  0%| F|  |TAMS 0x000000008c100000, 0x000000008c100000| Untracked 
| 194|0x000000008c200000, 0x000000008c200000, 0x000000008c300000|  0%| F|  |TAMS 0x000000008c200000, 0x000000008c200000| Untracked 
| 195|0x000000008c300000, 0x000000008c300000, 0x000000008c400000|  0%| F|  |TAMS 0x000000008c300000, 0x000000008c300000| Untracked 
| 196|0x000000008c400000, 0x000000008c400000, 0x000000008c500000|  0%| F|  |TAMS 0x000000008c400000, 0x000000008c400000| Untracked 
| 197|0x000000008c500000, 0x000000008c500000, 0x000000008c600000|  0%| F|  |TAMS 0x000000008c500000, 0x000000008c500000| Untracked 
| 198|0x000000008c600000, 0x000000008c600000, 0x000000008c700000|  0%| F|  |TAMS 0x000000008c600000, 0x000000008c600000| Untracked 
| 199|0x000000008c700000, 0x000000008c700000, 0x000000008c800000|  0%| F|  |TAMS 0x000000008c700000, 0x000000008c700000| Untracked 
| 200|0x000000008c800000, 0x000000008c800000, 0x000000008c900000|  0%| F|  |TAMS 0x000000008c800000, 0x000000008c800000| Untracked 
| 201|0x000000008c900000, 0x000000008c900000, 0x000000008ca00000|  0%| F|  |TAMS 0x000000008c900000, 0x000000008c900000| Untracked 
| 202|0x000000008ca00000, 0x000000008ca00000, 0x000000008cb00000|  0%| F|  |TAMS 0x000000008ca00000, 0x000000008ca00000| Untracked 
| 203|0x000000008cb00000, 0x000000008cb00000, 0x000000008cc00000|  0%| F|  |TAMS 0x000000008cb00000, 0x000000008cb00000| Untracked 
| 204|0x000000008cc00000, 0x000000008cc00000, 0x000000008cd00000|  0%| F|  |TAMS 0x000000008cc00000, 0x000000008cc00000| Untracked 
| 205|0x000000008cd00000, 0x000000008cd00000, 0x000000008ce00000|  0%| F|  |TAMS 0x000000008cd00000, 0x000000008cd00000| Untracked 
| 206|0x000000008ce00000, 0x000000008ce00000, 0x000000008cf00000|  0%| F|  |TAMS 0x000000008ce00000, 0x000000008ce00000| Untracked 
| 207|0x000000008cf00000, 0x000000008cf00000, 0x000000008d000000|  0%| F|  |TAMS 0x000000008cf00000, 0x000000008cf00000| Untracked 
| 208|0x000000008d000000, 0x000000008d000000, 0x000000008d100000|  0%| F|  |TAMS 0x000000008d000000, 0x000000008d000000| Untracked 
| 209|0x000000008d100000, 0x000000008d100000, 0x000000008d200000|  0%| F|  |TAMS 0x000000008d100000, 0x000000008d100000| Untracked 
| 210|0x000000008d200000, 0x000000008d200000, 0x000000008d300000|  0%| F|  |TAMS 0x000000008d200000, 0x000000008d200000| Untracked 
| 211|0x000000008d300000, 0x000000008d300000, 0x000000008d400000|  0%| F|  |TAMS 0x000000008d300000, 0x000000008d300000| Untracked 
| 212|0x000000008d400000, 0x000000008d400000, 0x000000008d500000|  0%| F|  |TAMS 0x000000008d400000, 0x000000008d400000| Untracked 
| 213|0x000000008d500000, 0x000000008d500000, 0x000000008d600000|  0%| F|  |TAMS 0x000000008d500000, 0x000000008d500000| Untracked 
| 214|0x000000008d600000, 0x000000008d600000, 0x000000008d700000|  0%| F|  |TAMS 0x000000008d600000, 0x000000008d600000| Untracked 
| 215|0x000000008d700000, 0x000000008d700000, 0x000000008d800000|  0%| F|  |TAMS 0x000000008d700000, 0x000000008d700000| Untracked 
| 216|0x000000008d800000, 0x000000008d800000, 0x000000008d900000|  0%| F|  |TAMS 0x000000008d800000, 0x000000008d800000| Untracked 
| 217|0x000000008d900000, 0x000000008d900000, 0x000000008da00000|  0%| F|  |TAMS 0x000000008d900000, 0x000000008d900000| Untracked 
| 218|0x000000008da00000, 0x000000008da00000, 0x000000008db00000|  0%| F|  |TAMS 0x000000008da00000, 0x000000008da00000| Untracked 
| 219|0x000000008db00000, 0x000000008db00000, 0x000000008dc00000|  0%| F|  |TAMS 0x000000008db00000, 0x000000008db00000| Untracked 
| 220|0x000000008dc00000, 0x000000008dc00000, 0x000000008dd00000|  0%| F|  |TAMS 0x000000008dc00000, 0x000000008dc00000| Untracked 
| 221|0x000000008dd00000, 0x000000008dd00000, 0x000000008de00000|  0%| F|  |TAMS 0x000000008dd00000, 0x000000008dd00000| Untracked 
| 222|0x000000008de00000, 0x000000008de00000, 0x000000008df00000|  0%| F|  |TAMS 0x000000008de00000, 0x000000008de00000| Untracked 
| 223|0x000000008df00000, 0x000000008df00000, 0x000000008e000000|  0%| F|  |TAMS 0x000000008df00000, 0x000000008df00000| Untracked 
| 224|0x000000008e000000, 0x000000008e000000, 0x000000008e100000|  0%| F|  |TAMS 0x000000008e000000, 0x000000008e000000| Untracked 
| 225|0x000000008e100000, 0x000000008e100000, 0x000000008e200000|  0%| F|  |TAMS 0x000000008e100000, 0x000000008e100000| Untracked 
| 226|0x000000008e200000, 0x000000008e200000, 0x000000008e300000|  0%| F|  |TAMS 0x000000008e200000, 0x000000008e200000| Untracked 
| 227|0x000000008e300000, 0x000000008e300000, 0x000000008e400000|  0%| F|  |TAMS 0x000000008e300000, 0x000000008e300000| Untracked 
| 228|0x000000008e400000, 0x000000008e400000, 0x000000008e500000|  0%| F|  |TAMS 0x000000008e400000, 0x000000008e400000| Untracked 
| 229|0x000000008e500000, 0x000000008e500000, 0x000000008e600000|  0%| F|  |TAMS 0x000000008e500000, 0x000000008e500000| Untracked 
| 230|0x000000008e600000, 0x000000008e600000, 0x000000008e700000|  0%| F|  |TAMS 0x000000008e600000, 0x000000008e600000| Untracked 
| 231|0x000000008e700000, 0x000000008e700000, 0x000000008e800000|  0%| F|  |TAMS 0x000000008e700000, 0x000000008e700000| Untracked 
| 232|0x000000008e800000, 0x000000008e800000, 0x000000008e900000|  0%| F|  |TAMS 0x000000008e800000, 0x000000008e800000| Untracked 
| 233|0x000000008e900000, 0x000000008e900000, 0x000000008ea00000|  0%| F|  |TAMS 0x000000008e900000, 0x000000008e900000| Untracked 
| 234|0x000000008ea00000, 0x000000008ea00000, 0x000000008eb00000|  0%| F|  |TAMS 0x000000008ea00000, 0x000000008ea00000| Untracked 
| 235|0x000000008eb00000, 0x000000008eb00000, 0x000000008ec00000|  0%| F|  |TAMS 0x000000008eb00000, 0x000000008eb00000| Untracked 
| 236|0x000000008ec00000, 0x000000008ec00000, 0x000000008ed00000|  0%| F|  |TAMS 0x000000008ec00000, 0x000000008ec00000| Untracked 
| 237|0x000000008ed00000, 0x000000008ed00000, 0x000000008ee00000|  0%| F|  |TAMS 0x000000008ed00000, 0x000000008ed00000| Untracked 
| 238|0x000000008ee00000, 0x000000008ee00000, 0x000000008ef00000|  0%| F|  |TAMS 0x000000008ee00000, 0x000000008ee00000| Untracked 
| 239|0x000000008ef00000, 0x000000008ef00000, 0x000000008f000000|  0%| F|  |TAMS 0x000000008ef00000, 0x000000008ef00000| Untracked 
| 240|0x000000008f000000, 0x000000008f000000, 0x000000008f100000|  0%| F|  |TAMS 0x000000008f000000, 0x000000008f000000| Untracked 
| 241|0x000000008f100000, 0x000000008f100000, 0x000000008f200000|  0%| F|  |TAMS 0x000000008f100000, 0x000000008f100000| Untracked 
| 242|0x000000008f200000, 0x000000008f200000, 0x000000008f300000|  0%| F|  |TAMS 0x000000008f200000, 0x000000008f200000| Untracked 
| 243|0x000000008f300000, 0x000000008f300000, 0x000000008f400000|  0%| F|  |TAMS 0x000000008f300000, 0x000000008f300000| Untracked 
| 244|0x000000008f400000, 0x000000008f400000, 0x000000008f500000|  0%| F|  |TAMS 0x000000008f400000, 0x000000008f400000| Untracked 
| 245|0x000000008f500000, 0x000000008f5d5268, 0x000000008f600000| 83%| E|  |TAMS 0x000000008f500000, 0x000000008f500000| Complete 
| 246|0x000000008f600000, 0x000000008f700000, 0x000000008f700000|100%| E|CS|TAMS 0x000000008f600000, 0x000000008f600000| Complete 
| 247|0x000000008f700000, 0x000000008f800000, 0x000000008f800000|100%| E|  |TAMS 0x000000008f700000, 0x000000008f700000| Complete 
| 248|0x000000008f800000, 0x000000008f900000, 0x000000008f900000|100%| E|CS|TAMS 0x000000008f800000, 0x000000008f800000| Complete 
| 249|0x000000008f900000, 0x000000008fa00000, 0x000000008fa00000|100%| E|CS|TAMS 0x000000008f900000, 0x000000008f900000| Complete 
| 250|0x000000008fa00000, 0x000000008fb00000, 0x000000008fb00000|100%| E|CS|TAMS 0x000000008fa00000, 0x000000008fa00000| Complete 
| 251|0x000000008fb00000, 0x000000008fc00000, 0x000000008fc00000|100%| E|CS|TAMS 0x000000008fb00000, 0x000000008fb00000| Complete 
| 252|0x000000008fc00000, 0x000000008fc74d60, 0x000000008fd00000| 45%| S|CS|TAMS 0x000000008fc00000, 0x000000008fc00000| Complete 
| 253|0x000000008fd00000, 0x000000008fe00000, 0x000000008fe00000|100%| S|CS|TAMS 0x000000008fd00000, 0x000000008fd00000| Complete 
| 254|0x000000008fe00000, 0x000000008ff00000, 0x000000008ff00000|100%| S|CS|TAMS 0x000000008fe00000, 0x000000008fe00000| Complete 
| 255|0x000000008ff00000, 0x0000000090000000, 0x0000000090000000|100%| E|CS|TAMS 0x000000008ff00000, 0x000000008ff00000| Complete 
| 256|0x0000000090000000, 0x0000000090100000, 0x0000000090100000|100%| E|CS|TAMS 0x0000000090000000, 0x0000000090000000| Complete 
| 257|0x0000000090100000, 0x0000000090200000, 0x0000000090200000|100%| E|CS|TAMS 0x0000000090100000, 0x0000000090100000| Complete 
| 258|0x0000000090200000, 0x0000000090300000, 0x0000000090300000|100%| E|CS|TAMS 0x0000000090200000, 0x0000000090200000| Complete 
| 259|0x0000000090300000, 0x0000000090400000, 0x0000000090400000|100%| E|CS|TAMS 0x0000000090300000, 0x0000000090300000| Complete 
| 260|0x0000000090400000, 0x0000000090500000, 0x0000000090500000|100%| E|CS|TAMS 0x0000000090400000, 0x0000000090400000| Complete 
| 261|0x0000000090500000, 0x0000000090600000, 0x0000000090600000|100%| E|CS|TAMS 0x0000000090500000, 0x0000000090500000| Complete 
| 262|0x0000000090600000, 0x0000000090700000, 0x0000000090700000|100%| E|CS|TAMS 0x0000000090600000, 0x0000000090600000| Complete 
| 263|0x0000000090700000, 0x0000000090800000, 0x0000000090800000|100%| E|CS|TAMS 0x0000000090700000, 0x0000000090700000| Complete 
| 264|0x0000000090800000, 0x0000000090900000, 0x0000000090900000|100%| E|CS|TAMS 0x0000000090800000, 0x0000000090800000| Complete 
| 265|0x0000000090900000, 0x0000000090a00000, 0x0000000090a00000|100%| E|CS|TAMS 0x0000000090900000, 0x0000000090900000| Complete 
| 266|0x0000000090a00000, 0x0000000090b00000, 0x0000000090b00000|100%| E|CS|TAMS 0x0000000090a00000, 0x0000000090a00000| Complete 

Card table byte_map: [0x000001387eff0000,0x000001387f3f0000] _byte_map_base: 0x000001387ebf0000

Marking Bits (Prev, Next): (CMBitMap*) 0x000001387b050040, (CMBitMap*) 0x000001387b050008
 Prev Bits: [0x0000013811000000, 0x0000013813000000)
 Next Bits: [0x000001380f000000, 0x0000013811000000)

Polling page: 0x0000013878f90000

Metaspace:

Usage:
  Non-class:     79.26 MB capacity,    77.88 MB ( 98%) used,     1.13 MB (  1%) free+waste,   254.88 KB ( <1%) overhead. 
      Class:     12.34 MB capacity,    11.51 MB ( 93%) used,   728.38 KB (  6%) free+waste,   114.44 KB ( <1%) overhead. 
       Both:     91.59 MB capacity,    89.39 MB ( 98%) used,     1.84 MB (  2%) free+waste,   369.31 KB ( <1%) overhead. 

Virtual space:
  Non-class space:       80.00 MB reserved,      79.68 MB (>99%) committed 
      Class space:        1.00 GB reserved,      12.45 MB (  1%) committed 
             Both:        1.08 GB reserved,      92.13 MB (  8%) committed 

Chunk freelists:
   Non-Class:  236.00 KB
       Class:  104.00 KB
        Both:  340.00 KB

MaxMetaspaceSize: 17179869184.00 GB
CompressedClassSpaceSize: 1.00 GB

CodeHeap 'non-profiled nmethods': size=120064Kb used=5723Kb max_used=5723Kb free=114340Kb
 bounds [0x0000013807ac0000, 0x0000013808060000, 0x000001380f000000]
CodeHeap 'profiled nmethods': size=120000Kb used=22350Kb max_used=22350Kb free=97649Kb
 bounds [0x0000013800590000, 0x0000013801b70000, 0x0000013807ac0000]
CodeHeap 'non-nmethods': size=5696Kb used=2304Kb max_used=2360Kb free=3391Kb
 bounds [0x0000013800000000, 0x0000013800270000, 0x0000013800590000]
 total_blobs=12092 nmethods=11185 adapters=818
 compilation: enabled
              stopped_count=0, restarted_count=0
 full_count=0

Compilation events (20 events):
Event: 8.130 Thread 0x0000013815a11800 11249       3       com.android.tools.r8.internal.n8::e (8 bytes)
Event: 8.131 Thread 0x0000013815a11800 nmethod 11249 0x0000013801b4a710 code [0x0000013801b4a8c0, 0x0000013801b4a9d8]
Event: 8.137 Thread 0x0000013815a11800 11251 %     3       com.android.tools.r8.dex.j::k @ 35 (63 bytes)
Event: 8.137 Thread 0x0000013815a11800 nmethod 11251% 0x0000013801b4aa90 code [0x0000013801b4acc0, 0x0000013801b4b528]
Event: 8.137 Thread 0x0000013815a11800 11250       3       com.android.tools.r8.internal.va::<init> (42 bytes)
Event: 8.137 Thread 0x0000013815a11800 nmethod 11250 0x0000013801b4b910 code [0x0000013801b4bac0, 0x0000013801b4bc38]
Event: 8.137 Thread 0x0000013815a11800 11254       3       com.android.tools.r8.dex.j::k (63 bytes)
Event: 8.138 Thread 0x0000013815a11800 nmethod 11254 0x0000013801b4bd10 code [0x0000013801b4bf40, 0x0000013801b4c708]
Event: 8.138 Thread 0x0000013815a11800 11252       3       java.nio.HeapByteBuffer::get (15 bytes)
Event: 8.138 Thread 0x0000013815a11800 nmethod 11252 0x0000013801b4ca90 code [0x0000013801b4cc60, 0x0000013801b4ce38]
Event: 8.138 Thread 0x0000013815a11800 11253       3       com.android.tools.r8.internal.n8::a (9 bytes)
Event: 8.138 Thread 0x0000013815a11800 nmethod 11253 0x0000013801b4cf90 code [0x0000013801b4d140, 0x0000013801b4d308]
Event: 8.138 Thread 0x0000013815a11800 11255       3       java.lang.Math::ceil (5 bytes)
Event: 8.138 Thread 0x0000013815a11800 nmethod 11255 0x0000013801b4d410 code [0x0000013801b4d600, 0x0000013801b4d788]
Event: 8.138 Thread 0x0000013815a11800 11256       1       com.android.tools.r8.dex.a::a (5 bytes)
Event: 8.138 Thread 0x0000013815a11800 nmethod 11256 0x0000013808055d90 code [0x0000013808055f40, 0x0000013808055fd8]
Event: 8.144 Thread 0x0000013815a11800 11257       3       java.lang.Math::getExponent (17 bytes)
Event: 8.144 Thread 0x0000013815a11800 nmethod 11257 0x0000013801b4d890 code [0x0000013801b4da40, 0x0000013801b4db58]
Event: 8.144 Thread 0x0000013815a11800 11258       3       java.lang.StrictMath::floorOrCeil (128 bytes)
Event: 8.144 Thread 0x0000013815a11800 nmethod 11258 0x0000013801b4dc10 code [0x0000013801b4dde0, 0x0000013801b4e238]

GC Heap History (20 events):
Event: 4.833 GC heap before
{Heap before GC invocations=14 (full 0):
 garbage-first heap   total 189440K, used 122088K [0x0000000080000000, 0x0000000100000000)
  region size 1024K, 77 young (78848K), 7 survivors (7168K)
 Metaspace       used 68595K, capacity 70215K, committed 70400K, reserved 1110016K
  class space    used 8894K, capacity 9510K, committed 9548K, reserved 1048576K
}
Event: 4.842 GC heap after
{Heap after GC invocations=15 (full 0):
 garbage-first heap   total 189440K, used 55838K [0x0000000080000000, 0x0000000100000000)
  region size 1024K, 10 young (10240K), 10 survivors (10240K)
 Metaspace       used 68595K, capacity 70215K, committed 70400K, reserved 1110016K
  class space    used 8894K, capacity 9510K, committed 9548K, reserved 1048576K
}
Event: 5.251 GC heap before
{Heap before GC invocations=15 (full 0):
 garbage-first heap   total 189440K, used 128542K [0x0000000080000000, 0x0000000100000000)
  region size 1024K, 81 young (82944K), 10 survivors (10240K)
 Metaspace       used 72962K, capacity 74774K, committed 75008K, reserved 1114112K
  class space    used 9564K, capacity 10204K, committed 10316K, reserved 1048576K
}
Event: 5.260 GC heap after
{Heap after GC invocations=16 (full 0):
 garbage-first heap   total 189440K, used 60536K [0x0000000080000000, 0x0000000100000000)
  region size 1024K, 10 young (10240K), 10 survivors (10240K)
 Metaspace       used 72962K, capacity 74774K, committed 75008K, reserved 1114112K
  class space    used 9564K, capacity 10204K, committed 10316K, reserved 1048576K
}
Event: 5.880 GC heap before
{Heap before GC invocations=16 (full 0):
 garbage-first heap   total 189440K, used 133240K [0x0000000080000000, 0x0000000100000000)
  region size 1024K, 81 young (82944K), 10 survivors (10240K)
 Metaspace       used 78646K, capacity 80575K, committed 80768K, reserved 1120256K
  class space    used 10271K, capacity 10947K, committed 10956K, reserved 1048576K
}
Event: 5.890 GC heap after
{Heap after GC invocations=17 (full 0):
 garbage-first heap   total 189440K, used 67398K [0x0000000080000000, 0x0000000100000000)
  region size 1024K, 11 young (11264K), 11 survivors (11264K)
 Metaspace       used 78646K, capacity 80575K, committed 80768K, reserved 1120256K
  class space    used 10271K, capacity 10947K, committed 10956K, reserved 1048576K
}
Event: 6.215 GC heap before
{Heap before GC invocations=17 (full 0):
 garbage-first heap   total 189440K, used 138054K [0x0000000080000000, 0x0000000100000000)
  region size 1024K, 81 young (82944K), 11 survivors (11264K)
 Metaspace       used 79923K, capacity 82090K, committed 82432K, reserved 1120256K
  class space    used 10451K, capacity 11230K, committed 11340K, reserved 1048576K
}
Event: 6.225 GC heap after
{Heap after GC invocations=18 (full 0):
 garbage-first heap   total 227328K, used 73351K [0x0000000080000000, 0x0000000100000000)
  region size 1024K, 6 young (6144K), 6 survivors (6144K)
 Metaspace       used 79923K, capacity 82090K, committed 82432K, reserved 1120256K
  class space    used 10451K, capacity 11230K, committed 11340K, reserved 1048576K
}
Event: 6.712 GC heap before
{Heap before GC invocations=18 (full 0):
 garbage-first heap   total 227328K, used 157319K [0x0000000080000000, 0x0000000100000000)
  region size 1024K, 89 young (91136K), 6 survivors (6144K)
 Metaspace       used 83106K, capacity 85347K, committed 85504K, reserved 1124352K
  class space    used 10739K, capacity 11563K, committed 11596K, reserved 1048576K
}
Event: 6.721 GC heap after
{Heap after GC invocations=19 (full 0):
 garbage-first heap   total 227328K, used 76437K [0x0000000080000000, 0x0000000100000000)
  region size 1024K, 9 young (9216K), 9 survivors (9216K)
 Metaspace       used 83106K, capacity 85347K, committed 85504K, reserved 1124352K
  class space    used 10739K, capacity 11563K, committed 11596K, reserved 1048576K
}
Event: 7.146 GC heap before
{Heap before GC invocations=19 (full 0):
 garbage-first heap   total 227328K, used 168597K [0x0000000080000000, 0x0000000100000000)
  region size 1024K, 100 young (102400K), 9 survivors (9216K)
 Metaspace       used 87096K, capacity 89330K, committed 89600K, reserved 1126400K
  class space    used 11239K, capacity 12055K, committed 12108K, reserved 1048576K
}
Event: 7.154 GC heap after
{Heap after GC invocations=20 (full 0):
 garbage-first heap   total 227328K, used 81036K [0x0000000080000000, 0x0000000100000000)
  region size 1024K, 9 young (9216K), 9 survivors (9216K)
 Metaspace       used 87096K, capacity 89330K, committed 89600K, reserved 1126400K
  class space    used 11239K, capacity 12055K, committed 12108K, reserved 1048576K
}
Event: 7.434 GC heap before
{Heap before GC invocations=20 (full 0):
 garbage-first heap   total 227328K, used 181388K [0x0000000080000000, 0x0000000100000000)
  region size 1024K, 100 young (102400K), 9 survivors (9216K)
 Metaspace       used 87657K, capacity 89869K, committed 90240K, reserved 1128448K
  class space    used 11302K, capacity 12097K, committed 12236K, reserved 1048576K
}
Event: 7.446 GC heap after
{Heap after GC invocations=21 (full 0):
 garbage-first heap   total 227328K, used 86960K [0x0000000080000000, 0x0000000100000000)
  region size 1024K, 11 young (11264K), 11 survivors (11264K)
 Metaspace       used 87657K, capacity 89869K, committed 90240K, reserved 1128448K
  class space    used 11302K, capacity 12097K, committed 12236K, reserved 1048576K
}
Event: 7.740 GC heap before
{Heap before GC invocations=21 (full 0):
 garbage-first heap   total 227328K, used 183216K [0x0000000080000000, 0x0000000100000000)
  region size 1024K, 101 young (103424K), 11 survivors (11264K)
 Metaspace       used 88738K, capacity 91083K, committed 91392K, reserved 1128448K
  class space    used 11414K, capacity 12242K, committed 12364K, reserved 1048576K
}
Event: 7.751 GC heap after
{Heap after GC invocations=22 (full 0):
 garbage-first heap   total 227328K, used 95341K [0x0000000080000000, 0x0000000100000000)
  region size 1024K, 10 young (10240K), 10 survivors (10240K)
 Metaspace       used 88738K, capacity 91083K, committed 91392K, reserved 1128448K
  class space    used 11414K, capacity 12242K, committed 12364K, reserved 1048576K
}
Event: 7.935 GC heap before
{Heap before GC invocations=22 (full 0):
 garbage-first heap   total 227328K, used 132205K [0x0000000080000000, 0x0000000100000000)
  region size 1024K, 32 young (32768K), 10 survivors (10240K)
 Metaspace       used 89099K, capacity 91465K, committed 91648K, reserved 1128448K
  class space    used 11467K, capacity 12350K, committed 12364K, reserved 1048576K
}
Event: 7.943 GC heap after
{Heap after GC invocations=23 (full 0):
 garbage-first heap   total 273408K, used 119808K [0x0000000080000000, 0x0000000100000000)
  region size 1024K, 12 young (12288K), 12 survivors (12288K)
 Metaspace       used 89099K, capacity 91465K, committed 91648K, reserved 1128448K
  class space    used 11467K, capacity 12350K, committed 12364K, reserved 1048576K
}
Event: 8.119 GC heap before
{Heap before GC invocations=24 (full 0):
 garbage-first heap   total 273408K, used 144384K [0x0000000080000000, 0x0000000100000000)
  region size 1024K, 24 young (24576K), 12 survivors (12288K)
 Metaspace       used 91331K, capacity 93558K, committed 94080K, reserved 1130496K
  class space    used 11764K, capacity 12597K, committed 12748K, reserved 1048576K
}
Event: 8.128 GC heap after
{Heap after GC invocations=25 (full 0):
 garbage-first heap   total 273408K, used 131949K [0x0000000080000000, 0x0000000100000000)
  region size 1024K, 3 young (3072K), 3 survivors (3072K)
 Metaspace       used 91331K, capacity 93558K, committed 94080K, reserved 1130496K
  class space    used 11764K, capacity 12597K, committed 12748K, reserved 1048576K
}

Deoptimization events (20 events):
Event: 7.666 Thread 0x00000138189a0800 Uncommon trap: trap_request=0xffffff4d fr.pc=0x0000013807b93cc0 relative=0x0000000000000900
Event: 7.666 Thread 0x00000138189a0800 Uncommon trap: reason=unstable_if action=reinterpret pc=0x0000013807b93cc0 method=java.lang.Integer.stringSize(I)I @ 19 c2
Event: 7.666 Thread 0x00000138189a0800 DEOPT PACKING pc=0x0000013807b93cc0 sp=0x0000002445bf7080
Event: 7.666 Thread 0x00000138189a0800 DEOPT UNPACKING pc=0x00000138000278af sp=0x0000002445bf6fc8 mode 2
Event: 7.813 Thread 0x000001381b158800 Uncommon trap: trap_request=0xffffff4d fr.pc=0x0000013807e36418 relative=0x0000000000000ed8
Event: 7.813 Thread 0x000001381b158800 Uncommon trap: reason=unstable_if action=reinterpret pc=0x0000013807e36418 method=java.lang.Class.getTypeName()Ljava/lang/String; @ 23 c2
Event: 7.813 Thread 0x000001381b158800 DEOPT PACKING pc=0x0000013807e36418 sp=0x0000002447ff9870
Event: 7.813 Thread 0x000001381b158800 DEOPT UNPACKING pc=0x00000138000278af sp=0x0000002447ff9858 mode 2
Event: 7.986 Thread 0x000001381b15d800 Uncommon trap: trap_request=0xffffff4d fr.pc=0x0000013807af17c0 relative=0x00000000000007e0
Event: 7.986 Thread 0x000001381b15d800 Uncommon trap: reason=unstable_if action=reinterpret pc=0x0000013807af17c0 method=java.util.zip.ZipFile$Source.getEntryPos([BZ)I @ 105 c2
Event: 7.986 Thread 0x000001381b15d800 DEOPT PACKING pc=0x0000013807af17c0 sp=0x00000024486fa350
Event: 7.986 Thread 0x000001381b15d800 DEOPT UNPACKING pc=0x00000138000278af sp=0x00000024486fa2f0 mode 2
Event: 8.030 Thread 0x000001381b15d800 Uncommon trap: trap_request=0xffffff4d fr.pc=0x0000013807f05f40 relative=0x00000000000002e0
Event: 8.030 Thread 0x000001381b15d800 Uncommon trap: reason=unstable_if action=reinterpret pc=0x0000013807f05f40 method=com.google.common.collect.MapMakerInternalMap$Segment.getEntry(Ljava/lang/Object;I)Lcom/google/common/collect/MapMakerInternalMap$InternalEntry; @ 63 c2
Event: 8.030 Thread 0x000001381b15d800 DEOPT PACKING pc=0x0000013807f05f40 sp=0x00000024486f8c20
Event: 8.030 Thread 0x000001381b15d800 DEOPT UNPACKING pc=0x00000138000278af sp=0x00000024486f8bd8 mode 2
Event: 8.115 Thread 0x000001381b15d800 Uncommon trap: trap_request=0xffffff4d fr.pc=0x0000013807db46dc relative=0x00000000000000bc
Event: 8.115 Thread 0x000001381b15d800 Uncommon trap: reason=unstable_if action=reinterpret pc=0x0000013807db46dc method=jdk.internal.misc.Unsafe.convEndian(ZS)S @ 4 c2
Event: 8.115 Thread 0x000001381b15d800 DEOPT PACKING pc=0x0000013807db46dc sp=0x00000024486fd7e0
Event: 8.115 Thread 0x000001381b15d800 DEOPT UNPACKING pc=0x00000138000278af sp=0x00000024486fd6a0 mode 2

Classes redefined (0 events):
No events

Internal exceptions (20 events):
Event: 7.506 Thread 0x000001381b153000 Exception <a 'sun/nio/fs/WindowsException'{0x000000008c0153b0}> (0x000000008c0153b0) thrown at [./src/hotspot/share/prims/jni.cpp, line 615]
Event: 7.507 Thread 0x000001381b153000 Exception <a 'sun/nio/fs/WindowsException'{0x000000008c016208}> (0x000000008c016208) thrown at [./src/hotspot/share/prims/jni.cpp, line 615]
Event: 7.513 Thread 0x000001381b153000 Exception <a 'java/lang/NoSuchMethodError'{0x000000008bf14160}: <clinit>> (0x000000008bf14160) thrown at [./src/hotspot/share/prims/jni.cpp, line 1362]
Event: 7.515 Thread 0x000001381b153000 Exception <a 'java/lang/NoSuchMethodError'{0x000000008bf578b0}: <clinit>> (0x000000008bf578b0) thrown at [./src/hotspot/share/prims/jni.cpp, line 1362]
Event: 7.515 Thread 0x000001381b153000 Exception <a 'java/lang/NoSuchMethodError'{0x000000008bf6a408}: <clinit>> (0x000000008bf6a408) thrown at [./src/hotspot/share/prims/jni.cpp, line 1362]
Event: 7.565 Thread 0x000001381b15b800 Exception <a 'java/lang/NoSuchMethodError'{0x000000008b03bce0}: 'void java.lang.invoke.DirectMethodHandle$Holder.invokeStatic(java.lang.Object, long)'> (0x000000008b03bce0) thrown at [./src/hotspot/share/interpreter/linkResolver.cpp, line 773]
Event: 7.565 Thread 0x000001381b15b800 Exception <a 'java/lang/NoSuchMethodError'{0x000000008b040ef8}: 'java.lang.Object java.lang.invoke.DirectMethodHandle$Holder.invokeStatic(java.lang.Object, long)'> (0x000000008b040ef8) thrown at [./src/hotspot/share/interpreter/linkResolver.cpp, line 773]
Event: 7.565 Thread 0x000001381b15b800 Exception <a 'java/lang/NoSuchMethodError'{0x000000008afa15b8}: 'java.lang.Object java.lang.invoke.Invokers$Holder.linkToTargetMethod(long, java.lang.Object)'> (0x000000008afa15b8) thrown at [./src/hotspot/share/interpreter/linkResolver.cpp, line 773]
Event: 7.567 Thread 0x000001381b15b800 Exception <a 'java/lang/NoSuchMethodError'{0x000000008afa9ba0}: 'java.lang.Object java.lang.invoke.DirectMethodHandle$Holder.invokeStaticInit(java.lang.Object, java.lang.Object, long, java.lang.Object)'> (0x000000008afa9ba0) thrown at [./src/hotspot/share/interpreter/linkResolver.cpp, line 773]
Event: 7.567 Thread 0x000001381b15b800 Exception <a 'java/lang/NoSuchMethodError'{0x000000008afe8ae8}: 'java.lang.Object java.lang.invoke.DirectMethodHandle$Holder.invokeStatic(java.lang.Object, java.lang.Object, long)'> (0x000000008afe8ae8) thrown at [./src/hotspot/share/interpreter/linkResolver.cpp, line 773]
Event: 7.568 Thread 0x000001381b15b800 Exception <a 'java/lang/NoSuchMethodError'{0x000000008afef060}: 'java.lang.Object java.lang.invoke.Invokers$Holder.linkToTargetMethod(java.lang.Object, long, java.lang.Object)'> (0x000000008afef060) thrown at [./src/hotspot/share/interpreter/linkResolver.cpp, line 773]
Event: 7.635 Thread 0x000001381b15b800 Exception <a 'java/lang/NoSuchMethodError'{0x0000000089948988}: 'int java.lang.invoke.DirectMethodHandle$Holder.invokeSpecialIFC(java.lang.Object, java.lang.Object, java.lang.Object)'> (0x0000000089948988) thrown at [./src/hotspot/share/interpreter/linkResolver.cpp, line 773]
Event: 7.823 Thread 0x000001381b158800 Exception <a 'sun/nio/fs/WindowsException'{0x000000008ceec878}> (0x000000008ceec878) thrown at [./src/hotspot/share/prims/jni.cpp, line 615]
Event: 7.823 Thread 0x000001381b158800 Exception <a 'sun/nio/fs/WindowsException'{0x000000008ceed6e8}> (0x000000008ceed6e8) thrown at [./src/hotspot/share/prims/jni.cpp, line 615]
Event: 7.823 Thread 0x000001381b158800 Exception <a 'sun/nio/fs/WindowsException'{0x000000008ceed980}> (0x000000008ceed980) thrown at [./src/hotspot/share/prims/jni.cpp, line 615]
Event: 7.831 Thread 0x000001381b158800 Exception <a 'sun/nio/fs/WindowsException'{0x000000008cc1c100}> (0x000000008cc1c100) thrown at [./src/hotspot/share/prims/jni.cpp, line 615]
Event: 7.831 Thread 0x000001381b158800 Exception <a 'sun/nio/fs/WindowsException'{0x000000008cc1cf90}> (0x000000008cc1cf90) thrown at [./src/hotspot/share/prims/jni.cpp, line 615]
Event: 8.024 Thread 0x000001381b15d800 Exception <a 'sun/nio/fs/WindowsException'{0x000000009070ace0}> (0x000000009070ace0) thrown at [./src/hotspot/share/prims/jni.cpp, line 615]
Event: 8.113 Thread 0x000001381b15d800 Exception <a 'java/lang/NoSuchMethodError'{0x00000000901d8ef0}: 'java.lang.Object java.lang.invoke.DirectMethodHandle$Holder.invokeStatic(java.lang.Object, java.lang.Object, java.lang.Object, java.lang.Object, java.lang.Object, java.lang.Object, java.lang.Object, java.lang.Object, java.lang.Object, java.lang.Object, java.lang.Object, java.lang.Object, java.lang.Object, java.lang.Object, java.lang.Object, java.lang.Object, java.lang.Object, java.lang.Object, int, java.lang.Object)'> (0x00000000901d8ef0) thr
Event: 8.113 Thread 0x000001381b15d800 Exception <a 'java/lang/NoSuchMethodError'{0x00000000901de9c0}: 'java.lang.Object java.lang.invoke.DirectMethodHandle$Holder.invokeStaticInit(java.lang.Object, java.lang.Object, java.lang.Object, java.lang.Object, java.lang.Object, java.lang.Object, java.lang.Object, java.lang.Object, java.lang.Object, java.lang.Object, java.lang.Object, java.lang.Object, java.lang.Object, java.lang.Object, java.lang.Object, java.lang.Object, java.lang.Object, java.lang.Object, int, java.lang.Object)'> (0x00000000901de9c0)

Events (20 events):
Event: 8.113 loading class com/android/tools/r8/graph/n$a
Event: 8.113 loading class com/android/tools/r8/graph/n$a done
Event: 8.113 loading class com/android/tools/r8/graph/d0
Event: 8.113 loading class com/android/tools/r8/graph/d0 done
Event: 8.113 loading class com/android/tools/r8/graph/U
Event: 8.113 loading class com/android/tools/r8/graph/U done
Event: 8.114 loading class com/android/tools/r8/internal/Uo
Event: 8.114 loading class com/android/tools/r8/internal/Uo done
Event: 8.114 loading class com/android/tools/r8/graph/d0
Event: 8.114 loading class com/android/tools/r8/graph/d0 done
Event: 8.114 loading class com/android/tools/r8/graph/n$a
Event: 8.114 loading class com/android/tools/r8/graph/n$a done
Event: 8.114 loading class com/android/tools/r8/internal/av
Event: 8.114 loading class com/android/tools/r8/internal/av done
Event: 8.115 loading class com/android/tools/r8/internal/va
Event: 8.115 loading class com/android/tools/r8/internal/va done
Event: 8.115 loading class com/android/tools/r8/internal/Jp
Event: 8.115 loading class com/android/tools/r8/internal/Jp done
Event: 8.119 Executing VM operation: G1CollectForAllocation
Event: 8.128 Executing VM operation: G1CollectForAllocation done


Dynamic libraries:
0x00007ff695260000 - 0x00007ff69526a000 	C:\Program Files\Android\Android Studio\jre\bin\java.exe
0x00007ffcbb570000 - 0x00007ffcbb741000 	C:\Windows\SYSTEM32\ntdll.dll
0x00007ffcb9790000 - 0x00007ffcb983b000 	C:\Windows\System32\KERNEL32.DLL
0x00007ffcb7c10000 - 0x00007ffcb7e2d000 	C:\Windows\System32\KERNELBASE.dll
0x00007ffcb8650000 - 0x00007ffcb8745000 	C:\Windows\System32\ucrtbase.dll
0x00007ffca9580000 - 0x00007ffca9597000 	C:\Program Files\Android\Android Studio\jre\bin\VCRUNTIME140.dll
0x00007ffca8fc0000 - 0x00007ffca8fd9000 	C:\Program Files\Android\Android Studio\jre\bin\jli.dll
0x00007ffcb93b0000 - 0x00007ffcb9515000 	C:\Windows\System32\USER32.dll
0x00007ffcb7ee0000 - 0x00007ffcb7efe000 	C:\Windows\System32\win32u.dll
0x00007ffca7c90000 - 0x00007ffca7f09000 	C:\Windows\WinSxS\amd64_microsoft.windows.common-controls_6595b64144ccf1df_6.0.14393.0_none_2d0f50fcbdb171b8\COMCTL32.dll
0x00007ffcb8b00000 - 0x00007ffcb8b9e000 	C:\Windows\System32\msvcrt.dll
0x00007ffcb9370000 - 0x00007ffcb93a4000 	C:\Windows\System32\GDI32.dll
0x00007ffcb8ce0000 - 0x00007ffcb8fa7000 	C:\Windows\System32\combase.dll
0x00007ffcb87a0000 - 0x00007ffcb8922000 	C:\Windows\System32\gdi32full.dll
0x00007ffcb8ba0000 - 0x00007ffcb8cc1000 	C:\Windows\System32\RPCRT4.dll
0x00007ffcb85e0000 - 0x00007ffcb864a000 	C:\Windows\System32\bcryptPrimitives.dll
0x00007ffcb8fc0000 - 0x00007ffcb8fee000 	C:\Windows\System32\IMM32.DLL
0x00007ffca2cd0000 - 0x00007ffca2d6d000 	C:\Program Files\Android\Android Studio\jre\bin\msvcp140.dll
0x00007ffc930b0000 - 0x00007ffc93b7f000 	C:\Program Files\Android\Android Studio\jre\bin\server\jvm.dll
0x00007ffcb96e0000 - 0x00007ffcb9782000 	C:\Windows\System32\ADVAPI32.dll
0x00007ffcb9100000 - 0x00007ffcb9159000 	C:\Windows\System32\sechost.dll
0x00007ffcb8cd0000 - 0x00007ffcb8cd8000 	C:\Windows\System32\PSAPI.DLL
0x00007ffcada50000 - 0x00007ffcada59000 	C:\Windows\SYSTEM32\WSOCK32.dll
0x00007ffcb5f30000 - 0x00007ffcb5f53000 	C:\Windows\SYSTEM32\WINMM.dll
0x00007ffcb8ff0000 - 0x00007ffcb905a000 	C:\Windows\System32\WS2_32.dll
0x00007ffcae8e0000 - 0x00007ffcae8ea000 	C:\Windows\SYSTEM32\VERSION.dll
0x00007ffcb5ed0000 - 0x00007ffcb5efb000 	C:\Windows\SYSTEM32\winmmbase.dll
0x00007ffcb8750000 - 0x00007ffcb8792000 	C:\Windows\System32\cfgmgr32.dll
0x00007ffcb7aa0000 - 0x00007ffcb7aaf000 	C:\Windows\System32\kernel.appcore.dll
0x00007ffcaa2a0000 - 0x00007ffcaa2b1000 	C:\Program Files\Android\Android Studio\jre\bin\verify.dll
0x00007ffcad3c0000 - 0x00007ffcad552000 	C:\Windows\SYSTEM32\DBGHELP.DLL
0x00007ffcac870000 - 0x00007ffcac899000 	C:\Windows\SYSTEM32\dbgcore.DLL
0x00007ffca69b0000 - 0x00007ffca69d9000 	C:\Program Files\Android\Android Studio\jre\bin\java.dll
0x00007ffcaa290000 - 0x00007ffcaa29b000 	C:\Program Files\Android\Android Studio\jre\bin\jimage.dll
0x00007ffca93a0000 - 0x00007ffca93b8000 	C:\Program Files\Android\Android Studio\jre\bin\zip.dll
0x00007ffcba040000 - 0x00007ffcbb548000 	C:\Windows\System32\SHELL32.dll
0x00007ffcb7f00000 - 0x00007ffcb85da000 	C:\Windows\System32\windows.storage.dll
0x00007ffcb7ab0000 - 0x00007ffcb7afc000 	C:\Windows\System32\powrprof.dll
0x00007ffcb9310000 - 0x00007ffcb9362000 	C:\Windows\System32\shlwapi.dll
0x00007ffcb7b60000 - 0x00007ffcb7c09000 	C:\Windows\System32\shcore.dll
0x00007ffcb7a80000 - 0x00007ffcb7a94000 	C:\Windows\System32\profapi.dll
0x00007ffca6ef0000 - 0x00007ffca6f0a000 	C:\Program Files\Android\Android Studio\jre\bin\net.dll
0x00007ffcb1e50000 - 0x00007ffcb1f1c000 	C:\Windows\SYSTEM32\WINHTTP.dll
0x00007ffcb7340000 - 0x00007ffcb739c000 	C:\Windows\system32\mswsock.dll
0x00007ffca62f0000 - 0x00007ffca6304000 	C:\Program Files\Android\Android Studio\jre\bin\nio.dll
0x00007ffc9da00000 - 0x00007ffc9da27000 	C:\Users\USER\.gradle\native\8bec1ad78214c89d9ad589b4d07fe93259594b29d510b10fafb7a158f7737e5d\windows-amd64\native-platform.dll
0x00007ffc96920000 - 0x00007ffc96a5d000 	C:\Users\USER\.gradle\native\53dbd7edfb1c66fb8903c78663c9afc45aea4f116125fa6feffd364cf09443e8\windows-amd64\native-platform-file-events.dll
0x00007ffca69a0000 - 0x00007ffca69aa000 	C:\Program Files\Android\Android Studio\jre\bin\management.dll
0x00007ffca6380000 - 0x00007ffca638c000 	C:\Program Files\Android\Android Studio\jre\bin\management_ext.dll
0x00007ffcb74e0000 - 0x00007ffcb74f7000 	C:\Windows\SYSTEM32\CRYPTSP.dll
0x00007ffcb6f50000 - 0x00007ffcb6f83000 	C:\Windows\system32\rsaenh.dll
0x00007ffcb79b0000 - 0x00007ffcb79db000 	C:\Windows\SYSTEM32\bcrypt.dll
0x00007ffcb71d0000 - 0x00007ffcb71ef000 	C:\Windows\SYSTEM32\USERENV.dll
0x00007ffcb7500000 - 0x00007ffcb750b000 	C:\Windows\SYSTEM32\CRYPTBASE.dll
0x00007ffcb70d0000 - 0x00007ffcb7108000 	C:\Windows\SYSTEM32\IPHLPAPI.DLL
0x00007ffcb9840000 - 0x00007ffcb9848000 	C:\Windows\System32\NSI.dll
0x00007ffcb3e90000 - 0x00007ffcb3ea6000 	C:\Windows\SYSTEM32\dhcpcsvc6.DLL
0x00007ffcb3e60000 - 0x00007ffcb3e7a000 	C:\Windows\SYSTEM32\dhcpcsvc.DLL
0x00007ffcb6e20000 - 0x00007ffcb6e52000 	C:\Windows\SYSTEM32\ntmarta.dll

dbghelp: loaded successfully - version: 4.0.5 - missing functions: none
symbol engine: initialized successfully - sym options: 0x614 - pdb path: .;C:\Program Files\Android\Android Studio\jre\bin;C:\Windows\SYSTEM32;C:\Windows\WinSxS\amd64_microsoft.windows.common-controls_6595b64144ccf1df_6.0.14393.0_none_2d0f50fcbdb171b8;C:\Program Files\Android\Android Studio\jre\bin\server;C:\Users\USER\.gradle\native\8bec1ad78214c89d9ad589b4d07fe93259594b29d510b10fafb7a158f7737e5d\windows-amd64;C:\Users\USER\.gradle\native\53dbd7edfb1c66fb8903c78663c9afc45aea4f116125fa6feffd364cf09443e8\windows-amd64

VM Arguments:
jvm_args: --add-opens=java.base/java.util=ALL-UNNAMED --add-opens=java.base/java.lang=ALL-UNNAMED --add-opens=java.base/java.lang.invoke=ALL-UNNAMED --add-opens=java.base/java.util=ALL-UNNAMED --add-opens=java.prefs/java.util.prefs=ALL-UNNAMED --add-opens=java.prefs/java.util.prefs=ALL-UNNAMED --add-opens=java.base/java.nio.charset=ALL-UNNAMED --add-opens=java.base/java.net=ALL-UNNAMED --add-opens=java.base/java.util.concurrent.atomic=ALL-UNNAMED -Xmx2048m -Dfile.encoding=UTF-8 -Duser.country=US -Duser.language=en -Duser.variant 
java_command: org.gradle.launcher.daemon.bootstrap.GradleDaemon 7.0.2
java_class_path (initial): C:\Users\USER\.gradle\wrapper\dists\gradle-7.0.2-bin\857tjihv64xamwrf0h14cai3r\gradle-7.0.2\lib\gradle-launcher-7.0.2.jar
Launcher Type: SUN_STANDARD

[Global flags]
     intx CICompilerCount                          = 3                                         {product} {ergonomic}
     uint ConcGCThreads                            = 2                                         {product} {ergonomic}
     uint G1ConcRefinementThreads                  = 6                                         {product} {ergonomic}
   size_t G1HeapRegionSize                         = 1048576                                   {product} {ergonomic}
    uintx GCDrainStackTargetSize                   = 64                                        {product} {ergonomic}
   size_t InitialHeapSize                          = 134217728                                 {product} {ergonomic}
   size_t MarkStackSize                            = 4194304                                   {product} {ergonomic}
   size_t MaxHeapSize                              = 2147483648                                {product} {command line}
   size_t MaxNewSize                               = 1287651328                                {product} {ergonomic}
   size_t MinHeapDeltaBytes                        = 1048576                                   {product} {ergonomic}
    uintx NonNMethodCodeHeapSize                   = 5830732                                {pd product} {ergonomic}
    uintx NonProfiledCodeHeapSize                  = 122913754                              {pd product} {ergonomic}
    uintx ProfiledCodeHeapSize                     = 122913754                              {pd product} {ergonomic}
    uintx ReservedCodeCacheSize                    = 251658240                              {pd product} {ergonomic}
     bool SegmentedCodeCache                       = true                                      {product} {ergonomic}
     bool UseCompressedClassPointers               = true                                 {lp64_product} {ergonomic}
     bool UseCompressedOops                        = true                                 {lp64_product} {ergonomic}
     bool UseG1GC                                  = true                                      {product} {ergonomic}
     bool UseLargePagesIndividualAllocation        = false                                  {pd product} {ergonomic}

Logging:
Log output configuration:
 #0: stdout all=warning uptime,level,tags
 #1: stderr all=off uptime,level,tags

Environment Variables:
PATH=C:\Program Files (x86)\Common Files\Oracle\Java\javapath;C:\Program Files\Java\jdk1.8.0_111\bin;C:\Users\USER\AppData\Local\Microsoft\WindowsApps;C:\Users\USER\AppData\Local\Programs\Microsoft VS Code\bin
USERNAME=USER
OS=Windows_NT
PROCESSOR_IDENTIFIER=Intel64 Family 6 Model 158 Stepping 10, GenuineIntel



---------------  S Y S T E M  ---------------

OS: Windows 10 , 64 bit Build 14393 (10.0.14393.0)
OS uptime: 4 days 1:18 hours

CPU:total 6 (initial active 6) (6 cores per cpu, 1 threads per core) family 6 model 158 stepping 10 microcode 0x96, cmov, cx8, fxsr, mmx, sse, sse2, sse3, ssse3, sse4.1, sse4.2, popcnt, avx, avx2, aes, clmul, erms, 3dnowpref, lzcnt, tsc, tscinvbit, bmi1, bmi2, adx, fma

Memory: 4k page, system-wide physical 8068M (2154M free)
TotalPageFile size 9046M (AvailPageFile size 1M)
current process WorkingSet (physical memory assigned to process): 513M, peak: 513M
current process commit charge ("private bytes"): 566M, peak: 567M

vm_info: OpenJDK 64-Bit Server VM (11.0.10+0-b96-7249189) for windows-amd64 JRE (11.0.10+0-b96-7249189), built on Mar 31 2021 21:44:00 by "builder" with MS VC++ 14.0 (VS2015)

END.
