#
# There is insufficient memory for the Java Runtime Environment to continue.
# Native memory allocation (malloc) failed to allocate 490176 bytes for Chunk::new
# Possible reasons:
#   The system is out of physical RAM or swap space
#   The process is running with CompressedOops enabled, and the Java Heap may be blocking the growth of the native heap
# Possible solutions:
#   Reduce memory load on the system
#   Increase physical memory or swap space
#   Check if swap backing store is full
#   Decrease Java heap size (-Xmx/-Xms)
#   Decrease number of Java threads
#   Decrease Java thread stack sizes (-Xss)
#   Set larger code cache with -XX:ReservedCodeCacheSize=
#   JVM is running with Unscaled Compressed Oops mode in which the Java heap is
#     placed in the first 4GB address space. The Java Heap base address is the
#     maximum limit for the native heap growth. Please use -XX:HeapBaseMinAddress
#     to set the Java Heap base and to place the Java Heap above 4GB virtual address.
# This output file may be truncated or incomplete.
#
#  Out of Memory Error (./src/hotspot/share/memory/arena.cpp:197), pid=4996, tid=5688
#
# JRE version: OpenJDK Runtime Environment (11.0.10) (build 11.0.10+0-b96-7249189)
# Java VM: OpenJDK 64-Bit Server VM (11.0.10+0-b96-7249189, mixed mode, tiered, compressed oops, g1 gc, windows-amd64)
# No core dump will be written. Minidumps are not enabled by default on client versions of Windows
#

---------------  S U M M A R Y ------------

Command Line: --add-opens=java.base/java.util=ALL-UNNAMED --add-opens=java.base/java.lang=ALL-UNNAMED --add-opens=java.base/java.lang.invoke=ALL-UNNAMED --add-opens=java.base/java.util=ALL-UNNAMED --add-opens=java.prefs/java.util.prefs=ALL-UNNAMED --add-opens=java.prefs/java.util.prefs=ALL-UNNAMED --add-opens=java.base/java.nio.charset=ALL-UNNAMED --add-opens=java.base/java.net=ALL-UNNAMED --add-opens=java.base/java.util.concurrent.atomic=ALL-UNNAMED -Xmx2048m -Dfile.encoding=UTF-8 -Duser.country=US -Duser.language=en -Duser.variant org.gradle.launcher.daemon.bootstrap.GradleDaemon 7.0.2

Host: Intel(R) Core(TM) i5-8400 CPU @ 2.80GHz, 6 cores, 7G,  Windows 10 , 64 bit Build 14393 (10.0.14393.0)
Time: Thu May 26 08:15:34 2022 Bangladesh Standard Time elapsed time: 7.565923 seconds (0d 0h 0m 7s)

---------------  T H R E A D  ---------------

Current thread (0x00000190faeb8000):  JavaThread "C2 CompilerThread0" daemon [_thread_in_native, id=5688, stack(0x00000087bf300000,0x00000087bf400000)]


Current CompileTask:
C2:   7565 10815 % !   4       java.util.concurrent.ConcurrentHashMap::transfer @ 96 (828 bytes)

Stack: [0x00000087bf300000,0x00000087bf400000]
Native frames: (J=compiled Java code, j=interpreted, Vv=VM code, C=native code)
V  [jvm.dll+0x5ecfaa]
V  [jvm.dll+0x722bd5]
V  [jvm.dll+0x72412d]
V  [jvm.dll+0x7247e3]
V  [jvm.dll+0x242928]
V  [jvm.dll+0xbc4fc]
V  [jvm.dll+0xbca0c]
V  [jvm.dll+0x2b4fd4]
V  [jvm.dll+0x506028]
V  [jvm.dll+0x1fccf6]
V  [jvm.dll+0x1fa77f]
V  [jvm.dll+0x18354c]
V  [jvm.dll+0x208ee7]
V  [jvm.dll+0x207731]
V  [jvm.dll+0x6eb1cf]
V  [jvm.dll+0x6e3d45]
V  [jvm.dll+0x5ebe96]
C  [ucrtbase.dll+0x1cab0]
C  [KERNEL32.DLL+0x8364]
C  [ntdll.dll+0x65e91]


---------------  P R O C E S S  ---------------

Threads class SMR info:
_java_thread_list=0x00000190fb183a70, length=61, elements={
0x00000190de6cc000, 0x00000190fa6a5800, 0x00000190fa6ad800, 0x00000190fa69f800,
0x00000190fa6a0800, 0x00000190fa6a1800, 0x00000190faeb8000, 0x00000190faeba800,
0x00000190faebe000, 0x00000190fb064800, 0x00000190fb3a8800, 0x00000190fcf3d800,
0x00000190fe70d800, 0x00000190fd04a800, 0x00000190fd0ea000, 0x00000190fc4c8800,
0x00000190fbda1800, 0x00000190fdb38800, 0x00000190fc420000, 0x00000190fd543800,
0x00000190feba2800, 0x00000190feb9f000, 0x00000190feba5800, 0x00000190feba1000,
0x00000190feba4000, 0x00000190feba0000, 0x00000190feba5000, 0x00000190feba1800,
0x00000190feba3800, 0x00000190ff1e5800, 0x00000190ff1e6800, 0x00000190ff1e8000,
0x00000190ff1e9000, 0x00000190ff1e9800, 0x00000190ff1e5000, 0x00000190ff1f0000,
0x00000190ff1f1000, 0x00000190ff1ee000, 0x00000190ff1ed000, 0x00000190ff1eb800,
0x00000190ff1ee800, 0x00000190ff1f2000, 0x00000190ff1ef800, 0x00000190ff1ec000,
0x00000190ff1f2800, 0x00000190ff1f3800, 0x0000019082585800, 0x0000019082581800,
0x0000019082584000, 0x0000019082588000, 0x0000019082584800, 0x0000019082586000,
0x0000019082583000, 0x0000019082588800, 0x0000019082589800, 0x000001908258d000,
0x0000019082587000, 0x000001908258b000, 0x000001908258c000, 0x000001908258d800,
0x000001908258e800
}

Java Threads: ( => current thread )
  0x00000190de6cc000 JavaThread "main" [_thread_blocked, id=8660, stack(0x00000087be700000,0x00000087be800000)]
  0x00000190fa6a5800 JavaThread "Reference Handler" daemon [_thread_blocked, id=9092, stack(0x00000087bee00000,0x00000087bef00000)]
  0x00000190fa6ad800 JavaThread "Finalizer" daemon [_thread_blocked, id=8244, stack(0x00000087bef00000,0x00000087bf000000)]
  0x00000190fa69f800 JavaThread "Signal Dispatcher" daemon [_thread_blocked, id=3424, stack(0x00000087bf000000,0x00000087bf100000)]
  0x00000190fa6a0800 JavaThread "Attach Listener" daemon [_thread_blocked, id=6880, stack(0x00000087bf100000,0x00000087bf200000)]
  0x00000190fa6a1800 JavaThread "Service Thread" daemon [_thread_blocked, id=7708, stack(0x00000087bf200000,0x00000087bf300000)]
=>0x00000190faeb8000 JavaThread "C2 CompilerThread0" daemon [_thread_in_native, id=5688, stack(0x00000087bf300000,0x00000087bf400000)]
  0x00000190faeba800 JavaThread "C1 CompilerThread0" daemon [_thread_blocked, id=5228, stack(0x00000087bf400000,0x00000087bf500000)]
  0x00000190faebe000 JavaThread "Sweeper thread" daemon [_thread_blocked, id=4668, stack(0x00000087bf500000,0x00000087bf600000)]
  0x00000190fb064800 JavaThread "Common-Cleaner" daemon [_thread_blocked, id=5952, stack(0x00000087bf600000,0x00000087bf700000)]
  0x00000190fb3a8800 JavaThread "C2 CompilerThread1" daemon [_thread_in_native, id=6148, stack(0x00000087bf800000,0x00000087bf900000)]
  0x00000190fcf3d800 JavaThread "Daemon health stats" [_thread_blocked, id=3820, stack(0x00000087bfb00000,0x00000087bfc00000)]
  0x00000190fe70d800 JavaThread "Incoming local TCP Connector on port 61441" [_thread_in_native, id=11148, stack(0x00000087bfc00000,0x00000087bfd00000)]
  0x00000190fd04a800 JavaThread "Daemon periodic checks" [_thread_blocked, id=10704, stack(0x00000087bfd00000,0x00000087bfe00000)]
  0x00000190fd0ea000 JavaThread "Daemon" [_thread_blocked, id=9168, stack(0x00000087bfe00000,0x00000087bff00000)]
  0x00000190fc4c8800 JavaThread "Handler for socket connection from /127.0.0.1:61441 to /127.0.0.1:61442" [_thread_in_native, id=7328, stack(0x00000087bff00000,0x00000087c0000000)]
  0x00000190fbda1800 JavaThread "Cancel handler" [_thread_blocked, id=9060, stack(0x00000087c0000000,0x00000087c0100000)]
  0x00000190fdb38800 JavaThread "Daemon worker" [_thread_blocked, id=3228, stack(0x00000087c0100000,0x00000087c0200000)]
  0x00000190fc420000 JavaThread "Asynchronous log dispatcher for DefaultDaemonConnection: socket connection from /127.0.0.1:61441 to /127.0.0.1:61442" [_thread_blocked, id=2216, stack(0x00000087c0200000,0x00000087c0300000)]
  0x00000190fd543800 JavaThread "Stdin handler" [_thread_blocked, id=6852, stack(0x00000087c0300000,0x00000087c0400000)]
  0x00000190feba2800 JavaThread "Daemon client event forwarder" [_thread_blocked, id=10876, stack(0x00000087c0400000,0x00000087c0500000)]
  0x00000190feb9f000 JavaThread "Cache worker for file hash cache (C:\Users\USER\.gradle\caches\7.0.2\fileHashes)" [_thread_blocked, id=6864, stack(0x00000087c0800000,0x00000087c0900000)]
  0x00000190feba5800 JavaThread "File lock request listener" [_thread_in_native, id=9772, stack(0x00000087c0900000,0x00000087c0a00000)]
  0x00000190feba1000 JavaThread "Cache worker for journal cache (C:\Users\USER\.gradle\caches\journal-1)" [_thread_blocked, id=5568, stack(0x00000087c0b00000,0x00000087c0c00000)]
  0x00000190feba4000 JavaThread "Cache worker for file hash cache (C:\Users\USER\EarinMoney\.gradle\7.0.2\fileHashes)" [_thread_blocked, id=1708, stack(0x00000087c0c00000,0x00000087c0d00000)]
  0x00000190feba0000 JavaThread "File watcher server" daemon [_thread_in_native, id=8356, stack(0x00000087c0d00000,0x00000087c0e00000)]
  0x00000190feba5000 JavaThread "File watcher consumer" daemon [_thread_blocked, id=7608, stack(0x00000087c0e00000,0x00000087c0f00000)]
  0x00000190feba1800 JavaThread "Cache worker for checksums cache (C:\Users\USER\EarinMoney\.gradle\checksums)" [_thread_blocked, id=8508, stack(0x00000087c0f00000,0x00000087c1000000)]
  0x00000190feba3800 JavaThread "Cache worker for cache directory md-supplier (C:\Users\USER\.gradle\caches\7.0.2\md-supplier)" [_thread_blocked, id=6740, stack(0x00000087c1000000,0x00000087c1100000)]
  0x00000190ff1e5800 JavaThread "Cache worker for cache directory md-rule (C:\Users\USER\.gradle\caches\7.0.2\md-rule)" [_thread_blocked, id=4324, stack(0x00000087c1100000,0x00000087c1200000)]
  0x00000190ff1e6800 JavaThread "Cache worker for execution history cache (C:\Users\USER\.gradle\caches\7.0.2\executionHistory)" [_thread_blocked, id=212, stack(0x00000087c1200000,0x00000087c1300000)]
  0x00000190ff1e8000 JavaThread "jar transforms" [_thread_blocked, id=5488, stack(0x00000087c1300000,0x00000087c1400000)]
  0x00000190ff1e9000 JavaThread "jar transforms Thread 2" [_thread_blocked, id=612, stack(0x00000087c1400000,0x00000087c1500000)]
  0x00000190ff1e9800 JavaThread "Cache worker for file content cache (C:\Users\USER\.gradle\caches\7.0.2\fileContent)" [_thread_blocked, id=11000, stack(0x00000087c1500000,0x00000087c1600000)]
  0x00000190ff1e5000 JavaThread "Cache worker for dependencies-accessors (C:\Users\USER\EarinMoney\.gradle\7.0.2\dependencies-accessors)" [_thread_blocked, id=9412, stack(0x00000087c1600000,0x00000087c1700000)]
  0x00000190ff1f0000 JavaThread "jar transforms Thread 3" [_thread_blocked, id=3292, stack(0x00000087c1700000,0x00000087c1800000)]
  0x00000190ff1f1000 JavaThread "Cache worker for Build Output Cleanup Cache (C:\Users\USER\EarinMoney\.gradle\buildOutputCleanup)" [_thread_blocked, id=8896, stack(0x00000087c1800000,0x00000087c1900000)]
  0x00000190ff1ee000 JavaThread "Build operations" [_thread_blocked, id=5536, stack(0x00000087c1900000,0x00000087c1a00000)]
  0x00000190ff1ed000 JavaThread "Build operations Thread 2" [_thread_blocked, id=9424, stack(0x00000087c1a00000,0x00000087c1b00000)]
  0x00000190ff1eb800 JavaThread "Build operations Thread 3" [_thread_blocked, id=10720, stack(0x00000087c1b00000,0x00000087c1c00000)]
  0x00000190ff1ee800 JavaThread "Build operations Thread 4" [_thread_blocked, id=4076, stack(0x00000087c1c00000,0x00000087c1d00000)]
  0x00000190ff1f2000 JavaThread "Build operations Thread 5" [_thread_blocked, id=4788, stack(0x00000087c1d00000,0x00000087c1e00000)]
  0x00000190ff1ef800 JavaThread "Build operations Thread 6" [_thread_blocked, id=11024, stack(0x00000087c1e00000,0x00000087c1f00000)]
  0x00000190ff1ec000 JavaThread "jar transforms Thread 4" [_thread_blocked, id=4904, stack(0x00000087c1f00000,0x00000087c2000000)]
  0x00000190ff1f2800 JavaThread "jar transforms Thread 5" [_thread_blocked, id=2432, stack(0x00000087c2000000,0x00000087c2100000)]
  0x00000190ff1f3800 JavaThread "jar transforms Thread 6" [_thread_blocked, id=5384, stack(0x00000087c2100000,0x00000087c2200000)]
  0x0000019082585800 JavaThread "Memory manager" [_thread_blocked, id=8892, stack(0x00000087c2200000,0x00000087c2300000)]
  0x0000019082581800 JavaThread "build event listener" [_thread_blocked, id=8280, stack(0x00000087c2300000,0x00000087c2400000)]
  0x0000019082584000 JavaThread "Execution worker for ':'" [_thread_blocked, id=11176, stack(0x00000087c2400000,0x00000087c2500000)]
  0x0000019082588000 JavaThread "Execution worker for ':' Thread 2" [_thread_blocked, id=808, stack(0x00000087c2500000,0x00000087c2600000)]
  0x0000019082584800 JavaThread "Execution worker for ':' Thread 3" [_thread_blocked, id=3236, stack(0x00000087c2600000,0x00000087c2700000)]
  0x0000019082586000 JavaThread "Execution worker for ':' Thread 4" [_thread_blocked, id=4736, stack(0x00000087c2700000,0x00000087c2800000)]
  0x0000019082583000 JavaThread "Execution worker for ':' Thread 5" [_thread_blocked, id=7780, stack(0x00000087c2800000,0x00000087c2900000)]
  0x0000019082588800 JavaThread "Cache worker for execution history cache (C:\Users\USER\EarinMoney\.gradle\7.0.2\executionHistory)" [_thread_blocked, id=7748, stack(0x00000087c2900000,0x00000087c2a00000)]
  0x0000019082589800 JavaThread "WorkerExecutor Queue" [_thread_blocked, id=2196, stack(0x00000087c2a00000,0x00000087c2b00000)]
  0x000001908258d000 JavaThread "WorkerExecutor Queue Thread 2" [_thread_blocked, id=5080, stack(0x00000087c2b00000,0x00000087c2c00000)]
  0x0000019082587000 JavaThread "WorkerExecutor Queue Thread 3" [_thread_in_Java, id=1852, stack(0x00000087c2c00000,0x00000087c2d00000)]
  0x000001908258b000 JavaThread "WorkerExecutor Queue Thread 4" [_thread_blocked, id=8644, stack(0x00000087c2d00000,0x00000087c2e00000)]
  0x000001908258c000 JavaThread "pool-3-thread-1" [_thread_blocked, id=10280, stack(0x00000087c2e00000,0x00000087c2f00000)]
  0x000001908258d800 JavaThread "stderr" [_thread_in_native, id=4920, stack(0x00000087c2f00000,0x00000087c3000000)]
  0x000001908258e800 JavaThread "stdout" [_thread_in_native, id=5620, stack(0x00000087c3000000,0x00000087c3100000)]

Other Threads:
  0x00000190faeb3800 VMThread "VM Thread" [stack: 0x00000087bed00000,0x00000087bee00000] [id=6188]
  0x00000190fb081000 WatcherThread [stack: 0x00000087bf700000,0x00000087bf800000] [id=7792]
  0x00000190e0669800 GCTaskThread "GC Thread#0" [stack: 0x00000087be800000,0x00000087be900000] [id=6800]
  0x00000190fb4f9000 GCTaskThread "GC Thread#1" [stack: 0x00000087bf900000,0x00000087bfa00000] [id=10756]
  0x00000190fb6d7000 GCTaskThread "GC Thread#2" [stack: 0x00000087bfa00000,0x00000087bfb00000] [id=7184]
  0x00000190fe9ee000 GCTaskThread "GC Thread#3" [stack: 0x00000087c0500000,0x00000087c0600000] [id=2260]
  0x00000190fe9ef000 GCTaskThread "GC Thread#4" [stack: 0x00000087c0600000,0x00000087c0700000] [id=1164]
  0x00000190fd07e800 GCTaskThread "GC Thread#5" [stack: 0x00000087c0700000,0x00000087c0800000] [id=10336]
  0x00000190e06ba000 ConcurrentGCThread "G1 Main Marker" [stack: 0x00000087be900000,0x00000087bea00000] [id=3048]
  0x00000190e06bb800 ConcurrentGCThread "G1 Conc#0" [stack: 0x00000087bea00000,0x00000087beb00000] [id=7928]
  0x00000190fc042800 ConcurrentGCThread "G1 Conc#1" [stack: 0x00000087c0a00000,0x00000087c0b00000] [id=6008]
  0x00000190e072e800 ConcurrentGCThread "G1 Refine#0" [stack: 0x00000087beb00000,0x00000087bec00000] [id=4112]
  0x00000190fa4dd800 ConcurrentGCThread "G1 Young RemSet Sampling" [stack: 0x00000087bec00000,0x00000087bed00000] [id=3908]

Threads with active compile tasks:
C2 CompilerThread0   7575 10815 % !   4       java.util.concurrent.ConcurrentHashMap::transfer @ 96 (828 bytes)
C2 CompilerThread1   7575 10719 %     4       com.android.tools.r8.dex.j::m @ 64 (2086 bytes)

VM state:not at safepoint (normal execution)

VM Mutex/Monitor currently owned by a thread: None

Heap address: 0x0000000080000000, size: 2048 MB, Compressed Oops mode: 32-bit
Narrow klass base: 0x0000000000000000, Narrow klass shift: 3
Compressed class space size: 1073741824 Address: 0x0000000100000000

Heap:
 garbage-first heap   total 273408K, used 189239K [0x0000000080000000, 0x0000000100000000)
  region size 1024K, 26 young (26624K), 12 survivors (12288K)
 Metaspace       used 88592K, capacity 90806K, committed 91340K, reserved 1128448K
  class space    used 11453K, capacity 12252K, committed 12492K, reserved 1048576K
Heap Regions: E=young(eden), S=young(survivor), O=old, HS=humongous(starts), HC=humongous(continues), CS=collection set, F=free, A=archive, TAMS=top-at-mark-start (previous, next)
|   0|0x0000000080000000, 0x0000000080100000, 0x0000000080100000|100%| O|  |TAMS 0x0000000080100000, 0x0000000080100000| Untracked 
|   1|0x0000000080100000, 0x0000000080200000, 0x0000000080200000|100%| O|  |TAMS 0x0000000080200000, 0x0000000080200000| Untracked 
|   2|0x0000000080200000, 0x0000000080300000, 0x0000000080300000|100%| O|  |TAMS 0x0000000080300000, 0x0000000080300000| Untracked 
|   3|0x0000000080300000, 0x0000000080400000, 0x0000000080400000|100%|HS|  |TAMS 0x0000000080400000, 0x0000000080400000| Complete 
|   4|0x0000000080400000, 0x0000000080500000, 0x0000000080500000|100%|HC|  |TAMS 0x0000000080500000, 0x0000000080500000| Complete 
|   5|0x0000000080500000, 0x0000000080600000, 0x0000000080600000|100%|HC|  |TAMS 0x0000000080600000, 0x0000000080600000| Complete 
|   6|0x0000000080600000, 0x0000000080700000, 0x0000000080700000|100%| O|  |TAMS 0x0000000080700000, 0x0000000080700000| Untracked 
|   7|0x0000000080700000, 0x0000000080800000, 0x0000000080800000|100%| O|  |TAMS 0x0000000080800000, 0x0000000080800000| Untracked 
|   8|0x0000000080800000, 0x0000000080900000, 0x0000000080900000|100%| O|  |TAMS 0x0000000080900000, 0x0000000080900000| Untracked 
|   9|0x0000000080900000, 0x0000000080a00000, 0x0000000080a00000|100%| O|  |TAMS 0x0000000080a00000, 0x0000000080a00000| Untracked 
|  10|0x0000000080a00000, 0x0000000080b00000, 0x0000000080b00000|100%| O|  |TAMS 0x0000000080b00000, 0x0000000080b00000| Untracked 
|  11|0x0000000080b00000, 0x0000000080c00000, 0x0000000080c00000|100%| O|  |TAMS 0x0000000080c00000, 0x0000000080c00000| Untracked 
|  12|0x0000000080c00000, 0x0000000080d00000, 0x0000000080d00000|100%| O|  |TAMS 0x0000000080d00000, 0x0000000080d00000| Untracked 
|  13|0x0000000080d00000, 0x0000000080e00000, 0x0000000080e00000|100%| O|  |TAMS 0x0000000080e00000, 0x0000000080e00000| Untracked 
|  14|0x0000000080e00000, 0x0000000080f00000, 0x0000000080f00000|100%| O|  |TAMS 0x0000000080f00000, 0x0000000080f00000| Untracked 
|  15|0x0000000080f00000, 0x0000000081000000, 0x0000000081000000|100%| O|  |TAMS 0x0000000081000000, 0x0000000081000000| Untracked 
|  16|0x0000000081000000, 0x0000000081100000, 0x0000000081100000|100%| O|  |TAMS 0x0000000081100000, 0x0000000081100000| Untracked 
|  17|0x0000000081100000, 0x0000000081200000, 0x0000000081200000|100%| O|  |TAMS 0x0000000081200000, 0x0000000081200000| Untracked 
|  18|0x0000000081200000, 0x0000000081300000, 0x0000000081300000|100%|HS|  |TAMS 0x0000000081300000, 0x0000000081300000| Complete 
|  19|0x0000000081300000, 0x0000000081400000, 0x0000000081400000|100%| O|  |TAMS 0x0000000081400000, 0x0000000081400000| Untracked 
|  20|0x0000000081400000, 0x0000000081500000, 0x0000000081500000|100%| O|  |TAMS 0x0000000081500000, 0x0000000081500000| Untracked 
|  21|0x0000000081500000, 0x0000000081600000, 0x0000000081600000|100%| O|  |TAMS 0x0000000081600000, 0x0000000081600000| Untracked 
|  22|0x0000000081600000, 0x0000000081700000, 0x0000000081700000|100%| O|  |TAMS 0x0000000081700000, 0x0000000081700000| Untracked 
|  23|0x0000000081700000, 0x0000000081800000, 0x0000000081800000|100%|HS|  |TAMS 0x0000000081800000, 0x0000000081800000| Complete 
|  24|0x0000000081800000, 0x0000000081900000, 0x0000000081900000|100%|HS|  |TAMS 0x0000000081900000, 0x0000000081900000| Complete 
|  25|0x0000000081900000, 0x0000000081a00000, 0x0000000081a00000|100%|HC|  |TAMS 0x0000000081a00000, 0x0000000081a00000| Complete 
|  26|0x0000000081a00000, 0x0000000081b00000, 0x0000000081b00000|100%| O|  |TAMS 0x0000000081b00000, 0x0000000081b00000| Untracked 
|  27|0x0000000081b00000, 0x0000000081c00000, 0x0000000081c00000|100%| O|  |TAMS 0x0000000081c00000, 0x0000000081c00000| Untracked 
|  28|0x0000000081c00000, 0x0000000081d00000, 0x0000000081d00000|100%| O|  |TAMS 0x0000000081d00000, 0x0000000081d00000| Untracked 
|  29|0x0000000081d00000, 0x0000000081e00000, 0x0000000081e00000|100%| O|  |TAMS 0x0000000081e00000, 0x0000000081e00000| Untracked 
|  30|0x0000000081e00000, 0x0000000081f00000, 0x0000000081f00000|100%| O|  |TAMS 0x0000000081f00000, 0x0000000081f00000| Untracked 
|  31|0x0000000081f00000, 0x0000000082000000, 0x0000000082000000|100%| O|  |TAMS 0x0000000082000000, 0x0000000082000000| Untracked 
|  32|0x0000000082000000, 0x0000000082100000, 0x0000000082100000|100%| O|  |TAMS 0x0000000082100000, 0x0000000082100000| Untracked 
|  33|0x0000000082100000, 0x0000000082200000, 0x0000000082200000|100%| O|  |TAMS 0x0000000082200000, 0x0000000082200000| Untracked 
|  34|0x0000000082200000, 0x0000000082300000, 0x0000000082300000|100%| O|  |TAMS 0x0000000082300000, 0x0000000082300000| Untracked 
|  35|0x0000000082300000, 0x0000000082400000, 0x0000000082400000|100%| O|  |TAMS 0x0000000082400000, 0x0000000082400000| Untracked 
|  36|0x0000000082400000, 0x0000000082500000, 0x0000000082500000|100%| O|  |TAMS 0x0000000082500000, 0x0000000082500000| Untracked 
|  37|0x0000000082500000, 0x0000000082600000, 0x0000000082600000|100%| O|  |TAMS 0x0000000082600000, 0x0000000082600000| Untracked 
|  38|0x0000000082600000, 0x0000000082700000, 0x0000000082700000|100%| O|  |TAMS 0x0000000082700000, 0x0000000082700000| Untracked 
|  39|0x0000000082700000, 0x0000000082800000, 0x0000000082800000|100%| O|  |TAMS 0x0000000082800000, 0x0000000082800000| Untracked 
|  40|0x0000000082800000, 0x0000000082900000, 0x0000000082900000|100%| O|  |TAMS 0x0000000082900000, 0x0000000082900000| Untracked 
|  41|0x0000000082900000, 0x0000000082a00000, 0x0000000082a00000|100%| O|  |TAMS 0x0000000082a00000, 0x0000000082a00000| Untracked 
|  42|0x0000000082a00000, 0x0000000082b00000, 0x0000000082b00000|100%| O|  |TAMS 0x0000000082b00000, 0x0000000082b00000| Untracked 
|  43|0x0000000082b00000, 0x0000000082c00000, 0x0000000082c00000|100%| O|  |TAMS 0x0000000082c00000, 0x0000000082c00000| Untracked 
|  44|0x0000000082c00000, 0x0000000082d00000, 0x0000000082d00000|100%| O|  |TAMS 0x0000000082d00000, 0x0000000082d00000| Untracked 
|  45|0x0000000082d00000, 0x0000000082e00000, 0x0000000082e00000|100%| O|  |TAMS 0x0000000082e00000, 0x0000000082e00000| Untracked 
|  46|0x0000000082e00000, 0x0000000082f00000, 0x0000000082f00000|100%| O|  |TAMS 0x0000000082f00000, 0x0000000082f00000| Untracked 
|  47|0x0000000082f00000, 0x0000000083000000, 0x0000000083000000|100%| O|  |TAMS 0x0000000083000000, 0x0000000083000000| Untracked 
|  48|0x0000000083000000, 0x0000000083100000, 0x0000000083100000|100%| O|  |TAMS 0x0000000083100000, 0x0000000083100000| Untracked 
|  49|0x0000000083100000, 0x0000000083200000, 0x0000000083200000|100%| O|  |TAMS 0x0000000083200000, 0x0000000083200000| Untracked 
|  50|0x0000000083200000, 0x0000000083300000, 0x0000000083300000|100%| O|  |TAMS 0x0000000083300000, 0x0000000083300000| Untracked 
|  51|0x0000000083300000, 0x0000000083400000, 0x0000000083400000|100%| O|  |TAMS 0x0000000083400000, 0x0000000083400000| Untracked 
|  52|0x0000000083400000, 0x0000000083500000, 0x0000000083500000|100%| O|  |TAMS 0x0000000083500000, 0x0000000083500000| Untracked 
|  53|0x0000000083500000, 0x0000000083600000, 0x0000000083600000|100%| O|  |TAMS 0x0000000083600000, 0x0000000083600000| Untracked 
|  54|0x0000000083600000, 0x0000000083700000, 0x0000000083700000|100%| O|  |TAMS 0x0000000083700000, 0x0000000083700000| Untracked 
|  55|0x0000000083700000, 0x0000000083800000, 0x0000000083800000|100%| O|  |TAMS 0x0000000083800000, 0x0000000083800000| Untracked 
|  56|0x0000000083800000, 0x0000000083900000, 0x0000000083900000|100%| O|  |TAMS 0x0000000083900000, 0x0000000083900000| Untracked 
|  57|0x0000000083900000, 0x0000000083a00000, 0x0000000083a00000|100%| O|  |TAMS 0x0000000083a00000, 0x0000000083a00000| Untracked 
|  58|0x0000000083a00000, 0x0000000083b00000, 0x0000000083b00000|100%| O|  |TAMS 0x0000000083b00000, 0x0000000083b00000| Untracked 
|  59|0x0000000083b00000, 0x0000000083c00000, 0x0000000083c00000|100%| O|  |TAMS 0x0000000083c00000, 0x0000000083c00000| Untracked 
|  60|0x0000000083c00000, 0x0000000083d00000, 0x0000000083d00000|100%| O|  |TAMS 0x0000000083d00000, 0x0000000083d00000| Untracked 
|  61|0x0000000083d00000, 0x0000000083e00000, 0x0000000083e00000|100%| O|  |TAMS 0x0000000083e00000, 0x0000000083e00000| Untracked 
|  62|0x0000000083e00000, 0x0000000083f00000, 0x0000000083f00000|100%| O|  |TAMS 0x0000000083f00000, 0x0000000083f00000| Untracked 
|  63|0x0000000083f00000, 0x0000000084000000, 0x0000000084000000|100%| O|  |TAMS 0x0000000084000000, 0x0000000084000000| Untracked 
|  64|0x0000000084000000, 0x0000000084100000, 0x0000000084100000|100%| O|  |TAMS 0x0000000084100000, 0x0000000084100000| Untracked 
|  65|0x0000000084100000, 0x0000000084200000, 0x0000000084200000|100%| O|  |TAMS 0x0000000084200000, 0x0000000084200000| Untracked 
|  66|0x0000000084200000, 0x0000000084300000, 0x0000000084300000|100%| O|  |TAMS 0x0000000084300000, 0x0000000084300000| Untracked 
|  67|0x0000000084300000, 0x0000000084400000, 0x0000000084400000|100%| O|  |TAMS 0x0000000084400000, 0x0000000084400000| Untracked 
|  68|0x0000000084400000, 0x0000000084500000, 0x0000000084500000|100%| O|  |TAMS 0x0000000084500000, 0x0000000084500000| Untracked 
|  69|0x0000000084500000, 0x0000000084600000, 0x0000000084600000|100%| O|  |TAMS 0x0000000084600000, 0x0000000084600000| Untracked 
|  70|0x0000000084600000, 0x0000000084700000, 0x0000000084700000|100%| O|  |TAMS 0x0000000084700000, 0x0000000084700000| Untracked 
|  71|0x0000000084700000, 0x0000000084800000, 0x0000000084800000|100%| O|  |TAMS 0x0000000084800000, 0x0000000084800000| Untracked 
|  72|0x0000000084800000, 0x0000000084900000, 0x0000000084900000|100%| O|  |TAMS 0x0000000084900000, 0x0000000084900000| Untracked 
|  73|0x0000000084900000, 0x0000000084a00000, 0x0000000084a00000|100%| O|  |TAMS 0x0000000084a00000, 0x0000000084a00000| Untracked 
|  74|0x0000000084a00000, 0x0000000084b00000, 0x0000000084b00000|100%| O|  |TAMS 0x0000000084b00000, 0x0000000084b00000| Untracked 
|  75|0x0000000084b00000, 0x0000000084c00000, 0x0000000084c00000|100%|HS|  |TAMS 0x0000000084c00000, 0x0000000084c00000| Complete 
|  76|0x0000000084c00000, 0x0000000084d00000, 0x0000000084d00000|100%|HC|  |TAMS 0x0000000084d00000, 0x0000000084d00000| Complete 
|  77|0x0000000084d00000, 0x0000000084e00000, 0x0000000084e00000|100%|HS|  |TAMS 0x0000000084e00000, 0x0000000084e00000| Complete 
|  78|0x0000000084e00000, 0x0000000084f00000, 0x0000000084f00000|100%|HS|  |TAMS 0x0000000084f00000, 0x0000000084f00000| Complete 
|  79|0x0000000084f00000, 0x0000000085000000, 0x0000000085000000|100%|HS|  |TAMS 0x0000000085000000, 0x0000000085000000| Complete 
|  80|0x0000000085000000, 0x0000000085100000, 0x0000000085100000|100%|HS|  |TAMS 0x0000000085100000, 0x0000000085100000| Complete 
|  81|0x0000000085100000, 0x0000000085200000, 0x0000000085200000|100%|HC|  |TAMS 0x0000000085200000, 0x0000000085200000| Complete 
|  82|0x0000000085200000, 0x0000000085300000, 0x0000000085300000|100%|HS|  |TAMS 0x0000000085300000, 0x0000000085300000| Complete 
|  83|0x0000000085300000, 0x0000000085400000, 0x0000000085400000|100%|HS|  |TAMS 0x0000000085400000, 0x0000000085400000| Complete 
|  84|0x0000000085400000, 0x0000000085500000, 0x0000000085500000|100%|HC|  |TAMS 0x0000000085500000, 0x0000000085500000| Complete 
|  85|0x0000000085500000, 0x0000000085600000, 0x0000000085600000|100%|HC|  |TAMS 0x0000000085600000, 0x0000000085600000| Complete 
|  86|0x0000000085600000, 0x0000000085700000, 0x0000000085700000|100%|HC|  |TAMS 0x0000000085700000, 0x0000000085700000| Complete 
|  87|0x0000000085700000, 0x0000000085800000, 0x0000000085800000|100%|HS|  |TAMS 0x0000000085800000, 0x0000000085800000| Complete 
|  88|0x0000000085800000, 0x0000000085900000, 0x0000000085900000|100%|HS|  |TAMS 0x0000000085900000, 0x0000000085900000| Complete 
|  89|0x0000000085900000, 0x0000000085a00000, 0x0000000085a00000|100%|HS|  |TAMS 0x0000000085a00000, 0x0000000085a00000| Complete 
|  90|0x0000000085a00000, 0x0000000085b00000, 0x0000000085b00000|100%|HS|  |TAMS 0x0000000085b00000, 0x0000000085b00000| Complete 
|  91|0x0000000085b00000, 0x0000000085c00000, 0x0000000085c00000|100%|HC|  |TAMS 0x0000000085c00000, 0x0000000085c00000| Complete 
|  92|0x0000000085c00000, 0x0000000085d00000, 0x0000000085d00000|100%|HS|  |TAMS 0x0000000085d00000, 0x0000000085d00000| Complete 
|  93|0x0000000085d00000, 0x0000000085e00000, 0x0000000085e00000|100%|HC|  |TAMS 0x0000000085e00000, 0x0000000085e00000| Complete 
|  94|0x0000000085e00000, 0x0000000085f00000, 0x0000000085f00000|100%|HC|  |TAMS 0x0000000085f00000, 0x0000000085f00000| Complete 
|  95|0x0000000085f00000, 0x0000000086000000, 0x0000000086000000|100%|HS|  |TAMS 0x0000000086000000, 0x0000000086000000| Complete 
|  96|0x0000000086000000, 0x0000000086100000, 0x0000000086100000|100%|HS|  |TAMS 0x0000000086100000, 0x0000000086100000| Complete 
|  97|0x0000000086100000, 0x0000000086200000, 0x0000000086200000|100%|HS|  |TAMS 0x0000000086200000, 0x0000000086200000| Complete 
|  98|0x0000000086200000, 0x0000000086300000, 0x0000000086300000|100%|HC|  |TAMS 0x0000000086300000, 0x0000000086300000| Complete 
|  99|0x0000000086300000, 0x0000000086400000, 0x0000000086400000|100%|HC|  |TAMS 0x0000000086400000, 0x0000000086400000| Complete 
| 100|0x0000000086400000, 0x0000000086500000, 0x0000000086500000|100%|HS|  |TAMS 0x0000000086400000, 0x0000000086400000| Complete 
| 101|0x0000000086500000, 0x0000000086600000, 0x0000000086600000|100%|HS|  |TAMS 0x0000000086500000, 0x0000000086600000| Complete 
| 102|0x0000000086600000, 0x0000000086700000, 0x0000000086700000|100%|HS|  |TAMS 0x0000000086700000, 0x0000000086700000| Complete 
| 103|0x0000000086700000, 0x0000000086800000, 0x0000000086800000|100%|HC|  |TAMS 0x0000000086800000, 0x0000000086800000| Complete 
| 104|0x0000000086800000, 0x0000000086900000, 0x0000000086900000|100%|HS|  |TAMS 0x0000000086800000, 0x0000000086800000| Complete 
| 105|0x0000000086900000, 0x0000000086a00000, 0x0000000086a00000|100%|HS|  |TAMS 0x0000000086a00000, 0x0000000086a00000| Complete 
| 106|0x0000000086a00000, 0x0000000086b00000, 0x0000000086b00000|100%|HS|  |TAMS 0x0000000086a00000, 0x0000000086b00000| Complete 
| 107|0x0000000086b00000, 0x0000000086c00000, 0x0000000086c00000|100%|HS|  |TAMS 0x0000000086b00000, 0x0000000086b00000| Complete 
| 108|0x0000000086c00000, 0x0000000086d00000, 0x0000000086d00000|100%|HS|  |TAMS 0x0000000086d00000, 0x0000000086d00000| Complete 
| 109|0x0000000086d00000, 0x0000000086e00000, 0x0000000086e00000|100%|HS|  |TAMS 0x0000000086d00000, 0x0000000086e00000| Complete 
| 110|0x0000000086e00000, 0x0000000086f00000, 0x0000000086f00000|100%|HS|  |TAMS 0x0000000086f00000, 0x0000000086f00000| Complete 
| 111|0x0000000086f00000, 0x0000000087000000, 0x0000000087000000|100%|HS|  |TAMS 0x0000000086f00000, 0x0000000086f00000| Complete 
| 112|0x0000000087000000, 0x0000000087000000, 0x0000000087100000|  0%| F|  |TAMS 0x0000000087000000, 0x0000000087000000| Untracked 
| 113|0x0000000087100000, 0x0000000087200000, 0x0000000087200000|100%|HS|  |TAMS 0x0000000087200000, 0x0000000087200000| Complete 
| 114|0x0000000087200000, 0x0000000087300000, 0x0000000087300000|100%|HC|  |TAMS 0x0000000087300000, 0x0000000087300000| Complete 
| 115|0x0000000087300000, 0x0000000087300000, 0x0000000087400000|  0%| F|  |TAMS 0x0000000087300000, 0x0000000087300000| Untracked 
| 116|0x0000000087400000, 0x0000000087500000, 0x0000000087500000|100%|HS|  |TAMS 0x0000000087500000, 0x0000000087500000| Complete 
| 117|0x0000000087500000, 0x0000000087600000, 0x0000000087600000|100%| O|  |TAMS 0x0000000087600000, 0x0000000087600000| Untracked 
| 118|0x0000000087600000, 0x0000000087700000, 0x0000000087700000|100%| O|  |TAMS 0x0000000087700000, 0x0000000087700000| Untracked 
| 119|0x0000000087700000, 0x0000000087800000, 0x0000000087800000|100%|HS|  |TAMS 0x0000000087700000, 0x0000000087800000| Complete 
| 120|0x0000000087800000, 0x0000000087900000, 0x0000000087900000|100%|HC|  |TAMS 0x0000000087800000, 0x0000000087900000| Complete 
| 121|0x0000000087900000, 0x0000000087a00000, 0x0000000087a00000|100%|HC|  |TAMS 0x0000000087900000, 0x0000000087a00000| Complete 
| 122|0x0000000087a00000, 0x0000000087b00000, 0x0000000087b00000|100%|HC|  |TAMS 0x0000000087a00000, 0x0000000087b00000| Complete 
| 123|0x0000000087b00000, 0x0000000087c00000, 0x0000000087c00000|100%|HS|  |TAMS 0x0000000087b00000, 0x0000000087c00000| Complete 
| 124|0x0000000087c00000, 0x0000000087d00000, 0x0000000087d00000|100%|HC|  |TAMS 0x0000000087c00000, 0x0000000087d00000| Complete 
| 125|0x0000000087d00000, 0x0000000087e00000, 0x0000000087e00000|100%|HS|  |TAMS 0x0000000087d00000, 0x0000000087e00000| Complete 
| 126|0x0000000087e00000, 0x0000000087e00000, 0x0000000087f00000|  0%| F|  |TAMS 0x0000000087e00000, 0x0000000087e00000| Untracked 
| 127|0x0000000087f00000, 0x0000000087f00000, 0x0000000088000000|  0%| F|  |TAMS 0x0000000087f00000, 0x0000000087f00000| Untracked 
| 128|0x0000000088000000, 0x0000000088000000, 0x0000000088100000|  0%| F|  |TAMS 0x0000000088000000, 0x0000000088000000| Untracked 
| 129|0x0000000088100000, 0x0000000088100000, 0x0000000088200000|  0%| F|  |TAMS 0x0000000088100000, 0x0000000088100000| Untracked 
| 130|0x0000000088200000, 0x0000000088200000, 0x0000000088300000|  0%| F|  |TAMS 0x0000000088200000, 0x0000000088200000| Untracked 
| 131|0x0000000088300000, 0x0000000088400000, 0x0000000088400000|100%| O|  |TAMS 0x0000000088400000, 0x0000000088400000| Untracked 
| 132|0x0000000088400000, 0x0000000088500000, 0x0000000088500000|100%| O|  |TAMS 0x0000000088500000, 0x0000000088500000| Untracked 
| 133|0x0000000088500000, 0x0000000088600000, 0x0000000088600000|100%| O|  |TAMS 0x00000000885c1e00, 0x0000000088600000| Untracked 
| 134|0x0000000088600000, 0x0000000088600000, 0x0000000088700000|  0%| F|  |TAMS 0x0000000088600000, 0x0000000088600000| Untracked 
| 135|0x0000000088700000, 0x0000000088700000, 0x0000000088800000|  0%| F|  |TAMS 0x0000000088700000, 0x0000000088700000| Untracked 
| 136|0x0000000088800000, 0x0000000088800000, 0x0000000088900000|  0%| F|  |TAMS 0x0000000088800000, 0x0000000088800000| Untracked 
| 137|0x0000000088900000, 0x0000000088a00000, 0x0000000088a00000|100%|HS|  |TAMS 0x0000000088900000, 0x0000000088a00000| Complete 
| 138|0x0000000088a00000, 0x0000000088b00000, 0x0000000088b00000|100%|HC|  |TAMS 0x0000000088a00000, 0x0000000088b00000| Complete 
| 139|0x0000000088b00000, 0x0000000088c00000, 0x0000000088c00000|100%|HC|  |TAMS 0x0000000088b00000, 0x0000000088c00000| Complete 
| 140|0x0000000088c00000, 0x0000000088d00000, 0x0000000088d00000|100%|HS|  |TAMS 0x0000000088c00000, 0x0000000088d00000| Complete 
| 141|0x0000000088d00000, 0x0000000088d00000, 0x0000000088e00000|  0%| F|  |TAMS 0x0000000088d00000, 0x0000000088d00000| Untracked 
| 142|0x0000000088e00000, 0x0000000088e00000, 0x0000000088f00000|  0%| F|  |TAMS 0x0000000088e00000, 0x0000000088e00000| Untracked 
| 143|0x0000000088f00000, 0x0000000088f00000, 0x0000000089000000|  0%| F|  |TAMS 0x0000000088f00000, 0x0000000088f00000| Untracked 
| 144|0x0000000089000000, 0x0000000089100000, 0x0000000089100000|100%|HS|  |TAMS 0x0000000089000000, 0x0000000089100000| Complete 
| 145|0x0000000089100000, 0x0000000089200000, 0x0000000089200000|100%|HC|  |TAMS 0x0000000089100000, 0x0000000089200000| Complete 
| 146|0x0000000089200000, 0x0000000089300000, 0x0000000089300000|100%|HC|  |TAMS 0x0000000089200000, 0x0000000089300000| Complete 
| 147|0x0000000089300000, 0x0000000089400000, 0x0000000089400000|100%| O|  |TAMS 0x0000000089300000, 0x0000000089400000| Untracked 
| 148|0x0000000089400000, 0x0000000089500000, 0x0000000089500000|100%| O|  |TAMS 0x0000000089400000, 0x0000000089500000| Untracked 
| 149|0x0000000089500000, 0x0000000089600000, 0x0000000089600000|100%| O|  |TAMS 0x0000000089500000, 0x0000000089600000| Untracked 
| 150|0x0000000089600000, 0x0000000089700000, 0x0000000089700000|100%| O|  |TAMS 0x0000000089600000, 0x0000000089700000| Untracked 
| 151|0x0000000089700000, 0x0000000089800000, 0x0000000089800000|100%| O|  |TAMS 0x0000000089700000, 0x0000000089800000| Untracked 
| 152|0x0000000089800000, 0x0000000089900000, 0x0000000089900000|100%| O|  |TAMS 0x0000000089800000, 0x0000000089900000| Untracked 
| 153|0x0000000089900000, 0x0000000089a00000, 0x0000000089a00000|100%| O|  |TAMS 0x0000000089900000, 0x0000000089a00000| Untracked 
| 154|0x0000000089a00000, 0x0000000089b00000, 0x0000000089b00000|100%| O|  |TAMS 0x0000000089a00000, 0x0000000089b00000| Untracked 
| 155|0x0000000089b00000, 0x0000000089c00000, 0x0000000089c00000|100%| O|  |TAMS 0x0000000089b00000, 0x0000000089c00000| Untracked 
| 156|0x0000000089c00000, 0x0000000089d00000, 0x0000000089d00000|100%| O|  |TAMS 0x0000000089c00000, 0x0000000089d00000| Untracked 
| 157|0x0000000089d00000, 0x0000000089e00000, 0x0000000089e00000|100%| O|  |TAMS 0x0000000089d00000, 0x0000000089e00000| Untracked 
| 158|0x0000000089e00000, 0x0000000089f00000, 0x0000000089f00000|100%| O|  |TAMS 0x0000000089e00000, 0x0000000089f00000| Untracked 
| 159|0x0000000089f00000, 0x000000008a000000, 0x000000008a000000|100%| O|  |TAMS 0x0000000089f00000, 0x000000008a000000| Untracked 
| 160|0x000000008a000000, 0x000000008a100000, 0x000000008a100000|100%| O|  |TAMS 0x000000008a000000, 0x000000008a100000| Untracked 
| 161|0x000000008a100000, 0x000000008a200000, 0x000000008a200000|100%| O|  |TAMS 0x000000008a100000, 0x000000008a200000| Untracked 
| 162|0x000000008a200000, 0x000000008a300000, 0x000000008a300000|100%| O|  |TAMS 0x000000008a200000, 0x000000008a300000| Untracked 
| 163|0x000000008a300000, 0x000000008a400000, 0x000000008a400000|100%| O|  |TAMS 0x000000008a300000, 0x000000008a400000| Untracked 
| 164|0x000000008a400000, 0x000000008a500000, 0x000000008a500000|100%| O|  |TAMS 0x000000008a400000, 0x000000008a500000| Untracked 
| 165|0x000000008a500000, 0x000000008a600000, 0x000000008a600000|100%| O|  |TAMS 0x000000008a500000, 0x000000008a600000| Untracked 
| 166|0x000000008a600000, 0x000000008a700000, 0x000000008a700000|100%| O|  |TAMS 0x000000008a600000, 0x000000008a700000| Untracked 
| 167|0x000000008a700000, 0x000000008a800000, 0x000000008a800000|100%| O|  |TAMS 0x000000008a700000, 0x000000008a800000| Untracked 
| 168|0x000000008a800000, 0x000000008a900000, 0x000000008a900000|100%| O|  |TAMS 0x000000008a800000, 0x000000008a900000| Untracked 
| 169|0x000000008a900000, 0x000000008aa00000, 0x000000008aa00000|100%| O|  |TAMS 0x000000008a900000, 0x000000008aa00000| Untracked 
| 170|0x000000008aa00000, 0x000000008ab00000, 0x000000008ab00000|100%| O|  |TAMS 0x000000008aa00000, 0x000000008ab00000| Untracked 
| 171|0x000000008ab00000, 0x000000008ac00000, 0x000000008ac00000|100%| O|  |TAMS 0x000000008ab00000, 0x000000008ac00000| Untracked 
| 172|0x000000008ac00000, 0x000000008ad00000, 0x000000008ad00000|100%| O|  |TAMS 0x000000008ac00000, 0x000000008ad00000| Untracked 
| 173|0x000000008ad00000, 0x000000008adcdc00, 0x000000008ae00000| 80%| O|  |TAMS 0x000000008ad00000, 0x000000008adcdc00| Untracked 
| 174|0x000000008ae00000, 0x000000008ae00000, 0x000000008af00000|  0%| F|  |TAMS 0x000000008ae00000, 0x000000008ae00000| Untracked 
| 175|0x000000008af00000, 0x000000008af00000, 0x000000008b000000|  0%| F|  |TAMS 0x000000008af00000, 0x000000008af00000| Untracked 
| 176|0x000000008b000000, 0x000000008b000000, 0x000000008b100000|  0%| F|  |TAMS 0x000000008b000000, 0x000000008b000000| Untracked 
| 177|0x000000008b100000, 0x000000008b100000, 0x000000008b200000|  0%| F|  |TAMS 0x000000008b100000, 0x000000008b100000| Untracked 
| 178|0x000000008b200000, 0x000000008b200000, 0x000000008b300000|  0%| F|  |TAMS 0x000000008b200000, 0x000000008b200000| Untracked 
| 179|0x000000008b300000, 0x000000008b300000, 0x000000008b400000|  0%| F|  |TAMS 0x000000008b300000, 0x000000008b300000| Untracked 
| 180|0x000000008b400000, 0x000000008b400000, 0x000000008b500000|  0%| F|  |TAMS 0x000000008b400000, 0x000000008b400000| Untracked 
| 181|0x000000008b500000, 0x000000008b500000, 0x000000008b600000|  0%| F|  |TAMS 0x000000008b500000, 0x000000008b500000| Untracked 
| 182|0x000000008b600000, 0x000000008b600000, 0x000000008b700000|  0%| F|  |TAMS 0x000000008b600000, 0x000000008b600000| Untracked 
| 183|0x000000008b700000, 0x000000008b700000, 0x000000008b800000|  0%| F|  |TAMS 0x000000008b700000, 0x000000008b700000| Untracked 
| 184|0x000000008b800000, 0x000000008b800000, 0x000000008b900000|  0%| F|  |TAMS 0x000000008b800000, 0x000000008b800000| Untracked 
| 185|0x000000008b900000, 0x000000008b900000, 0x000000008ba00000|  0%| F|  |TAMS 0x000000008b900000, 0x000000008b900000| Untracked 
| 186|0x000000008ba00000, 0x000000008ba00000, 0x000000008bb00000|  0%| F|  |TAMS 0x000000008ba00000, 0x000000008ba00000| Untracked 
| 187|0x000000008bb00000, 0x000000008bb00000, 0x000000008bc00000|  0%| F|  |TAMS 0x000000008bb00000, 0x000000008bb00000| Untracked 
| 188|0x000000008bc00000, 0x000000008bc00000, 0x000000008bd00000|  0%| F|  |TAMS 0x000000008bc00000, 0x000000008bc00000| Untracked 
| 189|0x000000008bd00000, 0x000000008bd00000, 0x000000008be00000|  0%| F|  |TAMS 0x000000008bd00000, 0x000000008bd00000| Untracked 
| 190|0x000000008be00000, 0x000000008be00000, 0x000000008bf00000|  0%| F|  |TAMS 0x000000008be00000, 0x000000008be00000| Untracked 
| 191|0x000000008bf00000, 0x000000008bf00000, 0x000000008c000000|  0%| F|  |TAMS 0x000000008bf00000, 0x000000008bf00000| Untracked 
| 192|0x000000008c000000, 0x000000008c000000, 0x000000008c100000|  0%| F|  |TAMS 0x000000008c000000, 0x000000008c000000| Untracked 
| 193|0x000000008c100000, 0x000000008c100000, 0x000000008c200000|  0%| F|  |TAMS 0x000000008c100000, 0x000000008c100000| Untracked 
| 194|0x000000008c200000, 0x000000008c200000, 0x000000008c300000|  0%| F|  |TAMS 0x000000008c200000, 0x000000008c200000| Untracked 
| 195|0x000000008c300000, 0x000000008c300000, 0x000000008c400000|  0%| F|  |TAMS 0x000000008c300000, 0x000000008c300000| Untracked 
| 196|0x000000008c400000, 0x000000008c400000, 0x000000008c500000|  0%| F|  |TAMS 0x000000008c400000, 0x000000008c400000| Untracked 
| 197|0x000000008c500000, 0x000000008c500000, 0x000000008c600000|  0%| F|  |TAMS 0x000000008c500000, 0x000000008c500000| Untracked 
| 198|0x000000008c600000, 0x000000008c600000, 0x000000008c700000|  0%| F|  |TAMS 0x000000008c600000, 0x000000008c600000| Untracked 
| 199|0x000000008c700000, 0x000000008c700000, 0x000000008c800000|  0%| F|  |TAMS 0x000000008c700000, 0x000000008c700000| Untracked 
| 200|0x000000008c800000, 0x000000008c800000, 0x000000008c900000|  0%| F|  |TAMS 0x000000008c800000, 0x000000008c800000| Untracked 
| 201|0x000000008c900000, 0x000000008c900000, 0x000000008ca00000|  0%| F|  |TAMS 0x000000008c900000, 0x000000008c900000| Untracked 
| 202|0x000000008ca00000, 0x000000008ca00000, 0x000000008cb00000|  0%| F|  |TAMS 0x000000008ca00000, 0x000000008ca00000| Untracked 
| 203|0x000000008cb00000, 0x000000008cb00000, 0x000000008cc00000|  0%| F|  |TAMS 0x000000008cb00000, 0x000000008cb00000| Untracked 
| 204|0x000000008cc00000, 0x000000008cc00000, 0x000000008cd00000|  0%| F|  |TAMS 0x000000008cc00000, 0x000000008cc00000| Untracked 
| 205|0x000000008cd00000, 0x000000008cd00000, 0x000000008ce00000|  0%| F|  |TAMS 0x000000008cd00000, 0x000000008cd00000| Untracked 
| 206|0x000000008ce00000, 0x000000008ce00000, 0x000000008cf00000|  0%| F|  |TAMS 0x000000008ce00000, 0x000000008ce00000| Untracked 
| 207|0x000000008cf00000, 0x000000008d000000, 0x000000008d000000|100%| S|CS|TAMS 0x000000008cf00000, 0x000000008cf00000| Complete 
| 208|0x000000008d000000, 0x000000008d100000, 0x000000008d100000|100%| S|CS|TAMS 0x000000008d000000, 0x000000008d000000| Complete 
| 209|0x000000008d100000, 0x000000008d200000, 0x000000008d200000|100%| S|CS|TAMS 0x000000008d100000, 0x000000008d100000| Complete 
| 210|0x000000008d200000, 0x000000008d300000, 0x000000008d300000|100%| S|CS|TAMS 0x000000008d200000, 0x000000008d200000| Complete 
| 211|0x000000008d300000, 0x000000008d400000, 0x000000008d400000|100%| S|CS|TAMS 0x000000008d300000, 0x000000008d300000| Complete 
| 212|0x000000008d400000, 0x000000008d500000, 0x000000008d500000|100%| S|CS|TAMS 0x000000008d400000, 0x000000008d400000| Complete 
| 213|0x000000008d500000, 0x000000008d600000, 0x000000008d600000|100%| S|CS|TAMS 0x000000008d500000, 0x000000008d500000| Complete 
| 214|0x000000008d600000, 0x000000008d700000, 0x000000008d700000|100%| S|CS|TAMS 0x000000008d600000, 0x000000008d600000| Complete 
| 215|0x000000008d700000, 0x000000008d800000, 0x000000008d800000|100%| S|CS|TAMS 0x000000008d700000, 0x000000008d700000| Complete 
| 216|0x000000008d800000, 0x000000008d900000, 0x000000008d900000|100%| S|CS|TAMS 0x000000008d800000, 0x000000008d800000| Complete 
| 217|0x000000008d900000, 0x000000008da00000, 0x000000008da00000|100%| S|CS|TAMS 0x000000008d900000, 0x000000008d900000| Complete 
| 218|0x000000008da00000, 0x000000008db00000, 0x000000008db00000|100%| S|CS|TAMS 0x000000008da00000, 0x000000008da00000| Complete 
| 219|0x000000008db00000, 0x000000008db00000, 0x000000008dc00000|  0%| F|  |TAMS 0x000000008db00000, 0x000000008db00000| Untracked 
| 220|0x000000008dc00000, 0x000000008dc00000, 0x000000008dd00000|  0%| F|  |TAMS 0x000000008dc00000, 0x000000008dc00000| Untracked 
| 221|0x000000008dd00000, 0x000000008dd00000, 0x000000008de00000|  0%| F|  |TAMS 0x000000008dd00000, 0x000000008dd00000| Untracked 
| 222|0x000000008de00000, 0x000000008de00000, 0x000000008df00000|  0%| F|  |TAMS 0x000000008de00000, 0x000000008de00000| Untracked 
| 223|0x000000008df00000, 0x000000008df00000, 0x000000008e000000|  0%| F|  |TAMS 0x000000008df00000, 0x000000008df00000| Untracked 
| 224|0x000000008e000000, 0x000000008e000000, 0x000000008e100000|  0%| F|  |TAMS 0x000000008e000000, 0x000000008e000000| Untracked 
| 225|0x000000008e100000, 0x000000008e100000, 0x000000008e200000|  0%| F|  |TAMS 0x000000008e100000, 0x000000008e100000| Untracked 
| 226|0x000000008e200000, 0x000000008e200000, 0x000000008e300000|  0%| F|  |TAMS 0x000000008e200000, 0x000000008e200000| Untracked 
| 227|0x000000008e300000, 0x000000008e300000, 0x000000008e400000|  0%| F|  |TAMS 0x000000008e300000, 0x000000008e300000| Untracked 
| 228|0x000000008e400000, 0x000000008e400000, 0x000000008e500000|  0%| F|  |TAMS 0x000000008e400000, 0x000000008e400000| Untracked 
| 229|0x000000008e500000, 0x000000008e500000, 0x000000008e600000|  0%| F|  |TAMS 0x000000008e500000, 0x000000008e500000| Untracked 
| 230|0x000000008e600000, 0x000000008e600000, 0x000000008e700000|  0%| F|  |TAMS 0x000000008e600000, 0x000000008e600000| Untracked 
| 231|0x000000008e700000, 0x000000008e700000, 0x000000008e800000|  0%| F|  |TAMS 0x000000008e700000, 0x000000008e700000| Untracked 
| 232|0x000000008e800000, 0x000000008e800000, 0x000000008e900000|  0%| F|  |TAMS 0x000000008e800000, 0x000000008e800000| Untracked 
| 233|0x000000008e900000, 0x000000008e900000, 0x000000008ea00000|  0%| F|  |TAMS 0x000000008e900000, 0x000000008e900000| Untracked 
| 234|0x000000008ea00000, 0x000000008ea00000, 0x000000008eb00000|  0%| F|  |TAMS 0x000000008ea00000, 0x000000008ea00000| Untracked 
| 235|0x000000008eb00000, 0x000000008eb00000, 0x000000008ec00000|  0%| F|  |TAMS 0x000000008eb00000, 0x000000008eb00000| Untracked 
| 236|0x000000008ec00000, 0x000000008ec00000, 0x000000008ed00000|  0%| F|  |TAMS 0x000000008ec00000, 0x000000008ec00000| Untracked 
| 237|0x000000008ed00000, 0x000000008ed00000, 0x000000008ee00000|  0%| F|  |TAMS 0x000000008ed00000, 0x000000008ed00000| Untracked 
| 238|0x000000008ee00000, 0x000000008ee00000, 0x000000008ef00000|  0%| F|  |TAMS 0x000000008ee00000, 0x000000008ee00000| Untracked 
| 239|0x000000008ef00000, 0x000000008ef00000, 0x000000008f000000|  0%| F|  |TAMS 0x000000008ef00000, 0x000000008ef00000| Untracked 
| 240|0x000000008f000000, 0x000000008f000000, 0x000000008f100000|  0%| F|  |TAMS 0x000000008f000000, 0x000000008f000000| Untracked 
| 241|0x000000008f100000, 0x000000008f100000, 0x000000008f200000|  0%| F|  |TAMS 0x000000008f100000, 0x000000008f100000| Untracked 
| 242|0x000000008f200000, 0x000000008f200000, 0x000000008f300000|  0%| F|  |TAMS 0x000000008f200000, 0x000000008f200000| Untracked 
| 243|0x000000008f300000, 0x000000008f300000, 0x000000008f400000|  0%| F|  |TAMS 0x000000008f300000, 0x000000008f300000| Untracked 
| 244|0x000000008f400000, 0x000000008f400000, 0x000000008f500000|  0%| F|  |TAMS 0x000000008f400000, 0x000000008f400000| Untracked 
| 245|0x000000008f500000, 0x000000008f500000, 0x000000008f600000|  0%| F|  |TAMS 0x000000008f500000, 0x000000008f500000| Untracked 
| 246|0x000000008f600000, 0x000000008f600000, 0x000000008f700000|  0%| F|  |TAMS 0x000000008f600000, 0x000000008f600000| Untracked 
| 247|0x000000008f700000, 0x000000008f700000, 0x000000008f800000|  0%| F|  |TAMS 0x000000008f700000, 0x000000008f700000| Untracked 
| 248|0x000000008f800000, 0x000000008f800000, 0x000000008f900000|  0%| F|  |TAMS 0x000000008f800000, 0x000000008f800000| Untracked 
| 249|0x000000008f900000, 0x000000008f900000, 0x000000008fa00000|  0%| F|  |TAMS 0x000000008f900000, 0x000000008f900000| Untracked 
| 250|0x000000008fa00000, 0x000000008fa00000, 0x000000008fb00000|  0%| F|  |TAMS 0x000000008fa00000, 0x000000008fa00000| Untracked 
| 251|0x000000008fb00000, 0x000000008fb00000, 0x000000008fc00000|  0%| F|  |TAMS 0x000000008fb00000, 0x000000008fb00000| Untracked 
| 252|0x000000008fc00000, 0x000000008fd00000, 0x000000008fd00000|100%| E|  |TAMS 0x000000008fc00000, 0x000000008fc00000| Complete 
| 253|0x000000008fd00000, 0x000000008fe00000, 0x000000008fe00000|100%| E|CS|TAMS 0x000000008fd00000, 0x000000008fd00000| Complete 
| 254|0x000000008fe00000, 0x000000008ff00000, 0x000000008ff00000|100%| E|CS|TAMS 0x000000008fe00000, 0x000000008fe00000| Complete 
| 255|0x000000008ff00000, 0x0000000090000000, 0x0000000090000000|100%| E|CS|TAMS 0x000000008ff00000, 0x000000008ff00000| Complete 
| 256|0x0000000090000000, 0x0000000090100000, 0x0000000090100000|100%| E|CS|TAMS 0x0000000090000000, 0x0000000090000000| Complete 
| 257|0x0000000090100000, 0x0000000090200000, 0x0000000090200000|100%| E|CS|TAMS 0x0000000090100000, 0x0000000090100000| Complete 
| 258|0x0000000090200000, 0x0000000090300000, 0x0000000090300000|100%| E|CS|TAMS 0x0000000090200000, 0x0000000090200000| Complete 
| 259|0x0000000090300000, 0x0000000090400000, 0x0000000090400000|100%| E|CS|TAMS 0x0000000090300000, 0x0000000090300000| Complete 
| 260|0x0000000090400000, 0x0000000090500000, 0x0000000090500000|100%| E|CS|TAMS 0x0000000090400000, 0x0000000090400000| Complete 
| 261|0x0000000090500000, 0x0000000090600000, 0x0000000090600000|100%| E|CS|TAMS 0x0000000090500000, 0x0000000090500000| Complete 
| 262|0x0000000090600000, 0x0000000090700000, 0x0000000090700000|100%| E|CS|TAMS 0x0000000090600000, 0x0000000090600000| Complete 
| 263|0x0000000090700000, 0x0000000090800000, 0x0000000090800000|100%| E|CS|TAMS 0x0000000090700000, 0x0000000090700000| Complete 
| 264|0x0000000090800000, 0x0000000090900000, 0x0000000090900000|100%| E|  |TAMS 0x0000000090800000, 0x0000000090800000| Complete 
| 265|0x0000000090900000, 0x0000000090a00000, 0x0000000090a00000|100%| E|CS|TAMS 0x0000000090900000, 0x0000000090900000| Complete 
| 266|0x0000000090a00000, 0x0000000090b00000, 0x0000000090b00000|100%| E|CS|TAMS 0x0000000090a00000, 0x0000000090a00000| Complete 

Card table byte_map: [0x00000190f3650000,0x00000190f3a50000] _byte_map_base: 0x00000190f3250000

Marking Bits (Prev, Next): (CMBitMap*) 0x00000190e06b1340, (CMBitMap*) 0x00000190e06b1308
 Prev Bits: [0x00000190f5e50000, 0x00000190f7e50000)
 Next Bits: [0x00000190f3e50000, 0x00000190f5e50000)

Polling page: 0x00000190de880000

Metaspace:

Usage:
  Non-class:     76.71 MB capacity,    75.33 MB ( 98%) used,     1.14 MB (  1%) free+waste,   245.19 KB ( <1%) overhead. 
      Class:     11.96 MB capacity,    11.19 MB ( 93%) used,   688.13 KB (  6%) free+waste,   110.06 KB ( <1%) overhead. 
       Both:     88.68 MB capacity,    86.52 MB ( 98%) used,     1.81 MB (  2%) free+waste,   355.25 KB ( <1%) overhead. 

Virtual space:
  Non-class space:       78.00 MB reserved,      77.00 MB ( 99%) committed 
      Class space:        1.00 GB reserved,      12.20 MB (  1%) committed 
             Both:        1.08 GB reserved,      89.20 MB (  8%) committed 

Chunk freelists:
   Non-Class:  294.00 KB
       Class:  164.00 KB
        Both:  458.00 KB

MaxMetaspaceSize: 17179869184.00 GB
CompressedClassSpaceSize: 1.00 GB

CodeHeap 'non-profiled nmethods': size=120064Kb used=5237Kb max_used=5237Kb free=114826Kb
 bounds [0x00000190ebc00000, 0x00000190ec120000, 0x00000190f3140000]
CodeHeap 'profiled nmethods': size=120000Kb used=21130Kb max_used=21130Kb free=98869Kb
 bounds [0x00000190e46d0000, 0x00000190e5b80000, 0x00000190ebc00000]
CodeHeap 'non-nmethods': size=5696Kb used=2301Kb max_used=2348Kb free=3394Kb
 bounds [0x00000190e4140000, 0x00000190e43b0000, 0x00000190e46d0000]
 total_blobs=11612 nmethods=10711 adapters=812
 compilation: enabled
              stopped_count=0, restarted_count=0
 full_count=0

Compilation events (20 events):
Event: 7.542 Thread 0x00000190faeba800 10806       3       java.util.concurrent.ConcurrentHashMap::comparableClassFor (115 bytes)
Event: 7.543 Thread 0x00000190faeba800 nmethod 10806 0x00000190e5b68810 code [0x00000190e5b68aa0, 0x00000190e5b69818]
Event: 7.543 Thread 0x00000190faeba800 10808 % !   3       java.util.concurrent.ConcurrentHashMap::transfer @ 96 (828 bytes)
Event: 7.545 Thread 0x00000190faeba800 nmethod 10808% 0x00000190e5b69b90 code [0x00000190e5b6a000, 0x00000190e5b6d4a8]
Event: 7.545 Thread 0x00000190faeba800 10810       3       java.util.concurrent.ConcurrentHashMap$TreeNode::<init> (16 bytes)
Event: 7.545 Thread 0x00000190faeba800 nmethod 10810 0x00000190e5b6ea10 code [0x00000190e5b6ebe0, 0x00000190e5b6ef78]
Event: 7.545 Thread 0x00000190faeba800 10807       3       java.util.concurrent.ConcurrentHashMap$TreeBin::tieBreakOrder (49 bytes)
Event: 7.545 Thread 0x00000190faeba800 nmethod 10807 0x00000190e5b6f090 code [0x00000190e5b6f2c0, 0x00000190e5b6f7a8]
Event: 7.547 Thread 0x00000190faeba800 10811       3       java.util.concurrent.ConcurrentHashMap$TreeBin::balanceInsertion (245 bytes)
Event: 7.547 Thread 0x00000190faeba800 nmethod 10811 0x00000190e5b6fa10 code [0x00000190e5b6fc80, 0x00000190e5b70678]
Event: 7.548 Thread 0x00000190faeba800 10812       3       java.util.concurrent.ConcurrentHashMap$TreeNode::findTreeNode (177 bytes)
Event: 7.548 Thread 0x00000190faeba800 nmethod 10812 0x00000190e5b70a90 code [0x00000190e5b70ce0, 0x00000190e5b71718]
Event: 7.549 Thread 0x00000190faeba800 10814       3       java.util.concurrent.ConcurrentHashMap$TreeBin::rotateRight (91 bytes)
Event: 7.549 Thread 0x00000190faeba800 nmethod 10814 0x00000190e5b71a10 code [0x00000190e5b71be0, 0x00000190e5b720d8]
Event: 7.549 Thread 0x00000190faeba800 10813       3       java.util.concurrent.ConcurrentHashMap$TreeBin::rotateLeft (91 bytes)
Event: 7.549 Thread 0x00000190faeba800 nmethod 10813 0x00000190e5b72210 code [0x00000190e5b723e0, 0x00000190e5b728d8]
Event: 7.550 Thread 0x00000190faeb8000 nmethod 10799 0x00000190ec11b190 code [0x00000190ec11b380, 0x00000190ec11c608]
Event: 7.550 Thread 0x00000190faeb8000 10801       4       java.lang.Long::parseLong (267 bytes)
Event: 7.553 Thread 0x00000190faeb8000 nmethod 10801 0x00000190ec11cb10 code [0x00000190ec11cce0, 0x00000190ec11d158]
Event: 7.553 Thread 0x00000190faeb8000 10815 % !   4       java.util.concurrent.ConcurrentHashMap::transfer @ 96 (828 bytes)

GC Heap History (20 events):
Event: 3.805 GC heap before
{Heap before GC invocations=12 (full 0):
 garbage-first heap   total 189440K, used 55088K [0x0000000080000000, 0x0000000100000000)
  region size 1024K, 13 young (13312K), 3 survivors (3072K)
 Metaspace       used 58517K, capacity 60042K, committed 60236K, reserved 1101824K
  class space    used 7442K, capacity 7981K, committed 8012K, reserved 1048576K
}
Event: 3.811 GC heap after
{Heap after GC invocations=13 (full 0):
 garbage-first heap   total 189440K, used 46779K [0x0000000080000000, 0x0000000100000000)
  region size 1024K, 4 young (4096K), 4 survivors (4096K)
 Metaspace       used 58517K, capacity 60042K, committed 60236K, reserved 1101824K
  class space    used 7442K, capacity 7981K, committed 8012K, reserved 1048576K
}
Event: 4.278 GC heap before
{Heap before GC invocations=14 (full 0):
 garbage-first heap   total 189440K, used 121531K [0x0000000080000000, 0x0000000100000000)
  region size 1024K, 77 young (78848K), 4 survivors (4096K)
 Metaspace       used 63292K, capacity 64901K, committed 65100K, reserved 1105920K
  class space    used 8073K, capacity 8645K, committed 8780K, reserved 1048576K
}
Event: 4.292 GC heap after
{Heap after GC invocations=15 (full 0):
 garbage-first heap   total 189440K, used 52912K [0x0000000080000000, 0x0000000100000000)
  region size 1024K, 10 young (10240K), 10 survivors (10240K)
 Metaspace       used 63292K, capacity 64901K, committed 65100K, reserved 1105920K
  class space    used 8073K, capacity 8645K, committed 8780K, reserved 1048576K
}
Event: 4.789 GC heap before
{Heap before GC invocations=16 (full 0):
 garbage-first heap   total 189440K, used 127664K [0x0000000080000000, 0x0000000100000000)
  region size 1024K, 83 young (84992K), 10 survivors (10240K)
 Metaspace       used 68951K, capacity 70596K, committed 70860K, reserved 1110016K
  class space    used 8945K, capacity 9549K, committed 9676K, reserved 1048576K
}
Event: 4.801 GC heap after
{Heap after GC invocations=17 (full 0):
 garbage-first heap   total 189440K, used 58181K [0x0000000080000000, 0x0000000100000000)
  region size 1024K, 6 young (6144K), 6 survivors (6144K)
 Metaspace       used 68951K, capacity 70596K, committed 70860K, reserved 1110016K
  class space    used 8945K, capacity 9549K, committed 9676K, reserved 1048576K
}
Event: 5.343 GC heap before
{Heap before GC invocations=17 (full 0):
 garbage-first heap   total 189440K, used 133957K [0x0000000080000000, 0x0000000100000000)
  region size 1024K, 80 young (81920K), 6 survivors (6144K)
 Metaspace       used 75748K, capacity 77580K, committed 77644K, reserved 1116160K
  class space    used 9896K, capacity 10536K, committed 10572K, reserved 1048576K
}
Event: 5.352 GC heap after
{Heap after GC invocations=18 (full 0):
 garbage-first heap   total 227328K, used 62511K [0x0000000080000000, 0x0000000100000000)
  region size 1024K, 10 young (10240K), 10 survivors (10240K)
 Metaspace       used 75748K, capacity 77580K, committed 77644K, reserved 1116160K
  class space    used 9896K, capacity 10536K, committed 10572K, reserved 1048576K
}
Event: 6.124 GC heap before
{Heap before GC invocations=18 (full 0):
 garbage-first heap   total 227328K, used 173103K [0x0000000080000000, 0x0000000100000000)
  region size 1024K, 119 young (121856K), 10 survivors (10240K)
 Metaspace       used 79872K, capacity 82091K, committed 82252K, reserved 1120256K
  class space    used 10464K, capacity 11275K, committed 11340K, reserved 1048576K
}
Event: 6.136 GC heap after
{Heap after GC invocations=19 (full 0):
 garbage-first heap   total 227328K, used 71717K [0x0000000080000000, 0x0000000100000000)
  region size 1024K, 14 young (14336K), 14 survivors (14336K)
 Metaspace       used 79872K, capacity 82091K, committed 82252K, reserved 1120256K
  class space    used 10464K, capacity 11275K, committed 11340K, reserved 1048576K
}
Event: 6.490 GC heap before
{Heap before GC invocations=19 (full 0):
 garbage-first heap   total 227328K, used 168997K [0x0000000080000000, 0x0000000100000000)
  region size 1024K, 110 young (112640K), 14 survivors (14336K)
 Metaspace       used 80642K, capacity 82916K, committed 83020K, reserved 1120256K
  class space    used 10514K, capacity 11336K, committed 11340K, reserved 1048576K
}
Event: 6.505 GC heap after
{Heap after GC invocations=20 (full 0):
 garbage-first heap   total 227328K, used 77581K [0x0000000080000000, 0x0000000100000000)
  region size 1024K, 7 young (7168K), 7 survivors (7168K)
 Metaspace       used 80642K, capacity 82916K, committed 83020K, reserved 1120256K
  class space    used 10514K, capacity 11336K, committed 11340K, reserved 1048576K
}
Event: 6.783 GC heap before
{Heap before GC invocations=20 (full 0):
 garbage-first heap   total 227328K, used 174861K [0x0000000080000000, 0x0000000100000000)
  region size 1024K, 103 young (105472K), 7 survivors (7168K)
 Metaspace       used 82519K, capacity 84791K, committed 85068K, reserved 1122304K
  class space    used 10717K, capacity 11535K, committed 11596K, reserved 1048576K
}
Event: 6.794 GC heap after
{Heap after GC invocations=21 (full 0):
 garbage-first heap   total 227328K, used 81818K [0x0000000080000000, 0x0000000100000000)
  region size 1024K, 11 young (11264K), 11 survivors (11264K)
 Metaspace       used 82519K, capacity 84791K, committed 85068K, reserved 1122304K
  class space    used 10717K, capacity 11535K, committed 11596K, reserved 1048576K
}
Event: 6.993 GC heap before
{Heap before GC invocations=21 (full 0):
 garbage-first heap   total 227328K, used 178074K [0x0000000080000000, 0x0000000100000000)
  region size 1024K, 106 young (108544K), 11 survivors (11264K)
 Metaspace       used 84212K, capacity 86430K, committed 86604K, reserved 1124352K
  class space    used 10933K, capacity 11759K, committed 11852K, reserved 1048576K
}
Event: 7.002 GC heap after
{Heap after GC invocations=22 (full 0):
 garbage-first heap   total 273408K, used 85073K [0x0000000080000000, 0x0000000100000000)
  region size 1024K, 9 young (9216K), 9 survivors (9216K)
 Metaspace       used 84212K, capacity 86430K, committed 86604K, reserved 1124352K
  class space    used 10933K, capacity 11759K, committed 11852K, reserved 1048576K
}
Event: 7.288 GC heap before
{Heap before GC invocations=22 (full 0):
 garbage-first heap   total 273408K, used 199761K [0x0000000080000000, 0x0000000100000000)
  region size 1024K, 78 young (79872K), 9 survivors (9216K)
 Metaspace       used 88561K, capacity 90813K, committed 90956K, reserved 1128448K
  class space    used 11502K, capacity 12326K, committed 12364K, reserved 1048576K
}
Event: 7.302 GC heap after
{Heap after GC invocations=23 (full 0):
 garbage-first heap   total 273408K, used 136967K [0x0000000080000000, 0x0000000100000000)
  region size 1024K, 17 young (17408K), 17 survivors (17408K)
 Metaspace       used 88561K, capacity 90813K, committed 90956K, reserved 1128448K
  class space    used 11502K, capacity 12326K, committed 12364K, reserved 1048576K
}
Event: 7.471 GC heap before
{Heap before GC invocations=24 (full 0):
 garbage-first heap   total 273408K, used 214791K [0x0000000080000000, 0x0000000100000000)
  region size 1024K, 65 young (66560K), 17 survivors (17408K)
 Metaspace       used 88560K, capacity 90701K, committed 91340K, reserved 1128448K
  class space    used 11447K, capacity 12217K, committed 12492K, reserved 1048576K
}
Event: 7.521 GC heap after
{Heap after GC invocations=25 (full 0):
 garbage-first heap   total 273408K, used 172855K [0x0000000080000000, 0x0000000100000000)
  region size 1024K, 12 young (12288K), 12 survivors (12288K)
 Metaspace       used 88560K, capacity 90701K, committed 91340K, reserved 1128448K
  class space    used 11447K, capacity 12217K, committed 12492K, reserved 1048576K
}

Deoptimization events (20 events):
Event: 7.444 Thread 0x0000019082587000 DEOPT PACKING pc=0x00000190e5b62098 sp=0x00000087c2cfd330
Event: 7.444 Thread 0x0000019082587000 DEOPT UNPACKING pc=0x00000190e41676ce sp=0x00000087c2cfc830 mode 0
Event: 7.522 Thread 0x0000019082587000 DEOPT PACKING pc=0x00000190e5b62098 sp=0x00000087c2cfd330
Event: 7.522 Thread 0x0000019082587000 DEOPT UNPACKING pc=0x00000190e41676ce sp=0x00000087c2cfc830 mode 0
Event: 7.537 Thread 0x0000019082587000 DEOPT PACKING pc=0x00000190e5b61b6a sp=0x00000087c2cfd320
Event: 7.537 Thread 0x0000019082587000 DEOPT UNPACKING pc=0x00000190e41676ce sp=0x00000087c2cfc810 mode 0
Event: 7.540 Thread 0x0000019082587000 Uncommon trap: trap_request=0xffffff4d fr.pc=0x00000190ec1138f4 relative=0x0000000000001134
Event: 7.540 Thread 0x0000019082587000 Uncommon trap: reason=unstable_if action=reinterpret pc=0x00000190ec1138f4 method=java.util.concurrent.ConcurrentHashMap.putVal(Ljava/lang/Object;Ljava/lang/Object;Z)Ljava/lang/Object; @ 401 c2
Event: 7.540 Thread 0x0000019082587000 DEOPT PACKING pc=0x00000190ec1138f4 sp=0x00000087c2cfd4a0
Event: 7.540 Thread 0x0000019082587000 DEOPT UNPACKING pc=0x00000190e41678af sp=0x00000087c2cfd440 mode 2
Event: 7.542 Thread 0x0000019082587000 DEOPT PACKING pc=0x00000190e5b62098 sp=0x00000087c2cfd290
Event: 7.542 Thread 0x0000019082587000 DEOPT UNPACKING pc=0x00000190e41676ce sp=0x00000087c2cfc790 mode 0
Event: 7.542 Thread 0x0000019082587000 Uncommon trap: trap_request=0xffffff4d fr.pc=0x00000190ec1063a0 relative=0x0000000000000fc0
Event: 7.542 Thread 0x0000019082587000 Uncommon trap: reason=unstable_if action=reinterpret pc=0x00000190ec1063a0 method=java.util.concurrent.ConcurrentHashMap.transfer([Ljava/util/concurrent/ConcurrentHashMap$Node;[Ljava/util/concurrent/ConcurrentHashMap$Node;)V @ 352 c2
Event: 7.542 Thread 0x0000019082587000 DEOPT PACKING pc=0x00000190ec1063a0 sp=0x00000087c2cfd310
Event: 7.542 Thread 0x0000019082587000 DEOPT UNPACKING pc=0x00000190e41678af sp=0x00000087c2cfd288 mode 2
Event: 7.545 Thread 0x0000019082587000 Uncommon trap: trap_request=0xffffff4d fr.pc=0x00000190ebcc67f4 relative=0x00000000000011f4
Event: 7.546 Thread 0x0000019082587000 Uncommon trap: reason=unstable_if action=reinterpret pc=0x00000190ebcc67f4 method=java.util.concurrent.ConcurrentHashMap.transfer([Ljava/util/concurrent/ConcurrentHashMap$Node;[Ljava/util/concurrent/ConcurrentHashMap$Node;)V @ 352 c2
Event: 7.546 Thread 0x0000019082587000 DEOPT PACKING pc=0x00000190ebcc67f4 sp=0x00000087c2cfd310
Event: 7.546 Thread 0x0000019082587000 DEOPT UNPACKING pc=0x00000190e41678af sp=0x00000087c2cfd288 mode 2

Classes redefined (0 events):
No events

Internal exceptions (20 events):
Event: 6.661 Thread 0x0000019082584800 Exception <a 'sun/nio/fs/WindowsException'{0x000000008a4b3718}> (0x000000008a4b3718) thrown at [./src/hotspot/share/prims/jni.cpp, line 615]
Event: 6.661 Thread 0x0000019082584800 Exception <a 'sun/nio/fs/WindowsException'{0x000000008a4b3b00}> (0x000000008a4b3b00) thrown at [./src/hotspot/share/prims/jni.cpp, line 615]
Event: 6.661 Thread 0x0000019082584800 Exception <a 'sun/nio/fs/WindowsException'{0x000000008a4b4978}> (0x000000008a4b4978) thrown at [./src/hotspot/share/prims/jni.cpp, line 615]
Event: 6.661 Thread 0x0000019082584800 Exception <a 'sun/nio/fs/WindowsException'{0x000000008a4b4c60}> (0x000000008a4b4c60) thrown at [./src/hotspot/share/prims/jni.cpp, line 615]
Event: 6.661 Thread 0x0000019082584800 Exception <a 'sun/nio/fs/WindowsException'{0x000000008a4b5ae8}> (0x000000008a4b5ae8) thrown at [./src/hotspot/share/prims/jni.cpp, line 615]
Event: 6.661 Thread 0x0000019082584800 Exception <a 'sun/nio/fs/WindowsException'{0x000000008a4b5d70}> (0x000000008a4b5d70) thrown at [./src/hotspot/share/prims/jni.cpp, line 615]
Event: 6.661 Thread 0x0000019082584800 Exception <a 'sun/nio/fs/WindowsException'{0x000000008a4b6bc8}> (0x000000008a4b6bc8) thrown at [./src/hotspot/share/prims/jni.cpp, line 615]
Event: 6.671 Thread 0x0000019082584800 Exception <a 'java/lang/NoSuchMethodError'{0x000000008a247640}: <clinit>> (0x000000008a247640) thrown at [./src/hotspot/share/prims/jni.cpp, line 1362]
Event: 6.673 Thread 0x0000019082584800 Exception <a 'java/lang/NoSuchMethodError'{0x000000008a27da98}: <clinit>> (0x000000008a27da98) thrown at [./src/hotspot/share/prims/jni.cpp, line 1362]
Event: 6.674 Thread 0x0000019082584800 Exception <a 'java/lang/NoSuchMethodError'{0x000000008a2be9d0}: <clinit>> (0x000000008a2be9d0) thrown at [./src/hotspot/share/prims/jni.cpp, line 1362]
Event: 6.675 Thread 0x0000019082584800 Exception <a 'java/lang/NoSuchMethodError'{0x000000008a2d1838}: <clinit>> (0x000000008a2d1838) thrown at [./src/hotspot/share/prims/jni.cpp, line 1362]
Event: 7.176 Thread 0x0000019082587000 Exception <a 'sun/nio/fs/WindowsException'{0x000000008d5bb3f0}> (0x000000008d5bb3f0) thrown at [./src/hotspot/share/prims/jni.cpp, line 615]
Event: 7.211 Thread 0x0000019082589800 Exception <a 'java/lang/NoSuchMethodError'{0x000000008cf62528}: 'void java.lang.invoke.DirectMethodHandle$Holder.invokeStatic(java.lang.Object, long)'> (0x000000008cf62528) thrown at [./src/hotspot/share/interpreter/linkResolver.cpp, line 773]
Event: 7.212 Thread 0x0000019082589800 Exception <a 'java/lang/NoSuchMethodError'{0x000000008cf67740}: 'java.lang.Object java.lang.invoke.DirectMethodHandle$Holder.invokeStatic(java.lang.Object, long)'> (0x000000008cf67740) thrown at [./src/hotspot/share/interpreter/linkResolver.cpp, line 773]
Event: 7.213 Thread 0x0000019082589800 Exception <a 'java/lang/NoSuchMethodError'{0x000000008cf75aa8}: 'java.lang.Object java.lang.invoke.DirectMethodHandle$Holder.invokeStaticInit(java.lang.Object, java.lang.Object, long, java.lang.Object)'> (0x000000008cf75aa8) thrown at [./src/hotspot/share/interpreter/linkResolver.cpp, line 773]
Event: 7.213 Thread 0x0000019082589800 Exception <a 'java/lang/NoSuchMethodError'{0x000000008cf7bc40}: 'java.lang.Object java.lang.invoke.DirectMethodHandle$Holder.invokeStatic(java.lang.Object, java.lang.Object, long)'> (0x000000008cf7bc40) thrown at [./src/hotspot/share/interpreter/linkResolver.cpp, line 773]
Event: 7.214 Thread 0x0000019082589800 Exception <a 'java/lang/NoSuchMethodError'{0x000000008cf821b8}: 'java.lang.Object java.lang.invoke.Invokers$Holder.linkToTargetMethod(java.lang.Object, long, java.lang.Object)'> (0x000000008cf821b8) thrown at [./src/hotspot/share/interpreter/linkResolver.cpp, line 773]
Event: 7.263 Thread 0x0000019082589800 Exception <a 'java/lang/NoSuchMethodError'{0x000000008cad91f8}: 'int java.lang.invoke.DirectMethodHandle$Holder.invokeSpecialIFC(java.lang.Object, java.lang.Object, java.lang.Object)'> (0x000000008cad91f8) thrown at [./src/hotspot/share/interpreter/linkResolver.cpp, line 773]
Event: 7.280 Thread 0x0000019082587000 Exception <a 'java/lang/NoSuchMethodError'{0x000000008c85b568}: 'java.lang.Object java.lang.invoke.DirectMethodHandle$Holder.invokeStatic(java.lang.Object, java.lang.Object, java.lang.Object, java.lang.Object, java.lang.Object, java.lang.Object, java.lang.Object, java.lang.Object, java.lang.Object, java.lang.Object, java.lang.Object, java.lang.Object, java.lang.Object, java.lang.Object, java.lang.Object, java.lang.Object, java.lang.Object, java.lang.Object, int, java.lang.Object)'> (0x000000008c85b568) thr
Event: 7.280 Thread 0x0000019082587000 Exception <a 'java/lang/NoSuchMethodError'{0x000000008c860df8}: 'java.lang.Object java.lang.invoke.DirectMethodHandle$Holder.invokeStaticInit(java.lang.Object, java.lang.Object, java.lang.Object, java.lang.Object, java.lang.Object, java.lang.Object, java.lang.Object, java.lang.Object, java.lang.Object, java.lang.Object, java.lang.Object, java.lang.Object, java.lang.Object, java.lang.Object, java.lang.Object, java.lang.Object, java.lang.Object, java.lang.Object, int, java.lang.Object)'> (0x000000008c860df8)

Events (20 events):
Event: 7.338 loading class com/android/tools/r8/dex/j
Event: 7.338 loading class com/android/tools/r8/dex/j done
Event: 7.339 loading class com/android/tools/r8/graph/y
Event: 7.339 loading class com/android/tools/r8/graph/y done
Event: 7.370 Executing VM operation: CGC_Operation
Event: 7.386 Executing VM operation: CGC_Operation done
Event: 7.418 Executing VM operation: CGC_Operation
Event: 7.418 Executing VM operation: CGC_Operation done
Event: 7.436 loading class java/util/concurrent/ConcurrentHashMap$TreeNode
Event: 7.436 loading class java/util/concurrent/ConcurrentHashMap$TreeNode done
Event: 7.436 loading class java/util/concurrent/ConcurrentHashMap$TreeBin
Event: 7.437 loading class java/util/concurrent/ConcurrentHashMap$TreeBin done
Event: 7.437 Executing VM operation: RevokeBias
Event: 7.437 Executing VM operation: RevokeBias done
Event: 7.471 Executing VM operation: G1CollectForAllocation
Event: 7.521 Executing VM operation: G1CollectForAllocation done
Event: 7.542 Executing VM operation: RevokeBias
Event: 7.542 Executing VM operation: RevokeBias done
Event: 7.545 Executing VM operation: RevokeBias
Event: 7.545 Executing VM operation: RevokeBias done


Dynamic libraries:
0x00007ff695260000 - 0x00007ff69526a000 	C:\Program Files\Android\Android Studio\jre\bin\java.exe
0x00007ffcbb570000 - 0x00007ffcbb741000 	C:\Windows\SYSTEM32\ntdll.dll
0x00007ffcb9790000 - 0x00007ffcb983b000 	C:\Windows\System32\KERNEL32.DLL
0x00007ffcb7c10000 - 0x00007ffcb7e2d000 	C:\Windows\System32\KERNELBASE.dll
0x00007ffcb8650000 - 0x00007ffcb8745000 	C:\Windows\System32\ucrtbase.dll
0x00007ffcabfe0000 - 0x00007ffcabff9000 	C:\Program Files\Android\Android Studio\jre\bin\jli.dll
0x00007ffca95a0000 - 0x00007ffca95b7000 	C:\Program Files\Android\Android Studio\jre\bin\VCRUNTIME140.dll
0x00007ffcb93b0000 - 0x00007ffcb9515000 	C:\Windows\System32\USER32.dll
0x00007ffcb7ee0000 - 0x00007ffcb7efe000 	C:\Windows\System32\win32u.dll
0x00007ffca7c90000 - 0x00007ffca7f09000 	C:\Windows\WinSxS\amd64_microsoft.windows.common-controls_6595b64144ccf1df_6.0.14393.0_none_2d0f50fcbdb171b8\COMCTL32.dll
0x00007ffcb9370000 - 0x00007ffcb93a4000 	C:\Windows\System32\GDI32.dll
0x00007ffcb8b00000 - 0x00007ffcb8b9e000 	C:\Windows\System32\msvcrt.dll
0x00007ffcb87a0000 - 0x00007ffcb8922000 	C:\Windows\System32\gdi32full.dll
0x00007ffcb8ce0000 - 0x00007ffcb8fa7000 	C:\Windows\System32\combase.dll
0x00007ffcb8ba0000 - 0x00007ffcb8cc1000 	C:\Windows\System32\RPCRT4.dll
0x00007ffcb85e0000 - 0x00007ffcb864a000 	C:\Windows\System32\bcryptPrimitives.dll
0x00007ffcb8fc0000 - 0x00007ffcb8fee000 	C:\Windows\System32\IMM32.DLL
0x00007ffc9f250000 - 0x00007ffc9f2ed000 	C:\Program Files\Android\Android Studio\jre\bin\msvcp140.dll
0x00007ffc930b0000 - 0x00007ffc93b7f000 	C:\Program Files\Android\Android Studio\jre\bin\server\jvm.dll
0x00007ffcb96e0000 - 0x00007ffcb9782000 	C:\Windows\System32\ADVAPI32.dll
0x00007ffcb9100000 - 0x00007ffcb9159000 	C:\Windows\System32\sechost.dll
0x00007ffcb8cd0000 - 0x00007ffcb8cd8000 	C:\Windows\System32\PSAPI.DLL
0x00007ffcada50000 - 0x00007ffcada59000 	C:\Windows\SYSTEM32\WSOCK32.dll
0x00007ffcb5f30000 - 0x00007ffcb5f53000 	C:\Windows\SYSTEM32\WINMM.dll
0x00007ffcae8e0000 - 0x00007ffcae8ea000 	C:\Windows\SYSTEM32\VERSION.dll
0x00007ffcb8ff0000 - 0x00007ffcb905a000 	C:\Windows\System32\WS2_32.dll
0x00007ffcb5ed0000 - 0x00007ffcb5efb000 	C:\Windows\SYSTEM32\winmmbase.dll
0x00007ffcb8750000 - 0x00007ffcb8792000 	C:\Windows\System32\cfgmgr32.dll
0x00007ffcb7aa0000 - 0x00007ffcb7aaf000 	C:\Windows\System32\kernel.appcore.dll
0x00007ffcaa2a0000 - 0x00007ffcaa2b1000 	C:\Program Files\Android\Android Studio\jre\bin\verify.dll
0x00007ffcad3c0000 - 0x00007ffcad552000 	C:\Windows\SYSTEM32\DBGHELP.DLL
0x00007ffcac870000 - 0x00007ffcac899000 	C:\Windows\SYSTEM32\dbgcore.DLL
0x00007ffca69b0000 - 0x00007ffca69d9000 	C:\Program Files\Android\Android Studio\jre\bin\java.dll
0x00007ffcaa290000 - 0x00007ffcaa29b000 	C:\Program Files\Android\Android Studio\jre\bin\jimage.dll
0x00007ffca93a0000 - 0x00007ffca93b8000 	C:\Program Files\Android\Android Studio\jre\bin\zip.dll
0x00007ffcba040000 - 0x00007ffcbb548000 	C:\Windows\System32\SHELL32.dll
0x00007ffcb7f00000 - 0x00007ffcb85da000 	C:\Windows\System32\windows.storage.dll
0x00007ffcb7ab0000 - 0x00007ffcb7afc000 	C:\Windows\System32\powrprof.dll
0x00007ffcb9310000 - 0x00007ffcb9362000 	C:\Windows\System32\shlwapi.dll
0x00007ffcb7b60000 - 0x00007ffcb7c09000 	C:\Windows\System32\shcore.dll
0x00007ffcb7a80000 - 0x00007ffcb7a94000 	C:\Windows\System32\profapi.dll
0x00007ffca6ef0000 - 0x00007ffca6f0a000 	C:\Program Files\Android\Android Studio\jre\bin\net.dll
0x00007ffcb1e50000 - 0x00007ffcb1f1c000 	C:\Windows\SYSTEM32\WINHTTP.dll
0x00007ffcb7340000 - 0x00007ffcb739c000 	C:\Windows\system32\mswsock.dll
0x00007ffca62f0000 - 0x00007ffca6304000 	C:\Program Files\Android\Android Studio\jre\bin\nio.dll
0x00007ffc9da00000 - 0x00007ffc9da27000 	C:\Users\USER\.gradle\native\8bec1ad78214c89d9ad589b4d07fe93259594b29d510b10fafb7a158f7737e5d\windows-amd64\native-platform.dll
0x00007ffc96920000 - 0x00007ffc96a5d000 	C:\Users\USER\.gradle\native\53dbd7edfb1c66fb8903c78663c9afc45aea4f116125fa6feffd364cf09443e8\windows-amd64\native-platform-file-events.dll
0x00007ffca69a0000 - 0x00007ffca69aa000 	C:\Program Files\Android\Android Studio\jre\bin\management.dll
0x00007ffca6380000 - 0x00007ffca638c000 	C:\Program Files\Android\Android Studio\jre\bin\management_ext.dll
0x00007ffcb74e0000 - 0x00007ffcb74f7000 	C:\Windows\SYSTEM32\CRYPTSP.dll
0x00007ffcb6f50000 - 0x00007ffcb6f83000 	C:\Windows\system32\rsaenh.dll
0x00007ffcb79b0000 - 0x00007ffcb79db000 	C:\Windows\SYSTEM32\bcrypt.dll
0x00007ffcb71d0000 - 0x00007ffcb71ef000 	C:\Windows\SYSTEM32\USERENV.dll
0x00007ffcb7500000 - 0x00007ffcb750b000 	C:\Windows\SYSTEM32\CRYPTBASE.dll
0x00007ffcb70d0000 - 0x00007ffcb7108000 	C:\Windows\SYSTEM32\IPHLPAPI.DLL
0x00007ffcb9840000 - 0x00007ffcb9848000 	C:\Windows\System32\NSI.dll
0x00007ffcb3e90000 - 0x00007ffcb3ea6000 	C:\Windows\SYSTEM32\dhcpcsvc6.DLL
0x00007ffcb3e60000 - 0x00007ffcb3e7a000 	C:\Windows\SYSTEM32\dhcpcsvc.DLL

dbghelp: loaded successfully - version: 4.0.5 - missing functions: none
symbol engine: initialized successfully - sym options: 0x614 - pdb path: .;C:\Program Files\Android\Android Studio\jre\bin;C:\Windows\SYSTEM32;C:\Windows\WinSxS\amd64_microsoft.windows.common-controls_6595b64144ccf1df_6.0.14393.0_none_2d0f50fcbdb171b8;C:\Program Files\Android\Android Studio\jre\bin\server;C:\Users\USER\.gradle\native\8bec1ad78214c89d9ad589b4d07fe93259594b29d510b10fafb7a158f7737e5d\windows-amd64;C:\Users\USER\.gradle\native\53dbd7edfb1c66fb8903c78663c9afc45aea4f116125fa6feffd364cf09443e8\windows-amd64

VM Arguments:
jvm_args: --add-opens=java.base/java.util=ALL-UNNAMED --add-opens=java.base/java.lang=ALL-UNNAMED --add-opens=java.base/java.lang.invoke=ALL-UNNAMED --add-opens=java.base/java.util=ALL-UNNAMED --add-opens=java.prefs/java.util.prefs=ALL-UNNAMED --add-opens=java.prefs/java.util.prefs=ALL-UNNAMED --add-opens=java.base/java.nio.charset=ALL-UNNAMED --add-opens=java.base/java.net=ALL-UNNAMED --add-opens=java.base/java.util.concurrent.atomic=ALL-UNNAMED -Xmx2048m -Dfile.encoding=UTF-8 -Duser.country=US -Duser.language=en -Duser.variant 
java_command: org.gradle.launcher.daemon.bootstrap.GradleDaemon 7.0.2
java_class_path (initial): C:\Users\USER\.gradle\wrapper\dists\gradle-7.0.2-bin\857tjihv64xamwrf0h14cai3r\gradle-7.0.2\lib\gradle-launcher-7.0.2.jar
Launcher Type: SUN_STANDARD

[Global flags]
     intx CICompilerCount                          = 3                                         {product} {ergonomic}
     uint ConcGCThreads                            = 2                                         {product} {ergonomic}
     uint G1ConcRefinementThreads                  = 6                                         {product} {ergonomic}
   size_t G1HeapRegionSize                         = 1048576                                   {product} {ergonomic}
    uintx GCDrainStackTargetSize                   = 64                                        {product} {ergonomic}
   size_t InitialHeapSize                          = 134217728                                 {product} {ergonomic}
   size_t MarkStackSize                            = 4194304                                   {product} {ergonomic}
   size_t MaxHeapSize                              = 2147483648                                {product} {command line}
   size_t MaxNewSize                               = 1287651328                                {product} {ergonomic}
   size_t MinHeapDeltaBytes                        = 1048576                                   {product} {ergonomic}
    uintx NonNMethodCodeHeapSize                   = 5830732                                {pd product} {ergonomic}
    uintx NonProfiledCodeHeapSize                  = 122913754                              {pd product} {ergonomic}
    uintx ProfiledCodeHeapSize                     = 122913754                              {pd product} {ergonomic}
    uintx ReservedCodeCacheSize                    = 251658240                              {pd product} {ergonomic}
     bool SegmentedCodeCache                       = true                                      {product} {ergonomic}
     bool UseCompressedClassPointers               = true                                 {lp64_product} {ergonomic}
     bool UseCompressedOops                        = true                                 {lp64_product} {ergonomic}
     bool UseG1GC                                  = true                                      {product} {ergonomic}
     bool UseLargePagesIndividualAllocation        = false                                  {pd product} {ergonomic}

Logging:
Log output configuration:
 #0: stdout all=warning uptime,level,tags
 #1: stderr all=off uptime,level,tags

Environment Variables:
PATH=C:\Program Files (x86)\Common Files\Oracle\Java\javapath;C:\Program Files\Java\jdk1.8.0_111\bin;C:\Users\USER\AppData\Local\Microsoft\WindowsApps;C:\Users\USER\AppData\Local\Programs\Microsoft VS Code\bin
USERNAME=USER
OS=Windows_NT
PROCESSOR_IDENTIFIER=Intel64 Family 6 Model 158 Stepping 10, GenuineIntel



---------------  S Y S T E M  ---------------

OS: Windows 10 , 64 bit Build 14393 (10.0.14393.0)
OS uptime: 4 days 1:20 hours

CPU:total 6 (initial active 6) (6 cores per cpu, 1 threads per core) family 6 model 158 stepping 10 microcode 0x96, cmov, cx8, fxsr, mmx, sse, sse2, sse3, ssse3, sse4.1, sse4.2, popcnt, avx, avx2, aes, clmul, erms, 3dnowpref, lzcnt, tsc, tscinvbit, bmi1, bmi2, adx, fma

Memory: 4k page, system-wide physical 8068M (2150M free)
TotalPageFile size 9046M (AvailPageFile size 5M)
current process WorkingSet (physical memory assigned to process): 524M, peak: 526M
current process commit charge ("private bytes"): 553M, peak: 556M

vm_info: OpenJDK 64-Bit Server VM (11.0.10+0-b96-7249189) for windows-amd64 JRE (11.0.10+0-b96-7249189), built on Mar 31 2021 21:44:00 by "builder" with MS VC++ 14.0 (VS2015)

END.
