#
# There is insufficient memory for the Java Runtime Environment to continue.
# Native memory allocation (malloc) failed to allocate 2078896 bytes for Chunk::new
# Possible reasons:
#   The system is out of physical RAM or swap space
#   The process is running with CompressedOops enabled, and the Java Heap may be blocking the growth of the native heap
# Possible solutions:
#   Reduce memory load on the system
#   Increase physical memory or swap space
#   Check if swap backing store is full
#   Decrease Java heap size (-Xmx/-Xms)
#   Decrease number of Java threads
#   Decrease Java thread stack sizes (-Xss)
#   Set larger code cache with -XX:ReservedCodeCacheSize=
#   JVM is running with Unscaled Compressed Oops mode in which the Java heap is
#     placed in the first 4GB address space. The Java Heap base address is the
#     maximum limit for the native heap growth. Please use -XX:HeapBaseMinAddress
#     to set the Java Heap base and to place the Java Heap above 4GB virtual address.
# This output file may be truncated or incomplete.
#
#  Out of Memory Error (./src/hotspot/share/memory/arena.cpp:197), pid=6944, tid=4512
#
# JRE version: OpenJDK Runtime Environment (11.0.10) (build 11.0.10+0-b96-7249189)
# Java VM: OpenJDK 64-Bit Server VM (11.0.10+0-b96-7249189, mixed mode, tiered, compressed oops, g1 gc, windows-amd64)
# No core dump will be written. Minidumps are not enabled by default on client versions of Windows
#

---------------  S U M M A R Y ------------

Command Line: --add-opens=java.base/java.util=ALL-UNNAMED --add-opens=java.base/java.lang=ALL-UNNAMED --add-opens=java.base/java.lang.invoke=ALL-UNNAMED --add-opens=java.base/java.util=ALL-UNNAMED --add-opens=java.prefs/java.util.prefs=ALL-UNNAMED --add-opens=java.prefs/java.util.prefs=ALL-UNNAMED --add-opens=java.base/java.nio.charset=ALL-UNNAMED --add-opens=java.base/java.net=ALL-UNNAMED --add-opens=java.base/java.util.concurrent.atomic=ALL-UNNAMED -Xmx2048m -Dfile.encoding=UTF-8 -Duser.country=US -Duser.language=en -Duser.variant org.gradle.launcher.daemon.bootstrap.GradleDaemon 7.0.2

Host: Intel(R) Core(TM) i5-8400 CPU @ 2.80GHz, 6 cores, 7G,  Windows 10 , 64 bit Build 14393 (10.0.14393.0)
Time: Thu May 26 08:16:28 2022 Bangladesh Standard Time elapsed time: 13.295136 seconds (0d 0h 0m 13s)

---------------  T H R E A D  ---------------

Current thread (0x000002633ffb6000):  JavaThread "C2 CompilerThread0" daemon [_thread_in_native, id=4512, stack(0x000000bba1700000,0x000000bba1800000)]


Current CompileTask:
C2:  13295 11534       4       com.android.ide.common.blame.MergingLogPersistUtil::lambda$normalize$0 (107 bytes)

Stack: [0x000000bba1700000,0x000000bba1800000]
Native frames: (J=compiled Java code, j=interpreted, Vv=VM code, C=native code)
V  [jvm.dll+0x5ecfaa]
V  [jvm.dll+0x722bd5]
V  [jvm.dll+0x72412d]
V  [jvm.dll+0x7247e3]
V  [jvm.dll+0x242928]
V  [jvm.dll+0xbc4fc]
V  [jvm.dll+0xbca0c]
V  [jvm.dll+0x2b4fd4]
V  [jvm.dll+0x506028]
V  [jvm.dll+0x1fccf6]
V  [jvm.dll+0x1fa77f]
V  [jvm.dll+0x18354c]
V  [jvm.dll+0x208ee7]
V  [jvm.dll+0x207731]
V  [jvm.dll+0x6eb1cf]
V  [jvm.dll+0x6e3d45]
V  [jvm.dll+0x5ebe96]
C  [ucrtbase.dll+0x1cab0]
C  [KERNEL32.DLL+0x8364]
C  [ntdll.dll+0x65e91]


---------------  P R O C E S S  ---------------

Threads class SMR info:
_java_thread_list=0x0000026347ec4b10, length=56, elements={
0x0000026325711000, 0x000002633f731800, 0x000002633ffb2800, 0x000002633f73c800,
0x000002633f73d800, 0x000002633f73f000, 0x000002633ffb6000, 0x000002633ffb9800,
0x000002633ffbe800, 0x000002634010e800, 0x00000263401cc800, 0x0000026341659800,
0x0000026342715800, 0x0000026341aae800, 0x00000263419b5800, 0x0000026341b08000,
0x00000263420ed000, 0x0000026341a96000, 0x0000026341e8c800, 0x0000026340ef0800,
0x0000026341f3c800, 0x0000026341f3f000, 0x0000026341f39000, 0x0000026341f3b800,
0x0000026341f3d800, 0x0000026341f40000, 0x0000026341f3a000, 0x0000026341f3b000,
0x0000026341f3e000, 0x0000026345931000, 0x000002634592e800, 0x0000026345931800,
0x0000026345930000, 0x0000026345932800, 0x000002634592d800, 0x0000026345939000,
0x0000026345934000, 0x000002634593a000, 0x000002634593a800, 0x0000026345935000,
0x0000026345936000, 0x0000026345936800, 0x000002634593b800, 0x0000026345937800,
0x0000026345938000, 0x0000026345be1800, 0x0000026345be4800, 0x0000026345be5800,
0x0000026345be7000, 0x0000026345be4000, 0x0000026345be3000, 0x0000026345be6800,
0x0000026345be8000, 0x0000026345be2000, 0x0000026345bee800, 0x0000026345bec000
}

Java Threads: ( => current thread )
  0x0000026325711000 JavaThread "main" [_thread_blocked, id=6716, stack(0x000000bba0b00000,0x000000bba0c00000)]
  0x000002633f731800 JavaThread "Reference Handler" daemon [_thread_blocked, id=9124, stack(0x000000bba1200000,0x000000bba1300000)]
  0x000002633ffb2800 JavaThread "Finalizer" daemon [_thread_blocked, id=5596, stack(0x000000bba1300000,0x000000bba1400000)]
  0x000002633f73c800 JavaThread "Signal Dispatcher" daemon [_thread_blocked, id=10632, stack(0x000000bba1400000,0x000000bba1500000)]
  0x000002633f73d800 JavaThread "Attach Listener" daemon [_thread_blocked, id=10732, stack(0x000000bba1500000,0x000000bba1600000)]
  0x000002633f73f000 JavaThread "Service Thread" daemon [_thread_blocked, id=3564, stack(0x000000bba1600000,0x000000bba1700000)]
=>0x000002633ffb6000 JavaThread "C2 CompilerThread0" daemon [_thread_in_native, id=4512, stack(0x000000bba1700000,0x000000bba1800000)]
  0x000002633ffb9800 JavaThread "C1 CompilerThread0" daemon [_thread_blocked, id=4348, stack(0x000000bba1800000,0x000000bba1900000)]
  0x000002633ffbe800 JavaThread "Sweeper thread" daemon [_thread_blocked, id=3928, stack(0x000000bba1900000,0x000000bba1a00000)]
  0x000002634010e800 JavaThread "Common-Cleaner" daemon [_thread_blocked, id=1744, stack(0x000000bba1a00000,0x000000bba1b00000)]
  0x00000263401cc800 JavaThread "C2 CompilerThread1" daemon [_thread_in_native, id=9828, stack(0x000000bba1c00000,0x000000bba1d00000)]
  0x0000026341659800 JavaThread "Daemon health stats" [_thread_blocked, id=10312, stack(0x000000bba1f00000,0x000000bba2000000)]
  0x0000026342715800 JavaThread "Incoming local TCP Connector on port 61451" [_thread_in_native, id=7764, stack(0x000000bba2000000,0x000000bba2100000)]
  0x0000026341aae800 JavaThread "Daemon periodic checks" [_thread_blocked, id=684, stack(0x000000bba2100000,0x000000bba2200000)]
  0x00000263419b5800 JavaThread "Daemon" [_thread_blocked, id=6028, stack(0x000000bba2200000,0x000000bba2300000)]
  0x0000026341b08000 JavaThread "Handler for socket connection from /127.0.0.1:61451 to /127.0.0.1:61452" [_thread_in_native, id=10388, stack(0x000000bba2300000,0x000000bba2400000)]
  0x00000263420ed000 JavaThread "Cancel handler" [_thread_blocked, id=11204, stack(0x000000bba2400000,0x000000bba2500000)]
  0x0000026341a96000 JavaThread "Daemon worker" [_thread_in_native, id=9700, stack(0x000000bba2500000,0x000000bba2600000)]
  0x0000026341e8c800 JavaThread "Asynchronous log dispatcher for DefaultDaemonConnection: socket connection from /127.0.0.1:61451 to /127.0.0.1:61452" [_thread_blocked, id=3604, stack(0x000000bba2600000,0x000000bba2700000)]
  0x0000026340ef0800 JavaThread "Stdin handler" [_thread_blocked, id=8416, stack(0x000000bba2700000,0x000000bba2800000)]
  0x0000026341f3c800 JavaThread "Daemon client event forwarder" [_thread_blocked, id=3076, stack(0x000000bba2800000,0x000000bba2900000)]
  0x0000026341f3f000 JavaThread "Cache worker for file hash cache (C:\Users\USER\.gradle\caches\7.0.2\fileHashes)" [_thread_blocked, id=11260, stack(0x000000bba2c00000,0x000000bba2d00000)]
  0x0000026341f39000 JavaThread "File lock request listener" [_thread_in_native, id=1796, stack(0x000000bba2d00000,0x000000bba2e00000)]
  0x0000026341f3b800 JavaThread "Cache worker for journal cache (C:\Users\USER\.gradle\caches\journal-1)" [_thread_blocked, id=2400, stack(0x000000bba2f00000,0x000000bba3000000)]
  0x0000026341f3d800 JavaThread "Cache worker for file hash cache (C:\Users\USER\EarinMoney\.gradle\7.0.2\fileHashes)" [_thread_blocked, id=10568, stack(0x000000bba3000000,0x000000bba3100000)]
  0x0000026341f40000 JavaThread "File watcher server" daemon [_thread_in_native, id=10076, stack(0x000000bba3100000,0x000000bba3200000)]
  0x0000026341f3a000 JavaThread "File watcher consumer" daemon [_thread_blocked, id=8996, stack(0x000000bba3200000,0x000000bba3300000)]
  0x0000026341f3b000 JavaThread "Cache worker for checksums cache (C:\Users\USER\EarinMoney\.gradle\checksums)" [_thread_blocked, id=5060, stack(0x000000bba3300000,0x000000bba3400000)]
  0x0000026341f3e000 JavaThread "Cache worker for cache directory md-supplier (C:\Users\USER\.gradle\caches\7.0.2\md-supplier)" [_thread_blocked, id=8452, stack(0x000000bba3400000,0x000000bba3500000)]
  0x0000026345931000 JavaThread "Cache worker for cache directory md-rule (C:\Users\USER\.gradle\caches\7.0.2\md-rule)" [_thread_blocked, id=5816, stack(0x000000bba3500000,0x000000bba3600000)]
  0x000002634592e800 JavaThread "Cache worker for execution history cache (C:\Users\USER\.gradle\caches\7.0.2\executionHistory)" [_thread_blocked, id=7024, stack(0x000000bba3600000,0x000000bba3700000)]
  0x0000026345931800 JavaThread "jar transforms" [_thread_blocked, id=11072, stack(0x000000bba3700000,0x000000bba3800000)]
  0x0000026345930000 JavaThread "jar transforms Thread 2" [_thread_blocked, id=9852, stack(0x000000bba3800000,0x000000bba3900000)]
  0x0000026345932800 JavaThread "Cache worker for file content cache (C:\Users\USER\.gradle\caches\7.0.2\fileContent)" [_thread_blocked, id=3684, stack(0x000000bba3900000,0x000000bba3a00000)]
  0x000002634592d800 JavaThread "Cache worker for dependencies-accessors (C:\Users\USER\EarinMoney\.gradle\7.0.2\dependencies-accessors)" [_thread_blocked, id=6124, stack(0x000000bba3a00000,0x000000bba3b00000)]
  0x0000026345939000 JavaThread "jar transforms Thread 3" [_thread_blocked, id=5684, stack(0x000000bba3b00000,0x000000bba3c00000)]
  0x0000026345934000 JavaThread "Cache worker for Build Output Cleanup Cache (C:\Users\USER\EarinMoney\.gradle\buildOutputCleanup)" [_thread_blocked, id=7204, stack(0x000000bba3c00000,0x000000bba3d00000)]
  0x000002634593a000 JavaThread "Build operations" [_thread_blocked, id=8764, stack(0x000000bba3d00000,0x000000bba3e00000)]
  0x000002634593a800 JavaThread "Build operations Thread 2" [_thread_blocked, id=8408, stack(0x000000bba3e00000,0x000000bba3f00000)]
  0x0000026345935000 JavaThread "Build operations Thread 3" [_thread_blocked, id=11152, stack(0x000000bba3f00000,0x000000bba4000000)]
  0x0000026345936000 JavaThread "Build operations Thread 4" [_thread_blocked, id=5820, stack(0x000000bba4000000,0x000000bba4100000)]
  0x0000026345936800 JavaThread "Build operations Thread 5" [_thread_blocked, id=8800, stack(0x000000bba4100000,0x000000bba4200000)]
  0x000002634593b800 JavaThread "Build operations Thread 6" [_thread_blocked, id=8384, stack(0x000000bba4200000,0x000000bba4300000)]
  0x0000026345937800 JavaThread "jar transforms Thread 4" [_thread_blocked, id=316, stack(0x000000bba4300000,0x000000bba4400000)]
  0x0000026345938000 JavaThread "jar transforms Thread 5" [_thread_blocked, id=8592, stack(0x000000bba4400000,0x000000bba4500000)]
  0x0000026345be1800 JavaThread "jar transforms Thread 6" [_thread_blocked, id=8612, stack(0x000000bba4500000,0x000000bba4600000)]
  0x0000026345be4800 JavaThread "Memory manager" [_thread_blocked, id=7468, stack(0x000000bba4600000,0x000000bba4700000)]
  0x0000026345be5800 JavaThread "build event listener" [_thread_blocked, id=11232, stack(0x000000bba4700000,0x000000bba4800000)]
  0x0000026345be7000 JavaThread "Execution worker for ':'" [_thread_blocked, id=4280, stack(0x000000bba4800000,0x000000bba4900000)]
  0x0000026345be4000 JavaThread "Execution worker for ':' Thread 2" [_thread_blocked, id=10584, stack(0x000000bba4900000,0x000000bba4a00000)]
  0x0000026345be3000 JavaThread "Execution worker for ':' Thread 3" [_thread_blocked, id=7744, stack(0x000000bba4a00000,0x000000bba4b00000)]
  0x0000026345be6800 JavaThread "Execution worker for ':' Thread 4" [_thread_blocked, id=7440, stack(0x000000bba4b00000,0x000000bba4c00000)]
  0x0000026345be8000 JavaThread "Execution worker for ':' Thread 5" [_thread_blocked, id=8460, stack(0x000000bba4c00000,0x000000bba4d00000)]
  0x0000026345be2000 JavaThread "Cache worker for execution history cache (C:\Users\USER\EarinMoney\.gradle\7.0.2\executionHistory)" [_thread_blocked, id=236, stack(0x000000bba4d00000,0x000000bba4e00000)]
  0x0000026345bee800 JavaThread "WorkerExecutor Queue" [_thread_blocked, id=9208, stack(0x000000bba4e00000,0x000000bba4f00000)]
  0x0000026345bec000 JavaThread "WorkerExecutor Queue Thread 2" [_thread_blocked, id=8108, stack(0x000000bba4f00000,0x000000bba5000000)]

Other Threads:
  0x000002633f72c800 VMThread "VM Thread" [stack: 0x000000bba1100000,0x000000bba1200000] [id=8140]
  0x000002634015b800 WatcherThread [stack: 0x000000bba1b00000,0x000000bba1c00000] [id=10924]
  0x0000026325729000 GCTaskThread "GC Thread#0" [stack: 0x000000bba0c00000,0x000000bba0d00000] [id=3544]
  0x0000026340709800 GCTaskThread "GC Thread#1" [stack: 0x000000bba1d00000,0x000000bba1e00000] [id=2520]
  0x0000026340d00000 GCTaskThread "GC Thread#2" [stack: 0x000000bba1e00000,0x000000bba1f00000] [id=2960]
  0x0000026343830800 GCTaskThread "GC Thread#3" [stack: 0x000000bba2900000,0x000000bba2a00000] [id=11088]
  0x0000026342043000 GCTaskThread "GC Thread#4" [stack: 0x000000bba2a00000,0x000000bba2b00000] [id=8332]
  0x0000026343413800 GCTaskThread "GC Thread#5" [stack: 0x000000bba2b00000,0x000000bba2c00000] [id=5764]
  0x000002632575e000 ConcurrentGCThread "G1 Main Marker" [stack: 0x000000bba0d00000,0x000000bba0e00000] [id=10908]
  0x000002632575f000 ConcurrentGCThread "G1 Conc#0" [stack: 0x000000bba0e00000,0x000000bba0f00000] [id=8272]
  0x0000026340eea800 ConcurrentGCThread "G1 Conc#1" [stack: 0x000000bba2e00000,0x000000bba2f00000] [id=7116]
  0x00000263257ee800 ConcurrentGCThread "G1 Refine#0" [stack: 0x000000bba0f00000,0x000000bba1000000] [id=4672]
  0x0000026349f37800 ConcurrentGCThread "G1 Refine#1" [stack: 0x000000bba5000000,0x000000bba5100000] [id=1636]
  0x000002633f580800 ConcurrentGCThread "G1 Young RemSet Sampling" [stack: 0x000000bba1000000,0x000000bba1100000] [id=10600]

Threads with active compile tasks:
C2 CompilerThread0  13301 11534       4       com.android.ide.common.blame.MergingLogPersistUtil::lambda$normalize$0 (107 bytes)
C1 CompilerThread0  13301 11610       3       com.sun.xml.bind.v2.model.impl.RuntimeBuiltinLeafInfoImpl$18::print (9 bytes)
C2 CompilerThread1  13301 11535       4       com.android.ide.common.blame.MergingLogPersistUtil$$Lambda$1000/0x0000000100b4dc40::accept (12 bytes)

VM state:not at safepoint (normal execution)

VM Mutex/Monitor currently owned by a thread: None

Heap address: 0x0000000080000000, size: 2048 MB, Compressed Oops mode: 32-bit
Narrow klass base: 0x0000000000000000, Narrow klass shift: 3
Compressed class space size: 1073741824 Address: 0x0000000100000000

Heap:
 garbage-first heap   total 273408K, used 166835K [0x0000000080000000, 0x0000000100000000)
  region size 1024K, 65 young (66560K), 6 survivors (6144K)
 Metaspace       used 86254K, capacity 88518K, committed 88704K, reserved 1126400K
  class space    used 11058K, capacity 11861K, committed 11980K, reserved 1048576K
Heap Regions: E=young(eden), S=young(survivor), O=old, HS=humongous(starts), HC=humongous(continues), CS=collection set, F=free, A=archive, TAMS=top-at-mark-start (previous, next)
|   0|0x0000000080000000, 0x0000000080100000, 0x0000000080100000|100%| O|  |TAMS 0x0000000080100000, 0x0000000080000000| Untracked 
|   1|0x0000000080100000, 0x0000000080200000, 0x0000000080200000|100%| O|  |TAMS 0x0000000080200000, 0x0000000080100000| Untracked 
|   2|0x0000000080200000, 0x0000000080300000, 0x0000000080300000|100%| O|  |TAMS 0x0000000080300000, 0x0000000080200000| Untracked 
|   3|0x0000000080300000, 0x0000000080400000, 0x0000000080400000|100%|HS|  |TAMS 0x0000000080400000, 0x0000000080300000| Complete 
|   4|0x0000000080400000, 0x0000000080500000, 0x0000000080500000|100%|HC|  |TAMS 0x0000000080500000, 0x0000000080400000| Complete 
|   5|0x0000000080500000, 0x0000000080600000, 0x0000000080600000|100%|HC|  |TAMS 0x0000000080600000, 0x0000000080500000| Complete 
|   6|0x0000000080600000, 0x0000000080700000, 0x0000000080700000|100%| O|  |TAMS 0x0000000080700000, 0x0000000080600000| Untracked 
|   7|0x0000000080700000, 0x0000000080800000, 0x0000000080800000|100%| O|  |TAMS 0x0000000080800000, 0x0000000080700000| Untracked 
|   8|0x0000000080800000, 0x0000000080900000, 0x0000000080900000|100%| O|  |TAMS 0x0000000080900000, 0x0000000080800000| Untracked 
|   9|0x0000000080900000, 0x0000000080a00000, 0x0000000080a00000|100%| O|  |TAMS 0x0000000080a00000, 0x0000000080900000| Untracked 
|  10|0x0000000080a00000, 0x0000000080b00000, 0x0000000080b00000|100%| O|  |TAMS 0x0000000080b00000, 0x0000000080a00000| Untracked 
|  11|0x0000000080b00000, 0x0000000080c00000, 0x0000000080c00000|100%| O|  |TAMS 0x0000000080c00000, 0x0000000080b00000| Untracked 
|  12|0x0000000080c00000, 0x0000000080d00000, 0x0000000080d00000|100%| O|  |TAMS 0x0000000080d00000, 0x0000000080c00000| Untracked 
|  13|0x0000000080d00000, 0x0000000080e00000, 0x0000000080e00000|100%| O|  |TAMS 0x0000000080e00000, 0x0000000080d00000| Untracked 
|  14|0x0000000080e00000, 0x0000000080f00000, 0x0000000080f00000|100%| O|  |TAMS 0x0000000080f00000, 0x0000000080e00000| Untracked 
|  15|0x0000000080f00000, 0x0000000081000000, 0x0000000081000000|100%| O|  |TAMS 0x0000000081000000, 0x0000000080f00000| Untracked 
|  16|0x0000000081000000, 0x0000000081100000, 0x0000000081100000|100%| O|  |TAMS 0x0000000081100000, 0x0000000081000000| Untracked 
|  17|0x0000000081100000, 0x0000000081200000, 0x0000000081200000|100%| O|  |TAMS 0x0000000081200000, 0x0000000081100000| Untracked 
|  18|0x0000000081200000, 0x0000000081300000, 0x0000000081300000|100%|HS|  |TAMS 0x0000000081300000, 0x0000000081200000| Complete 
|  19|0x0000000081300000, 0x0000000081400000, 0x0000000081400000|100%| O|  |TAMS 0x0000000081400000, 0x0000000081300000| Untracked 
|  20|0x0000000081400000, 0x0000000081500000, 0x0000000081500000|100%| O|  |TAMS 0x0000000081500000, 0x0000000081400000| Untracked 
|  21|0x0000000081500000, 0x0000000081600000, 0x0000000081600000|100%| O|  |TAMS 0x0000000081600000, 0x0000000081500000| Untracked 
|  22|0x0000000081600000, 0x0000000081700000, 0x0000000081700000|100%|HS|  |TAMS 0x0000000081700000, 0x0000000081600000| Complete 
|  23|0x0000000081700000, 0x0000000081800000, 0x0000000081800000|100%|HS|  |TAMS 0x0000000081800000, 0x0000000081700000| Complete 
|  24|0x0000000081800000, 0x0000000081900000, 0x0000000081900000|100%|HC|  |TAMS 0x0000000081900000, 0x0000000081800000| Complete 
|  25|0x0000000081900000, 0x0000000081a00000, 0x0000000081a00000|100%| O|  |TAMS 0x0000000081a00000, 0x0000000081900000| Untracked 
|  26|0x0000000081a00000, 0x0000000081b00000, 0x0000000081b00000|100%| O|  |TAMS 0x0000000081b00000, 0x0000000081a00000| Untracked 
|  27|0x0000000081b00000, 0x0000000081c00000, 0x0000000081c00000|100%| O|  |TAMS 0x0000000081c00000, 0x0000000081b00000| Untracked 
|  28|0x0000000081c00000, 0x0000000081d00000, 0x0000000081d00000|100%| O|  |TAMS 0x0000000081d00000, 0x0000000081c00000| Untracked 
|  29|0x0000000081d00000, 0x0000000081e00000, 0x0000000081e00000|100%| O|  |TAMS 0x0000000081e00000, 0x0000000081d00000| Untracked 
|  30|0x0000000081e00000, 0x0000000081f00000, 0x0000000081f00000|100%| O|  |TAMS 0x0000000081f00000, 0x0000000081e00000| Untracked 
|  31|0x0000000081f00000, 0x0000000082000000, 0x0000000082000000|100%| O|  |TAMS 0x0000000082000000, 0x0000000081f00000| Untracked 
|  32|0x0000000082000000, 0x0000000082100000, 0x0000000082100000|100%| O|  |TAMS 0x0000000082100000, 0x0000000082000000| Untracked 
|  33|0x0000000082100000, 0x0000000082200000, 0x0000000082200000|100%| O|  |TAMS 0x0000000082200000, 0x0000000082100000| Untracked 
|  34|0x0000000082200000, 0x0000000082300000, 0x0000000082300000|100%| O|  |TAMS 0x0000000082300000, 0x0000000082200000| Untracked 
|  35|0x0000000082300000, 0x0000000082400000, 0x0000000082400000|100%| O|  |TAMS 0x0000000082400000, 0x0000000082300000| Untracked 
|  36|0x0000000082400000, 0x0000000082500000, 0x0000000082500000|100%| O|  |TAMS 0x0000000082500000, 0x0000000082400000| Untracked 
|  37|0x0000000082500000, 0x0000000082600000, 0x0000000082600000|100%| O|  |TAMS 0x0000000082600000, 0x0000000082500000| Untracked 
|  38|0x0000000082600000, 0x0000000082700000, 0x0000000082700000|100%| O|  |TAMS 0x0000000082700000, 0x0000000082600000| Untracked 
|  39|0x0000000082700000, 0x0000000082800000, 0x0000000082800000|100%| O|  |TAMS 0x0000000082800000, 0x0000000082700000| Untracked 
|  40|0x0000000082800000, 0x0000000082900000, 0x0000000082900000|100%| O|  |TAMS 0x0000000082900000, 0x0000000082800000| Untracked 
|  41|0x0000000082900000, 0x0000000082a00000, 0x0000000082a00000|100%| O|  |TAMS 0x0000000082a00000, 0x0000000082900000| Untracked 
|  42|0x0000000082a00000, 0x0000000082b00000, 0x0000000082b00000|100%| O|  |TAMS 0x0000000082a89c00, 0x0000000082a00000| Untracked 
|  43|0x0000000082b00000, 0x0000000082c00000, 0x0000000082c00000|100%| O|  |TAMS 0x0000000082b00000, 0x0000000082b00000| Untracked 
|  44|0x0000000082c00000, 0x0000000082d00000, 0x0000000082d00000|100%| O|  |TAMS 0x0000000082c00000, 0x0000000082c00000| Untracked 
|  45|0x0000000082d00000, 0x0000000082e00000, 0x0000000082e00000|100%| O|  |TAMS 0x0000000082d00000, 0x0000000082d00000| Untracked 
|  46|0x0000000082e00000, 0x0000000082f00000, 0x0000000082f00000|100%| O|  |TAMS 0x0000000082e00000, 0x0000000082e00000| Untracked 
|  47|0x0000000082f00000, 0x0000000083000000, 0x0000000083000000|100%| O|  |TAMS 0x0000000082f00000, 0x0000000082f00000| Untracked 
|  48|0x0000000083000000, 0x0000000083100000, 0x0000000083100000|100%| O|  |TAMS 0x0000000083000000, 0x0000000083000000| Untracked 
|  49|0x0000000083100000, 0x0000000083200000, 0x0000000083200000|100%| O|  |TAMS 0x0000000083100000, 0x0000000083100000| Untracked 
|  50|0x0000000083200000, 0x0000000083300000, 0x0000000083300000|100%| O|  |TAMS 0x0000000083200000, 0x0000000083200000| Untracked 
|  51|0x0000000083300000, 0x0000000083400000, 0x0000000083400000|100%| O|  |TAMS 0x0000000083300000, 0x0000000083300000| Untracked 
|  52|0x0000000083400000, 0x0000000083500000, 0x0000000083500000|100%| O|  |TAMS 0x0000000083400000, 0x0000000083400000| Untracked 
|  53|0x0000000083500000, 0x0000000083600000, 0x0000000083600000|100%| O|  |TAMS 0x0000000083500000, 0x0000000083500000| Untracked 
|  54|0x0000000083600000, 0x0000000083700000, 0x0000000083700000|100%| O|  |TAMS 0x0000000083600000, 0x0000000083600000| Untracked 
|  55|0x0000000083700000, 0x0000000083800000, 0x0000000083800000|100%| O|  |TAMS 0x0000000083700000, 0x0000000083700000| Untracked 
|  56|0x0000000083800000, 0x0000000083900000, 0x0000000083900000|100%| O|  |TAMS 0x0000000083800000, 0x0000000083800000| Untracked 
|  57|0x0000000083900000, 0x0000000083a00000, 0x0000000083a00000|100%| O|  |TAMS 0x0000000083900000, 0x0000000083900000| Untracked 
|  58|0x0000000083a00000, 0x0000000083b00000, 0x0000000083b00000|100%| O|  |TAMS 0x0000000083a00000, 0x0000000083a00000| Untracked 
|  59|0x0000000083b00000, 0x0000000083c00000, 0x0000000083c00000|100%| O|  |TAMS 0x0000000083b00000, 0x0000000083b00000| Untracked 
|  60|0x0000000083c00000, 0x0000000083d00000, 0x0000000083d00000|100%| O|  |TAMS 0x0000000083c00000, 0x0000000083c00000| Untracked 
|  61|0x0000000083d00000, 0x0000000083e00000, 0x0000000083e00000|100%| O|  |TAMS 0x0000000083d00000, 0x0000000083d00000| Untracked 
|  62|0x0000000083e00000, 0x0000000083f00000, 0x0000000083f00000|100%| O|  |TAMS 0x0000000083e00000, 0x0000000083e00000| Untracked 
|  63|0x0000000083f00000, 0x0000000084000000, 0x0000000084000000|100%| O|  |TAMS 0x0000000083f00000, 0x0000000083f00000| Untracked 
|  64|0x0000000084000000, 0x0000000084100000, 0x0000000084100000|100%| O|  |TAMS 0x0000000084000000, 0x0000000084000000| Untracked 
|  65|0x0000000084100000, 0x0000000084200000, 0x0000000084200000|100%| O|  |TAMS 0x0000000084100000, 0x0000000084100000| Untracked 
|  66|0x0000000084200000, 0x0000000084300000, 0x0000000084300000|100%|HS|  |TAMS 0x0000000084200000, 0x0000000084200000| Complete 
|  67|0x0000000084300000, 0x0000000084400000, 0x0000000084400000|100%| O|  |TAMS 0x0000000084300000, 0x0000000084300000| Untracked 
|  68|0x0000000084400000, 0x0000000084500000, 0x0000000084500000|100%| O|  |TAMS 0x0000000084400000, 0x0000000084400000| Untracked 
|  69|0x0000000084500000, 0x0000000084600000, 0x0000000084600000|100%| O|  |TAMS 0x0000000084500000, 0x0000000084500000| Untracked 
|  70|0x0000000084600000, 0x0000000084700000, 0x0000000084700000|100%| O|  |TAMS 0x0000000084600000, 0x0000000084600000| Untracked 
|  71|0x0000000084700000, 0x0000000084800000, 0x0000000084800000|100%| O|  |TAMS 0x0000000084700000, 0x0000000084700000| Untracked 
|  72|0x0000000084800000, 0x0000000084900000, 0x0000000084900000|100%| O|  |TAMS 0x0000000084800000, 0x0000000084800000| Untracked 
|  73|0x0000000084900000, 0x0000000084a00000, 0x0000000084a00000|100%| O|  |TAMS 0x0000000084900000, 0x0000000084900000| Untracked 
|  74|0x0000000084a00000, 0x0000000084b00000, 0x0000000084b00000|100%| O|  |TAMS 0x0000000084a00000, 0x0000000084a00000| Untracked 
|  75|0x0000000084b00000, 0x0000000084c00000, 0x0000000084c00000|100%| O|  |TAMS 0x0000000084b00000, 0x0000000084b00000| Untracked 
|  76|0x0000000084c00000, 0x0000000084d00000, 0x0000000084d00000|100%| O|  |TAMS 0x0000000084c00000, 0x0000000084c00000| Untracked 
|  77|0x0000000084d00000, 0x0000000084e00000, 0x0000000084e00000|100%| O|  |TAMS 0x0000000084d00000, 0x0000000084d00000| Untracked 
|  78|0x0000000084e00000, 0x0000000084f00000, 0x0000000084f00000|100%| O|  |TAMS 0x0000000084e00000, 0x0000000084e00000| Untracked 
|  79|0x0000000084f00000, 0x0000000085000000, 0x0000000085000000|100%| O|  |TAMS 0x0000000084f00000, 0x0000000084f00000| Untracked 
|  80|0x0000000085000000, 0x0000000085100000, 0x0000000085100000|100%| O|  |TAMS 0x0000000085000000, 0x0000000085000000| Untracked 
|  81|0x0000000085100000, 0x0000000085200000, 0x0000000085200000|100%| O|  |TAMS 0x0000000085100000, 0x0000000085100000| Untracked 
|  82|0x0000000085200000, 0x0000000085300000, 0x0000000085300000|100%| O|  |TAMS 0x0000000085200000, 0x0000000085200000| Untracked 
|  83|0x0000000085300000, 0x0000000085400000, 0x0000000085400000|100%| O|  |TAMS 0x0000000085300000, 0x0000000085300000| Untracked 
|  84|0x0000000085400000, 0x0000000085500000, 0x0000000085500000|100%| O|  |TAMS 0x0000000085400000, 0x0000000085400000| Untracked 
|  85|0x0000000085500000, 0x0000000085600000, 0x0000000085600000|100%| O|  |TAMS 0x0000000085500000, 0x0000000085500000| Untracked 
|  86|0x0000000085600000, 0x0000000085700000, 0x0000000085700000|100%| O|  |TAMS 0x0000000085600000, 0x0000000085600000| Untracked 
|  87|0x0000000085700000, 0x0000000085800000, 0x0000000085800000|100%| O|  |TAMS 0x0000000085700000, 0x0000000085700000| Untracked 
|  88|0x0000000085800000, 0x0000000085900000, 0x0000000085900000|100%| O|  |TAMS 0x0000000085800000, 0x0000000085800000| Untracked 
|  89|0x0000000085900000, 0x0000000085a00000, 0x0000000085a00000|100%| O|  |TAMS 0x0000000085900000, 0x0000000085900000| Untracked 
|  90|0x0000000085a00000, 0x0000000085b00000, 0x0000000085b00000|100%| O|  |TAMS 0x0000000085a00000, 0x0000000085a00000| Untracked 
|  91|0x0000000085b00000, 0x0000000085c00000, 0x0000000085c00000|100%| O|  |TAMS 0x0000000085b00000, 0x0000000085b00000| Untracked 
|  92|0x0000000085c00000, 0x0000000085d00000, 0x0000000085d00000|100%| O|  |TAMS 0x0000000085c00000, 0x0000000085c00000| Untracked 
|  93|0x0000000085d00000, 0x0000000085e00000, 0x0000000085e00000|100%| O|  |TAMS 0x0000000085d00000, 0x0000000085d00000| Untracked 
|  94|0x0000000085e00000, 0x0000000085f00000, 0x0000000085f00000|100%| O|  |TAMS 0x0000000085e00000, 0x0000000085e00000| Untracked 
|  95|0x0000000085f00000, 0x0000000086000000, 0x0000000086000000|100%| O|  |TAMS 0x0000000085f00000, 0x0000000085f00000| Untracked 
|  96|0x0000000086000000, 0x0000000086100000, 0x0000000086100000|100%| O|  |TAMS 0x0000000086000000, 0x0000000086000000| Untracked 
|  97|0x0000000086100000, 0x0000000086200000, 0x0000000086200000|100%| O|  |TAMS 0x0000000086100000, 0x0000000086100000| Untracked 
|  98|0x0000000086200000, 0x0000000086300000, 0x0000000086300000|100%| O|  |TAMS 0x0000000086200000, 0x0000000086200000| Untracked 
|  99|0x0000000086300000, 0x0000000086380000, 0x0000000086400000| 50%| O|  |TAMS 0x0000000086300000, 0x0000000086300000| Untracked 
| 100|0x0000000086400000, 0x0000000086400000, 0x0000000086500000|  0%| F|  |TAMS 0x0000000086400000, 0x0000000086400000| Untracked 
| 101|0x0000000086500000, 0x0000000086500000, 0x0000000086600000|  0%| F|  |TAMS 0x0000000086500000, 0x0000000086500000| Untracked 
| 102|0x0000000086600000, 0x0000000086600000, 0x0000000086700000|  0%| F|  |TAMS 0x0000000086600000, 0x0000000086600000| Untracked 
| 103|0x0000000086700000, 0x0000000086700000, 0x0000000086800000|  0%| F|  |TAMS 0x0000000086700000, 0x0000000086700000| Untracked 
| 104|0x0000000086800000, 0x0000000086800000, 0x0000000086900000|  0%| F|  |TAMS 0x0000000086800000, 0x0000000086800000| Untracked 
| 105|0x0000000086900000, 0x0000000086900000, 0x0000000086a00000|  0%| F|  |TAMS 0x0000000086900000, 0x0000000086900000| Untracked 
| 106|0x0000000086a00000, 0x0000000086a00000, 0x0000000086b00000|  0%| F|  |TAMS 0x0000000086a00000, 0x0000000086a00000| Untracked 
| 107|0x0000000086b00000, 0x0000000086b00000, 0x0000000086c00000|  0%| F|  |TAMS 0x0000000086b00000, 0x0000000086b00000| Untracked 
| 108|0x0000000086c00000, 0x0000000086c00000, 0x0000000086d00000|  0%| F|  |TAMS 0x0000000086c00000, 0x0000000086c00000| Untracked 
| 109|0x0000000086d00000, 0x0000000086d00000, 0x0000000086e00000|  0%| F|  |TAMS 0x0000000086d00000, 0x0000000086d00000| Untracked 
| 110|0x0000000086e00000, 0x0000000086e00000, 0x0000000086f00000|  0%| F|  |TAMS 0x0000000086e00000, 0x0000000086e00000| Untracked 
| 111|0x0000000086f00000, 0x0000000086f00000, 0x0000000087000000|  0%| F|  |TAMS 0x0000000086f00000, 0x0000000086f00000| Untracked 
| 112|0x0000000087000000, 0x0000000087000000, 0x0000000087100000|  0%| F|  |TAMS 0x0000000087000000, 0x0000000087000000| Untracked 
| 113|0x0000000087100000, 0x0000000087100000, 0x0000000087200000|  0%| F|  |TAMS 0x0000000087100000, 0x0000000087100000| Untracked 
| 114|0x0000000087200000, 0x0000000087200000, 0x0000000087300000|  0%| F|  |TAMS 0x0000000087200000, 0x0000000087200000| Untracked 
| 115|0x0000000087300000, 0x0000000087300000, 0x0000000087400000|  0%| F|  |TAMS 0x0000000087300000, 0x0000000087300000| Untracked 
| 116|0x0000000087400000, 0x0000000087400000, 0x0000000087500000|  0%| F|  |TAMS 0x0000000087400000, 0x0000000087400000| Untracked 
| 117|0x0000000087500000, 0x0000000087500000, 0x0000000087600000|  0%| F|  |TAMS 0x0000000087500000, 0x0000000087500000| Untracked 
| 118|0x0000000087600000, 0x0000000087600000, 0x0000000087700000|  0%| F|  |TAMS 0x0000000087600000, 0x0000000087600000| Untracked 
| 119|0x0000000087700000, 0x0000000087700000, 0x0000000087800000|  0%| F|  |TAMS 0x0000000087700000, 0x0000000087700000| Untracked 
| 120|0x0000000087800000, 0x0000000087800000, 0x0000000087900000|  0%| F|  |TAMS 0x0000000087800000, 0x0000000087800000| Untracked 
| 121|0x0000000087900000, 0x0000000087900000, 0x0000000087a00000|  0%| F|  |TAMS 0x0000000087900000, 0x0000000087900000| Untracked 
| 122|0x0000000087a00000, 0x0000000087a00000, 0x0000000087b00000|  0%| F|  |TAMS 0x0000000087a00000, 0x0000000087a00000| Untracked 
| 123|0x0000000087b00000, 0x0000000087b00000, 0x0000000087c00000|  0%| F|  |TAMS 0x0000000087b00000, 0x0000000087b00000| Untracked 
| 124|0x0000000087c00000, 0x0000000087c00000, 0x0000000087d00000|  0%| F|  |TAMS 0x0000000087c00000, 0x0000000087c00000| Untracked 
| 125|0x0000000087d00000, 0x0000000087d00000, 0x0000000087e00000|  0%| F|  |TAMS 0x0000000087d00000, 0x0000000087d00000| Untracked 
| 126|0x0000000087e00000, 0x0000000087e00000, 0x0000000087f00000|  0%| F|  |TAMS 0x0000000087e00000, 0x0000000087e00000| Untracked 
| 127|0x0000000087f00000, 0x0000000087f00000, 0x0000000088000000|  0%| F|  |TAMS 0x0000000087f00000, 0x0000000087f00000| Untracked 
| 128|0x0000000088000000, 0x0000000088000000, 0x0000000088100000|  0%| F|  |TAMS 0x0000000088000000, 0x0000000088000000| Untracked 
| 129|0x0000000088100000, 0x0000000088100000, 0x0000000088200000|  0%| F|  |TAMS 0x0000000088100000, 0x0000000088100000| Untracked 
| 130|0x0000000088200000, 0x0000000088200000, 0x0000000088300000|  0%| F|  |TAMS 0x0000000088200000, 0x0000000088200000| Untracked 
| 131|0x0000000088300000, 0x0000000088300000, 0x0000000088400000|  0%| F|  |TAMS 0x0000000088300000, 0x0000000088300000| Untracked 
| 132|0x0000000088400000, 0x0000000088400000, 0x0000000088500000|  0%| F|  |TAMS 0x0000000088400000, 0x0000000088400000| Untracked 
| 133|0x0000000088500000, 0x0000000088500000, 0x0000000088600000|  0%| F|  |TAMS 0x0000000088500000, 0x0000000088500000| Untracked 
| 134|0x0000000088600000, 0x0000000088600000, 0x0000000088700000|  0%| F|  |TAMS 0x0000000088600000, 0x0000000088600000| Untracked 
| 135|0x0000000088700000, 0x0000000088700000, 0x0000000088800000|  0%| F|  |TAMS 0x0000000088700000, 0x0000000088700000| Untracked 
| 136|0x0000000088800000, 0x0000000088800000, 0x0000000088900000|  0%| F|  |TAMS 0x0000000088800000, 0x0000000088800000| Untracked 
| 137|0x0000000088900000, 0x0000000088900000, 0x0000000088a00000|  0%| F|  |TAMS 0x0000000088900000, 0x0000000088900000| Untracked 
| 138|0x0000000088a00000, 0x0000000088a00000, 0x0000000088b00000|  0%| F|  |TAMS 0x0000000088a00000, 0x0000000088a00000| Untracked 
| 139|0x0000000088b00000, 0x0000000088b00000, 0x0000000088c00000|  0%| F|  |TAMS 0x0000000088b00000, 0x0000000088b00000| Untracked 
| 140|0x0000000088c00000, 0x0000000088c00000, 0x0000000088d00000|  0%| F|  |TAMS 0x0000000088c00000, 0x0000000088c00000| Untracked 
| 141|0x0000000088d00000, 0x0000000088d00000, 0x0000000088e00000|  0%| F|  |TAMS 0x0000000088d00000, 0x0000000088d00000| Untracked 
| 142|0x0000000088e00000, 0x0000000088e00000, 0x0000000088f00000|  0%| F|  |TAMS 0x0000000088e00000, 0x0000000088e00000| Untracked 
| 143|0x0000000088f00000, 0x0000000088f00000, 0x0000000089000000|  0%| F|  |TAMS 0x0000000088f00000, 0x0000000088f00000| Untracked 
| 144|0x0000000089000000, 0x0000000089000000, 0x0000000089100000|  0%| F|  |TAMS 0x0000000089000000, 0x0000000089000000| Untracked 
| 145|0x0000000089100000, 0x0000000089100000, 0x0000000089200000|  0%| F|  |TAMS 0x0000000089100000, 0x0000000089100000| Untracked 
| 146|0x0000000089200000, 0x0000000089200000, 0x0000000089300000|  0%| F|  |TAMS 0x0000000089200000, 0x0000000089200000| Untracked 
| 147|0x0000000089300000, 0x0000000089300000, 0x0000000089400000|  0%| F|  |TAMS 0x0000000089300000, 0x0000000089300000| Untracked 
| 148|0x0000000089400000, 0x000000008946ce98, 0x0000000089500000| 42%| S|CS|TAMS 0x0000000089400000, 0x0000000089400000| Complete 
| 149|0x0000000089500000, 0x0000000089600000, 0x0000000089600000|100%| S|CS|TAMS 0x0000000089500000, 0x0000000089500000| Complete 
| 150|0x0000000089600000, 0x0000000089700000, 0x0000000089700000|100%| S|CS|TAMS 0x0000000089600000, 0x0000000089600000| Complete 
| 151|0x0000000089700000, 0x0000000089800000, 0x0000000089800000|100%| S|CS|TAMS 0x0000000089700000, 0x0000000089700000| Complete 
| 152|0x0000000089800000, 0x0000000089900000, 0x0000000089900000|100%| S|CS|TAMS 0x0000000089800000, 0x0000000089800000| Complete 
| 153|0x0000000089900000, 0x0000000089a00000, 0x0000000089a00000|100%| S|CS|TAMS 0x0000000089900000, 0x0000000089900000| Complete 
| 154|0x0000000089a00000, 0x0000000089a00000, 0x0000000089b00000|  0%| F|  |TAMS 0x0000000089a00000, 0x0000000089a00000| Untracked 
| 155|0x0000000089b00000, 0x0000000089b00000, 0x0000000089c00000|  0%| F|  |TAMS 0x0000000089b00000, 0x0000000089b00000| Untracked 
| 156|0x0000000089c00000, 0x0000000089c00000, 0x0000000089d00000|  0%| F|  |TAMS 0x0000000089c00000, 0x0000000089c00000| Untracked 
| 157|0x0000000089d00000, 0x0000000089d00000, 0x0000000089e00000|  0%| F|  |TAMS 0x0000000089d00000, 0x0000000089d00000| Untracked 
| 158|0x0000000089e00000, 0x0000000089e00000, 0x0000000089f00000|  0%| F|  |TAMS 0x0000000089e00000, 0x0000000089e00000| Untracked 
| 159|0x0000000089f00000, 0x0000000089f00000, 0x000000008a000000|  0%| F|  |TAMS 0x0000000089f00000, 0x0000000089f00000| Untracked 
| 160|0x000000008a000000, 0x000000008a000000, 0x000000008a100000|  0%| F|  |TAMS 0x000000008a000000, 0x000000008a000000| Untracked 
| 161|0x000000008a100000, 0x000000008a100000, 0x000000008a200000|  0%| F|  |TAMS 0x000000008a100000, 0x000000008a100000| Untracked 
| 162|0x000000008a200000, 0x000000008a200000, 0x000000008a300000|  0%| F|  |TAMS 0x000000008a200000, 0x000000008a200000| Untracked 
| 163|0x000000008a300000, 0x000000008a300000, 0x000000008a400000|  0%| F|  |TAMS 0x000000008a300000, 0x000000008a300000| Untracked 
| 164|0x000000008a400000, 0x000000008a400000, 0x000000008a500000|  0%| F|  |TAMS 0x000000008a400000, 0x000000008a400000| Untracked 
| 165|0x000000008a500000, 0x000000008a500000, 0x000000008a600000|  0%| F|  |TAMS 0x000000008a500000, 0x000000008a500000| Untracked 
| 166|0x000000008a600000, 0x000000008a600000, 0x000000008a700000|  0%| F|  |TAMS 0x000000008a600000, 0x000000008a600000| Untracked 
| 167|0x000000008a700000, 0x000000008a700000, 0x000000008a800000|  0%| F|  |TAMS 0x000000008a700000, 0x000000008a700000| Untracked 
| 168|0x000000008a800000, 0x000000008a800000, 0x000000008a900000|  0%| F|  |TAMS 0x000000008a800000, 0x000000008a800000| Untracked 
| 169|0x000000008a900000, 0x000000008a900000, 0x000000008aa00000|  0%| F|  |TAMS 0x000000008a900000, 0x000000008a900000| Untracked 
| 170|0x000000008aa00000, 0x000000008aa00000, 0x000000008ab00000|  0%| F|  |TAMS 0x000000008aa00000, 0x000000008aa00000| Untracked 
| 171|0x000000008ab00000, 0x000000008ab00000, 0x000000008ac00000|  0%| F|  |TAMS 0x000000008ab00000, 0x000000008ab00000| Untracked 
| 172|0x000000008ac00000, 0x000000008ac00000, 0x000000008ad00000|  0%| F|  |TAMS 0x000000008ac00000, 0x000000008ac00000| Untracked 
| 173|0x000000008ad00000, 0x000000008ad00000, 0x000000008ae00000|  0%| F|  |TAMS 0x000000008ad00000, 0x000000008ad00000| Untracked 
| 174|0x000000008ae00000, 0x000000008ae00000, 0x000000008af00000|  0%| F|  |TAMS 0x000000008ae00000, 0x000000008ae00000| Untracked 
| 175|0x000000008af00000, 0x000000008af00000, 0x000000008b000000|  0%| F|  |TAMS 0x000000008af00000, 0x000000008af00000| Untracked 
| 176|0x000000008b000000, 0x000000008b000000, 0x000000008b100000|  0%| F|  |TAMS 0x000000008b000000, 0x000000008b000000| Untracked 
| 177|0x000000008b100000, 0x000000008b100000, 0x000000008b200000|  0%| F|  |TAMS 0x000000008b100000, 0x000000008b100000| Untracked 
| 178|0x000000008b200000, 0x000000008b200000, 0x000000008b300000|  0%| F|  |TAMS 0x000000008b200000, 0x000000008b200000| Untracked 
| 179|0x000000008b300000, 0x000000008b300000, 0x000000008b400000|  0%| F|  |TAMS 0x000000008b300000, 0x000000008b300000| Untracked 
| 180|0x000000008b400000, 0x000000008b400000, 0x000000008b500000|  0%| F|  |TAMS 0x000000008b400000, 0x000000008b400000| Untracked 
| 181|0x000000008b500000, 0x000000008b500000, 0x000000008b600000|  0%| F|  |TAMS 0x000000008b500000, 0x000000008b500000| Untracked 
| 182|0x000000008b600000, 0x000000008b600000, 0x000000008b700000|  0%| F|  |TAMS 0x000000008b600000, 0x000000008b600000| Untracked 
| 183|0x000000008b700000, 0x000000008b700000, 0x000000008b800000|  0%| F|  |TAMS 0x000000008b700000, 0x000000008b700000| Untracked 
| 184|0x000000008b800000, 0x000000008b800000, 0x000000008b900000|  0%| F|  |TAMS 0x000000008b800000, 0x000000008b800000| Untracked 
| 185|0x000000008b900000, 0x000000008b900000, 0x000000008ba00000|  0%| F|  |TAMS 0x000000008b900000, 0x000000008b900000| Untracked 
| 186|0x000000008ba00000, 0x000000008ba00000, 0x000000008bb00000|  0%| F|  |TAMS 0x000000008ba00000, 0x000000008ba00000| Untracked 
| 187|0x000000008bb00000, 0x000000008bb00000, 0x000000008bc00000|  0%| F|  |TAMS 0x000000008bb00000, 0x000000008bb00000| Untracked 
| 188|0x000000008bc00000, 0x000000008bc00000, 0x000000008bd00000|  0%| F|  |TAMS 0x000000008bc00000, 0x000000008bc00000| Untracked 
| 189|0x000000008bd00000, 0x000000008bd00000, 0x000000008be00000|  0%| F|  |TAMS 0x000000008bd00000, 0x000000008bd00000| Untracked 
| 190|0x000000008be00000, 0x000000008be00000, 0x000000008bf00000|  0%| F|  |TAMS 0x000000008be00000, 0x000000008be00000| Untracked 
| 191|0x000000008bf00000, 0x000000008bf00000, 0x000000008c000000|  0%| F|  |TAMS 0x000000008bf00000, 0x000000008bf00000| Untracked 
| 192|0x000000008c000000, 0x000000008c000000, 0x000000008c100000|  0%| F|  |TAMS 0x000000008c000000, 0x000000008c000000| Untracked 
| 193|0x000000008c100000, 0x000000008c100000, 0x000000008c200000|  0%| F|  |TAMS 0x000000008c100000, 0x000000008c100000| Untracked 
| 194|0x000000008c200000, 0x000000008c200000, 0x000000008c300000|  0%| F|  |TAMS 0x000000008c200000, 0x000000008c200000| Untracked 
| 195|0x000000008c300000, 0x000000008c300000, 0x000000008c400000|  0%| F|  |TAMS 0x000000008c300000, 0x000000008c300000| Untracked 
| 196|0x000000008c400000, 0x000000008c400000, 0x000000008c500000|  0%| F|  |TAMS 0x000000008c400000, 0x000000008c400000| Untracked 
| 197|0x000000008c500000, 0x000000008c500000, 0x000000008c600000|  0%| F|  |TAMS 0x000000008c500000, 0x000000008c500000| Untracked 
| 198|0x000000008c600000, 0x000000008c600000, 0x000000008c700000|  0%| F|  |TAMS 0x000000008c600000, 0x000000008c600000| Untracked 
| 199|0x000000008c700000, 0x000000008c700000, 0x000000008c800000|  0%| F|  |TAMS 0x000000008c700000, 0x000000008c700000| Untracked 
| 200|0x000000008c800000, 0x000000008c800000, 0x000000008c900000|  0%| F|  |TAMS 0x000000008c800000, 0x000000008c800000| Untracked 
| 201|0x000000008c900000, 0x000000008c900000, 0x000000008ca00000|  0%| F|  |TAMS 0x000000008c900000, 0x000000008c900000| Untracked 
| 202|0x000000008ca00000, 0x000000008ca00000, 0x000000008cb00000|  0%| F|  |TAMS 0x000000008ca00000, 0x000000008ca00000| Untracked 
| 203|0x000000008cb00000, 0x000000008cb00000, 0x000000008cc00000|  0%| F|  |TAMS 0x000000008cb00000, 0x000000008cb00000| Untracked 
| 204|0x000000008cc00000, 0x000000008cc00000, 0x000000008cd00000|  0%| F|  |TAMS 0x000000008cc00000, 0x000000008cc00000| Untracked 
| 205|0x000000008cd00000, 0x000000008cd00000, 0x000000008ce00000|  0%| F|  |TAMS 0x000000008cd00000, 0x000000008cd00000| Untracked 
| 206|0x000000008ce00000, 0x000000008ce00000, 0x000000008cf00000|  0%| F|  |TAMS 0x000000008ce00000, 0x000000008ce00000| Untracked 
| 207|0x000000008cf00000, 0x000000008cf00000, 0x000000008d000000|  0%| F|  |TAMS 0x000000008cf00000, 0x000000008cf00000| Untracked 
| 208|0x000000008d000000, 0x000000008d100000, 0x000000008d100000|100%| E|  |TAMS 0x000000008d000000, 0x000000008d000000| Complete 
| 209|0x000000008d100000, 0x000000008d200000, 0x000000008d200000|100%| E|CS|TAMS 0x000000008d100000, 0x000000008d100000| Complete 
| 210|0x000000008d200000, 0x000000008d300000, 0x000000008d300000|100%| E|CS|TAMS 0x000000008d200000, 0x000000008d200000| Complete 
| 211|0x000000008d300000, 0x000000008d400000, 0x000000008d400000|100%| E|CS|TAMS 0x000000008d300000, 0x000000008d300000| Complete 
| 212|0x000000008d400000, 0x000000008d500000, 0x000000008d500000|100%| E|CS|TAMS 0x000000008d400000, 0x000000008d400000| Complete 
| 213|0x000000008d500000, 0x000000008d600000, 0x000000008d600000|100%| E|CS|TAMS 0x000000008d500000, 0x000000008d500000| Complete 
| 214|0x000000008d600000, 0x000000008d700000, 0x000000008d700000|100%| E|CS|TAMS 0x000000008d600000, 0x000000008d600000| Complete 
| 215|0x000000008d700000, 0x000000008d800000, 0x000000008d800000|100%| E|CS|TAMS 0x000000008d700000, 0x000000008d700000| Complete 
| 216|0x000000008d800000, 0x000000008d900000, 0x000000008d900000|100%| E|CS|TAMS 0x000000008d800000, 0x000000008d800000| Complete 
| 217|0x000000008d900000, 0x000000008da00000, 0x000000008da00000|100%| E|CS|TAMS 0x000000008d900000, 0x000000008d900000| Complete 
| 218|0x000000008da00000, 0x000000008db00000, 0x000000008db00000|100%| E|CS|TAMS 0x000000008da00000, 0x000000008da00000| Complete 
| 219|0x000000008db00000, 0x000000008dc00000, 0x000000008dc00000|100%| E|CS|TAMS 0x000000008db00000, 0x000000008db00000| Complete 
| 220|0x000000008dc00000, 0x000000008dd00000, 0x000000008dd00000|100%| E|CS|TAMS 0x000000008dc00000, 0x000000008dc00000| Complete 
| 221|0x000000008dd00000, 0x000000008de00000, 0x000000008de00000|100%| E|CS|TAMS 0x000000008dd00000, 0x000000008dd00000| Complete 
| 222|0x000000008de00000, 0x000000008df00000, 0x000000008df00000|100%| E|CS|TAMS 0x000000008de00000, 0x000000008de00000| Complete 
| 223|0x000000008df00000, 0x000000008e000000, 0x000000008e000000|100%| E|CS|TAMS 0x000000008df00000, 0x000000008df00000| Complete 
| 224|0x000000008e000000, 0x000000008e100000, 0x000000008e100000|100%| E|CS|TAMS 0x000000008e000000, 0x000000008e000000| Complete 
| 225|0x000000008e100000, 0x000000008e200000, 0x000000008e200000|100%| E|CS|TAMS 0x000000008e100000, 0x000000008e100000| Complete 
| 226|0x000000008e200000, 0x000000008e300000, 0x000000008e300000|100%| E|CS|TAMS 0x000000008e200000, 0x000000008e200000| Complete 
| 227|0x000000008e300000, 0x000000008e400000, 0x000000008e400000|100%| E|CS|TAMS 0x000000008e300000, 0x000000008e300000| Complete 
| 228|0x000000008e400000, 0x000000008e500000, 0x000000008e500000|100%| E|CS|TAMS 0x000000008e400000, 0x000000008e400000| Complete 
| 229|0x000000008e500000, 0x000000008e600000, 0x000000008e600000|100%| E|CS|TAMS 0x000000008e500000, 0x000000008e500000| Complete 
| 230|0x000000008e600000, 0x000000008e700000, 0x000000008e700000|100%| E|CS|TAMS 0x000000008e600000, 0x000000008e600000| Complete 
| 231|0x000000008e700000, 0x000000008e800000, 0x000000008e800000|100%| E|CS|TAMS 0x000000008e700000, 0x000000008e700000| Complete 
| 232|0x000000008e800000, 0x000000008e900000, 0x000000008e900000|100%| E|CS|TAMS 0x000000008e800000, 0x000000008e800000| Complete 
| 233|0x000000008e900000, 0x000000008ea00000, 0x000000008ea00000|100%| E|CS|TAMS 0x000000008e900000, 0x000000008e900000| Complete 
| 234|0x000000008ea00000, 0x000000008eb00000, 0x000000008eb00000|100%| E|CS|TAMS 0x000000008ea00000, 0x000000008ea00000| Complete 
| 235|0x000000008eb00000, 0x000000008ec00000, 0x000000008ec00000|100%| E|CS|TAMS 0x000000008eb00000, 0x000000008eb00000| Complete 
| 236|0x000000008ec00000, 0x000000008ed00000, 0x000000008ed00000|100%| E|CS|TAMS 0x000000008ec00000, 0x000000008ec00000| Complete 
| 237|0x000000008ed00000, 0x000000008ee00000, 0x000000008ee00000|100%| E|CS|TAMS 0x000000008ed00000, 0x000000008ed00000| Complete 
| 238|0x000000008ee00000, 0x000000008ef00000, 0x000000008ef00000|100%| E|CS|TAMS 0x000000008ee00000, 0x000000008ee00000| Complete 
| 239|0x000000008ef00000, 0x000000008f000000, 0x000000008f000000|100%| E|CS|TAMS 0x000000008ef00000, 0x000000008ef00000| Complete 
| 240|0x000000008f000000, 0x000000008f100000, 0x000000008f100000|100%| E|CS|TAMS 0x000000008f000000, 0x000000008f000000| Complete 
| 241|0x000000008f100000, 0x000000008f200000, 0x000000008f200000|100%| E|CS|TAMS 0x000000008f100000, 0x000000008f100000| Complete 
| 242|0x000000008f200000, 0x000000008f300000, 0x000000008f300000|100%| E|CS|TAMS 0x000000008f200000, 0x000000008f200000| Complete 
| 243|0x000000008f300000, 0x000000008f400000, 0x000000008f400000|100%| E|CS|TAMS 0x000000008f300000, 0x000000008f300000| Complete 
| 244|0x000000008f400000, 0x000000008f500000, 0x000000008f500000|100%| E|CS|TAMS 0x000000008f400000, 0x000000008f400000| Complete 
| 245|0x000000008f500000, 0x000000008f600000, 0x000000008f600000|100%| E|CS|TAMS 0x000000008f500000, 0x000000008f500000| Complete 
| 246|0x000000008f600000, 0x000000008f700000, 0x000000008f700000|100%| E|CS|TAMS 0x000000008f600000, 0x000000008f600000| Complete 
| 247|0x000000008f700000, 0x000000008f800000, 0x000000008f800000|100%| E|CS|TAMS 0x000000008f700000, 0x000000008f700000| Complete 
| 248|0x000000008f800000, 0x000000008f900000, 0x000000008f900000|100%| E|CS|TAMS 0x000000008f800000, 0x000000008f800000| Complete 
| 249|0x000000008f900000, 0x000000008fa00000, 0x000000008fa00000|100%| E|CS|TAMS 0x000000008f900000, 0x000000008f900000| Complete 
| 250|0x000000008fa00000, 0x000000008fb00000, 0x000000008fb00000|100%| E|CS|TAMS 0x000000008fa00000, 0x000000008fa00000| Complete 
| 251|0x000000008fb00000, 0x000000008fc00000, 0x000000008fc00000|100%| E|CS|TAMS 0x000000008fb00000, 0x000000008fb00000| Complete 
| 252|0x000000008fc00000, 0x000000008fd00000, 0x000000008fd00000|100%| E|CS|TAMS 0x000000008fc00000, 0x000000008fc00000| Complete 
| 253|0x000000008fd00000, 0x000000008fe00000, 0x000000008fe00000|100%| E|CS|TAMS 0x000000008fd00000, 0x000000008fd00000| Complete 
| 254|0x000000008fe00000, 0x000000008ff00000, 0x000000008ff00000|100%| E|CS|TAMS 0x000000008fe00000, 0x000000008fe00000| Complete 
| 255|0x000000008ff00000, 0x0000000090000000, 0x0000000090000000|100%| E|CS|TAMS 0x000000008ff00000, 0x000000008ff00000| Complete 
| 256|0x0000000090000000, 0x0000000090100000, 0x0000000090100000|100%| E|CS|TAMS 0x0000000090000000, 0x0000000090000000| Complete 
| 257|0x0000000090100000, 0x0000000090200000, 0x0000000090200000|100%| E|CS|TAMS 0x0000000090100000, 0x0000000090100000| Complete 
| 258|0x0000000090200000, 0x0000000090300000, 0x0000000090300000|100%| E|CS|TAMS 0x0000000090200000, 0x0000000090200000| Complete 
| 259|0x0000000090300000, 0x0000000090400000, 0x0000000090400000|100%| E|CS|TAMS 0x0000000090300000, 0x0000000090300000| Complete 
| 260|0x0000000090400000, 0x0000000090500000, 0x0000000090500000|100%| E|CS|TAMS 0x0000000090400000, 0x0000000090400000| Complete 
| 261|0x0000000090500000, 0x0000000090600000, 0x0000000090600000|100%| E|CS|TAMS 0x0000000090500000, 0x0000000090500000| Complete 
| 262|0x0000000090600000, 0x0000000090700000, 0x0000000090700000|100%| E|CS|TAMS 0x0000000090600000, 0x0000000090600000| Complete 
| 263|0x0000000090700000, 0x0000000090800000, 0x0000000090800000|100%| E|CS|TAMS 0x0000000090700000, 0x0000000090700000| Complete 
| 264|0x0000000090800000, 0x0000000090900000, 0x0000000090900000|100%| E|CS|TAMS 0x0000000090800000, 0x0000000090800000| Complete 
| 265|0x0000000090900000, 0x0000000090a00000, 0x0000000090a00000|100%| E|CS|TAMS 0x0000000090900000, 0x0000000090900000| Complete 
| 266|0x0000000090a00000, 0x0000000090b00000, 0x0000000090b00000|100%| E|CS|TAMS 0x0000000090a00000, 0x0000000090a00000| Complete 

Card table byte_map: [0x0000026338710000,0x0000026338b10000] _byte_map_base: 0x0000026338310000

Marking Bits (Prev, Next): (CMBitMap*) 0x0000026325755050, (CMBitMap*) 0x0000026325755018
 Prev Bits: [0x000002633af10000, 0x000002633cf10000)
 Next Bits: [0x0000026338f10000, 0x000002633af10000)

Polling page: 0x00000263235d0000

Metaspace:

Usage:
  Non-class:     74.86 MB capacity,    73.44 MB ( 98%) used,     1.17 MB (  2%) free+waste,   250.19 KB ( <1%) overhead. 
      Class:     11.58 MB capacity,    10.80 MB ( 93%) used,   690.20 KB (  6%) free+waste,   112.75 KB ( <1%) overhead. 
       Both:     86.44 MB capacity,    84.24 MB ( 97%) used,     1.85 MB (  2%) free+waste,   362.94 KB ( <1%) overhead. 

Virtual space:
  Non-class space:       76.00 MB reserved,      74.93 MB ( 99%) committed 
      Class space:        1.00 GB reserved,      11.70 MB (  1%) committed 
             Both:        1.07 GB reserved,      86.63 MB (  8%) committed 

Chunk freelists:
   Non-Class:  3.00 KB
       Class:  11.00 KB
        Both:  14.00 KB

MaxMetaspaceSize: 17179869184.00 GB
CompressedClassSpaceSize: 1.00 GB

CodeHeap 'non-profiled nmethods': size=120064Kb used=6459Kb max_used=6459Kb free=113604Kb
 bounds [0x0000026330cc0000, 0x0000026331310000, 0x0000026338200000]
CodeHeap 'profiled nmethods': size=120000Kb used=24813Kb max_used=24813Kb free=95187Kb
 bounds [0x0000026329790000, 0x000002632afd0000, 0x0000026330cc0000]
CodeHeap 'non-nmethods': size=5696Kb used=2278Kb max_used=2355Kb free=3417Kb
 bounds [0x0000026329200000, 0x0000026329470000, 0x0000026329790000]
 total_blobs=12403 nmethods=11522 adapters=792
 compilation: enabled
              stopped_count=0, restarted_count=0
 full_count=0

Compilation events (20 events):
Event: 13.290 Thread 0x000002633ffb9800 nmethod 11577 0x000002632afb8310 code [0x000002632afb8520, 0x000002632afb89f8]
Event: 13.290 Thread 0x000002633ffb9800 11578       1       com.sun.xml.bind.v2.runtime.output.NamespaceContextImpl::getCurrent (5 bytes)
Event: 13.290 Thread 0x000002633ffb9800 nmethod 11578 0x000002633130e290 code [0x000002633130e440, 0x000002633130e4f8]
Event: 13.291 Thread 0x000002633ffb9800 11579       3       com.sun.xml.bind.v2.runtime.property.AttributeProperty::serializeAttributes (28 bytes)
Event: 13.291 Thread 0x000002633ffb9800 nmethod 11579 0x000002632afb8c90 code [0x000002632afb8e80, 0x000002632afb9308]
Event: 13.292 Thread 0x000002633ffb9800 11580       3       com.sun.xml.bind.v2.runtime.reflect.TransducedAccessor$CompositeTransducedAccessorImpl::print (26 bytes)
Event: 13.292 Thread 0x000002633ffb9800 nmethod 11580 0x000002632afb9510 code [0x000002632afb96e0, 0x000002632afb99b8]
Event: 13.292 Thread 0x000002633ffb9800 11581       3       com.sun.xml.bind.v2.runtime.Name::equals (28 bytes)
Event: 13.292 Thread 0x000002633ffb9800 nmethod 11581 0x000002632afb9b10 code [0x000002632afb9ce0, 0x000002632afb9ef8]
Event: 13.292 Thread 0x000002633ffb9800 11583       3       java.lang.reflect.Field::checkAccess (32 bytes)
Event: 13.292 Thread 0x000002633ffb9800 nmethod 11583 0x000002632afba010 code [0x000002632afba1e0, 0x000002632afba468]
Event: 13.292 Thread 0x000002633ffb9800 11582       3       jdk.internal.reflect.UnsafeObjectFieldAccessorImpl::get (17 bytes)
Event: 13.292 Thread 0x000002633ffb9800 nmethod 11582 0x000002632afba590 code [0x000002632afba7c0, 0x000002632afbafb8]
Event: 13.292 Thread 0x000002633ffb9800 11584       1       com.sun.xml.bind.v2.runtime.MarshallerImpl::getListener (5 bytes)
Event: 13.292 Thread 0x000002633ffb9800 nmethod 11584 0x000002633130e590 code [0x000002633130e740, 0x000002633130e7f8]
Event: 13.293 Thread 0x000002633ffb9800 11585       3       com.sun.xml.bind.marshaller.NioEscapeHandler::escape (174 bytes)
Event: 13.294 Thread 0x000002633ffb9800 nmethod 11585 0x000002632afbb290 code [0x000002632afbb520, 0x000002632afbc128]
Event: 13.294 Thread 0x000002633ffb9800 11586       3       com.sun.xml.bind.v2.runtime.output.XmlOutputAbstractImpl::attribute (39 bytes)
Event: 13.294 Thread 0x000002633ffb9800 nmethod 11586 0x000002632afbc490 code [0x000002632afbc660, 0x000002632afbc978]
Event: 13.294 Thread 0x000002633ffb9800 11587       3       com.sun.xml.bind.v2.runtime.output.SAXOutput::attribute (91 bytes)

GC Heap History (20 events):
Event: 3.759 GC heap before
{Heap before GC invocations=10 (full 0):
 garbage-first heap   total 157696K, used 114169K [0x0000000080000000, 0x0000000100000000)
  region size 1024K, 87 young (89088K), 10 survivors (10240K)
 Metaspace       used 55503K, capacity 56916K, committed 57036K, reserved 1099776K
  class space    used 7042K, capacity 7530K, committed 7628K, reserved 1048576K
}
Event: 3.770 GC heap after
{Heap after GC invocations=11 (full 0):
 garbage-first heap   total 157696K, used 43349K [0x0000000080000000, 0x0000000100000000)
  region size 1024K, 11 young (11264K), 11 survivors (11264K)
 Metaspace       used 55503K, capacity 56916K, committed 57036K, reserved 1099776K
  class space    used 7042K, capacity 7530K, committed 7628K, reserved 1048576K
}
Event: 4.218 GC heap before
{Heap before GC invocations=11 (full 0):
 garbage-first heap   total 157696K, used 61781K [0x0000000080000000, 0x0000000100000000)
  region size 1024K, 30 young (30720K), 11 survivors (11264K)
 Metaspace       used 58695K, capacity 60132K, committed 60288K, reserved 1101824K
  class space    used 7463K, capacity 8047K, committed 8140K, reserved 1048576K
}
Event: 4.232 GC heap after
{Heap after GC invocations=12 (full 0):
 garbage-first heap   total 189440K, used 45912K [0x0000000080000000, 0x0000000100000000)
  region size 1024K, 3 young (3072K), 3 survivors (3072K)
 Metaspace       used 58695K, capacity 60132K, committed 60288K, reserved 1101824K
  class space    used 7463K, capacity 8047K, committed 8140K, reserved 1048576K
}
Event: 4.898 GC heap before
{Heap before GC invocations=13 (full 0):
 garbage-first heap   total 189440K, used 109400K [0x0000000080000000, 0x0000000100000000)
  region size 1024K, 65 young (66560K), 3 survivors (3072K)
 Metaspace       used 63288K, capacity 64837K, committed 65024K, reserved 1105920K
  class space    used 8077K, capacity 8659K, committed 8780K, reserved 1048576K
}
Event: 4.906 GC heap after
{Heap after GC invocations=14 (full 0):
 garbage-first heap   total 189440K, used 50056K [0x0000000080000000, 0x0000000100000000)
  region size 1024K, 7 young (7168K), 7 survivors (7168K)
 Metaspace       used 63288K, capacity 64837K, committed 65024K, reserved 1105920K
  class space    used 8077K, capacity 8659K, committed 8780K, reserved 1048576K
}
Event: 5.648 GC heap before
{Heap before GC invocations=14 (full 0):
 garbage-first heap   total 189440K, used 116616K [0x0000000080000000, 0x0000000100000000)
  region size 1024K, 72 young (73728K), 7 survivors (7168K)
 Metaspace       used 68584K, capacity 70197K, committed 70400K, reserved 1110016K
  class space    used 8904K, capacity 9500K, committed 9548K, reserved 1048576K
}
Event: 5.658 GC heap after
{Heap after GC invocations=15 (full 0):
 garbage-first heap   total 189440K, used 55458K [0x0000000080000000, 0x0000000100000000)
  region size 1024K, 6 young (6144K), 6 survivors (6144K)
 Metaspace       used 68584K, capacity 70197K, committed 70400K, reserved 1110016K
  class space    used 8904K, capacity 9500K, committed 9548K, reserved 1048576K
}
Event: 6.564 GC heap before
{Heap before GC invocations=15 (full 0):
 garbage-first heap   total 189440K, used 124066K [0x0000000080000000, 0x0000000100000000)
  region size 1024K, 73 young (74752K), 6 survivors (6144K)
 Metaspace       used 71974K, capacity 73735K, committed 73984K, reserved 1114112K
  class space    used 9372K, capacity 10005K, committed 10060K, reserved 1048576K
}
Event: 6.577 GC heap after
{Heap after GC invocations=16 (full 0):
 garbage-first heap   total 189440K, used 59862K [0x0000000080000000, 0x0000000100000000)
  region size 1024K, 10 young (10240K), 10 survivors (10240K)
 Metaspace       used 71974K, capacity 73735K, committed 73984K, reserved 1114112K
  class space    used 9372K, capacity 10005K, committed 10060K, reserved 1048576K
}
Event: 8.242 GC heap before
{Heap before GC invocations=16 (full 0):
 garbage-first heap   total 189440K, used 129494K [0x0000000080000000, 0x0000000100000000)
  region size 1024K, 79 young (80896K), 10 survivors (10240K)
 Metaspace       used 78657K, capacity 80658K, committed 80896K, reserved 1120256K
  class space    used 10319K, capacity 11015K, committed 11084K, reserved 1048576K
}
Event: 8.266 GC heap after
{Heap after GC invocations=17 (full 0):
 garbage-first heap   total 227328K, used 65226K [0x0000000080000000, 0x0000000100000000)
  region size 1024K, 10 young (10240K), 10 survivors (10240K)
 Metaspace       used 78657K, capacity 80658K, committed 80896K, reserved 1120256K
  class space    used 10319K, capacity 11015K, committed 11084K, reserved 1048576K
}
Event: 9.661 GC heap before
{Heap before GC invocations=17 (full 0):
 garbage-first heap   total 227328K, used 153290K [0x0000000080000000, 0x0000000100000000)
  region size 1024K, 97 young (99328K), 10 survivors (10240K)
 Metaspace       used 80270K, capacity 82415K, committed 82688K, reserved 1120256K
  class space    used 10462K, capacity 11253K, committed 11340K, reserved 1048576K
}
Event: 9.677 GC heap after
{Heap after GC invocations=18 (full 0):
 garbage-first heap   total 227328K, used 71385K [0x0000000080000000, 0x0000000100000000)
  region size 1024K, 12 young (12288K), 12 survivors (12288K)
 Metaspace       used 80270K, capacity 82415K, committed 82688K, reserved 1120256K
  class space    used 10462K, capacity 11253K, committed 11340K, reserved 1048576K
}
Event: 11.038 GC heap before
{Heap before GC invocations=18 (full 0):
 garbage-first heap   total 227328K, used 159449K [0x0000000080000000, 0x0000000100000000)
  region size 1024K, 99 young (101376K), 12 survivors (12288K)
 Metaspace       used 82960K, capacity 85085K, committed 85248K, reserved 1122304K
  class space    used 10711K, capacity 11470K, committed 11596K, reserved 1048576K
}
Event: 11.061 GC heap after
{Heap after GC invocations=19 (full 0):
 garbage-first heap   total 227328K, used 78265K [0x0000000080000000, 0x0000000100000000)
  region size 1024K, 13 young (13312K), 13 survivors (13312K)
 Metaspace       used 82960K, capacity 85085K, committed 85248K, reserved 1122304K
  class space    used 10711K, capacity 11470K, committed 11596K, reserved 1048576K
}
Event: 12.014 GC heap before
{Heap before GC invocations=19 (full 0):
 garbage-first heap   total 227328K, used 176569K [0x0000000080000000, 0x0000000100000000)
  region size 1024K, 99 young (101376K), 13 survivors (13312K)
 Metaspace       used 83844K, capacity 86105K, committed 86400K, reserved 1124352K
  class space    used 10783K, capacity 11593K, committed 11724K, reserved 1048576K
}
Event: 12.044 GC heap after
{Heap after GC invocations=20 (full 0):
 garbage-first heap   total 227328K, used 100962K [0x0000000080000000, 0x0000000100000000)
  region size 1024K, 13 young (13312K), 13 survivors (13312K)
 Metaspace       used 83844K, capacity 86105K, committed 86400K, reserved 1124352K
  class space    used 10783K, capacity 11593K, committed 11724K, reserved 1048576K
}
Event: 13.041 GC heap before
{Heap before GC invocations=20 (full 0):
 garbage-first heap   total 227328K, used 170594K [0x0000000080000000, 0x0000000100000000)
  region size 1024K, 81 young (82944K), 13 survivors (13312K)
 Metaspace       used 86160K, capacity 88419K, committed 88576K, reserved 1126400K
  class space    used 11051K, capacity 11828K, committed 11852K, reserved 1048576K
}
Event: 13.057 GC heap after
{Heap after GC invocations=21 (full 0):
 garbage-first heap   total 273408K, used 107443K [0x0000000080000000, 0x0000000100000000)
  region size 1024K, 6 young (6144K), 6 survivors (6144K)
 Metaspace       used 86160K, capacity 88419K, committed 88576K, reserved 1126400K
  class space    used 11051K, capacity 11828K, committed 11852K, reserved 1048576K
}

Deoptimization events (20 events):
Event: 12.943 Thread 0x0000026341a96000 Uncommon trap: trap_request=0xffffff4d fr.pc=0x0000026331265284 relative=0x0000000000001b84
Event: 12.943 Thread 0x0000026341a96000 Uncommon trap: reason=unstable_if action=reinterpret pc=0x0000026331265284 method=org.apache.xerces.impl.XMLScanner.scanAttributeValue(Lorg/apache/xerces/xni/XMLString;Lorg/apache/xerces/xni/XMLString;Ljava/lang/String;ZLjava/lang/String;)Z @ 187 c2
Event: 12.943 Thread 0x0000026341a96000 DEOPT PACKING pc=0x0000026331265284 sp=0x000000bba25f6c90
Event: 12.943 Thread 0x0000026341a96000 DEOPT UNPACKING pc=0x00000263292278af sp=0x000000bba25f6c60 mode 2
Event: 12.951 Thread 0x0000026341a96000 DEOPT PACKING pc=0x000002632af16278 sp=0x000000bba25f69e0
Event: 12.951 Thread 0x0000026341a96000 DEOPT UNPACKING pc=0x00000263292276ce sp=0x000000bba25f5f00 mode 0
Event: 12.951 Thread 0x0000026341a96000 DEOPT PACKING pc=0x000002632af16278 sp=0x000000bba25f6c70
Event: 12.951 Thread 0x0000026341a96000 DEOPT UNPACKING pc=0x00000263292276ce sp=0x000000bba25f6190 mode 0
Event: 12.951 Thread 0x0000026341a96000 DEOPT PACKING pc=0x000002632af16278 sp=0x000000bba25f6d30
Event: 12.951 Thread 0x0000026341a96000 DEOPT UNPACKING pc=0x00000263292276ce sp=0x000000bba25f6250 mode 0
Event: 12.969 Thread 0x0000026341a96000 DEOPT PACKING pc=0x000002632af2f860 sp=0x000000bba25f73b0
Event: 12.969 Thread 0x0000026341a96000 DEOPT UNPACKING pc=0x00000263292276ce sp=0x000000bba25f6898 mode 0
Event: 13.125 Thread 0x0000026341a96000 Uncommon trap: trap_request=0xffffff4d fr.pc=0x0000026331306760 relative=0x00000000000002c0
Event: 13.125 Thread 0x0000026341a96000 Uncommon trap: reason=unstable_if action=reinterpret pc=0x0000026331306760 method=java.io.BufferedWriter.write(I)V @ 19 c2
Event: 13.125 Thread 0x0000026341a96000 DEOPT PACKING pc=0x0000026331306760 sp=0x000000bba25f7310
Event: 13.125 Thread 0x0000026341a96000 DEOPT UNPACKING pc=0x00000263292278af sp=0x000000bba25f72b8 mode 2
Event: 13.209 Thread 0x0000026341a96000 Uncommon trap: trap_request=0xffffff4d fr.pc=0x00000263313099d8 relative=0x0000000000000378
Event: 13.210 Thread 0x0000026341a96000 Uncommon trap: reason=unstable_if action=reinterpret pc=0x00000263313099d8 method=java.io.BufferedWriter.write(I)V @ 19 c2
Event: 13.210 Thread 0x0000026341a96000 DEOPT PACKING pc=0x00000263313099d8 sp=0x000000bba25f7460
Event: 13.210 Thread 0x0000026341a96000 DEOPT UNPACKING pc=0x00000263292278af sp=0x000000bba25f7388 mode 2

Classes redefined (0 events):
No events

Internal exceptions (20 events):
Event: 8.566 Thread 0x0000026345936800 Exception <a 'java/lang/NoSuchMethodError'{0x000000008cca0728}: 'int java.lang.invoke.DirectMethodHandle$Holder.invokeStaticInit(java.lang.Object, java.lang.Object, java.lang.Object, java.lang.Object, java.lang.Object)'> (0x000000008cca0728) thrown at [./src/hotspot/share/interpreter/linkResolver.cpp, line 773]
Event: 9.731 Thread 0x0000026345be3000 Exception <a 'java/lang/IncompatibleClassChangeError'{0x000000008dc472c0}: Found class java.lang.Object, but interface was expected> (0x000000008dc472c0) thrown at [./src/hotspot/share/interpreter/linkResolver.cpp, line 839]
Event: 9.823 Thread 0x0000026345be3000 Exception <a 'java/lang/NoSuchMethodError'{0x000000008d58a0e8}: 'void java.lang.invoke.DirectMethodHandle$Holder.invokeStatic(java.lang.Object, java.lang.Object, java.lang.Object, java.lang.Object, java.lang.Object, java.lang.Object, java.lang.Object)'> (0x000000008d58a0e8) thrown at [./src/hotspot/share/interpreter/linkResolver.cpp, line 773]
Event: 10.009 Thread 0x0000026341a96000 Exception <a 'java/lang/NoSuchMethodError'{0x000000008c542af0}: 'long java.lang.invoke.DirectMethodHandle$Holder.invokeStatic(java.lang.Object, java.lang.Object)'> (0x000000008c542af0) thrown at [./src/hotspot/share/interpreter/linkResolver.cpp, line 773]
Event: 11.825 Thread 0x0000026341a96000 Exception <a 'java/lang/NoSuchMethodError'{0x00000000895cdd78}: <clinit>> (0x00000000895cdd78) thrown at [./src/hotspot/share/prims/jni.cpp, line 1362]
Event: 11.827 Thread 0x0000026341a96000 Exception <a 'java/lang/NoSuchMethodError'{0x00000000895e2fe8}: <clinit>> (0x00000000895e2fe8) thrown at [./src/hotspot/share/prims/jni.cpp, line 1362]
Event: 11.833 Thread 0x0000026341a96000 Exception <a 'java/lang/NoSuchMethodError'{0x000000008946f8a0}: <clinit>> (0x000000008946f8a0) thrown at [./src/hotspot/share/prims/jni.cpp, line 1362]
Event: 11.833 Thread 0x0000026341a96000 Exception <a 'java/lang/NoSuchMethodError'{0x0000000089472c60}: <clinit>> (0x0000000089472c60) thrown at [./src/hotspot/share/prims/jni.cpp, line 1362]
Event: 11.833 Thread 0x0000026341a96000 Exception <a 'java/lang/NoSuchMethodError'{0x0000000089477e38}: <clinit>> (0x0000000089477e38) thrown at [./src/hotspot/share/prims/jni.cpp, line 1362]
Event: 11.834 Thread 0x0000026341a96000 Exception <a 'java/lang/NoSuchMethodError'{0x0000000089484010}: <clinit>> (0x0000000089484010) thrown at [./src/hotspot/share/prims/jni.cpp, line 1362]
Event: 11.841 Thread 0x0000026341a96000 Exception <a 'java/lang/NoSuchMethodError'{0x0000000089302618}: <clinit>> (0x0000000089302618) thrown at [./src/hotspot/share/prims/jni.cpp, line 1362]
Event: 11.844 Thread 0x0000026341a96000 Exception <a 'java/lang/NoSuchMethodError'{0x0000000089345098}: <clinit>> (0x0000000089345098) thrown at [./src/hotspot/share/prims/jni.cpp, line 1362]
Event: 11.845 Thread 0x0000026341a96000 Exception <a 'java/lang/NoSuchMethodError'{0x0000000089348cf8}: <clinit>> (0x0000000089348cf8) thrown at [./src/hotspot/share/prims/jni.cpp, line 1362]
Event: 11.845 Thread 0x0000026341a96000 Exception <a 'java/lang/NoSuchMethodError'{0x000000008934c408}: <clinit>> (0x000000008934c408) thrown at [./src/hotspot/share/prims/jni.cpp, line 1362]
Event: 11.847 Thread 0x0000026341a96000 Exception <a 'java/lang/NoSuchMethodError'{0x000000008936b928}: <clinit>> (0x000000008936b928) thrown at [./src/hotspot/share/prims/jni.cpp, line 1362]
Event: 11.848 Thread 0x0000026341a96000 Exception <a 'java/lang/NoSuchMethodError'{0x0000000089389e80}: <clinit>> (0x0000000089389e80) thrown at [./src/hotspot/share/prims/jni.cpp, line 1362]
Event: 11.851 Thread 0x0000026341a96000 Exception <a 'java/lang/NoSuchMethodError'{0x00000000893a4888}: <clinit>> (0x00000000893a4888) thrown at [./src/hotspot/share/prims/jni.cpp, line 1362]
Event: 11.856 Thread 0x0000026341a96000 Exception <a 'java/lang/NoSuchMethodError'{0x00000000893d1330}: <clinit>> (0x00000000893d1330) thrown at [./src/hotspot/share/prims/jni.cpp, line 1362]
Event: 11.859 Thread 0x0000026341a96000 Exception <a 'java/lang/NoSuchMethodError'{0x00000000892012d0}: <clinit>> (0x00000000892012d0) thrown at [./src/hotspot/share/prims/jni.cpp, line 1362]
Event: 11.860 Thread 0x0000026341a96000 Exception <a 'java/lang/NoSuchMethodError'{0x000000008921a858}: <clinit>> (0x000000008921a858) thrown at [./src/hotspot/share/prims/jni.cpp, line 1362]

Events (20 events):
Event: 13.282 loading class com/android/ide/common/resources/SingleFileProcessor
Event: 13.282 loading class com/android/ide/common/resources/SingleFileProcessor done
Event: 13.282 loading class javax/xml/transform/stream/StreamResult
Event: 13.283 loading class javax/xml/transform/stream/StreamResult done
Event: 13.283 loading class javax/xml/transform/sax/SAXResult
Event: 13.283 loading class javax/xml/transform/sax/SAXResult done
Event: 13.283 loading class javax/xml/transform/dom/DOMResult
Event: 13.283 loading class javax/xml/transform/dom/DOMResult done
Event: 13.283 loading class com/sun/xml/bind/marshaller/NioEscapeHandler
Event: 13.283 loading class com/sun/xml/bind/marshaller/NioEscapeHandler done
Event: 13.283 loading class com/sun/xml/bind/v2/runtime/output/SAXOutput
Event: 13.283 loading class com/sun/xml/bind/v2/runtime/output/SAXOutput done
Event: 13.284 loading class com/sun/xml/bind/util/AttributesImpl
Event: 13.284 loading class com/sun/xml/bind/util/AttributesImpl done
Event: 13.285 loading class com/sun/xml/bind/v2/runtime/reflect/Lister$CollectionLister$1
Event: 13.285 loading class com/sun/xml/bind/v2/runtime/reflect/Lister$CollectionLister$1 done
Event: 13.285 loading class com/sun/xml/bind/v2/runtime/reflect/Lister$IDREFSIterator
Event: 13.285 loading class com/sun/xml/bind/v2/runtime/reflect/Lister$IDREFSIterator done
Event: 13.286 loading class org/apache/commons/io/Charsets
Event: 13.286 loading class org/apache/commons/io/Charsets done


Dynamic libraries:
0x00007ff695260000 - 0x00007ff69526a000 	C:\Program Files\Android\Android Studio\jre\bin\java.exe
0x00007ffcbb570000 - 0x00007ffcbb741000 	C:\Windows\SYSTEM32\ntdll.dll
0x00007ffcb9790000 - 0x00007ffcb983b000 	C:\Windows\System32\KERNEL32.DLL
0x00007ffcb7c10000 - 0x00007ffcb7e2d000 	C:\Windows\System32\KERNELBASE.dll
0x00007ffcb8650000 - 0x00007ffcb8745000 	C:\Windows\System32\ucrtbase.dll
0x00007ffcabfe0000 - 0x00007ffcabff9000 	C:\Program Files\Android\Android Studio\jre\bin\jli.dll
0x00007ffca95a0000 - 0x00007ffca95b7000 	C:\Program Files\Android\Android Studio\jre\bin\VCRUNTIME140.dll
0x00007ffcb93b0000 - 0x00007ffcb9515000 	C:\Windows\System32\USER32.dll
0x00007ffcb7ee0000 - 0x00007ffcb7efe000 	C:\Windows\System32\win32u.dll
0x00007ffca7c90000 - 0x00007ffca7f09000 	C:\Windows\WinSxS\amd64_microsoft.windows.common-controls_6595b64144ccf1df_6.0.14393.0_none_2d0f50fcbdb171b8\COMCTL32.dll
0x00007ffcb9370000 - 0x00007ffcb93a4000 	C:\Windows\System32\GDI32.dll
0x00007ffcb8b00000 - 0x00007ffcb8b9e000 	C:\Windows\System32\msvcrt.dll
0x00007ffcb87a0000 - 0x00007ffcb8922000 	C:\Windows\System32\gdi32full.dll
0x00007ffcb8ce0000 - 0x00007ffcb8fa7000 	C:\Windows\System32\combase.dll
0x00007ffcb8ba0000 - 0x00007ffcb8cc1000 	C:\Windows\System32\RPCRT4.dll
0x00007ffcb85e0000 - 0x00007ffcb864a000 	C:\Windows\System32\bcryptPrimitives.dll
0x00007ffcb8fc0000 - 0x00007ffcb8fee000 	C:\Windows\System32\IMM32.DLL
0x00007ffc9f250000 - 0x00007ffc9f2ed000 	C:\Program Files\Android\Android Studio\jre\bin\msvcp140.dll
0x00007ffc930b0000 - 0x00007ffc93b7f000 	C:\Program Files\Android\Android Studio\jre\bin\server\jvm.dll
0x00007ffcb96e0000 - 0x00007ffcb9782000 	C:\Windows\System32\ADVAPI32.dll
0x00007ffcb9100000 - 0x00007ffcb9159000 	C:\Windows\System32\sechost.dll
0x00007ffcb8cd0000 - 0x00007ffcb8cd8000 	C:\Windows\System32\PSAPI.DLL
0x00007ffcada50000 - 0x00007ffcada59000 	C:\Windows\SYSTEM32\WSOCK32.dll
0x00007ffcb5f30000 - 0x00007ffcb5f53000 	C:\Windows\SYSTEM32\WINMM.dll
0x00007ffcb8ff0000 - 0x00007ffcb905a000 	C:\Windows\System32\WS2_32.dll
0x00007ffcae8e0000 - 0x00007ffcae8ea000 	C:\Windows\SYSTEM32\VERSION.dll
0x0000026323700000 - 0x000002632372b000 	C:\Windows\SYSTEM32\WINMMBASE.dll
0x00007ffcb8750000 - 0x00007ffcb8792000 	C:\Windows\System32\cfgmgr32.dll
0x00007ffcb7aa0000 - 0x00007ffcb7aaf000 	C:\Windows\System32\kernel.appcore.dll
0x00007ffcaa2a0000 - 0x00007ffcaa2b1000 	C:\Program Files\Android\Android Studio\jre\bin\verify.dll
0x00007ffcad3c0000 - 0x00007ffcad552000 	C:\Windows\SYSTEM32\DBGHELP.DLL
0x00007ffcac870000 - 0x00007ffcac899000 	C:\Windows\SYSTEM32\dbgcore.DLL
0x00007ffca69b0000 - 0x00007ffca69d9000 	C:\Program Files\Android\Android Studio\jre\bin\java.dll
0x00007ffcaa290000 - 0x00007ffcaa29b000 	C:\Program Files\Android\Android Studio\jre\bin\jimage.dll
0x00007ffca93a0000 - 0x00007ffca93b8000 	C:\Program Files\Android\Android Studio\jre\bin\zip.dll
0x00007ffcba040000 - 0x00007ffcbb548000 	C:\Windows\System32\SHELL32.dll
0x00007ffcb7f00000 - 0x00007ffcb85da000 	C:\Windows\System32\windows.storage.dll
0x00007ffcb7ab0000 - 0x00007ffcb7afc000 	C:\Windows\System32\powrprof.dll
0x00007ffcb9310000 - 0x00007ffcb9362000 	C:\Windows\System32\shlwapi.dll
0x00007ffcb7b60000 - 0x00007ffcb7c09000 	C:\Windows\System32\shcore.dll
0x00007ffcb7a80000 - 0x00007ffcb7a94000 	C:\Windows\System32\profapi.dll
0x00007ffca6ef0000 - 0x00007ffca6f0a000 	C:\Program Files\Android\Android Studio\jre\bin\net.dll
0x00007ffcb1e50000 - 0x00007ffcb1f1c000 	C:\Windows\SYSTEM32\WINHTTP.dll
0x00007ffcb7340000 - 0x00007ffcb739c000 	C:\Windows\system32\mswsock.dll
0x00007ffca62f0000 - 0x00007ffca6304000 	C:\Program Files\Android\Android Studio\jre\bin\nio.dll
0x00007ffc9da00000 - 0x00007ffc9da27000 	C:\Users\USER\.gradle\native\8bec1ad78214c89d9ad589b4d07fe93259594b29d510b10fafb7a158f7737e5d\windows-amd64\native-platform.dll
0x00007ffc96920000 - 0x00007ffc96a5d000 	C:\Users\USER\.gradle\native\53dbd7edfb1c66fb8903c78663c9afc45aea4f116125fa6feffd364cf09443e8\windows-amd64\native-platform-file-events.dll
0x00007ffca69a0000 - 0x00007ffca69aa000 	C:\Program Files\Android\Android Studio\jre\bin\management.dll
0x00007ffca6380000 - 0x00007ffca638c000 	C:\Program Files\Android\Android Studio\jre\bin\management_ext.dll
0x00007ffcb74e0000 - 0x00007ffcb74f7000 	C:\Windows\SYSTEM32\CRYPTSP.dll
0x00007ffcb6f50000 - 0x00007ffcb6f83000 	C:\Windows\system32\rsaenh.dll
0x00007ffcb79b0000 - 0x00007ffcb79db000 	C:\Windows\SYSTEM32\bcrypt.dll
0x00007ffcb71d0000 - 0x00007ffcb71ef000 	C:\Windows\SYSTEM32\USERENV.dll
0x00007ffcb7500000 - 0x00007ffcb750b000 	C:\Windows\SYSTEM32\CRYPTBASE.dll
0x00007ffcb70d0000 - 0x00007ffcb7108000 	C:\Windows\SYSTEM32\IPHLPAPI.DLL
0x00007ffcb9840000 - 0x00007ffcb9848000 	C:\Windows\System32\NSI.dll
0x00007ffcb3e90000 - 0x00007ffcb3ea6000 	C:\Windows\SYSTEM32\dhcpcsvc6.DLL
0x00007ffcb3e60000 - 0x00007ffcb3e7a000 	C:\Windows\SYSTEM32\dhcpcsvc.DLL

dbghelp: loaded successfully - version: 4.0.5 - missing functions: none
symbol engine: initialized successfully - sym options: 0x614 - pdb path: .;C:\Program Files\Android\Android Studio\jre\bin;C:\Windows\SYSTEM32;C:\Windows\WinSxS\amd64_microsoft.windows.common-controls_6595b64144ccf1df_6.0.14393.0_none_2d0f50fcbdb171b8;C:\Program Files\Android\Android Studio\jre\bin\server;C:\Users\USER\.gradle\native\8bec1ad78214c89d9ad589b4d07fe93259594b29d510b10fafb7a158f7737e5d\windows-amd64;C:\Users\USER\.gradle\native\53dbd7edfb1c66fb8903c78663c9afc45aea4f116125fa6feffd364cf09443e8\windows-amd64

VM Arguments:
jvm_args: --add-opens=java.base/java.util=ALL-UNNAMED --add-opens=java.base/java.lang=ALL-UNNAMED --add-opens=java.base/java.lang.invoke=ALL-UNNAMED --add-opens=java.base/java.util=ALL-UNNAMED --add-opens=java.prefs/java.util.prefs=ALL-UNNAMED --add-opens=java.prefs/java.util.prefs=ALL-UNNAMED --add-opens=java.base/java.nio.charset=ALL-UNNAMED --add-opens=java.base/java.net=ALL-UNNAMED --add-opens=java.base/java.util.concurrent.atomic=ALL-UNNAMED -Xmx2048m -Dfile.encoding=UTF-8 -Duser.country=US -Duser.language=en -Duser.variant 
java_command: org.gradle.launcher.daemon.bootstrap.GradleDaemon 7.0.2
java_class_path (initial): C:\Users\USER\.gradle\wrapper\dists\gradle-7.0.2-bin\857tjihv64xamwrf0h14cai3r\gradle-7.0.2\lib\gradle-launcher-7.0.2.jar
Launcher Type: SUN_STANDARD

[Global flags]
     intx CICompilerCount                          = 3                                         {product} {ergonomic}
     uint ConcGCThreads                            = 2                                         {product} {ergonomic}
     uint G1ConcRefinementThreads                  = 6                                         {product} {ergonomic}
   size_t G1HeapRegionSize                         = 1048576                                   {product} {ergonomic}
    uintx GCDrainStackTargetSize                   = 64                                        {product} {ergonomic}
   size_t InitialHeapSize                          = 134217728                                 {product} {ergonomic}
   size_t MarkStackSize                            = 4194304                                   {product} {ergonomic}
   size_t MaxHeapSize                              = 2147483648                                {product} {command line}
   size_t MaxNewSize                               = 1287651328                                {product} {ergonomic}
   size_t MinHeapDeltaBytes                        = 1048576                                   {product} {ergonomic}
    uintx NonNMethodCodeHeapSize                   = 5830732                                {pd product} {ergonomic}
    uintx NonProfiledCodeHeapSize                  = 122913754                              {pd product} {ergonomic}
    uintx ProfiledCodeHeapSize                     = 122913754                              {pd product} {ergonomic}
    uintx ReservedCodeCacheSize                    = 251658240                              {pd product} {ergonomic}
     bool SegmentedCodeCache                       = true                                      {product} {ergonomic}
     bool UseCompressedClassPointers               = true                                 {lp64_product} {ergonomic}
     bool UseCompressedOops                        = true                                 {lp64_product} {ergonomic}
     bool UseG1GC                                  = true                                      {product} {ergonomic}
     bool UseLargePagesIndividualAllocation        = false                                  {pd product} {ergonomic}

Logging:
Log output configuration:
 #0: stdout all=warning uptime,level,tags
 #1: stderr all=off uptime,level,tags

Environment Variables:
PATH=C:\Program Files (x86)\Common Files\Oracle\Java\javapath;C:\Program Files\Java\jdk1.8.0_111\bin;C:\Users\USER\AppData\Local\Microsoft\WindowsApps;C:\Users\USER\AppData\Local\Programs\Microsoft VS Code\bin
USERNAME=USER
OS=Windows_NT
PROCESSOR_IDENTIFIER=Intel64 Family 6 Model 158 Stepping 10, GenuineIntel



---------------  S Y S T E M  ---------------

OS: Windows 10 , 64 bit Build 14393 (10.0.14393.0)
OS uptime: 4 days 1:21 hours

CPU:total 6 (initial active 6) (6 cores per cpu, 1 threads per core) family 6 model 158 stepping 10 microcode 0x96, cmov, cx8, fxsr, mmx, sse, sse2, sse3, ssse3, sse4.1, sse4.2, popcnt, avx, avx2, aes, clmul, erms, 3dnowpref, lzcnt, tsc, tscinvbit, bmi1, bmi2, adx, fma

Memory: 4k page, system-wide physical 8068M (2150M free)
TotalPageFile size 9046M (AvailPageFile size 6M)
current process WorkingSet (physical memory assigned to process): 539M, peak: 539M
current process commit charge ("private bytes"): 565M, peak: 567M

vm_info: OpenJDK 64-Bit Server VM (11.0.10+0-b96-7249189) for windows-amd64 JRE (11.0.10+0-b96-7249189), built on Mar 31 2021 21:44:00 by "builder" with MS VC++ 14.0 (VS2015)

END.
